==== Overnight run started @ 2025-12-02T00:54:03-06:00 ====
[1/6] KVBin benchmarks, per run-size...
[RUN] KVBin --ovc=both --rs=12
[CLEAN] Removing /mnt/nvme1/cmbenello/es/warmup* and /mnt/nvme1/cmbenello/es/176* ...
[0;34m========================================================[0m
[0;34m  Lineitem Sort Benchmark: CSV vs KVBin (OVC/no)        [0m
[0;34m  mode=kvbin, ovc=both                      [0m
[0;34m========================================================[0m

[0;31mError: CSV input '/mnt/nvme1/cmbenello/es/sf100/lineitem.csv' not found[0m
[WARN] KVBin --ovc=both --rs=12 exited with status 1. Cleaning temps and continuing...
[CLEAN] Removing /mnt/nvme1/cmbenello/es/warmup* and /mnt/nvme1/cmbenello/es/176* ...
[RUN] KVBin --ovc=both --rs=38
[CLEAN] Removing /mnt/nvme1/cmbenello/es/warmup* and /mnt/nvme1/cmbenello/es/176* ...
[0;34m========================================================[0m
[0;34m  Lineitem Sort Benchmark: CSV vs KVBin (OVC/no)        [0m
[0;34m  mode=kvbin, ovc=both                      [0m
[0;34m========================================================[0m

[0;31mError: CSV input '/mnt/nvme1/cmbenello/es/sf100/lineitem.csv' not found[0m
[WARN] KVBin --ovc=both --rs=38 exited with status 1. Cleaning temps and continuing...
[CLEAN] Removing /mnt/nvme1/cmbenello/es/warmup* and /mnt/nvme1/cmbenello/es/176* ...
[RUN] KVBin --ovc=both --rs=114
[CLEAN] Removing /mnt/nvme1/cmbenello/es/warmup* and /mnt/nvme1/cmbenello/es/176* ...
[0;34m========================================================[0m
[0;34m  Lineitem Sort Benchmark: CSV vs KVBin (OVC/no)        [0m
[0;34m  mode=kvbin, ovc=both                      [0m
[0;34m========================================================[0m

[0;31mError: CSV input '/mnt/nvme1/cmbenello/es/sf100/lineitem.csv' not found[0m
[WARN] KVBin --ovc=both --rs=114 exited with status 1. Cleaning temps and continuing...
[CLEAN] Removing /mnt/nvme1/cmbenello/es/warmup* and /mnt/nvme1/cmbenello/es/176* ...
[RUN] KVBin --ovc=both --rs=341
[CLEAN] Removing /mnt/nvme1/cmbenello/es/warmup* and /mnt/nvme1/cmbenello/es/176* ...
[0;34m========================================================[0m
[0;34m  Lineitem Sort Benchmark: CSV vs KVBin (OVC/no)        [0m
[0;34m  mode=kvbin, ovc=both                      [0m
[0;34m========================================================[0m

[0;31mError: CSV input '/mnt/nvme1/cmbenello/es/sf100/lineitem.csv' not found[0m
[WARN] KVBin --ovc=both --rs=341 exited with status 1. Cleaning temps and continuing...
[CLEAN] Removing /mnt/nvme1/cmbenello/es/warmup* and /mnt/nvme1/cmbenello/es/176* ...
[RUN] KVBin --ovc=both --rs=1024
[CLEAN] Removing /mnt/nvme1/cmbenello/es/warmup* and /mnt/nvme1/cmbenello/es/176* ...
[0;34m========================================================[0m
[0;34m  Lineitem Sort Benchmark: CSV vs KVBin (OVC/no)        [0m
[0;34m  mode=kvbin, ovc=both                      [0m
[0;34m========================================================[0m

[0;31mError: CSV input '/mnt/nvme1/cmbenello/es/sf100/lineitem.csv' not found[0m
[WARN] KVBin --ovc=both --rs=1024 exited with status 1. Cleaning temps and continuing...
[CLEAN] Removing /mnt/nvme1/cmbenello/es/warmup* and /mnt/nvme1/cmbenello/es/176* ...
[RUN] KVBin --ovc=both --rs=2048
[CLEAN] Removing /mnt/nvme1/cmbenello/es/warmup* and /mnt/nvme1/cmbenello/es/176* ...
[0;34m========================================================[0m
[0;34m  Lineitem Sort Benchmark: CSV vs KVBin (OVC/no)        [0m
[0;34m  mode=kvbin, ovc=both                      [0m
[0;34m========================================================[0m

[0;31mError: CSV input '/mnt/nvme1/cmbenello/es/sf100/lineitem.csv' not found[0m
[WARN] KVBin --ovc=both --rs=2048 exited with status 1. Cleaning temps and continuing...
[CLEAN] Removing /mnt/nvme1/cmbenello/es/warmup* and /mnt/nvme1/cmbenello/es/176* ...
[2/6] Global cleanup after KVBin phase
[CLEAN] Removing /mnt/nvme1/cmbenello/es/warmup* and /mnt/nvme1/cmbenello/es/176* ...
