warning: unused imports: `SeedableRng` and `rngs::SmallRng`
 --> src/fastzipf.rs:2:12
  |
2 | use rand::{SeedableRng, rngs::SmallRng};
  |            ^^^^^^^^^^^  ^^^^^^^^^^^^^^
  |
  = note: `#[warn(unused_imports)]` on by default

warning: unused import: `std::fmt`
 --> src/sketch/reservoir_sampler.rs:6:5
  |
6 | use std::fmt;
  |     ^^^^^^^^

warning: unused import: `crate::sketch::kll::KLL`
   --> src/sketch/reservoir_sampler.rs:190:9
    |
190 |     use crate::sketch::kll::KLL;
    |         ^^^^^^^^^^^^^^^^^^^^^^^

warning: unused import: `super::*`
   --> src/sketch/reservoir_sampler.rs:192:9
    |
192 |     use super::*;
    |         ^^^^^^^^

warning: unused import: `std::collections::HashMap`
   --> src/sketch/mod.rs:226:9
    |
226 |     use std::collections::HashMap;
    |         ^^^^^^^^^^^^^^^^^^^^^^^^^

warning: unused import: `super::kll::*`
   --> src/sketch/mod.rs:228:9
    |
228 |     use super::kll::*;
    |         ^^^^^^^^^^^^^

warning: unused import: `super::reservoir_sampler::*`
   --> src/sketch/mod.rs:229:9
    |
229 |     use super::reservoir_sampler::*;
    |         ^^^^^^^^^^^^^^^^^^^^^^^^^^^

warning: unused import: `super::*`
   --> src/sketch/mod.rs:230:9
    |
230 |     use super::*;
    |         ^^^^^^^^

warning: unused import: `Duration`
 --> src/sort/core/engine.rs:4:17
  |
4 | use std::time::{Duration, Instant, SystemTime, UNIX_EPOCH};
  |                 ^^^^^^^^

warning: function `compute_ovc_delta` is never used
    --> src/ovc/offset_value_coding.rs:1136:15
     |
1136 | pub(crate) fn compute_ovc_delta(prev_key: Option<&[u8]>, key: &[u8]) -> OVCU64 {
     |               ^^^^^^^^^^^^^^^^^
     |
     = note: `#[warn(dead_code)]` on by default

warning: `es` (lib) generated 10 warnings (run `cargo fix --lib -p es` to apply 9 suggestions)
    Finished `release` profile [optimized] target(s) in 0.24s
     Running `target/release/examples/lineitem_benchmark_cli -n Exp4_Thr16_Mem2GB -i lineitem_sf500.csv --run-gen-threads 16 --merge-threads 16 --run-size-mb 128.00 --merge-fanin 2048 --warmup-runs 1 --benchmark-runs 3 --cooldown-seconds 30 --dir logs/lineitem_bench_2025-12-08_23-43-15/Exp4_Thr16_Mem2GB_tmp --sketch-type reservoir-sampling`
Using existing KVBin file: "./datasets/lineitem_sf500.k-8-9-13-14-15.v-0-3.kvbin"

=== BENCHMARK MODE ===
KVBin data: ./datasets/lineitem_sf500.k-8-9-13-14-15.v-0-3.kvbin, index: ./datasets/lineitem_sf500.k-8-9-13-14-15.v-0-3.kvbin.idx
Estimated data size: 199659.46 MB
Run generation threads: 16
Use OVC: true
Run size (MB): 128.00
Run generation memory (MB): 2048.0
Merge threads: 16
Merge fan-in: 2048
Merge memory (MB): 2048.0
Sketch type: reservoir-sampling
Sketch size: 200
Run indexing interval: 1000
Temporary directory: "logs/lineitem_bench_2025-12-08_23-43-15/Exp4_Thr16_Mem2GB_tmp"
Warmup runs: 1
Runs per configuration: 3
Cooldown between runs (s): 30
Verify output: false

Running benchmark for config: Exp4_Thr16_Mem2GB
Parameters: Run Gen Threads: 16, Use OVC: true, Run Size: 128.00 MB, Run Gen Memory: 2048.0 MB, Merge Threads: 16, Merge Fanin: 2048, Merge Memory: 2048.0 MB, Imbalance Factor: 1.0
================================================================================
  Performing 1 warmup run(s)...
    Warmup 1/1: Starting sort with 16 parallel scanners for run generation
Run gen thread 14 610395 ms, 44 runs generated
Run gen thread 13 610789 ms, 44 runs generated
Run gen thread 12 612376 ms, 44 runs generated
Run gen thread 1 613226 ms, 44 runs generated
Run gen thread 4 614611 ms, 44 runs generated
Run gen thread 7 618099 ms, 44 runs generated
Run gen thread 11 619442 ms, 44 runs generated
Run gen thread 8 622865 ms, 44 runs generated
Run gen thread 3 623613 ms, 44 runs generated
Run gen thread 15 624854 ms, 44 runs generated
Run gen thread 10 627134 ms, 44 runs generated
Run gen thread 0 628216 ms, 44 runs generated
Run gen thread 6 630282 ms, 44 runs generated
Run gen thread 2 631628 ms, 44 runs generated
Run gen thread 5 632149 ms, 44 runs generated
Run gen thread 9 632159 ms, 44 runs generated
Generated 704 runs in 632211 ms
Merging 704 runs using 16 threads
Merge phase took 386957 ms | Merged 3000028242 entries across 16 runs | Thread timing: min=170298 ms, max=386951 ms | Partition sizes: imbalance=1.59x
1019.17s
  Warmup complete.

  Run 1/3: Starting sort with 16 parallel scanners for run generation
Run gen thread 7 592732 ms, 44 runs generated
Run gen thread 15 595314 ms, 44 runs generated
Run gen thread 5 596224 ms, 44 runs generated
Run gen thread 13 599052 ms, 44 runs generated
Run gen thread 3 599368 ms, 44 runs generated
Run gen thread 6 600885 ms, 44 runs generated
Run gen thread 8 600972 ms, 44 runs generated
Run gen thread 4 603285 ms, 44 runs generated
Run gen thread 12 604165 ms, 44 runs generated
Run gen thread 14 605733 ms, 44 runs generated
Run gen thread 9 605964 ms, 44 runs generated
Run gen thread 1 608021 ms, 44 runs generated
Run gen thread 2 612997 ms, 44 runs generated
Run gen thread 10 613306 ms, 44 runs generated
Run gen thread 0 615340 ms, 44 runs generated
Run gen thread 11 622514 ms, 44 runs generated
Generated 704 runs in 622733 ms
Merging 704 runs using 16 threads
Merge phase took 338294 ms | Merged 3000028242 entries across 16 runs | Thread timing: min=186883 ms, max=338266 ms | Partition sizes: imbalance=1.30x
SortStats:
  Number of runs: 704
  (R) time: 622733 ms
  (R) breakdown: load=0 ms, sort=604742 ms, store=0 ms
  (R) I/O stats: I/O Stats: Read Ops: 3194557, Read Bytes: 209358422373, Write Ops: 2071283, Write Bytes: 135743009280
  (M) time: 338294 ms
  Read amplification:
    Run generation writes: 135743009280 bytes (126.42 GB)
    Merge phase reads: 136717415936 bytes (127.33 GB)
    Read amplification factor: 1.01x
    Excess reads: 0.7% (sparse indexing overhead)
  Thread timing:
    Min thread time: 186883 ms
    Max thread time: 338266 ms
    Avg thread time: 285924 ms
    Time imbalance factor (max/avg): 1.18x
    Thread times: [322633, 298336, 307767, 266019, 287661, 338266, 305379, 265778, 231071, 288063, 227868, 314196, 304667, 308462, 186883, 321734]

961.03s

  Cooling down for 30s before next run...
  Run 2/3: Starting sort with 16 parallel scanners for run generation
Run gen thread 3 576922 ms, 44 runs generated
Run gen thread 2 578200 ms, 44 runs generated
Run gen thread 0 584318 ms, 44 runs generated
Run gen thread 4 587490 ms, 44 runs generated
Run gen thread 1 591782 ms, 44 runs generated
Run gen thread 11 595099 ms, 44 runs generated
Run gen thread 9 595281 ms, 44 runs generated
Run gen thread 10 596190 ms, 44 runs generated
Run gen thread 13 597184 ms, 44 runs generated
Run gen thread 7 597277 ms, 44 runs generated
Run gen thread 15 597465 ms, 44 runs generated
Run gen thread 8 597564 ms, 44 runs generated
Run gen thread 5 600829 ms, 44 runs generated
Run gen thread 6 601410 ms, 44 runs generated
Run gen thread 12 602487 ms, 44 runs generated
Run gen thread 14 603225 ms, 44 runs generated
Generated 704 runs in 603316 ms
Merging 704 runs using 16 threads
Merge phase took 374702 ms | Merged 3000028242 entries across 16 runs | Thread timing: min=205616 ms, max=374696 ms | Partition sizes: imbalance=1.66x
SortStats:
  Number of runs: 704
  (R) time: 603316 ms
  (R) breakdown: load=0 ms, sort=593920 ms, store=0 ms
  (R) I/O stats: I/O Stats: Read Ops: 3194557, Read Bytes: 209358422373, Write Ops: 2071283, Write Bytes: 135743009280
  (M) time: 374702 ms
  Read amplification:
    Run generation writes: 135743009280 bytes (126.42 GB)
    Merge phase reads: 136718666752 bytes (127.33 GB)
    Read amplification factor: 1.01x
    Excess reads: 0.7% (sparse indexing overhead)
  Thread timing:
    Min thread time: 205616 ms
    Max thread time: 374696 ms
    Avg thread time: 266604 ms
    Time imbalance factor (max/avg): 1.41x
    Thread times: [259431, 374696, 215515, 320828, 272029, 232429, 277728, 243141, 239986, 304409, 266448, 253231, 205616, 244900, 295924, 259355]

978.02s

  Cooling down for 30s before next run...
  Run 3/3: Starting sort with 16 parallel scanners for run generation
Run gen thread 15 593189 ms, 44 runs generated
Run gen thread 12 596807 ms, 44 runs generated
Run gen thread 0 597912 ms, 44 runs generated
Run gen thread 9 599135 ms, 44 runs generated
Run gen thread 1 601963 ms, 44 runs generated
Run gen thread 5 602268 ms, 44 runs generated
Run gen thread 10 604316 ms, 44 runs generated
Run gen thread 7 605459 ms, 44 runs generated
Run gen thread 8 606499 ms, 44 runs generated
Run gen thread 14 607537 ms, 44 runs generated
Run gen thread 3 607963 ms, 44 runs generated
Run gen thread 2 609035 ms, 44 runs generated
Run gen thread 11 610610 ms, 44 runs generated
Run gen thread 13 611334 ms, 44 runs generated
Run gen thread 4 613584 ms, 44 runs generated
Run gen thread 6 615957 ms, 44 runs generated
Generated 704 runs in 616112 ms
Merging 704 runs using 16 threads
Merge phase took 381529 ms | Merged 3000028242 entries across 16 runs | Thread timing: min=188718 ms, max=381493 ms | Partition sizes: imbalance=1.82x
SortStats:
  Number of runs: 704
  (R) time: 616112 ms
  (R) breakdown: load=0 ms, sort=605223 ms, store=0 ms
  (R) I/O stats: I/O Stats: Read Ops: 3194557, Read Bytes: 209358422373, Write Ops: 2071283, Write Bytes: 135743009280
  (M) time: 381529 ms
  Read amplification:
    Run generation writes: 135743009280 bytes (126.42 GB)
    Merge phase reads: 136715303936 bytes (127.33 GB)
    Read amplification factor: 1.01x
    Excess reads: 0.7% (sparse indexing overhead)
  Thread timing:
    Min thread time: 188718 ms
    Max thread time: 381493 ms
    Avg thread time: 259290 ms
    Time imbalance factor (max/avg): 1.47x
    Thread times: [297493, 219106, 225506, 203919, 242313, 272638, 222135, 288685, 229820, 216545, 318593, 274848, 188718, 381493, 273403, 293433]

997.64s


================================================================================================================================================================
Benchmark Results Summary
================================================================================================================================================================
Config               Run Size   RG Runs    Gen Thr    Merge Thr  Total (s)  RunGen (s)   Merge (s)  Entries      Throughput       Read MB    Write MB  
                     (MB)                                                                                        (M entries/s)                         
----------------------------------------------------------------------------------------------------------------------------------------------------------------
Exp4_Thr16_Mem2GB[1] 128.0      704        16         16         961.03       622.73     338.29     3000028242   3.12             330043.6   220369.5  
Exp4_Thr16_Mem2GB[2] 128.0      704        16         16         978.02       603.32     374.70     3000028242   3.07             330044.8   220368.4  
Exp4_Thr16_Mem2GB[3] 128.0      704        16         16         997.64       616.11     381.53     3000028242   3.01             330041.6   220370.7  
Exp4_Thr16_Mem2GB[avg] 128.0      704        16         16         978.90       614.05     364.84     3000028242   3.06             330043.4   220369.6  
================================================================================================================================================================

================================================================================================================================================================
Merge Operations Summary (showing last 1 of 1 merge passes)
================================================================================================================================================================
Config               M1PAvg     M1PMax     M1Imbal    M1Slow       M1Fast      
----------------------------------------------------------------------------------------------------------------------------------------------------------------
Exp4_Thr16_Mem2GB[1] 187501765  244369926  1.30       338.29       338.29      
Exp4_Thr16_Mem2GB[2] 187501765  311575857  1.66       374.70       374.70      
Exp4_Thr16_Mem2GB[3] 187501765  341992889  1.82       381.53       381.53      
----------------------------------------------------------------------------------------------------------------------------------------------------------------
Exp4_Thr16_Mem2GB[avg] 187501765  299312890  1.60       381.53       338.29      
================================================================================================================================================================

================================================================================================================================================================
Detailed I/O Statistics
================================================================================================================================================================
Config               RG Read MB   RG Write MB  M1Read MB    M1Write MB  
----------------------------------------------------------------------------------------------------------------------------------------------------------------
Exp4_Thr16_Mem2GB[1] 199659.8     129454.6     130383.9     90914.9     
Exp4_Thr16_Mem2GB[2] 199659.8     129454.6     130385.1     90913.8     
Exp4_Thr16_Mem2GB[3] 199659.8     129454.6     130381.9     90916.1     
----------------------------------------------------------------------------------------------------------------------------------------------------------------
Exp4_Thr16_Mem2GB[avg] 199659.8     129454.6     130383.6     90914.9     
================================================================================================================================================================

====================================================================================================
Run Generation Time Breakdown
====================================================================================================
Config               RG Total s   Load s       Sort s       Store s     
----------------------------------------------------------------------------------------------------
Exp4_Thr16_Mem2GB[1] 622.73       0            604.742      0           
Exp4_Thr16_Mem2GB[2] 603.32       0            593.92       0           
Exp4_Thr16_Mem2GB[3] 616.11       0            605.223      0           
----------------------------------------------------------------------------------------------------
Exp4_Thr16_Mem2GB[avg] 614.05       0.00         601.29       0.00        
====================================================================================================
