warning: unused imports: `SeedableRng` and `rngs::SmallRng`
 --> src/fastzipf.rs:2:12
  |
2 | use rand::{SeedableRng, rngs::SmallRng};
  |            ^^^^^^^^^^^  ^^^^^^^^^^^^^^
  |
  = note: `#[warn(unused_imports)]` on by default

warning: unused import: `std::fmt`
 --> src/sketch/reservoir_sampler.rs:6:5
  |
6 | use std::fmt;
  |     ^^^^^^^^

warning: unused import: `crate::sketch::kll::KLL`
   --> src/sketch/reservoir_sampler.rs:190:9
    |
190 |     use crate::sketch::kll::KLL;
    |         ^^^^^^^^^^^^^^^^^^^^^^^

warning: unused import: `super::*`
   --> src/sketch/reservoir_sampler.rs:192:9
    |
192 |     use super::*;
    |         ^^^^^^^^

warning: unused import: `std::collections::HashMap`
   --> src/sketch/mod.rs:226:9
    |
226 |     use std::collections::HashMap;
    |         ^^^^^^^^^^^^^^^^^^^^^^^^^

warning: unused import: `super::kll::*`
   --> src/sketch/mod.rs:228:9
    |
228 |     use super::kll::*;
    |         ^^^^^^^^^^^^^

warning: unused import: `super::reservoir_sampler::*`
   --> src/sketch/mod.rs:229:9
    |
229 |     use super::reservoir_sampler::*;
    |         ^^^^^^^^^^^^^^^^^^^^^^^^^^^

warning: unused import: `super::*`
   --> src/sketch/mod.rs:230:9
    |
230 |     use super::*;
    |         ^^^^^^^^

warning: unused import: `Duration`
 --> src/sort/core/engine.rs:4:17
  |
4 | use std::time::{Duration, Instant, SystemTime, UNIX_EPOCH};
  |                 ^^^^^^^^

warning: function `compute_ovc_delta` is never used
    --> src/ovc/offset_value_coding.rs:1136:15
     |
1136 | pub(crate) fn compute_ovc_delta(prev_key: Option<&[u8]>, key: &[u8]) -> OVCU64 {
     |               ^^^^^^^^^^^^^^^^^
     |
     = note: `#[warn(dead_code)]` on by default

warning: `es` (lib) generated 10 warnings (run `cargo fix --lib -p es` to apply 9 suggestions)
    Finished `release` profile [optimized] target(s) in 0.21s
     Running `target/release/examples/lineitem_benchmark_cli -n Exp4_Thr4_Mem2GB -i lineitem_sf500.csv --run-gen-threads 4 --merge-threads 4 --run-size-mb 512.00 --merge-fanin 8192 --warmup-runs 1 --benchmark-runs 3 --cooldown-seconds 30 --dir logs/lineitem_bench_2025-12-08_23-43-15/Exp4_Thr4_Mem2GB_tmp --sketch-type reservoir-sampling`
Using existing KVBin file: "./datasets/lineitem_sf500.k-8-9-13-14-15.v-0-3.kvbin"

=== BENCHMARK MODE ===
KVBin data: ./datasets/lineitem_sf500.k-8-9-13-14-15.v-0-3.kvbin, index: ./datasets/lineitem_sf500.k-8-9-13-14-15.v-0-3.kvbin.idx
Estimated data size: 199659.46 MB
Run generation threads: 4
Use OVC: true
Run size (MB): 512.00
Run generation memory (MB): 2048.0
Merge threads: 4
Merge fan-in: 8192
Merge memory (MB): 2048.0
Sketch type: reservoir-sampling
Sketch size: 200
Run indexing interval: 1000
Temporary directory: "logs/lineitem_bench_2025-12-08_23-43-15/Exp4_Thr4_Mem2GB_tmp"
Warmup runs: 1
Runs per configuration: 3
Cooldown between runs (s): 30
Verify output: false

Running benchmark for config: Exp4_Thr4_Mem2GB
Parameters: Run Gen Threads: 4, Use OVC: true, Run Size: 512.00 MB, Run Gen Memory: 2048.0 MB, Merge Threads: 4, Merge Fanin: 8192, Merge Memory: 2048.0 MB, Imbalance Factor: 1.0
================================================================================
  Performing 1 warmup run(s)...
    Warmup 1/1: Starting sort with 4 parallel scanners for run generation
Run gen thread 1 2134470 ms, 44 runs generated
Run gen thread 3 2144310 ms, 44 runs generated
Run gen thread 0 2145363 ms, 44 runs generated
Run gen thread 2 2146234 ms, 44 runs generated
Generated 176 runs in 2146253 ms
Merging 176 runs using 4 threads
Merge phase took 701342 ms | Merged 3000028242 entries across 4 runs | Thread timing: min=575127 ms, max=701338 ms | Partition sizes: imbalance=1.11x
2847.60s
  Warmup complete.

  Run 1/3: Starting sort with 4 parallel scanners for run generation
Run gen thread 3 2104883 ms, 44 runs generated
Run gen thread 1 2126792 ms, 44 runs generated
Run gen thread 2 2129388 ms, 44 runs generated
Run gen thread 0 2129696 ms, 44 runs generated
Generated 176 runs in 2129700 ms
Merging 176 runs using 4 threads
Merge phase took 595665 ms | Merged 3000028242 entries across 4 runs | Thread timing: min=461514 ms, max=595661 ms | Partition sizes: imbalance=1.14x
SortStats:
  Number of runs: 176
  (R) time: 2129700 ms
  (R) breakdown: load=0 ms, sort=2122689 ms, store=0 ms
  (R) I/O stats: I/O Stats: Read Ops: 3194553, Read Bytes: 209358163301, Write Ops: 1941471, Write Bytes: 127236121600
  (M) time: 595665 ms
  Read amplification:
    Run generation writes: 127236121600 bytes (118.50 GB)
    Merge phase reads: 127293590528 bytes (118.55 GB)
    Read amplification factor: 1.00x
    Excess reads: 0.0% (sparse indexing overhead)
  Thread timing:
    Min thread time: 461514 ms
    Max thread time: 595661 ms
    Avg thread time: 533090 ms
    Time imbalance factor (max/avg): 1.12x
    Thread times: [556671, 461514, 595661, 518515]

2725.36s

  Cooling down for 30s before next run...
  Run 2/3: Starting sort with 4 parallel scanners for run generation
Run gen thread 2 2110407 ms, 44 runs generated
Run gen thread 3 2116791 ms, 44 runs generated
Run gen thread 0 2122892 ms, 44 runs generated
Run gen thread 1 2126014 ms, 44 runs generated
Generated 176 runs in 2126103 ms
Merging 176 runs using 4 threads
Merge phase took 614333 ms | Merged 3000028242 entries across 4 runs | Thread timing: min=484298 ms, max=614321 ms | Partition sizes: imbalance=1.13x
SortStats:
  Number of runs: 176
  (R) time: 2126103 ms
  (R) breakdown: load=0 ms, sort=2119026 ms, store=0 ms
  (R) I/O stats: I/O Stats: Read Ops: 3194553, Read Bytes: 209358163301, Write Ops: 1941471, Write Bytes: 127236121600
  (M) time: 614333 ms
  Read amplification:
    Run generation writes: 127236121600 bytes (118.50 GB)
    Merge phase reads: 127294579712 bytes (118.55 GB)
    Read amplification factor: 1.00x
    Excess reads: 0.0% (sparse indexing overhead)
  Thread timing:
    Min thread time: 484298 ms
    Max thread time: 614321 ms
    Avg thread time: 547653 ms
    Time imbalance factor (max/avg): 1.12x
    Thread times: [504640, 484298, 587354, 614321]

2740.44s

  Cooling down for 30s before next run...
  Run 3/3: Starting sort with 4 parallel scanners for run generation
Run gen thread 0 2067609 ms, 44 runs generated
Run gen thread 1 2086624 ms, 44 runs generated
Run gen thread 3 2087951 ms, 44 runs generated
Run gen thread 2 2090478 ms, 44 runs generated
Generated 176 runs in 2090715 ms
Merging 176 runs using 4 threads
Merge phase took 648231 ms | Merged 3000028242 entries across 4 runs | Thread timing: min=421604 ms, max=648221 ms | Partition sizes: imbalance=1.27x
SortStats:
  Number of runs: 176
  (R) time: 2090715 ms
  (R) breakdown: load=0 ms, sort=2083165 ms, store=0 ms
  (R) I/O stats: I/O Stats: Read Ops: 3194553, Read Bytes: 209358163301, Write Ops: 1941471, Write Bytes: 127236121600
  (M) time: 648231 ms
  Read amplification:
    Run generation writes: 127236121600 bytes (118.50 GB)
    Merge phase reads: 127292869632 bytes (118.55 GB)
    Read amplification factor: 1.00x
    Excess reads: 0.0% (sparse indexing overhead)
  Thread timing:
    Min thread time: 421604 ms
    Max thread time: 648221 ms
    Avg thread time: 525882 ms
    Time imbalance factor (max/avg): 1.23x
    Thread times: [573548, 648221, 421604, 460155]

2738.95s


================================================================================================================================================================
Benchmark Results Summary
================================================================================================================================================================
Config               Run Size   RG Runs    Gen Thr    Merge Thr  Total (s)  RunGen (s)   Merge (s)  Entries      Throughput       Read MB    Write MB  
                     (MB)                                                                                        (M entries/s)                         
----------------------------------------------------------------------------------------------------------------------------------------------------------------
Exp4_Thr4_Mem2GB[1]  512.0      176        4          4          2725.36      2129.70    595.66     3000028242   1.10             321056.1   212240.7  
Exp4_Thr4_Mem2GB[2]  512.0      176        4          4          2740.44      2126.10    614.33     3000028242   1.09             321057.1   212240.7  
Exp4_Thr4_Mem2GB[3]  512.0      176        4          4          2738.95      2090.72    648.23     3000028242   1.10             321055.4   212240.7  
Exp4_Thr4_Mem2GB[avg] 512.0      176        4          4          2734.92      2115.51    619.41     3000028242   1.10             321056.2   212240.7  
================================================================================================================================================================

================================================================================================================================================================
Merge Operations Summary (showing last 1 of 1 merge passes)
================================================================================================================================================================
Config               M1PAvg     M1PMax     M1Imbal    M1Slow       M1Fast      
----------------------------------------------------------------------------------------------------------------------------------------------------------------
Exp4_Thr4_Mem2GB[1]  750007060  856676246  1.14       595.66       595.66      
Exp4_Thr4_Mem2GB[2]  750007060  849811297  1.13       614.33       614.33      
Exp4_Thr4_Mem2GB[3]  750007060  955817190  1.27       648.23       648.23      
----------------------------------------------------------------------------------------------------------------------------------------------------------------
Exp4_Thr4_Mem2GB[avg] 750007060  887434911  1.18       648.23       595.66      
================================================================================================================================================================

================================================================================================================================================================
Detailed I/O Statistics
================================================================================================================================================================
Config               RG Read MB   RG Write MB  M1Read MB    M1Write MB  
----------------------------------------------------------------------------------------------------------------------------------------------------------------
Exp4_Thr4_Mem2GB[1]  199659.5     121341.8     121396.6     90898.9     
Exp4_Thr4_Mem2GB[2]  199659.5     121341.8     121397.6     90898.9     
Exp4_Thr4_Mem2GB[3]  199659.5     121341.8     121395.9     90898.9     
----------------------------------------------------------------------------------------------------------------------------------------------------------------
Exp4_Thr4_Mem2GB[avg] 199659.5     121341.8     121396.7     90898.9     
================================================================================================================================================================

====================================================================================================
Run Generation Time Breakdown
====================================================================================================
Config               RG Total s   Load s       Sort s       Store s     
----------------------------------------------------------------------------------------------------
Exp4_Thr4_Mem2GB[1]  2129.70      0            2122.689     0           
Exp4_Thr4_Mem2GB[2]  2126.10      0            2119.026     0           
Exp4_Thr4_Mem2GB[3]  2090.72      0            2083.165     0           
----------------------------------------------------------------------------------------------------
Exp4_Thr4_Mem2GB[avg] 2115.51      0.00         2108.29      0.00        
====================================================================================================
