warning: unused imports: `SeedableRng` and `rngs::SmallRng`
 --> src/fastzipf.rs:2:12
  |
2 | use rand::{SeedableRng, rngs::SmallRng};
  |            ^^^^^^^^^^^  ^^^^^^^^^^^^^^
  |
  = note: `#[warn(unused_imports)]` on by default

warning: unused import: `std::fmt`
 --> src/sketch/reservoir_sampler.rs:6:5
  |
6 | use std::fmt;
  |     ^^^^^^^^

warning: unused import: `crate::sketch::kll::KLL`
   --> src/sketch/reservoir_sampler.rs:190:9
    |
190 |     use crate::sketch::kll::KLL;
    |         ^^^^^^^^^^^^^^^^^^^^^^^

warning: unused import: `super::*`
   --> src/sketch/reservoir_sampler.rs:192:9
    |
192 |     use super::*;
    |         ^^^^^^^^

warning: unused import: `std::collections::HashMap`
   --> src/sketch/mod.rs:226:9
    |
226 |     use std::collections::HashMap;
    |         ^^^^^^^^^^^^^^^^^^^^^^^^^

warning: unused import: `super::kll::*`
   --> src/sketch/mod.rs:228:9
    |
228 |     use super::kll::*;
    |         ^^^^^^^^^^^^^

warning: unused import: `super::reservoir_sampler::*`
   --> src/sketch/mod.rs:229:9
    |
229 |     use super::reservoir_sampler::*;
    |         ^^^^^^^^^^^^^^^^^^^^^^^^^^^

warning: unused import: `super::*`
   --> src/sketch/mod.rs:230:9
    |
230 |     use super::*;
    |         ^^^^^^^^

warning: unused import: `Duration`
 --> src/sort/core/engine.rs:4:17
  |
4 | use std::time::{Duration, Instant, SystemTime, UNIX_EPOCH};
  |                 ^^^^^^^^

warning: function `compute_ovc_delta` is never used
    --> src/ovc/offset_value_coding.rs:1136:15
     |
1136 | pub(crate) fn compute_ovc_delta(prev_key: Option<&[u8]>, key: &[u8]) -> OVCU64 {
     |               ^^^^^^^^^^^^^^^^^
     |
     = note: `#[warn(dead_code)]` on by default

warning: `es` (lib) generated 10 warnings (run `cargo fix --lib -p es` to apply 9 suggestions)
    Finished `release` profile [optimized] target(s) in 0.21s
     Running `target/release/examples/lineitem_benchmark_cli -n Exp4_Thr40_Mem2GB -i lineitem_sf500.csv --run-gen-threads 40 --merge-threads 40 --run-size-mb 51.20 --merge-fanin 819 --warmup-runs 1 --benchmark-runs 3 --cooldown-seconds 30 --dir logs/lineitem_bench_2025-12-08_23-43-15/Exp4_Thr40_Mem2GB_tmp --sketch-type reservoir-sampling`
Using existing KVBin file: "./datasets/lineitem_sf500.k-8-9-13-14-15.v-0-3.kvbin"

=== BENCHMARK MODE ===
KVBin data: ./datasets/lineitem_sf500.k-8-9-13-14-15.v-0-3.kvbin, index: ./datasets/lineitem_sf500.k-8-9-13-14-15.v-0-3.kvbin.idx
Estimated data size: 199659.46 MB
Run generation threads: 40
Use OVC: true
Run size (MB): 51.20
Run generation memory (MB): 2048.0
Merge threads: 40
Merge fan-in: 819
Merge memory (MB): 2047.5
Sketch type: reservoir-sampling
Sketch size: 200
Run indexing interval: 1000
Temporary directory: "logs/lineitem_bench_2025-12-08_23-43-15/Exp4_Thr40_Mem2GB_tmp"
Warmup runs: 1
Runs per configuration: 3
Cooldown between runs (s): 30
Verify output: false

Running benchmark for config: Exp4_Thr40_Mem2GB
Parameters: Run Gen Threads: 40, Use OVC: true, Run Size: 51.20 MB, Run Gen Memory: 2048.0 MB, Merge Threads: 40, Merge Fanin: 819, Merge Memory: 2047.5 MB, Imbalance Factor: 1.0
================================================================================
  Performing 1 warmup run(s)...
    Warmup 1/1: Starting sort with 40 parallel scanners for run generation
Run gen thread 39 402695 ms, 44 runs generated
Run gen thread 16 403957 ms, 44 runs generated
Run gen thread 14 406070 ms, 44 runs generated
Run gen thread 31 406827 ms, 44 runs generated
Run gen thread 4 407408 ms, 44 runs generated
Run gen thread 5 408558 ms, 44 runs generated
Run gen thread 25 408640 ms, 44 runs generated
Run gen thread 30 409373 ms, 44 runs generated
Run gen thread 36 409517 ms, 44 runs generated
Run gen thread 13 409760 ms, 44 runs generated
Run gen thread 29 409880 ms, 44 runs generated
Run gen thread 26 409994 ms, 44 runs generated
Run gen thread 33 410178 ms, 44 runs generated
Run gen thread 27 410624 ms, 44 runs generated
Run gen thread 19 410762 ms, 44 runs generated
Run gen thread 10 410817 ms, 44 runs generated
Run gen thread 2 410934 ms, 44 runs generated
Run gen thread 1 411062 ms, 44 runs generated
Run gen thread 38 411594 ms, 44 runs generated
Run gen thread 17 411770 ms, 44 runs generated
Run gen thread 34 412064 ms, 44 runs generated
Run gen thread 6 412188 ms, 44 runs generated
Run gen thread 32 412493 ms, 44 runs generated
Run gen thread 12 412723 ms, 44 runs generated
Run gen thread 7 412883 ms, 44 runs generated
Run gen thread 37 412976 ms, 44 runs generated
Run gen thread 0 413110 ms, 44 runs generated
Run gen thread 28 413414 ms, 44 runs generated
Run gen thread 20 413618 ms, 44 runs generated
Run gen thread 15 413694 ms, 44 runs generated
Run gen thread 8 413813 ms, 44 runs generated
Run gen thread 22 413955 ms, 44 runs generated
Run gen thread 24 414091 ms, 44 runs generated
Run gen thread 21 414151 ms, 44 runs generated
Run gen thread 9 414381 ms, 44 runs generated
Run gen thread 35 414513 ms, 44 runs generated
Run gen thread 3 414540 ms, 44 runs generated
Run gen thread 11 415061 ms, 44 runs generated
Run gen thread 23 415998 ms, 44 runs generated
Run gen thread 18 417106 ms, 44 runs generated
Generated 1760 runs in 417238 ms
Multi-level merge: 2455 runs (including 695 dummies), F=819, expected 3 merge operations
Merging 819 runs using 40 threads
Merge phase took 18975 ms | Merged 157770318 entries across 40 runs | Thread timing: min=4191 ms, max=18865 ms | Partition sizes: imbalance=1.90x
Merge 1/3: merging 819 shortest runs (157770318 total entries)
Merging 819 runs using 40 threads
Merge phase took 130208 ms | Merged 1421686959 entries across 40 runs | Thread timing: min=23870 ms, max=130196 ms | Partition sizes: imbalance=1.86x
Merge 2/3: merging 819 shortest runs (1421686959 total entries)
Merging 819 runs using 40 threads
Merge phase took 246618 ms | Merged 3000028242 entries across 40 runs | Thread timing: min=38555 ms, max=246606 ms | Partition sizes: imbalance=1.87x
Merge 3/3: merging 819 shortest runs (3000028242 total entries)
813.04s
  Warmup complete.

  Run 1/3: Starting sort with 40 parallel scanners for run generation
Run gen thread 39 366318 ms, 44 runs generated
Run gen thread 24 368970 ms, 44 runs generated
Run gen thread 16 369498 ms, 44 runs generated
Run gen thread 26 371097 ms, 44 runs generated
Run gen thread 7 372031 ms, 44 runs generated
Run gen thread 32 372193 ms, 44 runs generated
Run gen thread 11 372611 ms, 44 runs generated
Run gen thread 18 372807 ms, 44 runs generated
Run gen thread 6 373017 ms, 44 runs generated
Run gen thread 15 373730 ms, 44 runs generated
Run gen thread 34 373749 ms, 44 runs generated
Run gen thread 29 373768 ms, 44 runs generated
Run gen thread 20 374788 ms, 44 runs generated
Run gen thread 22 374936 ms, 44 runs generated
Run gen thread 37 375040 ms, 44 runs generated
Run gen thread 12 375087 ms, 44 runs generated
Run gen thread 19 375462 ms, 44 runs generated
Run gen thread 8 375579 ms, 44 runs generated
Run gen thread 10 375983 ms, 44 runs generated
Run gen thread 31 376592 ms, 44 runs generated
Run gen thread 2 376887 ms, 44 runs generated
Run gen thread 21 376973 ms, 44 runs generated
Run gen thread 5 377028 ms, 44 runs generated
Run gen thread 36 377193 ms, 44 runs generated
Run gen thread 1 377250 ms, 44 runs generated
Run gen thread 38 377930 ms, 44 runs generated
Run gen thread 27 378518 ms, 44 runs generated
Run gen thread 14 378660 ms, 44 runs generated
Run gen thread 30 379080 ms, 44 runs generated
Run gen thread 33 379115 ms, 44 runs generated
Run gen thread 4 379224 ms, 44 runs generated
Run gen thread 23 379381 ms, 44 runs generated
Run gen thread 28 379407 ms, 44 runs generated
Run gen thread 17 379609 ms, 44 runs generated
Run gen thread 9 379714 ms, 44 runs generated
Run gen thread 13 379836 ms, 44 runs generated
Run gen thread 0 379987 ms, 44 runs generated
Run gen thread 25 380109 ms, 44 runs generated
Run gen thread 35 380177 ms, 44 runs generated
Run gen thread 3 382271 ms, 44 runs generated
Generated 1760 runs in 382732 ms
Multi-level merge: 2455 runs (including 695 dummies), F=819, expected 3 merge operations
Merging 819 runs using 40 threads
Merge phase took 16592 ms | Merged 157770318 entries across 40 runs | Thread timing: min=5760 ms, max=16589 ms | Partition sizes: imbalance=2.10x
Merge 1/3: merging 819 shortest runs (157770318 total entries)
Merging 819 runs using 40 threads
Merge phase took 135602 ms | Merged 1421686959 entries across 40 runs | Thread timing: min=26098 ms, max=135599 ms | Partition sizes: imbalance=2.10x
Merge 2/3: merging 819 shortest runs (1421686959 total entries)
Merging 819 runs using 40 threads
Merge phase took 282156 ms | Merged 3000028242 entries across 40 runs | Thread timing: min=51488 ms, max=282153 ms | Partition sizes: imbalance=2.10x
Merge 3/3: merging 819 shortest runs (3000028242 total entries)
SortStats:
  Number of runs: 1760
  (R) time: 382732 ms
  (R) breakdown: load=0 ms, sort=376040 ms, store=0 ms
  (R) I/O stats: I/O Stats: Read Ops: 3194565, Read Bytes: 209358947685, Write Ops: 2156113, Write Bytes: 141301890560
  (M) time: 434350 ms
  Read amplification:
    Run generation writes: 141301890560 bytes (131.60 GB)
    Merge phase reads: 201571481600 bytes (187.73 GB)
    Read amplification factor: 1.43x
    Excess reads: 42.7% (sparse indexing overhead)
  Thread timing (merge pass 1):
    Min thread time: 5760 ms
    Max thread time: 16589 ms
    Avg thread time: 12739 ms
    Time imbalance factor (max/avg): 1.30x
  Thread timing (merge pass 2):
    Min thread time: 26098 ms
    Max thread time: 135599 ms
    Avg thread time: 90195 ms
    Time imbalance factor (max/avg): 1.50x
  Thread timing (merge pass 3):
    Min thread time: 51488 ms
    Max thread time: 282153 ms
    Avg thread time: 191308 ms
    Time imbalance factor (max/avg): 1.47x
  Multi-level merge details:
    Total merge passes: 3
    Merge pass 1:
      Time: 16592 ms
      Output runs: 40
      I/O: read=7541.47 MiB, write=5768.89 MiB
      Partitions: 40, imbalance: 2.10x
    Merge pass 2:
      Time: 135602 ms
      Output runs: 40
      I/O: read=66608.81 MiB, write=45761.74 MiB
      Partitions: 40, imbalance: 2.10x
    Merge pass 3:
      Time: 282156 ms
      Output runs: 40
      I/O: read=118083.26 MiB, write=90899.67 MiB
      Partitions: 40, imbalance: 2.10x

817.08s

  Cooling down for 30s before next run...
  Run 2/3: Starting sort with 40 parallel scanners for run generation
Run gen thread 4 366613 ms, 44 runs generated
Run gen thread 34 367615 ms, 44 runs generated
Run gen thread 9 368004 ms, 44 runs generated
Run gen thread 24 368948 ms, 44 runs generated
Run gen thread 17 370276 ms, 44 runs generated
Run gen thread 23 370877 ms, 44 runs generated
Run gen thread 11 370945 ms, 44 runs generated
Run gen thread 14 371345 ms, 44 runs generated
Run gen thread 27 371505 ms, 44 runs generated
Run gen thread 2 371934 ms, 44 runs generated
Run gen thread 32 372210 ms, 44 runs generated
Run gen thread 39 372259 ms, 44 runs generated
Run gen thread 18 372720 ms, 44 runs generated
Run gen thread 5 372732 ms, 44 runs generated
Run gen thread 7 372791 ms, 44 runs generated
Run gen thread 29 372988 ms, 44 runs generated
Run gen thread 8 373058 ms, 44 runs generated
Run gen thread 22 373128 ms, 44 runs generated
Run gen thread 21 373149 ms, 44 runs generated
Run gen thread 25 373243 ms, 44 runs generated
Run gen thread 36 373594 ms, 44 runs generated
Run gen thread 28 373596 ms, 44 runs generated
Run gen thread 37 373932 ms, 44 runs generated
Run gen thread 12 374228 ms, 44 runs generated
Run gen thread 15 374380 ms, 44 runs generated
Run gen thread 26 374754 ms, 44 runs generated
Run gen thread 19 374860 ms, 44 runs generated
Run gen thread 10 375139 ms, 44 runs generated
Run gen thread 13 375157 ms, 44 runs generated
Run gen thread 38 375304 ms, 44 runs generated
Run gen thread 6 375898 ms, 44 runs generated
Run gen thread 33 376237 ms, 44 runs generated
Run gen thread 3 376882 ms, 44 runs generated
Run gen thread 30 377075 ms, 44 runs generated
Run gen thread 1 377557 ms, 44 runs generated
Run gen thread 16 378418 ms, 44 runs generated
Run gen thread 20 378461 ms, 44 runs generated
Run gen thread 0 378485 ms, 44 runs generated
Run gen thread 35 378598 ms, 44 runs generated
Run gen thread 31 379222 ms, 44 runs generated
Generated 1760 runs in 379357 ms
Multi-level merge: 2455 runs (including 695 dummies), F=819, expected 3 merge operations
Merging 819 runs using 40 threads
Merge phase took 18045 ms | Merged 157770318 entries across 40 runs | Thread timing: min=6865 ms, max=18010 ms | Partition sizes: imbalance=2.57x
Merge 1/3: merging 819 shortest runs (157770318 total entries)
Merging 819 runs using 40 threads
Merge phase took 144326 ms | Merged 1421686959 entries across 40 runs | Thread timing: min=38905 ms, max=144322 ms | Partition sizes: imbalance=2.59x
Merge 2/3: merging 819 shortest runs (1421686959 total entries)
Merging 819 runs using 40 threads
Merge phase took 297896 ms | Merged 3000028242 entries across 40 runs | Thread timing: min=68958 ms, max=297893 ms | Partition sizes: imbalance=2.59x
Merge 3/3: merging 819 shortest runs (3000028242 total entries)
SortStats:
  Number of runs: 1760
  (R) time: 379357 ms
  (R) breakdown: load=0 ms, sort=373702 ms, store=0 ms
  (R) I/O stats: I/O Stats: Read Ops: 3194565, Read Bytes: 209358947685, Write Ops: 2156113, Write Bytes: 141301890560
  (M) time: 460267 ms
  Read amplification:
    Run generation writes: 141301890560 bytes (131.60 GB)
    Merge phase reads: 201561454592 bytes (187.72 GB)
    Read amplification factor: 1.43x
    Excess reads: 42.6% (sparse indexing overhead)
  Thread timing (merge pass 1):
    Min thread time: 6865 ms
    Max thread time: 18010 ms
    Avg thread time: 12960 ms
    Time imbalance factor (max/avg): 1.39x
  Thread timing (merge pass 2):
    Min thread time: 38905 ms
    Max thread time: 144322 ms
    Avg thread time: 86268 ms
    Time imbalance factor (max/avg): 1.67x
  Thread timing (merge pass 3):
    Min thread time: 68958 ms
    Max thread time: 297893 ms
    Avg thread time: 184088 ms
    Time imbalance factor (max/avg): 1.62x
  Multi-level merge details:
    Total merge passes: 3
    Merge pass 1:
      Time: 18045 ms
      Output runs: 40
      I/O: read=7542.74 MiB, write=5768.90 MiB
      Partitions: 40, imbalance: 2.57x
    Merge pass 2:
      Time: 144326 ms
      Output runs: 40
      I/O: read=66605.19 MiB, write=45761.72 MiB
      Partitions: 40, imbalance: 2.59x
    Merge pass 3:
      Time: 297896 ms
      Output runs: 40
      I/O: read=118076.05 MiB, write=90900.10 MiB
      Partitions: 40, imbalance: 2.59x

839.62s

  Cooling down for 30s before next run...
  Run 3/3: Starting sort with 40 parallel scanners for run generation
Run gen thread 39 365742 ms, 44 runs generated
Run gen thread 0 366457 ms, 44 runs generated
Run gen thread 30 366880 ms, 44 runs generated
Run gen thread 38 367969 ms, 44 runs generated
Run gen thread 35 368757 ms, 44 runs generated
Run gen thread 20 369091 ms, 44 runs generated
Run gen thread 1 369104 ms, 44 runs generated
Run gen thread 32 369201 ms, 44 runs generated
Run gen thread 4 369276 ms, 44 runs generated
Run gen thread 37 370112 ms, 44 runs generated
Run gen thread 7 370529 ms, 44 runs generated
Run gen thread 11 370596 ms, 44 runs generated
Run gen thread 29 370654 ms, 44 runs generated
Run gen thread 36 370766 ms, 44 runs generated
Run gen thread 9 370799 ms, 44 runs generated
Run gen thread 8 371298 ms, 44 runs generated
Run gen thread 12 371639 ms, 44 runs generated
Run gen thread 13 371720 ms, 44 runs generated
Run gen thread 27 371763 ms, 44 runs generated
Run gen thread 21 371828 ms, 44 runs generated
Run gen thread 14 371889 ms, 44 runs generated
Run gen thread 15 372065 ms, 44 runs generated
Run gen thread 10 372116 ms, 44 runs generated
Run gen thread 34 372951 ms, 44 runs generated
Run gen thread 24 373013 ms, 44 runs generated
Run gen thread 2 373222 ms, 44 runs generated
Run gen thread 23 373238 ms, 44 runs generated
Run gen thread 17 373246 ms, 44 runs generated
Run gen thread 3 373253 ms, 44 runs generated
Run gen thread 18 373409 ms, 44 runs generated
Run gen thread 28 373430 ms, 44 runs generated
Run gen thread 22 373699 ms, 44 runs generated
Run gen thread 26 373879 ms, 44 runs generated
Run gen thread 19 374569 ms, 44 runs generated
Run gen thread 25 374999 ms, 44 runs generated
Run gen thread 16 375043 ms, 44 runs generated
Run gen thread 31 375205 ms, 44 runs generated
Run gen thread 5 375492 ms, 44 runs generated
Run gen thread 33 376423 ms, 44 runs generated
Run gen thread 6 377267 ms, 44 runs generated
Generated 1760 runs in 377404 ms
Multi-level merge: 2455 runs (including 695 dummies), F=819, expected 3 merge operations
Merging 819 runs using 40 threads
Merge phase took 20425 ms | Merged 157770318 entries across 40 runs | Thread timing: min=7300 ms, max=20392 ms | Partition sizes: imbalance=3.52x
Merge 1/3: merging 819 shortest runs (157770318 total entries)
Merging 819 runs using 40 threads
Merge phase took 168920 ms | Merged 1421686959 entries across 40 runs | Thread timing: min=33323 ms, max=168909 ms | Partition sizes: imbalance=3.47x
Merge 2/3: merging 819 shortest runs (1421686959 total entries)
Merging 819 runs using 40 threads
Merge phase took 295422 ms | Merged 3000028242 entries across 40 runs | Thread timing: min=59506 ms, max=295410 ms | Partition sizes: imbalance=3.47x
Merge 3/3: merging 819 shortest runs (3000028242 total entries)
SortStats:
  Number of runs: 1760
  (R) time: 377404 ms
  (R) breakdown: load=0 ms, sort=371814 ms, store=0 ms
  (R) I/O stats: I/O Stats: Read Ops: 3194565, Read Bytes: 209358947685, Write Ops: 2156113, Write Bytes: 141301890560
  (M) time: 484767 ms
  Read amplification:
    Run generation writes: 141301890560 bytes (131.60 GB)
    Merge phase reads: 201578337792 bytes (187.73 GB)
    Read amplification factor: 1.43x
    Excess reads: 42.7% (sparse indexing overhead)
  Thread timing (merge pass 1):
    Min thread time: 7300 ms
    Max thread time: 20392 ms
    Avg thread time: 12824 ms
    Time imbalance factor (max/avg): 1.59x
  Thread timing (merge pass 2):
    Min thread time: 33323 ms
    Max thread time: 168909 ms
    Avg thread time: 82255 ms
    Time imbalance factor (max/avg): 2.05x
  Thread timing (merge pass 3):
    Min thread time: 59506 ms
    Max thread time: 295410 ms
    Avg thread time: 146844 ms
    Time imbalance factor (max/avg): 2.01x
  Multi-level merge details:
    Total merge passes: 3
    Merge pass 1:
      Time: 20425 ms
      Output runs: 40
      I/O: read=7550.64 MiB, write=5768.89 MiB
      Partitions: 40, imbalance: 3.52x
    Merge pass 2:
      Time: 168920 ms
      Output runs: 40
      I/O: read=66615.69 MiB, write=45761.72 MiB
      Partitions: 40, imbalance: 3.47x
    Merge pass 3:
      Time: 295422 ms
      Output runs: 40
      I/O: read=118073.76 MiB, write=90899.53 MiB
      Partitions: 40, imbalance: 3.47x

862.17s


================================================================================================================================================================
Benchmark Results Summary
================================================================================================================================================================
Config               Run Size   RG Runs    Gen Thr    Merge Thr  Total (s)  RunGen (s)   Merge (s)  Entries      Throughput       Read MB    Write MB  
                     (MB)                                                                                        (M entries/s)                         
----------------------------------------------------------------------------------------------------------------------------------------------------------------
Exp4_Thr40_Mem2GB[1] 51.2       1760       40         40         817.08       382.73     434.35     3000028242   3.67             391893.8   277186.3  
Exp4_Thr40_Mem2GB[2] 51.2       1760       40         40         839.62       379.36     460.27     3000028242   3.57             391884.2   277186.7  
Exp4_Thr40_Mem2GB[3] 51.2       1760       40         40         862.17       377.40     484.77     3000028242   3.48             391900.3   277186.1  
Exp4_Thr40_Mem2GB[avg] 51.2       1760       40         40         839.63       379.83     459.79     3000028242   3.57             391892.8   277186.4  
================================================================================================================================================================

================================================================================================================================================================
Merge Operations Summary (showing last 3 of 3 merge passes)
================================================================================================================================================================
Config               M1PAvg     M1PMax     M1Imbal    M1Slow       M1Fast       M2PAvg     M2PMax     M2Imbal    M2Slow       M2Fast       M3PAvg     M3PMax     M3Imbal    M3Slow       M3Fast      
----------------------------------------------------------------------------------------------------------------------------------------------------------------
Exp4_Thr40_Mem2GB[1] 3944257    8294636    2.10       16.59        16.59        35542173   74624912   2.10       135.60       135.60       75000706   157512054  2.10       282.16       282.16      
Exp4_Thr40_Mem2GB[2] 3944257    10136100   2.57       18.05        18.05        35542173   92108058   2.59       144.33       144.33       75000706   194189735  2.59       297.90       297.90      
Exp4_Thr40_Mem2GB[3] 3944257    13877253   3.52       20.43        20.43        35542173   123319450  3.47       168.92       168.92       75000706   260592840  3.47       295.42       295.42      
----------------------------------------------------------------------------------------------------------------------------------------------------------------
Exp4_Thr40_Mem2GB[avg] 3944257    10769329   2.73       20.43        16.59        35542173   96684140   2.72       168.92       135.60       75000706   204098209  2.72       297.90       282.16      
================================================================================================================================================================

================================================================================================================================================================
Detailed I/O Statistics
================================================================================================================================================================
Config               RG Read MB   RG Write MB  M1Read MB    M1Write MB   M2Read MB    M2Write MB   M3Read MB    M3Write MB  
----------------------------------------------------------------------------------------------------------------------------------------------------------------
Exp4_Thr40_Mem2GB[1] 199660.3     134756.0     7541.5       5768.9       66608.8      45761.7      118083.3     90899.7     
Exp4_Thr40_Mem2GB[2] 199660.3     134756.0     7542.7       5768.9       66605.2      45761.7      118076.1     90900.1     
Exp4_Thr40_Mem2GB[3] 199660.3     134756.0     7550.6       5768.9       66615.7      45761.7      118073.8     90899.5     
----------------------------------------------------------------------------------------------------------------------------------------------------------------
Exp4_Thr40_Mem2GB[avg] 199660.3     134756.0     7545.0       5768.9       66609.9      45761.7      118077.7     90899.8     
================================================================================================================================================================

====================================================================================================
Run Generation Time Breakdown
====================================================================================================
Config               RG Total s   Load s       Sort s       Store s     
----------------------------------------------------------------------------------------------------
Exp4_Thr40_Mem2GB[1] 382.73       0            376.04       0           
Exp4_Thr40_Mem2GB[2] 379.36       0            373.702      0           
Exp4_Thr40_Mem2GB[3] 377.40       0            371.814      0           
----------------------------------------------------------------------------------------------------
Exp4_Thr40_Mem2GB[avg] 379.83       0.00         373.85       0.00        
====================================================================================================
