warning: unused imports: `SeedableRng` and `rngs::SmallRng`
 --> src/fastzipf.rs:2:12
  |
2 | use rand::{SeedableRng, rngs::SmallRng};
  |            ^^^^^^^^^^^  ^^^^^^^^^^^^^^
  |
  = note: `#[warn(unused_imports)]` on by default

warning: unused import: `std::fmt`
 --> src/sketch/reservoir_sampler.rs:6:5
  |
6 | use std::fmt;
  |     ^^^^^^^^

warning: unused import: `crate::sketch::kll::KLL`
   --> src/sketch/reservoir_sampler.rs:190:9
    |
190 |     use crate::sketch::kll::KLL;
    |         ^^^^^^^^^^^^^^^^^^^^^^^

warning: unused import: `super::*`
   --> src/sketch/reservoir_sampler.rs:192:9
    |
192 |     use super::*;
    |         ^^^^^^^^

warning: unused import: `std::collections::HashMap`
   --> src/sketch/mod.rs:226:9
    |
226 |     use std::collections::HashMap;
    |         ^^^^^^^^^^^^^^^^^^^^^^^^^

warning: unused import: `super::kll::*`
   --> src/sketch/mod.rs:228:9
    |
228 |     use super::kll::*;
    |         ^^^^^^^^^^^^^

warning: unused import: `super::reservoir_sampler::*`
   --> src/sketch/mod.rs:229:9
    |
229 |     use super::reservoir_sampler::*;
    |         ^^^^^^^^^^^^^^^^^^^^^^^^^^^

warning: unused import: `super::*`
   --> src/sketch/mod.rs:230:9
    |
230 |     use super::*;
    |         ^^^^^^^^

warning: unused import: `Duration`
 --> src/sort/core/engine.rs:4:17
  |
4 | use std::time::{Duration, Instant, SystemTime, UNIX_EPOCH};
  |                 ^^^^^^^^

warning: function `compute_ovc_delta` is never used
    --> src/ovc/offset_value_coding.rs:1136:15
     |
1136 | pub(crate) fn compute_ovc_delta(prev_key: Option<&[u8]>, key: &[u8]) -> OVCU64 {
     |               ^^^^^^^^^^^^^^^^^
     |
     = note: `#[warn(dead_code)]` on by default

warning: `es` (lib) generated 10 warnings (run `cargo fix --lib -p es` to apply 9 suggestions)
    Finished `release` profile [optimized] target(s) in 0.21s
     Running `target/release/examples/lineitem_benchmark_cli -n Exp5_Imbalance1.5_Thr24_Mem2GB -i lineitem_sf500.csv --run-gen-threads 24 --merge-threads 24 --run-size-mb 85.33 --merge-fanin 1365 --warmup-runs 1 --benchmark-runs 3 --cooldown-seconds 30 --dir logs/lineitem_bench_2025-12-08_23-43-15/Exp5_Imbalance1.5_Thr24_Mem2GB_tmp --imbalance-factor 1.5`
Using existing KVBin file: "./datasets/lineitem_sf500.k-8-9-13-14-15.v-0-3.kvbin"

=== BENCHMARK MODE ===
KVBin data: ./datasets/lineitem_sf500.k-8-9-13-14-15.v-0-3.kvbin, index: ./datasets/lineitem_sf500.k-8-9-13-14-15.v-0-3.kvbin.idx
Estimated data size: 199659.46 MB
Run generation threads: 24
Use OVC: true
Run size (MB): 85.33
Run generation memory (MB): 2047.9
Merge threads: 24
Merge fan-in: 1365
Merge memory (MB): 2047.5
Sketch type: kll
Sketch size: 200
Run indexing interval: 1000
Temporary directory: "logs/lineitem_bench_2025-12-08_23-43-15/Exp5_Imbalance1.5_Thr24_Mem2GB_tmp"
Warmup runs: 1
Runs per configuration: 3
Cooldown between runs (s): 30
Verify output: false

Running benchmark for config: Exp5_Imbalance1.5_Thr24_Mem2GB
Parameters: Run Gen Threads: 24, Use OVC: true, Run Size: 85.33 MB, Run Gen Memory: 2047.9 MB, Merge Threads: 24, Merge Fanin: 1365, Merge Memory: 2047.5 MB, Imbalance Factor: 1.5
================================================================================
  Performing 1 warmup run(s)...
    Warmup 1/1: Starting sort with 24 parallel scanners for run generation
Run gen thread 23 475034 ms, 44 runs generated
Run gen thread 14 478666 ms, 44 runs generated
Run gen thread 21 478910 ms, 44 runs generated
Run gen thread 2 479115 ms, 44 runs generated
Run gen thread 7 479701 ms, 44 runs generated
Run gen thread 20 481763 ms, 44 runs generated
Run gen thread 4 481924 ms, 44 runs generated
Run gen thread 16 482021 ms, 44 runs generated
Run gen thread 5 482337 ms, 44 runs generated
Run gen thread 15 485650 ms, 44 runs generated
Run gen thread 13 486000 ms, 44 runs generated
Run gen thread 0 486757 ms, 44 runs generated
Run gen thread 1 486838 ms, 44 runs generated
Run gen thread 3 487038 ms, 44 runs generated
Run gen thread 10 487138 ms, 44 runs generated
Run gen thread 18 487152 ms, 44 runs generated
Run gen thread 17 488782 ms, 44 runs generated
Run gen thread 22 489137 ms, 44 runs generated
Run gen thread 6 489255 ms, 44 runs generated
Run gen thread 8 489380 ms, 44 runs generated
Run gen thread 9 489547 ms, 44 runs generated
Run gen thread 11 490603 ms, 44 runs generated
Run gen thread 12 491064 ms, 44 runs generated
Run gen thread 19 491172 ms, 44 runs generated
Generated 1056 runs in 491446 ms
Merging 1056 runs using 24 threads
Merge phase took 300943 ms | Merged 3000028242 entries across 24 runs | Thread timing: min=210631 ms, max=300942 ms | Partition sizes: imbalance=1.56x
792.39s
  Warmup complete.

  Run 1/3: Starting sort with 24 parallel scanners for run generation
Run gen thread 16 464782 ms, 44 runs generated
Run gen thread 9 465518 ms, 44 runs generated
Run gen thread 1 465913 ms, 44 runs generated
Run gen thread 23 466643 ms, 44 runs generated
Run gen thread 3 467295 ms, 44 runs generated
Run gen thread 7 467617 ms, 44 runs generated
Run gen thread 14 467989 ms, 44 runs generated
Run gen thread 0 468080 ms, 44 runs generated
Run gen thread 10 468271 ms, 44 runs generated
Run gen thread 2 468592 ms, 44 runs generated
Run gen thread 8 469153 ms, 44 runs generated
Run gen thread 17 469921 ms, 44 runs generated
Run gen thread 5 470672 ms, 44 runs generated
Run gen thread 11 471241 ms, 44 runs generated
Run gen thread 6 471544 ms, 44 runs generated
Run gen thread 15 472359 ms, 44 runs generated
Run gen thread 20 472744 ms, 44 runs generated
Run gen thread 4 472975 ms, 44 runs generated
Run gen thread 21 472980 ms, 44 runs generated
Run gen thread 18 473021 ms, 44 runs generated
Run gen thread 19 473401 ms, 44 runs generated
Run gen thread 13 473547 ms, 44 runs generated
Run gen thread 12 474213 ms, 44 runs generated
Run gen thread 22 474947 ms, 44 runs generated
Generated 1056 runs in 475012 ms
Merging 1056 runs using 24 threads
Merge phase took 300250 ms | Merged 3000028242 entries across 24 runs | Thread timing: min=188970 ms, max=300236 ms | Partition sizes: imbalance=1.61x
SortStats:
  Number of runs: 1056
  (R) time: 475012 ms
  (R) breakdown: load=0 ms, sort=470142 ms, store=0 ms
  (R) I/O stats: I/O Stats: Read Ops: 3194572, Read Bytes: 209359434597, Write Ops: 2108831, Write Bytes: 138203491840
  (M) time: 300250 ms
  Read amplification:
    Run generation writes: 138203491840 bytes (128.71 GB)
    Merge phase reads: 140422722048 bytes (130.78 GB)
    Read amplification factor: 1.02x
    Excess reads: 1.6% (sparse indexing overhead)
  Thread timing:
    Min thread time: 188970 ms
    Max thread time: 300236 ms
    Avg thread time: 237654 ms
    Time imbalance factor (max/avg): 1.26x
    Thread times: [300236, 216784, 232044, 248200, 247446, 224506, 245604, 230123, 248790, 228492, 216281, 239477, 244774, 245797, 188970, 247210, 239251, 242739, 232706, 217518, 246463, 237476, 250984, 231836]

775.26s

  Cooling down for 30s before next run...
  Run 2/3: Starting sort with 24 parallel scanners for run generation
Run gen thread 10 460254 ms, 44 runs generated
Run gen thread 13 460581 ms, 44 runs generated
Run gen thread 3 464748 ms, 44 runs generated
Run gen thread 21 465148 ms, 44 runs generated
Run gen thread 0 466009 ms, 44 runs generated
Run gen thread 12 466211 ms, 44 runs generated
Run gen thread 17 466531 ms, 44 runs generated
Run gen thread 15 466858 ms, 44 runs generated
Run gen thread 8 467316 ms, 44 runs generated
Run gen thread 11 468939 ms, 44 runs generated
Run gen thread 1 469190 ms, 44 runs generated
Run gen thread 4 469857 ms, 44 runs generated
Run gen thread 16 470368 ms, 44 runs generated
Run gen thread 2 470777 ms, 44 runs generated
Run gen thread 9 471153 ms, 44 runs generated
Run gen thread 5 471379 ms, 44 runs generated
Run gen thread 22 471415 ms, 44 runs generated
Run gen thread 20 471568 ms, 44 runs generated
Run gen thread 19 472586 ms, 44 runs generated
Run gen thread 6 473116 ms, 44 runs generated
Run gen thread 14 473472 ms, 44 runs generated
Run gen thread 18 474023 ms, 44 runs generated
Run gen thread 23 474770 ms, 44 runs generated
Run gen thread 7 475849 ms, 44 runs generated
Generated 1056 runs in 476460 ms
Merging 1056 runs using 24 threads
Merge phase took 300086 ms | Merged 3000028242 entries across 24 runs | Thread timing: min=222074 ms, max=300072 ms | Partition sizes: imbalance=1.54x
SortStats:
  Number of runs: 1056
  (R) time: 476460 ms
  (R) breakdown: load=0 ms, sort=469254 ms, store=0 ms
  (R) I/O stats: I/O Stats: Read Ops: 3194572, Read Bytes: 209359434597, Write Ops: 2108831, Write Bytes: 138203491840
  (M) time: 300086 ms
  Read amplification:
    Run generation writes: 138203491840 bytes (128.71 GB)
    Merge phase reads: 140426219520 bytes (130.78 GB)
    Read amplification factor: 1.02x
    Excess reads: 1.6% (sparse indexing overhead)
  Thread timing:
    Min thread time: 222074 ms
    Max thread time: 300072 ms
    Avg thread time: 247392 ms
    Time imbalance factor (max/avg): 1.21x
    Thread times: [300072, 245370, 245094, 249538, 259469, 237260, 249267, 244785, 256153, 243868, 228521, 246175, 262678, 227656, 222074, 246741, 255913, 256973, 227520, 253461, 252733, 252612, 223684, 249782]

776.55s

  Cooling down for 30s before next run...
  Run 3/3: Starting sort with 24 parallel scanners for run generation
Run gen thread 21 461627 ms, 44 runs generated
Run gen thread 7 461992 ms, 44 runs generated
Run gen thread 12 463056 ms, 44 runs generated
Run gen thread 9 463110 ms, 44 runs generated
Run gen thread 17 463516 ms, 44 runs generated
Run gen thread 4 464163 ms, 44 runs generated
Run gen thread 8 464721 ms, 44 runs generated
Run gen thread 20 465702 ms, 44 runs generated
Run gen thread 22 465772 ms, 44 runs generated
Run gen thread 19 465857 ms, 44 runs generated
Run gen thread 1 467149 ms, 44 runs generated
Run gen thread 15 467645 ms, 44 runs generated
Run gen thread 23 468420 ms, 44 runs generated
Run gen thread 3 469645 ms, 44 runs generated
Run gen thread 14 470276 ms, 44 runs generated
Run gen thread 0 470737 ms, 44 runs generated
Run gen thread 6 470852 ms, 44 runs generated
Run gen thread 13 470914 ms, 44 runs generated
Run gen thread 2 471121 ms, 44 runs generated
Run gen thread 18 471264 ms, 44 runs generated
Run gen thread 5 471499 ms, 44 runs generated
Run gen thread 16 472210 ms, 44 runs generated
Run gen thread 11 472369 ms, 44 runs generated
Run gen thread 10 472427 ms, 44 runs generated
Generated 1056 runs in 472814 ms
Merging 1056 runs using 24 threads
Merge phase took 293564 ms | Merged 3000028242 entries across 24 runs | Thread timing: min=212358 ms, max=293548 ms | Partition sizes: imbalance=1.46x
SortStats:
  Number of runs: 1056
  (R) time: 472814 ms
  (R) breakdown: load=0 ms, sort=467751 ms, store=0 ms
  (R) I/O stats: I/O Stats: Read Ops: 3194572, Read Bytes: 209359434597, Write Ops: 2108831, Write Bytes: 138203491840
  (M) time: 293564 ms
  Read amplification:
    Run generation writes: 138203491840 bytes (128.71 GB)
    Merge phase reads: 140432664576 bytes (130.79 GB)
    Read amplification factor: 1.02x
    Excess reads: 1.6% (sparse indexing overhead)
  Thread timing:
    Min thread time: 212358 ms
    Max thread time: 293548 ms
    Avg thread time: 244140 ms
    Time imbalance factor (max/avg): 1.20x
    Thread times: [293548, 245384, 249955, 255341, 212358, 241838, 251019, 242014, 237018, 243175, 227199, 247514, 239849, 256621, 215334, 254798, 239524, 238717, 243426, 243385, 255613, 238319, 243003, 244414]

766.38s


================================================================================================================================================================
Benchmark Results Summary
================================================================================================================================================================
Config               Run Size   RG Runs    Gen Thr    Merge Thr  Total (s)  RunGen (s)   Merge (s)  Entries      Throughput       Read MB    Write MB  
                     (MB)                                                                                        (M entries/s)                         
----------------------------------------------------------------------------------------------------------------------------------------------------------------
Exp5_Imbalance1.5_Thr24_Mem2GB[1] 85.3       1056       24         24         775.26       475.01     300.25     3000028242   3.87             333578.3   222706.4  
Exp5_Imbalance1.5_Thr24_Mem2GB[2] 85.3       1056       24         24         776.55       476.46     300.09     3000028242   3.86             333581.6   222704.4  
Exp5_Imbalance1.5_Thr24_Mem2GB[3] 85.3       1056       24         24         766.38       472.81     293.56     3000028242   3.91             333587.7   222705.6  
Exp5_Imbalance1.5_Thr24_Mem2GB[avg] 85.3       1056       24         24         772.73       474.76     297.97     3000028242   3.88             333582.5   222705.5  
================================================================================================================================================================

================================================================================================================================================================
Merge Operations Summary (showing last 1 of 1 merge passes)
================================================================================================================================================================
Config               M1PAvg     M1PMax     M1Imbal    M1Slow       M1Fast      
----------------------------------------------------------------------------------------------------------------------------------------------------------------
Exp5_Imbalance1.5_Thr24_Mem2GB[1] 125001176  200799009  1.61       300.25       300.25      
Exp5_Imbalance1.5_Thr24_Mem2GB[2] 125001176  192195879  1.54       300.09       300.09      
Exp5_Imbalance1.5_Thr24_Mem2GB[3] 125001176  181891278  1.46       293.56       293.56      
----------------------------------------------------------------------------------------------------------------------------------------------------------------
Exp5_Imbalance1.5_Thr24_Mem2GB[avg] 125001176  191628722  1.53       300.25       293.56      
================================================================================================================================================================

================================================================================================================================================================
Detailed I/O Statistics
================================================================================================================================================================
Config               RG Read MB   RG Write MB  M1Read MB    M1Write MB  
----------------------------------------------------------------------------------------------------------------------------------------------------------------
Exp5_Imbalance1.5_Thr24_Mem2GB[1] 199660.7     131801.1     133917.5     90905.2     
Exp5_Imbalance1.5_Thr24_Mem2GB[2] 199660.7     131801.1     133920.9     90903.3     
Exp5_Imbalance1.5_Thr24_Mem2GB[3] 199660.7     131801.1     133927.0     90904.5     
----------------------------------------------------------------------------------------------------------------------------------------------------------------
Exp5_Imbalance1.5_Thr24_Mem2GB[avg] 199660.7     131801.1     133921.8     90904.3     
================================================================================================================================================================

====================================================================================================
Run Generation Time Breakdown
====================================================================================================
Config               RG Total s   Load s       Sort s       Store s     
----------------------------------------------------------------------------------------------------
Exp5_Imbalance1.5_Thr24_Mem2GB[1] 475.01       0            470.142      0           
Exp5_Imbalance1.5_Thr24_Mem2GB[2] 476.46       0            469.254      0           
Exp5_Imbalance1.5_Thr24_Mem2GB[3] 472.81       0            467.751      0           
----------------------------------------------------------------------------------------------------
Exp5_Imbalance1.5_Thr24_Mem2GB[avg] 474.76       0.00         469.05       0.00        
====================================================================================================
