warning: unused imports: `SeedableRng` and `rngs::SmallRng`
 --> src/fastzipf.rs:2:12
  |
2 | use rand::{SeedableRng, rngs::SmallRng};
  |            ^^^^^^^^^^^  ^^^^^^^^^^^^^^
  |
  = note: `#[warn(unused_imports)]` on by default

warning: unused import: `std::fmt`
 --> src/sketch/reservoir_sampler.rs:6:5
  |
6 | use std::fmt;
  |     ^^^^^^^^

warning: unused import: `crate::sketch::kll::KLL`
   --> src/sketch/reservoir_sampler.rs:190:9
    |
190 |     use crate::sketch::kll::KLL;
    |         ^^^^^^^^^^^^^^^^^^^^^^^

warning: unused import: `super::*`
   --> src/sketch/reservoir_sampler.rs:192:9
    |
192 |     use super::*;
    |         ^^^^^^^^

warning: unused import: `std::collections::HashMap`
   --> src/sketch/mod.rs:226:9
    |
226 |     use std::collections::HashMap;
    |         ^^^^^^^^^^^^^^^^^^^^^^^^^

warning: unused import: `super::kll::*`
   --> src/sketch/mod.rs:228:9
    |
228 |     use super::kll::*;
    |         ^^^^^^^^^^^^^

warning: unused import: `super::reservoir_sampler::*`
   --> src/sketch/mod.rs:229:9
    |
229 |     use super::reservoir_sampler::*;
    |         ^^^^^^^^^^^^^^^^^^^^^^^^^^^

warning: unused import: `super::*`
   --> src/sketch/mod.rs:230:9
    |
230 |     use super::*;
    |         ^^^^^^^^

warning: unused import: `Duration`
 --> src/sort/core/engine.rs:4:17
  |
4 | use std::time::{Duration, Instant, SystemTime, UNIX_EPOCH};
  |                 ^^^^^^^^

warning: function `compute_ovc_delta` is never used
    --> src/ovc/offset_value_coding.rs:1136:15
     |
1136 | pub(crate) fn compute_ovc_delta(prev_key: Option<&[u8]>, key: &[u8]) -> OVCU64 {
     |               ^^^^^^^^^^^^^^^^^
     |
     = note: `#[warn(dead_code)]` on by default

warning: `es` (lib) generated 10 warnings (run `cargo fix --lib -p es` to apply 9 suggestions)
    Finished `release` profile [optimized] target(s) in 0.22s
     Running `target/release/examples/lineitem_benchmark_cli -n Exp5_Imbalance2.0_Thr24_Mem2GB -i lineitem_sf500.csv --run-gen-threads 24 --merge-threads 24 --run-size-mb 85.33 --merge-fanin 1365 --warmup-runs 1 --benchmark-runs 3 --cooldown-seconds 30 --dir logs/lineitem_bench_2025-12-08_23-43-15/Exp5_Imbalance2.0_Thr24_Mem2GB_tmp --imbalance-factor 2.0`
Using existing KVBin file: "./datasets/lineitem_sf500.k-8-9-13-14-15.v-0-3.kvbin"

=== BENCHMARK MODE ===
KVBin data: ./datasets/lineitem_sf500.k-8-9-13-14-15.v-0-3.kvbin, index: ./datasets/lineitem_sf500.k-8-9-13-14-15.v-0-3.kvbin.idx
Estimated data size: 199659.46 MB
Run generation threads: 24
Use OVC: true
Run size (MB): 85.33
Run generation memory (MB): 2047.9
Merge threads: 24
Merge fan-in: 1365
Merge memory (MB): 2047.5
Sketch type: kll
Sketch size: 200
Run indexing interval: 1000
Temporary directory: "logs/lineitem_bench_2025-12-08_23-43-15/Exp5_Imbalance2.0_Thr24_Mem2GB_tmp"
Warmup runs: 1
Runs per configuration: 3
Cooldown between runs (s): 30
Verify output: false

Running benchmark for config: Exp5_Imbalance2.0_Thr24_Mem2GB
Parameters: Run Gen Threads: 24, Use OVC: true, Run Size: 85.33 MB, Run Gen Memory: 2047.9 MB, Merge Threads: 24, Merge Fanin: 1365, Merge Memory: 2047.5 MB, Imbalance Factor: 2.0
================================================================================
  Performing 1 warmup run(s)...
    Warmup 1/1: Starting sort with 24 parallel scanners for run generation
Run gen thread 2 470740 ms, 44 runs generated
Run gen thread 6 472726 ms, 44 runs generated
Run gen thread 19 473079 ms, 44 runs generated
Run gen thread 14 474192 ms, 44 runs generated
Run gen thread 7 475470 ms, 44 runs generated
Run gen thread 8 475889 ms, 44 runs generated
Run gen thread 21 476864 ms, 44 runs generated
Run gen thread 12 477029 ms, 44 runs generated
Run gen thread 17 477638 ms, 44 runs generated
Run gen thread 3 478054 ms, 44 runs generated
Run gen thread 23 478987 ms, 44 runs generated
Run gen thread 13 479229 ms, 44 runs generated
Run gen thread 11 480397 ms, 44 runs generated
Run gen thread 1 480469 ms, 44 runs generated
Run gen thread 16 481835 ms, 44 runs generated
Run gen thread 0 481880 ms, 44 runs generated
Run gen thread 15 482142 ms, 44 runs generated
Run gen thread 10 482486 ms, 44 runs generated
Run gen thread 22 482604 ms, 44 runs generated
Run gen thread 9 484246 ms, 44 runs generated
Run gen thread 20 485066 ms, 44 runs generated
Run gen thread 4 485100 ms, 44 runs generated
Run gen thread 5 485416 ms, 44 runs generated
Run gen thread 18 485720 ms, 44 runs generated
Generated 1056 runs in 485871 ms
Merging 1056 runs using 24 threads
Merge phase took 347072 ms | Merged 3000028242 entries across 24 runs | Thread timing: min=227392 ms, max=347056 ms | Partition sizes: imbalance=2.02x
832.94s
  Warmup complete.

  Run 1/3: Starting sort with 24 parallel scanners for run generation
Run gen thread 18 466912 ms, 44 runs generated
Run gen thread 4 470528 ms, 44 runs generated
Run gen thread 11 470928 ms, 44 runs generated
Run gen thread 8 470956 ms, 44 runs generated
Run gen thread 23 471400 ms, 44 runs generated
Run gen thread 19 471488 ms, 44 runs generated
Run gen thread 2 472526 ms, 44 runs generated
Run gen thread 3 472658 ms, 44 runs generated
Run gen thread 9 472713 ms, 44 runs generated
Run gen thread 10 474970 ms, 44 runs generated
Run gen thread 21 475149 ms, 44 runs generated
Run gen thread 13 475553 ms, 44 runs generated
Run gen thread 14 475954 ms, 44 runs generated
Run gen thread 5 476281 ms, 44 runs generated
Run gen thread 20 476319 ms, 44 runs generated
Run gen thread 12 476464 ms, 44 runs generated
Run gen thread 17 477231 ms, 44 runs generated
Run gen thread 16 477391 ms, 44 runs generated
Run gen thread 7 478275 ms, 44 runs generated
Run gen thread 1 478282 ms, 44 runs generated
Run gen thread 6 478766 ms, 44 runs generated
Run gen thread 15 478872 ms, 44 runs generated
Run gen thread 22 479633 ms, 44 runs generated
Run gen thread 0 481586 ms, 44 runs generated
Generated 1056 runs in 482002 ms
Merging 1056 runs using 24 threads
Merge phase took 346774 ms | Merged 3000028242 entries across 24 runs | Thread timing: min=202432 ms, max=346758 ms | Partition sizes: imbalance=2.05x
SortStats:
  Number of runs: 1056
  (R) time: 482002 ms
  (R) breakdown: load=0 ms, sort=475034 ms, store=0 ms
  (R) I/O stats: I/O Stats: Read Ops: 3194572, Read Bytes: 209359434597, Write Ops: 2108831, Write Bytes: 138203491840
  (M) time: 346774 ms
  Read amplification:
    Run generation writes: 138203491840 bytes (128.71 GB)
    Merge phase reads: 140413915648 bytes (130.77 GB)
    Read amplification factor: 1.02x
    Excess reads: 1.6% (sparse indexing overhead)
  Thread timing:
    Min thread time: 202432 ms
    Max thread time: 346758 ms
    Avg thread time: 246196 ms
    Time imbalance factor (max/avg): 1.41x
    Thread times: [346758, 229154, 247820, 238637, 252541, 257618, 202432, 247879, 235057, 253409, 240149, 241396, 237112, 239675, 251072, 241346, 235362, 238343, 245212, 254286, 247556, 232656, 257005, 236231]

828.78s

  Cooling down for 30s before next run...
  Run 2/3: Starting sort with 24 parallel scanners for run generation
Run gen thread 2 459712 ms, 44 runs generated
Run gen thread 9 460759 ms, 44 runs generated
Run gen thread 15 463546 ms, 44 runs generated
Run gen thread 17 463802 ms, 44 runs generated
Run gen thread 13 464426 ms, 44 runs generated
Run gen thread 22 464599 ms, 44 runs generated
Run gen thread 11 465688 ms, 44 runs generated
Run gen thread 23 466699 ms, 44 runs generated
Run gen thread 14 467801 ms, 44 runs generated
Run gen thread 12 468189 ms, 44 runs generated
Run gen thread 4 468306 ms, 44 runs generated
Run gen thread 16 468550 ms, 44 runs generated
Run gen thread 0 468792 ms, 44 runs generated
Run gen thread 21 468968 ms, 44 runs generated
Run gen thread 20 469106 ms, 44 runs generated
Run gen thread 19 470281 ms, 44 runs generated
Run gen thread 1 470416 ms, 44 runs generated
Run gen thread 6 471833 ms, 44 runs generated
Run gen thread 7 472068 ms, 44 runs generated
Run gen thread 3 472491 ms, 44 runs generated
Run gen thread 8 472502 ms, 44 runs generated
Run gen thread 10 472609 ms, 44 runs generated
Run gen thread 5 473625 ms, 44 runs generated
Run gen thread 18 475146 ms, 44 runs generated
Generated 1056 runs in 475348 ms
Merging 1056 runs using 24 threads
Merge phase took 335370 ms | Merged 3000028242 entries across 24 runs | Thread timing: min=209773 ms, max=335368 ms | Partition sizes: imbalance=1.98x
SortStats:
  Number of runs: 1056
  (R) time: 475348 ms
  (R) breakdown: load=0 ms, sort=468329 ms, store=0 ms
  (R) I/O stats: I/O Stats: Read Ops: 3194572, Read Bytes: 209359434597, Write Ops: 2108831, Write Bytes: 138203491840
  (M) time: 335370 ms
  Read amplification:
    Run generation writes: 138203491840 bytes (128.71 GB)
    Merge phase reads: 140420129792 bytes (130.78 GB)
    Read amplification factor: 1.02x
    Excess reads: 1.6% (sparse indexing overhead)
  Thread timing:
    Min thread time: 209773 ms
    Max thread time: 335368 ms
    Avg thread time: 240682 ms
    Time imbalance factor (max/avg): 1.39x
    Thread times: [335368, 244499, 247747, 227240, 241975, 230004, 239602, 232933, 240487, 231293, 238823, 243403, 236086, 214651, 249404, 211220, 248742, 237308, 235940, 244149, 248127, 209773, 245555, 242041]

810.72s

  Cooling down for 30s before next run...
  Run 3/3: Starting sort with 24 parallel scanners for run generation
Run gen thread 16 471418 ms, 44 runs generated
Run gen thread 7 473353 ms, 44 runs generated
Run gen thread 14 473801 ms, 44 runs generated
Run gen thread 10 475915 ms, 44 runs generated
Run gen thread 21 476646 ms, 44 runs generated
Run gen thread 12 476852 ms, 44 runs generated
Run gen thread 1 478805 ms, 44 runs generated
Run gen thread 23 479005 ms, 44 runs generated
Run gen thread 9 479098 ms, 44 runs generated
Run gen thread 13 479428 ms, 44 runs generated
Run gen thread 2 479516 ms, 44 runs generated
Run gen thread 22 480097 ms, 44 runs generated
Run gen thread 20 480467 ms, 44 runs generated
Run gen thread 11 480758 ms, 44 runs generated
Run gen thread 5 482452 ms, 44 runs generated
Run gen thread 15 482675 ms, 44 runs generated
Run gen thread 0 483872 ms, 44 runs generated
Run gen thread 19 484252 ms, 44 runs generated
Run gen thread 4 484517 ms, 44 runs generated
Run gen thread 18 484615 ms, 44 runs generated
Run gen thread 8 485683 ms, 44 runs generated
Run gen thread 17 485782 ms, 44 runs generated
Run gen thread 3 486040 ms, 44 runs generated
Run gen thread 6 486794 ms, 44 runs generated
Generated 1056 runs in 487512 ms
Merging 1056 runs using 24 threads
Merge phase took 333479 ms | Merged 3000028242 entries across 24 runs | Thread timing: min=205829 ms, max=333477 ms | Partition sizes: imbalance=1.99x
SortStats:
  Number of runs: 1056
  (R) time: 487512 ms
  (R) breakdown: load=0 ms, sort=480493 ms, store=0 ms
  (R) I/O stats: I/O Stats: Read Ops: 3194572, Read Bytes: 209359434597, Write Ops: 2108831, Write Bytes: 138203491840
  (M) time: 333479 ms
  Read amplification:
    Run generation writes: 138203491840 bytes (128.71 GB)
    Merge phase reads: 140428595712 bytes (130.78 GB)
    Read amplification factor: 1.02x
    Excess reads: 1.6% (sparse indexing overhead)
  Thread timing:
    Min thread time: 205829 ms
    Max thread time: 333477 ms
    Avg thread time: 241165 ms
    Time imbalance factor (max/avg): 1.38x
    Thread times: [333477, 239829, 245005, 243721, 243245, 205829, 246906, 243882, 230604, 239276, 218406, 245820, 243299, 243540, 237901, 230019, 249176, 230174, 245192, 244675, 218235, 255860, 216932, 236965]

820.99s


================================================================================================================================================================
Benchmark Results Summary
================================================================================================================================================================
Config               Run Size   RG Runs    Gen Thr    Merge Thr  Total (s)  RunGen (s)   Merge (s)  Entries      Throughput       Read MB    Write MB  
                     (MB)                                                                                        (M entries/s)                         
----------------------------------------------------------------------------------------------------------------------------------------------------------------
Exp5_Imbalance2.0_Thr24_Mem2GB[1] 85.3       1056       24         24         828.78       482.00     346.77     3000028242   3.62             333569.9   222705.2  
Exp5_Imbalance2.0_Thr24_Mem2GB[2] 85.3       1056       24         24         810.72       475.35     335.37     3000028242   3.70             333575.8   222706.6  
Exp5_Imbalance2.0_Thr24_Mem2GB[3] 85.3       1056       24         24         820.99       487.51     333.48     3000028242   3.65             333583.9   222705.9  
Exp5_Imbalance2.0_Thr24_Mem2GB[avg] 85.3       1056       24         24         820.16       481.62     338.54     3000028242   3.66             333576.5   222705.9  
================================================================================================================================================================

================================================================================================================================================================
Merge Operations Summary (showing last 1 of 1 merge passes)
================================================================================================================================================================
Config               M1PAvg     M1PMax     M1Imbal    M1Slow       M1Fast      
----------------------------------------------------------------------------------------------------------------------------------------------------------------
Exp5_Imbalance2.0_Thr24_Mem2GB[1] 125001176  255827052  2.05       346.77       346.77      
Exp5_Imbalance2.0_Thr24_Mem2GB[2] 125001176  247003368  1.98       335.37       335.37      
Exp5_Imbalance2.0_Thr24_Mem2GB[3] 125001176  248166643  1.99       333.48       333.48      
----------------------------------------------------------------------------------------------------------------------------------------------------------------
Exp5_Imbalance2.0_Thr24_Mem2GB[avg] 125001176  250332354  2.00       346.77       333.48      
================================================================================================================================================================

================================================================================================================================================================
Detailed I/O Statistics
================================================================================================================================================================
Config               RG Read MB   RG Write MB  M1Read MB    M1Write MB  
----------------------------------------------------------------------------------------------------------------------------------------------------------------
Exp5_Imbalance2.0_Thr24_Mem2GB[1] 199660.7     131801.1     133909.1     90904.1     
Exp5_Imbalance2.0_Thr24_Mem2GB[2] 199660.7     131801.1     133915.1     90905.5     
Exp5_Imbalance2.0_Thr24_Mem2GB[3] 199660.7     131801.1     133923.1     90904.8     
----------------------------------------------------------------------------------------------------------------------------------------------------------------
Exp5_Imbalance2.0_Thr24_Mem2GB[avg] 199660.7     131801.1     133915.8     90904.8     
================================================================================================================================================================

====================================================================================================
Run Generation Time Breakdown
====================================================================================================
Config               RG Total s   Load s       Sort s       Store s     
----------------------------------------------------------------------------------------------------
Exp5_Imbalance2.0_Thr24_Mem2GB[1] 482.00       0            475.034      0           
Exp5_Imbalance2.0_Thr24_Mem2GB[2] 475.35       0            468.329      0           
Exp5_Imbalance2.0_Thr24_Mem2GB[3] 487.51       0            480.493      0           
----------------------------------------------------------------------------------------------------
Exp5_Imbalance2.0_Thr24_Mem2GB[avg] 481.62       0.00         474.62       0.00        
====================================================================================================
