warning: unused imports: `SeedableRng` and `rngs::SmallRng`
 --> src/fastzipf.rs:2:12
  |
2 | use rand::{SeedableRng, rngs::SmallRng};
  |            ^^^^^^^^^^^  ^^^^^^^^^^^^^^
  |
  = note: `#[warn(unused_imports)]` (part of `#[warn(unused)]`) on by default

warning: unused import: `std::fmt`
 --> src/sketch/reservoir_sampler.rs:6:5
  |
6 | use std::fmt;
  |     ^^^^^^^^

warning: unused import: `crate::sketch::kll::KLL`
   --> src/sketch/reservoir_sampler.rs:190:9
    |
190 |     use crate::sketch::kll::KLL;
    |         ^^^^^^^^^^^^^^^^^^^^^^^

warning: unused import: `super::*`
   --> src/sketch/reservoir_sampler.rs:192:9
    |
192 |     use super::*;
    |         ^^^^^^^^

warning: unused import: `std::collections::HashMap`
   --> src/sketch/mod.rs:226:9
    |
226 |     use std::collections::HashMap;
    |         ^^^^^^^^^^^^^^^^^^^^^^^^^

warning: unused import: `super::kll::*`
   --> src/sketch/mod.rs:228:9
    |
228 |     use super::kll::*;
    |         ^^^^^^^^^^^^^

warning: unused import: `super::reservoir_sampler::*`
   --> src/sketch/mod.rs:229:9
    |
229 |     use super::reservoir_sampler::*;
    |         ^^^^^^^^^^^^^^^^^^^^^^^^^^^

warning: unused import: `super::*`
   --> src/sketch/mod.rs:230:9
    |
230 |     use super::*;
    |         ^^^^^^^^

warning: unused import: `Duration`
 --> src/sort/core/engine.rs:4:17
  |
4 | use std::time::{Duration, Instant, SystemTime, UNIX_EPOCH};
  |                 ^^^^^^^^

warning: function `compute_ovc_delta` is never used
    --> src/ovc/offset_value_coding.rs:1136:15
     |
1136 | pub(crate) fn compute_ovc_delta(prev_key: Option<&[u8]>, key: &[u8]) -> OVCU64 {
     |               ^^^^^^^^^^^^^^^^^
     |
     = note: `#[warn(dead_code)]` (part of `#[warn(unused)]`) on by default

warning: `es` (lib) generated 10 warnings (run `cargo fix --lib -p es` to apply 9 suggestions)
    Finished `release` profile [optimized] target(s) in 0.20s
     Running `target/release/examples/gen_sort_cli -n Exp1_Thr16_Mem2GB -i ./datasets/gensort_200GiB.data --run-gen-threads 16 --merge-threads 16 --run-size-mb 128.00 --merge-fanin 2048 --warmup-runs 1 --benchmark-runs 3 --cooldown-seconds 30 --dir logs/resource_bench_2025-12-07_23-55-15/Exp1_Thr16_Mem2GB_tmp`

=== BENCHMARK MODE ===
GenSort file: "./datasets/gensort_200GiB.data"
Total entries: 2147483648
Estimated data size: 204800.00 MB
Run generation threads: 16
Use OVC: true
Run size (MB): 128.00
Run generation memory (MB): 2048.0
Merge threads: 16
Merge fan-in: 2048
Merge memory (MB): 2048.0
Sketch type: kll
Sketch size: 200
Run indexing interval: 1000
Temporary directory: "logs/resource_bench_2025-12-07_23-55-15/Exp1_Thr16_Mem2GB_tmp"
Warmup runs: 1
Runs per configuration: 3
Cooldown between runs (s): 30
Verify output: false

Running benchmark for config: Exp1_Thr16_Mem2GB
Parameters: Run Gen Threads: 16, Use OVC: true, Run Size: 128.00 MB, Run Gen Memory: 2048.0 MB, Merge Threads: 16, Merge Fanin: 2048, Merge Memory: 2048.0 MB, Imbalance Factor: 1.0
================================================================================
  Performing 1 warmup run(s)...
    Warmup 1/1: Starting sort with 16 parallel scanners for run generation
Run gen thread 15 512366 ms, 51 runs generated
Run gen thread 10 522572 ms, 51 runs generated
Run gen thread 14 527550 ms, 51 runs generated
Run gen thread 2 531276 ms, 51 runs generated
Run gen thread 6 533367 ms, 51 runs generated
Run gen thread 7 535391 ms, 51 runs generated
Run gen thread 8 538392 ms, 51 runs generated
Run gen thread 1 538434 ms, 51 runs generated
Run gen thread 13 538906 ms, 51 runs generated
Run gen thread 0 539046 ms, 51 runs generated
Run gen thread 3 540904 ms, 51 runs generated
Run gen thread 11 540980 ms, 51 runs generated
Run gen thread 12 541887 ms, 51 runs generated
Run gen thread 5 543170 ms, 51 runs generated
Run gen thread 9 543333 ms, 51 runs generated
Run gen thread 4 543629 ms, 51 runs generated
Generated 816 runs in 543766 ms
Merging 816 runs using 16 threads
Merge phase took 500475 ms | Merged 2147483648 entries across 16 runs | Thread timing: min=443761 ms, max=500469 ms | Partition sizes: imbalance=1.09x
1044.24s
  Warmup complete.

  Run 1/3: Starting sort with 16 parallel scanners for run generation
Run gen thread 2 531890 ms, 51 runs generated
Run gen thread 8 534144 ms, 51 runs generated
Run gen thread 7 535031 ms, 51 runs generated
Run gen thread 12 536725 ms, 51 runs generated
Run gen thread 9 537657 ms, 51 runs generated
Run gen thread 6 538520 ms, 51 runs generated
Run gen thread 10 540230 ms, 51 runs generated
Run gen thread 1 540286 ms, 51 runs generated
Run gen thread 3 540458 ms, 51 runs generated
Run gen thread 14 540946 ms, 51 runs generated
Run gen thread 4 541370 ms, 51 runs generated
Run gen thread 15 542557 ms, 51 runs generated
Run gen thread 13 543581 ms, 51 runs generated
Run gen thread 11 543991 ms, 51 runs generated
Run gen thread 0 544962 ms, 51 runs generated
Run gen thread 5 545601 ms, 51 runs generated
Generated 816 runs in 545656 ms
Merging 816 runs using 16 threads
Merge phase took 492808 ms | Merged 2147483648 entries across 16 runs | Thread timing: min=436311 ms, max=492807 ms | Partition sizes: imbalance=1.07x
SortStats:
  Number of runs: 816
  (R) time: 545656 ms
  (R) breakdown: load=0 ms, sort=539871 ms, store=0 ms
  (R) I/O stats: I/O Stats: Read Ops: 3276800, Read Bytes: 214748364800, Write Ops: 3801088, Write Bytes: 249108103168
  (M) time: 492808 ms
  Read amplification:
    Run generation writes: 249108103168 bytes (232.00 GB)
    Merge phase reads: 250680246272 bytes (233.46 GB)
    Read amplification factor: 1.01x
    Excess reads: 0.6% (sparse indexing overhead)
  Thread timing:
    Min thread time: 436311 ms
    Max thread time: 492807 ms
    Avg thread time: 475365 ms
    Time imbalance factor (max/avg): 1.04x
    Thread times: [474130, 464420, 491168, 459992, 492807, 456018, 482521, 487597, 479273, 467385, 491911, 436311, 490898, 473678, 476270, 481456]

1038.46s

  Cooling down for 30s before next run...
  Run 2/3: Starting sort with 16 parallel scanners for run generation
Run gen thread 5 540261 ms, 51 runs generated
Run gen thread 2 542843 ms, 51 runs generated
Run gen thread 0 544872 ms, 51 runs generated
Run gen thread 7 545193 ms, 51 runs generated
Run gen thread 6 547754 ms, 51 runs generated
Run gen thread 1 549000 ms, 51 runs generated
Run gen thread 9 549663 ms, 51 runs generated
Run gen thread 11 549773 ms, 51 runs generated
Run gen thread 3 552374 ms, 51 runs generated
Run gen thread 4 553060 ms, 51 runs generated
Run gen thread 8 553499 ms, 51 runs generated
Run gen thread 10 557426 ms, 51 runs generated
Run gen thread 15 557522 ms, 51 runs generated
Run gen thread 14 560285 ms, 51 runs generated
Run gen thread 13 560536 ms, 51 runs generated
Run gen thread 12 561563 ms, 51 runs generated
Generated 816 runs in 561612 ms
Merging 816 runs using 16 threads
Merge phase took 500740 ms | Merged 2147483648 entries across 16 runs | Thread timing: min=452425 ms, max=500738 ms | Partition sizes: imbalance=1.08x
SortStats:
  Number of runs: 816
  (R) time: 561612 ms
  (R) breakdown: load=0 ms, sort=551601 ms, store=0 ms
  (R) I/O stats: I/O Stats: Read Ops: 3276800, Read Bytes: 214748364800, Write Ops: 3801088, Write Bytes: 249108103168
  (M) time: 500740 ms
  Read amplification:
    Run generation writes: 249108103168 bytes (232.00 GB)
    Merge phase reads: 250673430528 bytes (233.46 GB)
    Read amplification factor: 1.01x
    Excess reads: 0.6% (sparse indexing overhead)
  Thread timing:
    Min thread time: 452425 ms
    Max thread time: 500738 ms
    Avg thread time: 479313 ms
    Time imbalance factor (max/avg): 1.04x
    Thread times: [479975, 473467, 487174, 460692, 496792, 487522, 476335, 462702, 497127, 452425, 492472, 484218, 482817, 467250, 500738, 467301]

1062.35s

  Cooling down for 30s before next run...
  Run 3/3: Starting sort with 16 parallel scanners for run generation
Run gen thread 8 530616 ms, 51 runs generated
Run gen thread 11 534065 ms, 51 runs generated
Run gen thread 4 541967 ms, 51 runs generated
Run gen thread 15 542748 ms, 51 runs generated
Run gen thread 7 545143 ms, 51 runs generated
Run gen thread 5 546169 ms, 51 runs generated
Run gen thread 12 549636 ms, 51 runs generated
Run gen thread 9 549791 ms, 51 runs generated
Run gen thread 14 550252 ms, 51 runs generated
Run gen thread 6 551372 ms, 51 runs generated
Run gen thread 10 551663 ms, 51 runs generated
Run gen thread 13 553661 ms, 51 runs generated
Run gen thread 0 553992 ms, 51 runs generated
Run gen thread 2 554165 ms, 51 runs generated
Run gen thread 1 554843 ms, 51 runs generated
Run gen thread 3 557270 ms, 51 runs generated
Generated 816 runs in 557662 ms
Merging 816 runs using 16 threads
Merge phase took 493574 ms | Merged 2147483648 entries across 16 runs | Thread timing: min=456879 ms, max=493572 ms | Partition sizes: imbalance=1.06x
SortStats:
  Number of runs: 816
  (R) time: 557662 ms
  (R) breakdown: load=0 ms, sort=547959 ms, store=0 ms
  (R) I/O stats: I/O Stats: Read Ops: 3276800, Read Bytes: 214748364800, Write Ops: 3801088, Write Bytes: 249108103168
  (M) time: 493574 ms
  Read amplification:
    Run generation writes: 249108103168 bytes (232.00 GB)
    Merge phase reads: 250672054272 bytes (233.46 GB)
    Read amplification factor: 1.01x
    Excess reads: 0.6% (sparse indexing overhead)
  Thread timing:
    Min thread time: 456879 ms
    Max thread time: 493572 ms
    Avg thread time: 477849 ms
    Time imbalance factor (max/avg): 1.03x
    Thread times: [486330, 481898, 488154, 467476, 486948, 480940, 478869, 489866, 474927, 465314, 480568, 489314, 493572, 461334, 456879, 463193]

1051.24s


================================================================================================================================================================
Benchmark Results Summary
================================================================================================================================================================
Config               Run Size   RG Runs    Gen Thr    Merge Thr  Total (s)  RunGen (s)   Merge (s)  Entries      Throughput       Read MB    Write MB  
                     (MB)                                                                                        (M entries/s)                         
----------------------------------------------------------------------------------------------------------------------------------------------------------------
Exp1_Thr16_Mem2GB[1] 128.0      816        16         16         1038.46      545.66     492.81     2147483648   2.07             443867.3   475136.0  
Exp1_Thr16_Mem2GB[2] 128.0      816        16         16         1062.35      561.61     500.74     2147483648   2.02             443860.8   475136.0  
Exp1_Thr16_Mem2GB[3] 128.0      816        16         16         1051.24      557.66     493.57     2147483648   2.04             443859.5   475136.0  
Exp1_Thr16_Mem2GB[avg] 128.0      816        16         16         1050.68      554.98     495.71     2147483648   2.04             443862.5   475136.0  
================================================================================================================================================================

================================================================================================================================================================
Merge Operations Summary (showing last 1 of 1 merge passes)
================================================================================================================================================================
Config               M1PAvg     M1PMax     M1Imbal    M1Slow       M1Fast      
----------------------------------------------------------------------------------------------------------------------------------------------------------------
Exp1_Thr16_Mem2GB[1] 134217728  143616820  1.07       492.81       492.81      
Exp1_Thr16_Mem2GB[2] 134217728  144287452  1.08       500.74       500.74      
Exp1_Thr16_Mem2GB[3] 134217728  142627903  1.06       493.57       493.57      
----------------------------------------------------------------------------------------------------------------------------------------------------------------
Exp1_Thr16_Mem2GB[avg] 134217728  143510725  1.07       500.74       492.81      
================================================================================================================================================================

================================================================================================================================================================
Detailed I/O Statistics
================================================================================================================================================================
Config               RG Read MB   RG Write MB  M1Read MB    M1Write MB  
----------------------------------------------------------------------------------------------------------------------------------------------------------------
Exp1_Thr16_Mem2GB[1] 204800.0     237568.0     239067.3     237568.0    
Exp1_Thr16_Mem2GB[2] 204800.0     237568.0     239060.8     237568.0    
Exp1_Thr16_Mem2GB[3] 204800.0     237568.0     239059.5     237568.0    
----------------------------------------------------------------------------------------------------------------------------------------------------------------
Exp1_Thr16_Mem2GB[avg] 204800.0     237568.0     239062.5     237568.0    
================================================================================================================================================================

====================================================================================================
Run Generation Time Breakdown
====================================================================================================
Config               RG Total s   Load s       Sort s       Store s     
----------------------------------------------------------------------------------------------------
Exp1_Thr16_Mem2GB[1] 545.66       0            539.871      0           
Exp1_Thr16_Mem2GB[2] 561.61       0            551.601      0           
Exp1_Thr16_Mem2GB[3] 557.66       0            547.959      0           
----------------------------------------------------------------------------------------------------
Exp1_Thr16_Mem2GB[avg] 554.98       0.00         546.48       0.00        
====================================================================================================
