warning: unused imports: `SeedableRng` and `rngs::SmallRng`
 --> src/fastzipf.rs:2:12
  |
2 | use rand::{SeedableRng, rngs::SmallRng};
  |            ^^^^^^^^^^^  ^^^^^^^^^^^^^^
  |
  = note: `#[warn(unused_imports)]` (part of `#[warn(unused)]`) on by default

warning: unused import: `std::fmt`
 --> src/sketch/reservoir_sampler.rs:6:5
  |
6 | use std::fmt;
  |     ^^^^^^^^

warning: unused import: `crate::sketch::kll::KLL`
   --> src/sketch/reservoir_sampler.rs:190:9
    |
190 |     use crate::sketch::kll::KLL;
    |         ^^^^^^^^^^^^^^^^^^^^^^^

warning: unused import: `super::*`
   --> src/sketch/reservoir_sampler.rs:192:9
    |
192 |     use super::*;
    |         ^^^^^^^^

warning: unused import: `std::collections::HashMap`
   --> src/sketch/mod.rs:226:9
    |
226 |     use std::collections::HashMap;
    |         ^^^^^^^^^^^^^^^^^^^^^^^^^

warning: unused import: `super::kll::*`
   --> src/sketch/mod.rs:228:9
    |
228 |     use super::kll::*;
    |         ^^^^^^^^^^^^^

warning: unused import: `super::reservoir_sampler::*`
   --> src/sketch/mod.rs:229:9
    |
229 |     use super::reservoir_sampler::*;
    |         ^^^^^^^^^^^^^^^^^^^^^^^^^^^

warning: unused import: `super::*`
   --> src/sketch/mod.rs:230:9
    |
230 |     use super::*;
    |         ^^^^^^^^

warning: unused import: `Duration`
 --> src/sort/core/engine.rs:4:17
  |
4 | use std::time::{Duration, Instant, SystemTime, UNIX_EPOCH};
  |                 ^^^^^^^^

warning: function `compute_ovc_delta` is never used
    --> src/ovc/offset_value_coding.rs:1136:15
     |
1136 | pub(crate) fn compute_ovc_delta(prev_key: Option<&[u8]>, key: &[u8]) -> OVCU64 {
     |               ^^^^^^^^^^^^^^^^^
     |
     = note: `#[warn(dead_code)]` (part of `#[warn(unused)]`) on by default

warning: `es` (lib) generated 10 warnings (run `cargo fix --lib -p es` to apply 9 suggestions)
    Finished `release` profile [optimized] target(s) in 0.09s
     Running `target/release/examples/gen_sort_cli -n Exp1_Thr4_Mem2GB -i ./datasets/gensort_200GiB.data --run-gen-threads 4 --merge-threads 4 --run-size-mb 512.00 --merge-fanin 8192 --warmup-runs 1 --benchmark-runs 3 --cooldown-seconds 30 --dir logs/resource_bench_2025-12-07_23-55-15/Exp1_Thr4_Mem2GB_tmp`

=== BENCHMARK MODE ===
GenSort file: "./datasets/gensort_200GiB.data"
Total entries: 2147483648
Estimated data size: 204800.00 MB
Run generation threads: 4
Use OVC: true
Run size (MB): 512.00
Run generation memory (MB): 2048.0
Merge threads: 4
Merge fan-in: 8192
Merge memory (MB): 2048.0
Sketch type: kll
Sketch size: 200
Run indexing interval: 1000
Temporary directory: "logs/resource_bench_2025-12-07_23-55-15/Exp1_Thr4_Mem2GB_tmp"
Warmup runs: 1
Runs per configuration: 3
Cooldown between runs (s): 30
Verify output: false

Running benchmark for config: Exp1_Thr4_Mem2GB
Parameters: Run Gen Threads: 4, Use OVC: true, Run Size: 512.00 MB, Run Gen Memory: 2048.0 MB, Merge Threads: 4, Merge Fanin: 8192, Merge Memory: 2048.0 MB, Imbalance Factor: 1.0
================================================================================
  Performing 1 warmup run(s)...
    Warmup 1/1: Starting sort with 4 parallel scanners for run generation
Run gen thread 3 1268182 ms, 51 runs generated
Run gen thread 0 1282082 ms, 51 runs generated
Run gen thread 2 1291263 ms, 51 runs generated
Run gen thread 1 1298514 ms, 51 runs generated
Generated 204 runs in 1298522 ms
Merging 204 runs using 4 threads
Merge phase took 765023 ms | Merged 2147483648 entries across 4 runs | Thread timing: min=736668 ms, max=765022 ms | Partition sizes: imbalance=1.02x
2063.55s
  Warmup complete.

  Run 1/3: Starting sort with 4 parallel scanners for run generation
Run gen thread 2 1232035 ms, 51 runs generated
Run gen thread 3 1244240 ms, 51 runs generated
Run gen thread 0 1276243 ms, 51 runs generated
Run gen thread 1 1291639 ms, 51 runs generated
Generated 204 runs in 1291968 ms
Merging 204 runs using 4 threads
Merge phase took 772876 ms | Merged 2147483648 entries across 4 runs | Thread timing: min=749467 ms, max=772875 ms | Partition sizes: imbalance=1.01x
SortStats:
  Number of runs: 204
  (R) time: 1291968 ms
  (R) breakdown: load=0 ms, sort=1261039 ms, store=0 ms
  (R) I/O stats: I/O Stats: Read Ops: 3276800, Read Bytes: 214748364800, Write Ops: 3801088, Write Bytes: 249108103168
  (M) time: 772876 ms
  Read amplification:
    Run generation writes: 249108103168 bytes (232.00 GB)
    Merge phase reads: 249198215168 bytes (232.08 GB)
    Read amplification factor: 1.00x
    Excess reads: 0.0% (sparse indexing overhead)
  Thread timing:
    Min thread time: 749467 ms
    Max thread time: 772875 ms
    Avg thread time: 764931 ms
    Time imbalance factor (max/avg): 1.01x
    Thread times: [749467, 771652, 765730, 772875]

2064.84s

  Cooling down for 30s before next run...
  Run 2/3: Starting sort with 4 parallel scanners for run generation
Run gen thread 3 1259383 ms, 51 runs generated
Run gen thread 1 1273080 ms, 51 runs generated
Run gen thread 0 1274769 ms, 51 runs generated
Run gen thread 2 1322335 ms, 51 runs generated
Generated 204 runs in 1322614 ms
Merging 204 runs using 4 threads
Merge phase took 769986 ms | Merged 2147483648 entries across 4 runs | Thread timing: min=759301 ms, max=769985 ms | Partition sizes: imbalance=1.02x
SortStats:
  Number of runs: 204
  (R) time: 1322614 ms
  (R) breakdown: load=0 ms, sort=1282391 ms, store=0 ms
  (R) I/O stats: I/O Stats: Read Ops: 3276800, Read Bytes: 214748364800, Write Ops: 3801088, Write Bytes: 249108103168
  (M) time: 769986 ms
  Read amplification:
    Run generation writes: 249108103168 bytes (232.00 GB)
    Merge phase reads: 249197690880 bytes (232.08 GB)
    Read amplification factor: 1.00x
    Excess reads: 0.0% (sparse indexing overhead)
  Thread timing:
    Min thread time: 759301 ms
    Max thread time: 769985 ms
    Avg thread time: 764062 ms
    Time imbalance factor (max/avg): 1.01x
    Thread times: [760939, 759301, 766024, 769985]

2092.60s

  Cooling down for 30s before next run...
  Run 3/3: Starting sort with 4 parallel scanners for run generation
Run gen thread 3 1238438 ms, 51 runs generated
Run gen thread 1 1249080 ms, 51 runs generated
Run gen thread 0 1267906 ms, 51 runs generated
Run gen thread 2 1302194 ms, 51 runs generated
Generated 204 runs in 1302414 ms
Merging 204 runs using 4 threads
Merge phase took 782561 ms | Merged 2147483648 entries across 4 runs | Thread timing: min=754388 ms, max=782560 ms | Partition sizes: imbalance=1.02x
SortStats:
  Number of runs: 204
  (R) time: 1302414 ms
  (R) breakdown: load=0 ms, sort=1264404 ms, store=0 ms
  (R) I/O stats: I/O Stats: Read Ops: 3276800, Read Bytes: 214748364800, Write Ops: 3801088, Write Bytes: 249108103168
  (M) time: 782561 ms
  Read amplification:
    Run generation writes: 249108103168 bytes (232.00 GB)
    Merge phase reads: 249196576768 bytes (232.08 GB)
    Read amplification factor: 1.00x
    Excess reads: 0.0% (sparse indexing overhead)
  Thread timing:
    Min thread time: 754388 ms
    Max thread time: 782560 ms
    Avg thread time: 771046 ms
    Time imbalance factor (max/avg): 1.01x
    Thread times: [754388, 780271, 766967, 782560]

2084.97s


================================================================================================================================================================
Benchmark Results Summary
================================================================================================================================================================
Config               Run Size   RG Runs    Gen Thr    Merge Thr  Total (s)  RunGen (s)   Merge (s)  Entries      Throughput       Read MB    Write MB  
                     (MB)                                                                                        (M entries/s)                         
----------------------------------------------------------------------------------------------------------------------------------------------------------------
Exp1_Thr4_Mem2GB[1]  512.0      204        4          4          2064.84      1291.97    772.88     2147483648   1.04             442453.9   475136.0  
Exp1_Thr4_Mem2GB[2]  512.0      204        4          4          2092.60      1322.61    769.99     2147483648   1.03             442453.4   475136.0  
Exp1_Thr4_Mem2GB[3]  512.0      204        4          4          2084.97      1302.41    782.56     2147483648   1.03             442452.4   475136.0  
Exp1_Thr4_Mem2GB[avg] 512.0      204        4          4          2080.81      1305.67    775.14     2147483648   1.03             442453.2   475136.0  
================================================================================================================================================================

================================================================================================================================================================
Merge Operations Summary (showing last 1 of 1 merge passes)
================================================================================================================================================================
Config               M1PAvg     M1PMax     M1Imbal    M1Slow       M1Fast      
----------------------------------------------------------------------------------------------------------------------------------------------------------------
Exp1_Thr4_Mem2GB[1]  536870912  543408141  1.01       772.88       772.88      
Exp1_Thr4_Mem2GB[2]  536870912  545134268  1.02       769.99       769.99      
Exp1_Thr4_Mem2GB[3]  536870912  549030300  1.02       782.56       782.56      
----------------------------------------------------------------------------------------------------------------------------------------------------------------
Exp1_Thr4_Mem2GB[avg] 536870912  545857569  1.02       782.56       769.99      
================================================================================================================================================================

================================================================================================================================================================
Detailed I/O Statistics
================================================================================================================================================================
Config               RG Read MB   RG Write MB  M1Read MB    M1Write MB  
----------------------------------------------------------------------------------------------------------------------------------------------------------------
Exp1_Thr4_Mem2GB[1]  204800.0     237568.0     237653.9     237568.0    
Exp1_Thr4_Mem2GB[2]  204800.0     237568.0     237653.4     237568.0    
Exp1_Thr4_Mem2GB[3]  204800.0     237568.0     237652.4     237568.0    
----------------------------------------------------------------------------------------------------------------------------------------------------------------
Exp1_Thr4_Mem2GB[avg] 204800.0     237568.0     237653.2     237568.0    
================================================================================================================================================================

====================================================================================================
Run Generation Time Breakdown
====================================================================================================
Config               RG Total s   Load s       Sort s       Store s     
----------------------------------------------------------------------------------------------------
Exp1_Thr4_Mem2GB[1]  1291.97      0            1261.039     0           
Exp1_Thr4_Mem2GB[2]  1322.61      0            1282.391     0           
Exp1_Thr4_Mem2GB[3]  1302.41      0            1264.404     0           
----------------------------------------------------------------------------------------------------
Exp1_Thr4_Mem2GB[avg] 1305.67      0.00         1269.28      0.00        
====================================================================================================
