
=== BENCHMARK MODE ===
CSV file: "lineitem_sf500.csv", key_columns: [8, 9, 13, 14, 15], value_columns: [0, 3], delimiter: ',', headers: true
Estimated data size: 208678.86 MB
Threads: 32
Memory limit: 32768 MB
OVC enabled: true
Temporary directory: "."
Warmup runs: 0
Runs per configuration: 1
Verify output: false

Running benchmark for policy: Thread_1
Parameters: [Thread_1]: Run Size: 114.20 MB, Run Gen Threads: 1, Merge Threads: 1, Run Gen Memory: 114.2 MB, Merge Memory: 114.2 MB
================================================================================
  Run 1/1: Starting sort with 1 parallel scanners for run generation
Generated 1749 runs in 14291410 ms
Merging 1749 runs using 1 threads
Merge phase took 2582493 ms
SortStats:
  Number of runs: 1749
  (R) time: 14291410 ms
  (M) time: 2582493 ms
  (R) I/O stats: I/O Stats: Read Ops: 6215240, Read Bytes: 407321838929, Write Ops: 2159757, Write Bytes: 141541780992
  (M) I/O stats: I/O Stats: Read Ops: 2161505, Read Bytes: 141656337920, Write Ops: 1548281, Write Bytes: 101468140032
  Read amplification:
    Run generation writes: 141541780992 bytes (131.82 GB)
    Merge phase reads: 141656337920 bytes (131.93 GB)
    Read amplification factor: 1.00x
    Excess reads: 0.1% (sparse indexing overhead)

16873.90s

Running benchmark for policy: Thread_2
Parameters: [Thread_2]: Run Size: 114.20 MB, Run Gen Threads: 2, Merge Threads: 2, Run Gen Memory: 228.4 MB, Merge Memory: 228.4 MB
================================================================================
  Run 1/1: Starting sort with 2 parallel scanners for run generation
Generated 1749 runs in 7304486 ms
Merging 1749 runs using 2 threads
Merge phase took 1294117 ms
SortStats:
  Number of runs: 1749
  (R) time: 7304486 ms
  (M) time: 1294117 ms
  (R) I/O stats: I/O Stats: Read Ops: 6215241, Read Bytes: 407321903953, Write Ops: 2159764, Write Bytes: 141542245376
  (M) I/O stats: I/O Stats: Read Ops: 2163868, Read Bytes: 141811205120, Write Ops: 1548282, Write Bytes: 101468140544
  Read amplification:
    Run generation writes: 141542245376 bytes (131.82 GB)
    Merge phase reads: 141811205120 bytes (132.07 GB)
    Read amplification factor: 1.00x
    Excess reads: 0.2% (sparse indexing overhead)
  Partition imbalance:
    Partitions: 2
    Total entries: 3000028242
    Avg per partition: 1500014121
    Min entries: 1490789999 (99.4% of avg)
    Max entries: 1509238243 (100.6% of avg)
    Std deviation: 9224122
    Coefficient of variation: 0.6%
    Imbalance factor (max/min): 1.01x
    Distribution: [1509238243, 1490789999]

8598.60s

Running benchmark for policy: Thread_4
Parameters: [Thread_4]: Run Size: 114.20 MB, Run Gen Threads: 4, Merge Threads: 4, Run Gen Memory: 456.8 MB, Merge Memory: 456.8 MB
================================================================================
  Run 1/1: Starting sort with 4 parallel scanners for run generation
Generated 1749 runs in 3973785 ms
Merging 1749 runs using 4 threads
Merge phase took 934999 ms
SortStats:
  Number of runs: 1749
  (R) time: 3973785 ms
  (M) time: 934999 ms
  (R) I/O stats: I/O Stats: Read Ops: 6215241, Read Bytes: 407321936721, Write Ops: 2159771, Write Bytes: 141542644736
  (M) I/O stats: I/O Stats: Read Ops: 2168744, Read Bytes: 142130699264, Write Ops: 1548283, Write Bytes: 101468141056
  Read amplification:
    Run generation writes: 141542644736 bytes (131.82 GB)
    Merge phase reads: 142130699264 bytes (132.37 GB)
    Read amplification factor: 1.00x
    Excess reads: 0.4% (sparse indexing overhead)
  Partition imbalance:
    Partitions: 4
    Total entries: 3000028242
    Avg per partition: 750007060
    Min entries: 737392449 (98.3% of avg)
    Max entries: 776276480 (103.5% of avg)
    Std deviation: 15479698
    Coefficient of variation: 2.1%
    Imbalance factor (max/min): 1.05x
    Distribution: [746012193, 740347120, 776276480, 737392449]

4908.78s

Running benchmark for policy: Thread_8
Parameters: [Thread_8]: Run Size: 114.20 MB, Run Gen Threads: 8, Merge Threads: 8, Run Gen Memory: 913.6 MB, Merge Memory: 913.6 MB
================================================================================
  Run 1/1: Starting sort with 8 parallel scanners for run generation
Generated 1750 runs in 2209220 ms
Merging 1750 runs using 8 threads
Merge phase took 651236 ms
SortStats:
  Number of runs: 1750
  (R) time: 2209220 ms
  (M) time: 651236 ms
  (R) I/O stats: I/O Stats: Read Ops: 6215241, Read Bytes: 407321952593, Write Ops: 2159780, Write Bytes: 141543085056
  (M) I/O stats: I/O Stats: Read Ops: 2178410, Read Bytes: 142764020736, Write Ops: 1548283, Write Bytes: 101468142592
  Read amplification:
    Run generation writes: 141543085056 bytes (131.82 GB)
    Merge phase reads: 142764020736 bytes (132.96 GB)
    Read amplification factor: 1.01x
    Excess reads: 0.9% (sparse indexing overhead)
  Partition imbalance:
    Partitions: 8
    Total entries: 3000028242
    Avg per partition: 375003530
    Min entries: 364540631 (97.2% of avg)
    Max entries: 393460375 (104.9% of avg)
    Std deviation: 8331121
    Coefficient of variation: 2.2%
    Imbalance factor (max/min): 1.08x
    Distribution: [364540631, 377580543, 374994161, 366974899, 377403378, 369699203, 375375052, 393460375]

2860.46s

Running benchmark for policy: Thread_16
Parameters: [Thread_16]: Run Size: 114.20 MB, Run Gen Threads: 16, Merge Threads: 16, Run Gen Memory: 1827.3 MB, Merge Memory: 1827.3 MB
================================================================================
  Run 1/1: Starting sort with 16 parallel scanners for run generation
Generated 1751 runs in 1339994 ms
Merging 1751 runs using 16 threads
Merge phase took 497078 ms
SortStats:
  Number of runs: 1751
  (R) time: 1339994 ms
  (M) time: 497078 ms
  (R) I/O stats: I/O Stats: Read Ops: 6215249, Read Bytes: 407322452305, Write Ops: 2159838, Write Bytes: 141546568192
  (M) I/O stats: I/O Stats: Read Ops: 2197272, Read Bytes: 143999842816, Write Ops: 1548291, Write Bytes: 101468144640
  Read amplification:
    Run generation writes: 141546568192 bytes (131.83 GB)
    Merge phase reads: 143999842816 bytes (134.11 GB)
    Read amplification factor: 1.02x
    Excess reads: 1.7% (sparse indexing overhead)
  Partition imbalance:
    Partitions: 16
    Total entries: 3000028242
    Avg per partition: 187501765
    Min entries: 168881138 (90.1% of avg)
    Max entries: 208541768 (111.2% of avg)
    Std deviation: 10724351
    Coefficient of variation: 5.7%
    Imbalance factor (max/min): 1.23x
    Distribution: [173435856, 178440706, 180329527, 208541768, 194928078, 171570790, 187929307, 192515908, 183594040, 191236906, 186400010, 197666696, 168881138, 194065085, 188600832, 201891595]

1837.07s

Running benchmark for policy: Thread_32
Parameters: [Thread_32]: Run Size: 114.20 MB, Run Gen Threads: 32, Merge Threads: 32, Run Gen Memory: 3654.5 MB, Merge Memory: 3654.5 MB
================================================================================
  Run 1/1: Starting sort with 32 parallel scanners for run generation
Generated 1761 runs in 1008372 ms
Merging 1761 runs using 32 threads
Merge phase took 348872 ms
SortStats:
  Number of runs: 1761
  (R) time: 1008372 ms
  (M) time: 348872 ms
  (R) I/O stats: I/O Stats: Read Ops: 6215265, Read Bytes: 407323488593, Write Ops: 2160214, Write Bytes: 141570663424
  (M) I/O stats: I/O Stats: Read Ops: 2236212, Read Bytes: 146551268352, Write Ops: 1548295, Write Bytes: 101468150272
  Read amplification:
    Run generation writes: 141570663424 bytes (131.85 GB)
    Merge phase reads: 146551268352 bytes (136.49 GB)
    Read amplification factor: 1.04x
    Excess reads: 3.5% (sparse indexing overhead)
  Partition imbalance:
    Partitions: 32
    Total entries: 3000028242
    Avg per partition: 93750883
    Min entries: 72756494 (77.6% of avg)
    Max entries: 110272056 (117.6% of avg)
    Std deviation: 8726183
    Coefficient of variation: 9.3%
    Imbalance factor (max/min): 1.52x
    Distribution: [104632310, 86945502, 91147079, 102718140, 94019339, 101051034, 95680516, 90530897, 95471479, 72756494, 92054672, 110272056, 81426957, 109820265, 92720907, 81815333, 104584678, 78647380, 91344367, 103916427, 94899955, 92548996, 107675916, 86199319, 90832386, 95420130, 87733323, 99098641, 86529480, 92406131, 93776357, 91351776]

1357.24s


========================================================================================================================================================================================================
Benchmark Results Summary
========================================================================================================================================================================================================
Policy                                             Threads  Memory       Run Size   Gen Thr    Merge Thr  Runs   Total (s)  RunGen (s)   Merge (s)  Entries      Throughput       Read MB    Write MB   Imbalance   
                                                                         (MB)                                                                                    (M entries/s)                          Factor      
--------------------------------------------------------------------------------------------------------------------------------------------------------------------------------------------------------
Thread_1                                           32       32.00 GB     114.2      1          1          1749   16873.90   14291.41     2582.49    3000028242   0.18             548978.2   243009.9   N/A         
Thread_2                                           32       32.00 GB     114.2      2          2          1749   8598.60    7304.49      1294.12    3000028242   0.35             549133.1   243010.4   1.01237x    
Thread_4                                           32       32.00 GB     114.2      4          4          1749   4908.78    3973.78      935.00     3000028242   0.61             549452.6   243010.8   1.05273x    
Thread_8                                           32       32.00 GB     114.2      8          8          1750   2860.46    2209.22      651.24     3000028242   1.05             550086.0   243011.2   1.07933x    
Thread_16                                          32       32.00 GB     114.2      16         16         1751   1837.07    1339.99      497.08     3000028242   1.63             551322.3   243014.7   1.23484x    
Thread_32                                          32       32.00 GB     114.2      32         32         1761   1357.24    1008.37      348.87     3000028242   2.21             553874.8   243038.8   1.51563x    
========================================================================================================================================================================================================

Detailed I/O Statistics Summary:
------------------------------------------------------------------------------------------------------------------------------------------------------------------------------------
Policy                                             Threads  Memory       Run Gen Reads        Run Gen Writes       Merge Reads          Merge Writes         Read Amp.      
                                                                         (ops / MB)           (ops / MB)           (ops / MB)           (ops / MB)           Factor         
------------------------------------------------------------------------------------------------------------------------------------------------------------------------------------
Thread_1                                           32       32.00 GB     6215240 / 407321.8   2159757 / 141541.8   2161505 / 141656.3   1548281 / 101468.1   1.001x         
Thread_2                                           32       32.00 GB     6215241 / 407321.9   2159764 / 141542.2   2163868 / 141811.2   1548282 / 101468.1   1.002x         
Thread_4                                           32       32.00 GB     6215241 / 407321.9   2159771 / 141542.6   2168744 / 142130.7   1548283 / 101468.1   1.004x         
Thread_8                                           32       32.00 GB     6215241 / 407322.0   2159780 / 141543.1   2178410 / 142764.0   1548283 / 101468.1   1.009x         
Thread_16                                          32       32.00 GB     6215249 / 407322.5   2159838 / 141546.6   2197272 / 143999.8   1548291 / 101468.1   1.017x         
Thread_32                                          32       32.00 GB     6215265 / 407323.5   2160214 / 141570.7   2236212 / 146551.3   1548295 / 101468.2   1.035x         
------------------------------------------------------------------------------------------------------------------------------------------------------------------------------------
