warning: unused imports: `SeedableRng` and `rngs::SmallRng`
 --> src/fastzipf.rs:2:12
  |
2 | use rand::{SeedableRng, rngs::SmallRng};
  |            ^^^^^^^^^^^  ^^^^^^^^^^^^^^
  |
  = note: `#[warn(unused_imports)]` on by default

warning: unused import: `std::fmt`
 --> src/sketch/reservoir_sampler.rs:6:5
  |
6 | use std::fmt;
  |     ^^^^^^^^

warning: unused import: `crate::sketch::kll::KLL`
   --> src/sketch/reservoir_sampler.rs:190:9
    |
190 |     use crate::sketch::kll::KLL;
    |         ^^^^^^^^^^^^^^^^^^^^^^^

warning: unused import: `super::*`
   --> src/sketch/reservoir_sampler.rs:192:9
    |
192 |     use super::*;
    |         ^^^^^^^^

warning: unused import: `std::collections::HashMap`
   --> src/sketch/mod.rs:226:9
    |
226 |     use std::collections::HashMap;
    |         ^^^^^^^^^^^^^^^^^^^^^^^^^

warning: unused import: `super::kll::*`
   --> src/sketch/mod.rs:228:9
    |
228 |     use super::kll::*;
    |         ^^^^^^^^^^^^^

warning: unused import: `super::reservoir_sampler::*`
   --> src/sketch/mod.rs:229:9
    |
229 |     use super::reservoir_sampler::*;
    |         ^^^^^^^^^^^^^^^^^^^^^^^^^^^

warning: unused import: `super::*`
   --> src/sketch/mod.rs:230:9
    |
230 |     use super::*;
    |         ^^^^^^^^

warning: unused import: `Duration`
 --> src/sort/core/engine.rs:4:17
  |
4 | use std::time::{Duration, Instant, SystemTime, UNIX_EPOCH};
  |                 ^^^^^^^^

warning: function `compute_ovc_delta` is never used
    --> src/ovc/offset_value_coding.rs:1136:15
     |
1136 | pub(crate) fn compute_ovc_delta(prev_key: Option<&[u8]>, key: &[u8]) -> OVCU64 {
     |               ^^^^^^^^^^^^^^^^^
     |
     = note: `#[warn(dead_code)]` on by default

warning: `es` (lib) generated 10 warnings (run `cargo fix --lib -p es` to apply 9 suggestions)
    Finished `release` profile [optimized] target(s) in 0.21s
     Running `target/release/examples/lineitem_benchmark_cli -n Exp1.1_RunGen40_Merge8_Mem2GB -i lineitem_sf500.csv --run-gen-threads 40 --merge-threads 8 --run-size-mb 51.20 --merge-fanin 4096 --warmup-runs 1 --benchmark-runs 3 --cooldown-seconds 30 --dir logs/lineitem_bench_2025-12-15_13-17-30/Exp1.1_RunGen40_Merge8_Mem2GB_tmp`
Using existing KVBin file: "./datasets/lineitem_sf500.k-8-9-13-14-15.v-0-3.kvbin"

=== BENCHMARK MODE ===
KVBin data: ./datasets/lineitem_sf500.k-8-9-13-14-15.v-0-3.kvbin, index: ./datasets/lineitem_sf500.k-8-9-13-14-15.v-0-3.kvbin.idx
Estimated data size: 199659.46 MB
Run generation threads: 40
Use OVC: true
Run size (MB): 51.20
Run generation memory (MB): 2048.0
Merge threads: 8
Merge fan-in: 4096
Merge memory (MB): 2048.0
Sketch type: kll
Sketch size: 200
Run indexing interval: 1000
Temporary directory: "logs/lineitem_bench_2025-12-15_13-17-30/Exp1.1_RunGen40_Merge8_Mem2GB_tmp"
Warmup runs: 1
Runs per configuration: 3
Cooldown between runs (s): 30
Verify output: false

Running benchmark for config: Exp1.1_RunGen40_Merge8_Mem2GB
Parameters: Run Gen Threads: 40, Use OVC: true, Run Size: 51.20 MB, Run Gen Memory: 2048.0 MB, Merge Threads: 8, Merge Fanin: 4096, Merge Memory: 2048.0 MB, Imbalance Factor: 1.0
================================================================================
  Performing 1 warmup run(s)...
    Warmup 1/1: Starting sort with 40 parallel scanners for run generation
Run gen thread 39 363002 ms, 44 runs generated
Run gen thread 24 364385 ms, 44 runs generated
Run gen thread 33 364410 ms, 44 runs generated
Run gen thread 38 364950 ms, 44 runs generated
Run gen thread 6 365719 ms, 44 runs generated
Run gen thread 32 366166 ms, 44 runs generated
Run gen thread 9 366418 ms, 44 runs generated
Run gen thread 2 366723 ms, 44 runs generated
Run gen thread 34 366791 ms, 44 runs generated
Run gen thread 10 366976 ms, 44 runs generated
Run gen thread 17 367698 ms, 44 runs generated
Run gen thread 13 367796 ms, 44 runs generated
Run gen thread 5 367850 ms, 44 runs generated
Run gen thread 7 368117 ms, 44 runs generated
Run gen thread 36 368257 ms, 44 runs generated
Run gen thread 22 368468 ms, 44 runs generated
Run gen thread 25 368651 ms, 44 runs generated
Run gen thread 18 368799 ms, 44 runs generated
Run gen thread 26 368837 ms, 44 runs generated
Run gen thread 21 369226 ms, 44 runs generated
Run gen thread 37 369298 ms, 44 runs generated
Run gen thread 35 369643 ms, 44 runs generated
Run gen thread 23 369767 ms, 44 runs generated
Run gen thread 8 370144 ms, 44 runs generated
Run gen thread 12 370366 ms, 44 runs generated
Run gen thread 19 370376 ms, 44 runs generated
Run gen thread 1 370396 ms, 44 runs generated
Run gen thread 16 370412 ms, 44 runs generated
Run gen thread 27 370489 ms, 44 runs generated
Run gen thread 11 370620 ms, 44 runs generated
Run gen thread 15 370761 ms, 44 runs generated
Run gen thread 3 370901 ms, 44 runs generated
Run gen thread 20 371095 ms, 44 runs generated
Run gen thread 31 371214 ms, 44 runs generated
Run gen thread 30 371775 ms, 44 runs generated
Run gen thread 29 371904 ms, 44 runs generated
Run gen thread 14 371946 ms, 44 runs generated
Run gen thread 4 371977 ms, 44 runs generated
Run gen thread 0 372066 ms, 44 runs generated
Run gen thread 28 372883 ms, 44 runs generated
Generated 1760 runs in 373085 ms
Merging 1760 runs using 8 threads
Merge phase took 415691 ms | Merged 3000028242 entries across 8 runs | Thread timing: min=380926 ms, max=415688 ms | Partition sizes: imbalance=1.02x
788.78s
  Warmup complete.

  Run 1/3: Starting sort with 40 parallel scanners for run generation
Run gen thread 20 344032 ms, 44 runs generated
Run gen thread 35 344777 ms, 44 runs generated
Run gen thread 5 345633 ms, 44 runs generated
Run gen thread 15 346526 ms, 44 runs generated
Run gen thread 10 346619 ms, 44 runs generated
Run gen thread 4 346719 ms, 44 runs generated
Run gen thread 11 346886 ms, 44 runs generated
Run gen thread 27 347086 ms, 44 runs generated
Run gen thread 0 346860 ms, 44 runs generated
Run gen thread 13 347247 ms, 44 runs generated
Run gen thread 39 347415 ms, 44 runs generated
Run gen thread 31 348982 ms, 44 runs generated
Run gen thread 28 349556 ms, 44 runs generated
Run gen thread 21 349694 ms, 44 runs generated
Run gen thread 24 349730 ms, 44 runs generated
Run gen thread 30 349735 ms, 44 runs generated
Run gen thread 32 349773 ms, 44 runs generated
Run gen thread 19 350059 ms, 44 runs generated
Run gen thread 22 350077 ms, 44 runs generated
Run gen thread 16 350157 ms, 44 runs generated
Run gen thread 23 350418 ms, 44 runs generated
Run gen thread 14 350585 ms, 44 runs generated
Run gen thread 7 350807 ms, 44 runs generated
Run gen thread 29 351381 ms, 44 runs generated
Run gen thread 8 351451 ms, 44 runs generated
Run gen thread 6 351854 ms, 44 runs generated
Run gen thread 26 351911 ms, 44 runs generated
Run gen thread 3 351977 ms, 44 runs generated
Run gen thread 18 352053 ms, 44 runs generated
Run gen thread 38 352055 ms, 44 runs generated
Run gen thread 33 352077 ms, 44 runs generated
Run gen thread 12 352357 ms, 44 runs generated
Run gen thread 25 352502 ms, 44 runs generated
Run gen thread 9 352589 ms, 44 runs generated
Run gen thread 17 352812 ms, 44 runs generated
Run gen thread 37 352989 ms, 44 runs generated
Run gen thread 2 352824 ms, 44 runs generated
Run gen thread 34 353205 ms, 44 runs generated
Run gen thread 36 353255 ms, 44 runs generated
Run gen thread 1 353956 ms, 44 runs generated
Generated 1760 runs in 354716 ms
Merging 1760 runs using 8 threads
Merge phase took 439819 ms | Merged 3000028242 entries across 8 runs | Thread timing: min=394341 ms, max=439818 ms | Partition sizes: imbalance=1.04x
SortStats:
  Number of runs: 1760
  (R) time: 354716 ms
  (R) breakdown: load=0 ms, sort=350015 ms, store=0 ms
  (R) I/O stats: I/O Stats: Read Ops: 3194565, Read Bytes: 209358947685, Write Ops: 2156113, Write Bytes: 141301890560
  (M) time: 439819 ms
  Read amplification:
    Run generation writes: 141301890560 bytes (131.60 GB)
    Merge phase reads: 142523051008 bytes (132.73 GB)
    Read amplification factor: 1.01x
    Excess reads: 0.9% (sparse indexing overhead)
  Thread timing:
    Min thread time: 394341 ms
    Max thread time: 439818 ms
    Avg thread time: 412164 ms
    Time imbalance factor (max/avg): 1.07x
    Thread times: [421448, 404664, 394341, 418329, 404129, 403419, 411160, 439818]

794.54s

  Cooling down for 30s before next run...
  Run 2/3: Starting sort with 40 parallel scanners for run generation
Run gen thread 19 340994 ms, 44 runs generated
Run gen thread 36 342802 ms, 44 runs generated
Run gen thread 29 343158 ms, 44 runs generated
Run gen thread 28 343366 ms, 44 runs generated
Run gen thread 39 343802 ms, 44 runs generated
Run gen thread 23 344816 ms, 44 runs generated
Run gen thread 34 344824 ms, 44 runs generated
Run gen thread 17 345163 ms, 44 runs generated
Run gen thread 14 346155 ms, 44 runs generated
Run gen thread 37 346159 ms, 44 runs generated
Run gen thread 25 346445 ms, 44 runs generated
Run gen thread 5 346889 ms, 44 runs generated
Run gen thread 26 347444 ms, 44 runs generated
Run gen thread 10 348127 ms, 44 runs generated
Run gen thread 11 348191 ms, 44 runs generated
Run gen thread 13 348392 ms, 44 runs generated
Run gen thread 20 348564 ms, 44 runs generated
Run gen thread 31 349548 ms, 44 runs generated
Run gen thread 22 350063 ms, 44 runs generated
Run gen thread 21 350071 ms, 44 runs generated
Run gen thread 7 350112 ms, 44 runs generated
Run gen thread 1 350642 ms, 44 runs generated
Run gen thread 3 350648 ms, 44 runs generated
Run gen thread 0 350784 ms, 44 runs generated
Run gen thread 2 350973 ms, 44 runs generated
Run gen thread 32 351052 ms, 44 runs generated
Run gen thread 35 351232 ms, 44 runs generated
Run gen thread 33 351427 ms, 44 runs generated
Run gen thread 27 352060 ms, 44 runs generated
Run gen thread 38 352160 ms, 44 runs generated
Run gen thread 6 352501 ms, 44 runs generated
Run gen thread 16 352501 ms, 44 runs generated
Run gen thread 30 352607 ms, 44 runs generated
Run gen thread 24 352816 ms, 44 runs generated
Run gen thread 15 352871 ms, 44 runs generated
Run gen thread 9 353370 ms, 44 runs generated
Run gen thread 12 353444 ms, 44 runs generated
Run gen thread 18 353763 ms, 44 runs generated
Run gen thread 8 353906 ms, 44 runs generated
Run gen thread 4 354827 ms, 44 runs generated
Generated 1760 runs in 356655 ms
Merging 1760 runs using 8 threads
Merge phase took 445003 ms | Merged 3000028242 entries across 8 runs | Thread timing: min=388145 ms, max=445002 ms | Partition sizes: imbalance=1.04x
SortStats:
  Number of runs: 1760
  (R) time: 356655 ms
  (R) breakdown: load=0 ms, sort=349216 ms, store=0 ms
  (R) I/O stats: I/O Stats: Read Ops: 3194565, Read Bytes: 209358947685, Write Ops: 2156113, Write Bytes: 141301890560
  (M) time: 445003 ms
  Read amplification:
    Run generation writes: 141301890560 bytes (131.60 GB)
    Merge phase reads: 142510664704 bytes (132.72 GB)
    Read amplification factor: 1.01x
    Excess reads: 0.9% (sparse indexing overhead)
  Thread timing:
    Min thread time: 388145 ms
    Max thread time: 445002 ms
    Avg thread time: 411770 ms
    Time imbalance factor (max/avg): 1.08x
    Thread times: [445002, 422442, 388145, 411536, 400968, 412798, 424804, 388467]

801.66s

  Cooling down for 30s before next run...
  Run 3/3: Starting sort with 40 parallel scanners for run generation
Run gen thread 39 343456 ms, 44 runs generated
Run gen thread 28 343962 ms, 44 runs generated
Run gen thread 19 344170 ms, 44 runs generated
Run gen thread 14 344551 ms, 44 runs generated
Run gen thread 8 344622 ms, 44 runs generated
Run gen thread 27 345873 ms, 44 runs generated
Run gen thread 29 345886 ms, 44 runs generated
Run gen thread 3 346280 ms, 44 runs generated
Run gen thread 12 346648 ms, 44 runs generated
Run gen thread 21 346867 ms, 44 runs generated
Run gen thread 9 347064 ms, 44 runs generated
Run gen thread 30 347980 ms, 44 runs generated
Run gen thread 17 348036 ms, 44 runs generated
Run gen thread 7 348412 ms, 44 runs generated
Run gen thread 2 348604 ms, 44 runs generated
Run gen thread 4 348770 ms, 44 runs generated
Run gen thread 24 348770 ms, 44 runs generated
Run gen thread 5 348842 ms, 44 runs generated
Run gen thread 18 349296 ms, 44 runs generated
Run gen thread 33 349517 ms, 44 runs generated
Run gen thread 34 349761 ms, 44 runs generated
Run gen thread 11 349848 ms, 44 runs generated
Run gen thread 6 349911 ms, 44 runs generated
Run gen thread 31 349972 ms, 44 runs generated
Run gen thread 1 350040 ms, 44 runs generated
Run gen thread 32 350355 ms, 44 runs generated
Run gen thread 13 350607 ms, 44 runs generated
Run gen thread 26 350799 ms, 44 runs generated
Run gen thread 37 350834 ms, 44 runs generated
Run gen thread 25 351234 ms, 44 runs generated
Run gen thread 15 351280 ms, 44 runs generated
Run gen thread 16 351293 ms, 44 runs generated
Run gen thread 35 351546 ms, 44 runs generated
Run gen thread 10 351785 ms, 44 runs generated
Run gen thread 22 352064 ms, 44 runs generated
Run gen thread 36 352073 ms, 44 runs generated
Run gen thread 38 352797 ms, 44 runs generated
Run gen thread 23 353301 ms, 44 runs generated
Run gen thread 20 353639 ms, 44 runs generated
Run gen thread 0 353699 ms, 44 runs generated
Generated 1760 runs in 354628 ms
Merging 1760 runs using 8 threads
Merge phase took 440832 ms | Merged 3000028242 entries across 8 runs | Thread timing: min=391177 ms, max=440830 ms | Partition sizes: imbalance=1.05x
SortStats:
  Number of runs: 1760
  (R) time: 354628 ms
  (R) breakdown: load=0 ms, sort=349111 ms, store=0 ms
  (R) I/O stats: I/O Stats: Read Ops: 3194565, Read Bytes: 209358947685, Write Ops: 2156113, Write Bytes: 141301890560
  (M) time: 440832 ms
  Read amplification:
    Run generation writes: 141301890560 bytes (131.60 GB)
    Merge phase reads: 142512040960 bytes (132.72 GB)
    Read amplification factor: 1.01x
    Excess reads: 0.9% (sparse indexing overhead)
  Thread timing:
    Min thread time: 391177 ms
    Max thread time: 440830 ms
    Avg thread time: 421124 ms
    Time imbalance factor (max/avg): 1.05x
    Thread times: [440830, 425986, 391177, 439012, 417312, 420838, 433303, 400533]

795.46s


================================================================================================================================================================
Benchmark Results Summary
================================================================================================================================================================
Config               Run Size   RG Runs    Gen Thr    Merge Thr  Total (s)  RunGen (s)   Merge (s)  Entries      Throughput       Read MB    Write MB  
                     (MB)                                                                                        (M entries/s)                         
----------------------------------------------------------------------------------------------------------------------------------------------------------------
Exp1.1_RunGen40_Merge8_Mem2GB[1] 51.2       1760       40         8          794.54       354.72     439.82     3000028242   3.78             335580.8   225659.5  
Exp1.1_RunGen40_Merge8_Mem2GB[2] 51.2       1760       40         8          801.66       356.65     445.00     3000028242   3.74             335569.0   225659.6  
Exp1.1_RunGen40_Merge8_Mem2GB[3] 51.2       1760       40         8          795.46       354.63     440.83     3000028242   3.77             335570.3   225659.7  
Exp1.1_RunGen40_Merge8_Mem2GB[avg] 51.2       1760       40         8          797.22       355.33     441.88     3000028242   3.76             335573.4   225659.6  
================================================================================================================================================================

================================================================================================================================================================
Merge Operations Summary (showing last 1 of 1 merge passes)
================================================================================================================================================================
Config               M1PAvg     M1PMax     M1Imbal    M1Slow       M1Fast      
----------------------------------------------------------------------------------------------------------------------------------------------------------------
Exp1.1_RunGen40_Merge8_Mem2GB[1] 375003530  389767461  1.04       439.82       439.82      
Exp1.1_RunGen40_Merge8_Mem2GB[2] 375003530  390281386  1.04       445.00       445.00      
Exp1.1_RunGen40_Merge8_Mem2GB[3] 375003530  392526598  1.05       440.83       440.83      
----------------------------------------------------------------------------------------------------------------------------------------------------------------
Exp1.1_RunGen40_Merge8_Mem2GB[avg] 375003530  390858481  1.04       445.00       439.82      
================================================================================================================================================================

================================================================================================================================================================
Detailed I/O Statistics
================================================================================================================================================================
Config               RG Read MB   RG Write MB  M1Read MB    M1Write MB  
----------------------------------------------------------------------------------------------------------------------------------------------------------------
Exp1.1_RunGen40_Merge8_Mem2GB[1] 199660.3     134756.0     135920.6     90903.5     
Exp1.1_RunGen40_Merge8_Mem2GB[2] 199660.3     134756.0     135908.8     90903.6     
Exp1.1_RunGen40_Merge8_Mem2GB[3] 199660.3     134756.0     135910.1     90903.7     
----------------------------------------------------------------------------------------------------------------------------------------------------------------
Exp1.1_RunGen40_Merge8_Mem2GB[avg] 199660.3     134756.0     135913.1     90903.6     
================================================================================================================================================================

====================================================================================================
Run Generation Time Breakdown
====================================================================================================
Config               RG Total s   Load s       Sort s       Store s     
----------------------------------------------------------------------------------------------------
Exp1.1_RunGen40_Merge8_Mem2GB[1] 354.72       0            350.015      0           
Exp1.1_RunGen40_Merge8_Mem2GB[2] 356.65       0            349.216      0           
Exp1.1_RunGen40_Merge8_Mem2GB[3] 354.63       0            349.111      0           
----------------------------------------------------------------------------------------------------
Exp1.1_RunGen40_Merge8_Mem2GB[avg] 355.33       0.00         349.45       0.00        
====================================================================================================
