warning: unused imports: `SeedableRng` and `rngs::SmallRng`
 --> src/fastzipf.rs:2:12
  |
2 | use rand::{SeedableRng, rngs::SmallRng};
  |            ^^^^^^^^^^^  ^^^^^^^^^^^^^^
  |
  = note: `#[warn(unused_imports)]` on by default

warning: unused import: `std::fmt`
 --> src/sketch/reservoir_sampler.rs:6:5
  |
6 | use std::fmt;
  |     ^^^^^^^^

warning: unused import: `crate::sketch::kll::KLL`
   --> src/sketch/reservoir_sampler.rs:190:9
    |
190 |     use crate::sketch::kll::KLL;
    |         ^^^^^^^^^^^^^^^^^^^^^^^

warning: unused import: `super::*`
   --> src/sketch/reservoir_sampler.rs:192:9
    |
192 |     use super::*;
    |         ^^^^^^^^

warning: unused import: `std::collections::HashMap`
   --> src/sketch/mod.rs:226:9
    |
226 |     use std::collections::HashMap;
    |         ^^^^^^^^^^^^^^^^^^^^^^^^^

warning: unused import: `super::kll::*`
   --> src/sketch/mod.rs:228:9
    |
228 |     use super::kll::*;
    |         ^^^^^^^^^^^^^

warning: unused import: `super::reservoir_sampler::*`
   --> src/sketch/mod.rs:229:9
    |
229 |     use super::reservoir_sampler::*;
    |         ^^^^^^^^^^^^^^^^^^^^^^^^^^^

warning: unused import: `super::*`
   --> src/sketch/mod.rs:230:9
    |
230 |     use super::*;
    |         ^^^^^^^^

warning: unused import: `Duration`
 --> src/sort/core/engine.rs:4:17
  |
4 | use std::time::{Duration, Instant, SystemTime, UNIX_EPOCH};
  |                 ^^^^^^^^

warning: function `compute_ovc_delta` is never used
    --> src/ovc/offset_value_coding.rs:1136:15
     |
1136 | pub(crate) fn compute_ovc_delta(prev_key: Option<&[u8]>, key: &[u8]) -> OVCU64 {
     |               ^^^^^^^^^^^^^^^^^
     |
     = note: `#[warn(dead_code)]` on by default

warning: `es` (lib) generated 10 warnings (run `cargo fix --lib -p es` to apply 9 suggestions)
    Finished `release` profile [optimized] target(s) in 0.21s
     Running `target/release/examples/lineitem_benchmark_cli -n Exp1.1_RunGen40_Merge32_Mem2GB -i lineitem_sf500.csv --run-gen-threads 40 --merge-threads 32 --run-size-mb 51.20 --merge-fanin 1024 --warmup-runs 1 --benchmark-runs 3 --cooldown-seconds 30 --dir logs/lineitem_bench_2025-12-15_13-17-30/Exp1.1_RunGen40_Merge32_Mem2GB_tmp`
Using existing KVBin file: "./datasets/lineitem_sf500.k-8-9-13-14-15.v-0-3.kvbin"

=== BENCHMARK MODE ===
KVBin data: ./datasets/lineitem_sf500.k-8-9-13-14-15.v-0-3.kvbin, index: ./datasets/lineitem_sf500.k-8-9-13-14-15.v-0-3.kvbin.idx
Estimated data size: 199659.46 MB
Run generation threads: 40
Use OVC: true
Run size (MB): 51.20
Run generation memory (MB): 2048.0
Merge threads: 32
Merge fan-in: 1024
Merge memory (MB): 2048.0
Sketch type: kll
Sketch size: 200
Run indexing interval: 1000
Temporary directory: "logs/lineitem_bench_2025-12-15_13-17-30/Exp1.1_RunGen40_Merge32_Mem2GB_tmp"
Warmup runs: 1
Runs per configuration: 3
Cooldown between runs (s): 30
Verify output: false

Running benchmark for config: Exp1.1_RunGen40_Merge32_Mem2GB
Parameters: Run Gen Threads: 40, Use OVC: true, Run Size: 51.20 MB, Run Gen Memory: 2048.0 MB, Merge Threads: 32, Merge Fanin: 1024, Merge Memory: 2048.0 MB, Imbalance Factor: 1.0
================================================================================
  Performing 1 warmup run(s)...
    Warmup 1/1: Starting sort with 40 parallel scanners for run generation
Run gen thread 31 370936 ms, 44 runs generated
Run gen thread 11 372502 ms, 44 runs generated
Run gen thread 9 372734 ms, 44 runs generated
Run gen thread 13 372747 ms, 44 runs generated
Run gen thread 4 373869 ms, 44 runs generated
Run gen thread 25 374433 ms, 44 runs generated
Run gen thread 2 374444 ms, 44 runs generated
Run gen thread 3 374845 ms, 44 runs generated
Run gen thread 26 374941 ms, 44 runs generated
Run gen thread 27 375092 ms, 44 runs generated
Run gen thread 7 376010 ms, 44 runs generated
Run gen thread 15 376126 ms, 44 runs generated
Run gen thread 5 376237 ms, 44 runs generated
Run gen thread 34 376276 ms, 44 runs generated
Run gen thread 19 376299 ms, 44 runs generated
Run gen thread 6 376345 ms, 44 runs generated
Run gen thread 38 376576 ms, 44 runs generated
Run gen thread 36 376664 ms, 44 runs generated
Run gen thread 30 376940 ms, 44 runs generated
Run gen thread 37 377181 ms, 44 runs generated
Run gen thread 17 377226 ms, 44 runs generated
Run gen thread 12 378093 ms, 44 runs generated
Run gen thread 24 378098 ms, 44 runs generated
Run gen thread 16 378264 ms, 44 runs generated
Run gen thread 35 378435 ms, 44 runs generated
Run gen thread 39 378657 ms, 44 runs generated
Run gen thread 0 378666 ms, 44 runs generated
Run gen thread 10 378843 ms, 44 runs generated
Run gen thread 20 378886 ms, 44 runs generated
Run gen thread 18 378944 ms, 44 runs generated
Run gen thread 23 378951 ms, 44 runs generated
Run gen thread 28 379089 ms, 44 runs generated
Run gen thread 8 379270 ms, 44 runs generated
Run gen thread 33 379486 ms, 44 runs generated
Run gen thread 32 380242 ms, 44 runs generated
Run gen thread 14 380390 ms, 44 runs generated
Run gen thread 29 380419 ms, 44 runs generated
Run gen thread 21 380695 ms, 44 runs generated
Run gen thread 1 380778 ms, 44 runs generated
Run gen thread 22 380805 ms, 44 runs generated
Generated 1760 runs in 381497 ms
Multi-level merge: 2047 runs (including 287 dummies), F=1024, expected 2 merge operations
Merging 1024 runs using 32 threads
Merge phase took 98966 ms | Merged 1221511794 entries across 32 runs | Thread timing: min=80505 ms, max=98963 ms | Partition sizes: imbalance=1.21x
Merge 1/2: merging 1024 shortest runs (1221511794 total entries)
Merging 1024 runs using 32 threads
Merge phase took 215728 ms | Merged 3000028242 entries across 32 runs | Thread timing: min=168667 ms, max=215725 ms | Partition sizes: imbalance=1.21x
Merge 2/2: merging 1024 shortest runs (3000028242 total entries)
696.19s
  Warmup complete.

  Run 1/3: Starting sort with 40 parallel scanners for run generation
Run gen thread 39 346524 ms, 44 runs generated
Run gen thread 34 348527 ms, 44 runs generated
Run gen thread 32 348654 ms, 44 runs generated
Run gen thread 1 349352 ms, 44 runs generated
Run gen thread 2 350618 ms, 44 runs generated
Run gen thread 20 350953 ms, 44 runs generated
Run gen thread 35 351054 ms, 44 runs generated
Run gen thread 3 351092 ms, 44 runs generated
Run gen thread 36 351095 ms, 44 runs generated
Run gen thread 24 351582 ms, 44 runs generated
Run gen thread 9 351854 ms, 44 runs generated
Run gen thread 30 352359 ms, 44 runs generated
Run gen thread 8 352904 ms, 44 runs generated
Run gen thread 15 353139 ms, 44 runs generated
Run gen thread 10 353166 ms, 44 runs generated
Run gen thread 7 353280 ms, 44 runs generated
Run gen thread 29 353384 ms, 44 runs generated
Run gen thread 22 354090 ms, 44 runs generated
Run gen thread 28 354172 ms, 44 runs generated
Run gen thread 16 354293 ms, 44 runs generated
Run gen thread 13 354491 ms, 44 runs generated
Run gen thread 18 354606 ms, 44 runs generated
Run gen thread 27 354661 ms, 44 runs generated
Run gen thread 26 354741 ms, 44 runs generated
Run gen thread 14 354879 ms, 44 runs generated
Run gen thread 12 355126 ms, 44 runs generated
Run gen thread 19 355153 ms, 44 runs generated
Run gen thread 23 355248 ms, 44 runs generated
Run gen thread 0 355267 ms, 44 runs generated
Run gen thread 25 355290 ms, 44 runs generated
Run gen thread 11 355326 ms, 44 runs generated
Run gen thread 17 355756 ms, 44 runs generated
Run gen thread 6 355834 ms, 44 runs generated
Run gen thread 21 355950 ms, 44 runs generated
Run gen thread 37 356012 ms, 44 runs generated
Run gen thread 5 356076 ms, 44 runs generated
Run gen thread 38 356199 ms, 44 runs generated
Run gen thread 33 356455 ms, 44 runs generated
Run gen thread 4 357250 ms, 44 runs generated
Run gen thread 31 357767 ms, 44 runs generated
Generated 1760 runs in 358202 ms
Multi-level merge: 2047 runs (including 287 dummies), F=1024, expected 2 merge operations
Merging 1024 runs using 32 threads
Merge phase took 96047 ms | Merged 1221511794 entries across 32 runs | Thread timing: min=75586 ms, max=96044 ms | Partition sizes: imbalance=1.19x
Merge 1/2: merging 1024 shortest runs (1221511794 total entries)
Merging 1024 runs using 32 threads
Merge phase took 223337 ms | Merged 3000028242 entries across 32 runs | Thread timing: min=172424 ms, max=223335 ms | Partition sizes: imbalance=1.19x
Merge 2/2: merging 1024 shortest runs (3000028242 total entries)
SortStats:
  Number of runs: 1760
  (R) time: 358202 ms
  (R) breakdown: load=0 ms, sort=353604 ms, store=0 ms
  (R) I/O stats: I/O Stats: Read Ops: 3194565, Read Bytes: 209358947685, Write Ops: 2156113, Write Bytes: 141301890560
  (M) time: 319384 ms
  Read amplification:
    Run generation writes: 141301890560 bytes (131.60 GB)
    Merge phase reads: 187950567424 bytes (175.04 GB)
    Read amplification factor: 1.33x
    Excess reads: 33.0% (sparse indexing overhead)
  Thread timing (merge pass 1):
    Min thread time: 75586 ms
    Max thread time: 96044 ms
    Avg thread time: 87753 ms
    Time imbalance factor (max/avg): 1.09x
    Thread times: [93719, 81346, 92554, 87755, 84610, 85079, 96044, 90124, 78109, 92636, 84207, 87826, 88484, 90304, 89383, 82734, 90150, 92245, 86137, 89223, 86779, 81962, 85244, 84573, 94019, 91785, 88503, 79764, 96031, 75586, 89658, 91529]
  Thread timing (merge pass 2):
    Min thread time: 172424 ms
    Max thread time: 223335 ms
    Avg thread time: 204593 ms
    Time imbalance factor (max/avg): 1.09x
    Thread times: [218722, 185028, 214907, 205178, 197656, 204760, 223335, 209962, 186067, 214057, 195374, 204689, 200630, 211213, 208070, 200270, 210150, 215341, 201700, 207132, 206379, 195209, 189966, 203100, 220088, 212902, 207268, 186732, 221629, 172424, 206319, 210710]
  Multi-level merge details:
    Total merge passes: 2
    Merge pass 1:
      Time: 96047 ms
      Output runs: 32
      I/O: read=56888.48 MiB, write=39733.81 MiB
      Partitions: 32, imbalance: 1.19x
    Merge pass 2:
      Time: 223337 ms
      Output runs: 32
      I/O: read=122355.15 MiB, write=90899.76 MiB
      Partitions: 32, imbalance: 1.19x

677.59s

  Cooling down for 30s before next run...
  Run 2/3: Starting sort with 40 parallel scanners for run generation
Run gen thread 39 339383 ms, 44 runs generated
Run gen thread 3 344313 ms, 44 runs generated
Run gen thread 28 345359 ms, 44 runs generated
Run gen thread 38 345560 ms, 44 runs generated
Run gen thread 32 346325 ms, 44 runs generated
Run gen thread 8 347152 ms, 44 runs generated
Run gen thread 6 349127 ms, 44 runs generated
Run gen thread 19 349310 ms, 44 runs generated
Run gen thread 7 349522 ms, 44 runs generated
Run gen thread 26 349574 ms, 44 runs generated
Run gen thread 2 349602 ms, 44 runs generated
Run gen thread 22 349659 ms, 44 runs generated
Run gen thread 36 349871 ms, 44 runs generated
Run gen thread 27 350067 ms, 44 runs generated
Run gen thread 25 350167 ms, 44 runs generated
Run gen thread 4 350175 ms, 44 runs generated
Run gen thread 23 350350 ms, 44 runs generated
Run gen thread 18 350566 ms, 44 runs generated
Run gen thread 21 350592 ms, 44 runs generated
Run gen thread 11 351157 ms, 44 runs generated
Run gen thread 10 351212 ms, 44 runs generated
Run gen thread 0 351274 ms, 44 runs generated
Run gen thread 20 351317 ms, 44 runs generated
Run gen thread 1 351527 ms, 44 runs generated
Run gen thread 37 351610 ms, 44 runs generated
Run gen thread 34 351724 ms, 44 runs generated
Run gen thread 15 351893 ms, 44 runs generated
Run gen thread 14 351932 ms, 44 runs generated
Run gen thread 24 352067 ms, 44 runs generated
Run gen thread 5 352167 ms, 44 runs generated
Run gen thread 31 352170 ms, 44 runs generated
Run gen thread 29 352229 ms, 44 runs generated
Run gen thread 33 352371 ms, 44 runs generated
Run gen thread 17 352381 ms, 44 runs generated
Run gen thread 35 352390 ms, 44 runs generated
Run gen thread 16 352520 ms, 44 runs generated
Run gen thread 30 353142 ms, 44 runs generated
Run gen thread 13 353599 ms, 44 runs generated
Run gen thread 9 353858 ms, 44 runs generated
Run gen thread 12 355052 ms, 44 runs generated
Generated 1760 runs in 355963 ms
Multi-level merge: 2047 runs (including 287 dummies), F=1024, expected 2 merge operations
Merging 1024 runs using 32 threads
Merge phase took 106922 ms | Merged 1221511794 entries across 32 runs | Thread timing: min=77880 ms, max=106918 ms | Partition sizes: imbalance=1.20x
Merge 1/2: merging 1024 shortest runs (1221511794 total entries)
Merging 1024 runs using 32 threads
Merge phase took 219185 ms | Merged 3000028242 entries across 32 runs | Thread timing: min=172143 ms, max=219175 ms | Partition sizes: imbalance=1.20x
Merge 2/2: merging 1024 shortest runs (3000028242 total entries)
SortStats:
  Number of runs: 1760
  (R) time: 355963 ms
  (R) breakdown: load=0 ms, sort=350356 ms, store=0 ms
  (R) I/O stats: I/O Stats: Read Ops: 3194565, Read Bytes: 209358947685, Write Ops: 2156113, Write Bytes: 141301890560
  (M) time: 326107 ms
  Read amplification:
    Run generation writes: 141301890560 bytes (131.60 GB)
    Merge phase reads: 187927426048 bytes (175.02 GB)
    Read amplification factor: 1.33x
    Excess reads: 33.0% (sparse indexing overhead)
  Thread timing (merge pass 1):
    Min thread time: 77880 ms
    Max thread time: 106918 ms
    Avg thread time: 92431 ms
    Time imbalance factor (max/avg): 1.16x
    Thread times: [106484, 78132, 101770, 100073, 87926, 89125, 84246, 101611, 85221, 99727, 81723, 90026, 102877, 89632, 104067, 79689, 106750, 80199, 93739, 104320, 77880, 91018, 90911, 89791, 93672, 103641, 82364, 106918, 81838, 103340, 86948, 82144]
  Thread timing (merge pass 2):
    Min thread time: 172143 ms
    Max thread time: 219175 ms
    Avg thread time: 197715 ms
    Time imbalance factor (max/avg): 1.11x
    Thread times: [214678, 172143, 211785, 212679, 196994, 201073, 180258, 210827, 182298, 206823, 181179, 195157, 207943, 193145, 211951, 179393, 214761, 183788, 203606, 212173, 174240, 195852, 198069, 199552, 212416, 213429, 175412, 219175, 182716, 211707, 189253, 182391]
  Multi-level merge details:
    Total merge passes: 2
    Merge pass 1:
      Time: 106922 ms
      Output runs: 32
      I/O: read=56879.05 MiB, write=39733.82 MiB
      Partitions: 32, imbalance: 1.20x
    Merge pass 2:
      Time: 219185 ms
      Output runs: 32
      I/O: read=122342.50 MiB, write=90899.89 MiB
      Partitions: 32, imbalance: 1.20x

682.07s

  Cooling down for 30s before next run...
  Run 3/3: Starting sort with 40 parallel scanners for run generation
Run gen thread 32 343311 ms, 44 runs generated
Run gen thread 20 343636 ms, 44 runs generated
Run gen thread 39 345315 ms, 44 runs generated
Run gen thread 34 345431 ms, 44 runs generated
Run gen thread 30 345618 ms, 44 runs generated
Run gen thread 25 346523 ms, 44 runs generated
Run gen thread 27 346832 ms, 44 runs generated
Run gen thread 35 348300 ms, 44 runs generated
Run gen thread 2 348417 ms, 44 runs generated
Run gen thread 22 348617 ms, 44 runs generated
Run gen thread 12 348638 ms, 44 runs generated
Run gen thread 16 348682 ms, 44 runs generated
Run gen thread 10 348936 ms, 44 runs generated
Run gen thread 31 348942 ms, 44 runs generated
Run gen thread 21 348991 ms, 44 runs generated
Run gen thread 28 349747 ms, 44 runs generated
Run gen thread 4 349793 ms, 44 runs generated
Run gen thread 3 349947 ms, 44 runs generated
Run gen thread 0 349966 ms, 44 runs generated
Run gen thread 19 350007 ms, 44 runs generated
Run gen thread 7 350207 ms, 44 runs generated
Run gen thread 11 350270 ms, 44 runs generated
Run gen thread 5 350412 ms, 44 runs generated
Run gen thread 33 350433 ms, 44 runs generated
Run gen thread 15 350516 ms, 44 runs generated
Run gen thread 38 351167 ms, 44 runs generated
Run gen thread 17 351370 ms, 44 runs generated
Run gen thread 36 351424 ms, 44 runs generated
Run gen thread 1 351503 ms, 44 runs generated
Run gen thread 14 351566 ms, 44 runs generated
Run gen thread 23 351699 ms, 44 runs generated
Run gen thread 24 351969 ms, 44 runs generated
Run gen thread 37 351973 ms, 44 runs generated
Run gen thread 6 352622 ms, 44 runs generated
Run gen thread 13 352950 ms, 44 runs generated
Run gen thread 18 353088 ms, 44 runs generated
Run gen thread 8 353095 ms, 44 runs generated
Run gen thread 9 353654 ms, 44 runs generated
Run gen thread 29 353745 ms, 44 runs generated
Run gen thread 26 353915 ms, 44 runs generated
Generated 1760 runs in 354421 ms
Multi-level merge: 2047 runs (including 287 dummies), F=1024, expected 2 merge operations
Merging 1024 runs using 32 threads
Merge phase took 101842 ms | Merged 1221511794 entries across 32 runs | Thread timing: min=74522 ms, max=101840 ms | Partition sizes: imbalance=1.28x
Merge 1/2: merging 1024 shortest runs (1221511794 total entries)
Merging 1024 runs using 32 threads
Merge phase took 222174 ms | Merged 3000028242 entries across 32 runs | Thread timing: min=162553 ms, max=222170 ms | Partition sizes: imbalance=1.28x
Merge 2/2: merging 1024 shortest runs (3000028242 total entries)
SortStats:
  Number of runs: 1760
  (R) time: 354421 ms
  (R) breakdown: load=0 ms, sort=349830 ms, store=0 ms
  (R) I/O stats: I/O Stats: Read Ops: 3194565, Read Bytes: 209358947685, Write Ops: 2156113, Write Bytes: 141301890560
  (M) time: 324016 ms
  Read amplification:
    Run generation writes: 141301890560 bytes (131.60 GB)
    Merge phase reads: 187928889856 bytes (175.02 GB)
    Read amplification factor: 1.33x
    Excess reads: 33.0% (sparse indexing overhead)
  Thread timing (merge pass 1):
    Min thread time: 74522 ms
    Max thread time: 101840 ms
    Avg thread time: 91044 ms
    Time imbalance factor (max/avg): 1.12x
    Thread times: [95591, 88594, 97051, 88162, 94040, 93592, 90515, 91620, 90048, 95527, 83735, 97376, 74522, 101053, 88371, 89017, 93242, 78965, 95237, 94991, 89945, 85891, 92168, 101840, 82425, 91951, 96037, 87155, 88266, 86752, 98877, 90846]
  Thread timing (merge pass 2):
    Min thread time: 162553 ms
    Max thread time: 222170 ms
    Avg thread time: 199474 ms
    Time imbalance factor (max/avg): 1.11x
    Thread times: [208294, 198405, 211358, 191630, 209899, 208746, 197794, 198530, 192015, 210617, 189527, 211103, 162553, 218143, 193115, 197158, 204505, 166863, 210543, 208172, 194394, 185725, 202048, 222170, 189296, 202381, 212303, 187354, 196192, 188881, 215117, 198323]
  Multi-level merge details:
    Total merge passes: 2
    Merge pass 1:
      Time: 101842 ms
      Output runs: 32
      I/O: read=56878.79 MiB, write=39733.85 MiB
      Partitions: 32, imbalance: 1.28x
    Merge pass 2:
      Time: 222174 ms
      Output runs: 32
      I/O: read=122344.17 MiB, write=90899.88 MiB
      Partitions: 32, imbalance: 1.28x

678.44s


================================================================================================================================================================
Benchmark Results Summary
================================================================================================================================================================
Config               Run Size   RG Runs    Gen Thr    Merge Thr  Total (s)  RunGen (s)   Merge (s)  Entries      Throughput       Read MB    Write MB  
                     (MB)                                                                                        (M entries/s)                         
----------------------------------------------------------------------------------------------------------------------------------------------------------------
Exp1.1_RunGen40_Merge32_Mem2GB[1] 51.2       1760       40         32         677.59       358.20     319.38     3000028242   4.43             378903.9   265389.6  
Exp1.1_RunGen40_Merge32_Mem2GB[2] 51.2       1760       40         32         682.07       355.96     326.11     3000028242   4.40             378881.8   265389.7  
Exp1.1_RunGen40_Merge32_Mem2GB[3] 51.2       1760       40         32         678.44       354.42     324.02     3000028242   4.42             378883.2   265389.7  
Exp1.1_RunGen40_Merge32_Mem2GB[avg] 51.2       1760       40         32         679.36       356.20     323.17     3000028242   4.42             378889.6   265389.6  
================================================================================================================================================================

================================================================================================================================================================
Merge Operations Summary (showing last 2 of 2 merge passes)
================================================================================================================================================================
Config               M1PAvg     M1PMax     M1Imbal    M1Slow       M1Fast       M2PAvg     M2PMax     M2Imbal    M2Slow       M2Fast      
----------------------------------------------------------------------------------------------------------------------------------------------------------------
Exp1.1_RunGen40_Merge32_Mem2GB[1] 38172243   45393497   1.19       96.05        96.05        93750882   111479143  1.19       223.34       223.34      
Exp1.1_RunGen40_Merge32_Mem2GB[2] 38172243   45936804   1.20       106.92       106.92       93750882   112804793  1.20       219.19       219.19      
Exp1.1_RunGen40_Merge32_Mem2GB[3] 38172243   48892629   1.28       101.84       101.84       93750882   120088369  1.28       222.17       222.17      
----------------------------------------------------------------------------------------------------------------------------------------------------------------
Exp1.1_RunGen40_Merge32_Mem2GB[avg] 38172243   46740976   1.22       106.92       96.05        93750882   114790768  1.22       223.34       219.19      
================================================================================================================================================================

================================================================================================================================================================
Detailed I/O Statistics
================================================================================================================================================================
Config               RG Read MB   RG Write MB  M1Read MB    M1Write MB   M2Read MB    M2Write MB  
----------------------------------------------------------------------------------------------------------------------------------------------------------------
Exp1.1_RunGen40_Merge32_Mem2GB[1] 199660.3     134756.0     56888.5      39733.8      122355.2     90899.8     
Exp1.1_RunGen40_Merge32_Mem2GB[2] 199660.3     134756.0     56879.1      39733.8      122342.5     90899.9     
Exp1.1_RunGen40_Merge32_Mem2GB[3] 199660.3     134756.0     56878.8      39733.8      122344.2     90899.9     
----------------------------------------------------------------------------------------------------------------------------------------------------------------
Exp1.1_RunGen40_Merge32_Mem2GB[avg] 199660.3     134756.0     56882.1      39733.8      122347.3     90899.8     
================================================================================================================================================================

====================================================================================================
Run Generation Time Breakdown
====================================================================================================
Config               RG Total s   Load s       Sort s       Store s     
----------------------------------------------------------------------------------------------------
Exp1.1_RunGen40_Merge32_Mem2GB[1] 358.20       0            353.604      0           
Exp1.1_RunGen40_Merge32_Mem2GB[2] 355.96       0            350.356      0           
Exp1.1_RunGen40_Merge32_Mem2GB[3] 354.42       0            349.83       0           
----------------------------------------------------------------------------------------------------
Exp1.1_RunGen40_Merge32_Mem2GB[avg] 356.20       0.00         351.26       0.00        
====================================================================================================
