warning: unused imports: `SeedableRng` and `rngs::SmallRng`
 --> src/fastzipf.rs:2:12
  |
2 | use rand::{SeedableRng, rngs::SmallRng};
  |            ^^^^^^^^^^^  ^^^^^^^^^^^^^^
  |
  = note: `#[warn(unused_imports)]` on by default

warning: unused import: `std::fmt`
 --> src/sketch/reservoir_sampler.rs:6:5
  |
6 | use std::fmt;
  |     ^^^^^^^^

warning: unused import: `crate::sketch::kll::KLL`
   --> src/sketch/reservoir_sampler.rs:190:9
    |
190 |     use crate::sketch::kll::KLL;
    |         ^^^^^^^^^^^^^^^^^^^^^^^

warning: unused import: `super::*`
   --> src/sketch/reservoir_sampler.rs:192:9
    |
192 |     use super::*;
    |         ^^^^^^^^

warning: unused import: `std::collections::HashMap`
   --> src/sketch/mod.rs:226:9
    |
226 |     use std::collections::HashMap;
    |         ^^^^^^^^^^^^^^^^^^^^^^^^^

warning: unused import: `super::kll::*`
   --> src/sketch/mod.rs:228:9
    |
228 |     use super::kll::*;
    |         ^^^^^^^^^^^^^

warning: unused import: `super::reservoir_sampler::*`
   --> src/sketch/mod.rs:229:9
    |
229 |     use super::reservoir_sampler::*;
    |         ^^^^^^^^^^^^^^^^^^^^^^^^^^^

warning: unused import: `super::*`
   --> src/sketch/mod.rs:230:9
    |
230 |     use super::*;
    |         ^^^^^^^^

warning: unused import: `Duration`
 --> src/sort/core/engine.rs:4:17
  |
4 | use std::time::{Duration, Instant, SystemTime, UNIX_EPOCH};
  |                 ^^^^^^^^

warning: function `compute_ovc_delta` is never used
    --> src/ovc/offset_value_coding.rs:1136:15
     |
1136 | pub(crate) fn compute_ovc_delta(prev_key: Option<&[u8]>, key: &[u8]) -> OVCU64 {
     |               ^^^^^^^^^^^^^^^^^
     |
     = note: `#[warn(dead_code)]` on by default

warning: `es` (lib) generated 10 warnings (run `cargo fix --lib -p es` to apply 9 suggestions)
    Finished `release` profile [optimized] target(s) in 0.21s
     Running `target/release/examples/lineitem_benchmark_cli -n Exp1.2_RunGen8_Merge40_Mem2GB -i lineitem_sf500.csv --run-gen-threads 8 --merge-threads 40 --run-size-mb 51.20 --merge-fanin 819 --warmup-runs 1 --benchmark-runs 3 --cooldown-seconds 30 --dir logs/lineitem_bench_2025-12-15_13-17-30/Exp1.2_RunGen8_Merge40_Mem2GB_tmp`
Using existing KVBin file: "./datasets/lineitem_sf500.k-8-9-13-14-15.v-0-3.kvbin"

=== BENCHMARK MODE ===
KVBin data: ./datasets/lineitem_sf500.k-8-9-13-14-15.v-0-3.kvbin, index: ./datasets/lineitem_sf500.k-8-9-13-14-15.v-0-3.kvbin.idx
Estimated data size: 199659.46 MB
Run generation threads: 8
Use OVC: true
Run size (MB): 51.20
Run generation memory (MB): 409.6
Merge threads: 40
Merge fan-in: 819
Merge memory (MB): 2047.5
Sketch type: kll
Sketch size: 200
Run indexing interval: 1000
Temporary directory: "logs/lineitem_bench_2025-12-15_13-17-30/Exp1.2_RunGen8_Merge40_Mem2GB_tmp"
Warmup runs: 1
Runs per configuration: 3
Cooldown between runs (s): 30
Verify output: false

Running benchmark for config: Exp1.2_RunGen8_Merge40_Mem2GB
Parameters: Run Gen Threads: 8, Use OVC: true, Run Size: 51.20 MB, Run Gen Memory: 409.6 MB, Merge Threads: 40, Merge Fanin: 819, Merge Memory: 2047.5 MB, Imbalance Factor: 1.0
================================================================================
  Performing 1 warmup run(s)...
    Warmup 1/1: Starting sort with 8 parallel scanners for run generation
Run gen thread 2 825184 ms, 217 runs generated
Run gen thread 1 826772 ms, 217 runs generated
Run gen thread 6 844636 ms, 217 runs generated
Run gen thread 0 849547 ms, 217 runs generated
Run gen thread 5 851482 ms, 217 runs generated
Run gen thread 3 856455 ms, 217 runs generated
Run gen thread 4 861705 ms, 217 runs generated
Run gen thread 7 864044 ms, 216 runs generated
Generated 1735 runs in 864060 ms
Multi-level merge: 2455 runs (including 720 dummies), F=819, expected 3 merge operations
Merging 819 runs using 40 threads
Merge phase took 15280 ms | Merged 156687610 entries across 40 runs | Thread timing: min=12580 ms, max=15274 ms | Partition sizes: imbalance=1.27x
Merge 1/3: merging 819 shortest runs (156687610 total entries)
Merging 819 runs using 40 threads
Merge phase took 110800 ms | Merged 1422684820 entries across 40 runs | Thread timing: min=77882 ms, max=110794 ms | Partition sizes: imbalance=1.27x
Merge 2/3: merging 819 shortest runs (1422684820 total entries)
Merging 819 runs using 40 threads
Merge phase took 198844 ms | Merged 3000028242 entries across 40 runs | Thread timing: min=144002 ms, max=198819 ms | Partition sizes: imbalance=1.27x
Merge 3/3: merging 819 shortest runs (3000028242 total entries)
1188.98s
  Warmup complete.

  Run 1/3: Starting sort with 8 parallel scanners for run generation
Run gen thread 2 811989 ms, 217 runs generated
Run gen thread 5 812572 ms, 217 runs generated
Run gen thread 1 846034 ms, 217 runs generated
Run gen thread 3 847507 ms, 217 runs generated
Run gen thread 7 847909 ms, 216 runs generated
Run gen thread 6 851257 ms, 217 runs generated
Run gen thread 4 852615 ms, 217 runs generated
Run gen thread 0 856411 ms, 217 runs generated
Generated 1735 runs in 856867 ms
Multi-level merge: 2455 runs (including 720 dummies), F=819, expected 3 merge operations
Merging 819 runs using 40 threads
Merge phase took 15457 ms | Merged 156687610 entries across 40 runs | Thread timing: min=11883 ms, max=15454 ms | Partition sizes: imbalance=1.31x
Merge 1/3: merging 819 shortest runs (156687610 total entries)
Merging 819 runs using 40 threads
Merge phase took 108011 ms | Merged 1422684820 entries across 40 runs | Thread timing: min=69458 ms, max=108009 ms | Partition sizes: imbalance=1.31x
Merge 2/3: merging 819 shortest runs (1422684820 total entries)
Merging 819 runs using 40 threads
Merge phase took 199438 ms | Merged 3000028242 entries across 40 runs | Thread timing: min=123463 ms, max=199432 ms | Partition sizes: imbalance=1.31x
Merge 3/3: merging 819 shortest runs (3000028242 total entries)
SortStats:
  Number of runs: 1735
  (R) time: 856867 ms
  (R) breakdown: load=0 ms, sort=840786 ms, store=0 ms
  (R) I/O stats: I/O Stats: Read Ops: 3194556, Read Bytes: 209358403429, Write Ops: 2155463, Write Bytes: 141260176896
  (M) time: 322906 ms
  Read amplification:
    Run generation writes: 141260176896 bytes (131.56 GB)
    Merge phase reads: 201433439744 bytes (187.60 GB)
    Read amplification factor: 1.43x
    Excess reads: 42.6% (sparse indexing overhead)
  Thread timing (merge pass 1):
    Min thread time: 11883 ms
    Max thread time: 15454 ms
    Avg thread time: 14301 ms
    Time imbalance factor (max/avg): 1.08x
  Thread timing (merge pass 2):
    Min thread time: 69458 ms
    Max thread time: 108009 ms
    Avg thread time: 94666 ms
    Time imbalance factor (max/avg): 1.14x
  Thread timing (merge pass 3):
    Min thread time: 123463 ms
    Max thread time: 199432 ms
    Avg thread time: 176156 ms
    Time imbalance factor (max/avg): 1.13x
  Multi-level merge details:
    Total merge passes: 3
    Merge pass 1:
      Time: 15457 ms
      Output runs: 40
      I/O: read=7375.15 MiB, write=5731.74 MiB
      Partitions: 40, imbalance: 1.31x
    Merge pass 2:
      Time: 108011 ms
      Output runs: 40
      I/O: read=66648.31 MiB, write=45788.54 MiB
      Partitions: 40, imbalance: 1.31x
    Merge pass 3:
      Time: 199438 ms
      Output runs: 40
      I/O: read=118078.43 MiB, write=90901.84 MiB
      Partitions: 40, imbalance: 1.31x

1179.77s

  Cooling down for 30s before next run...
  Run 2/3: Starting sort with 8 parallel scanners for run generation
Run gen thread 7 823286 ms, 216 runs generated
Run gen thread 4 828842 ms, 217 runs generated
Run gen thread 2 855097 ms, 217 runs generated
Run gen thread 0 860003 ms, 217 runs generated
Run gen thread 6 860279 ms, 217 runs generated
Run gen thread 3 860637 ms, 217 runs generated
Run gen thread 1 862829 ms, 217 runs generated
Run gen thread 5 867433 ms, 217 runs generated
Generated 1735 runs in 867599 ms
Multi-level merge: 2455 runs (including 720 dummies), F=819, expected 3 merge operations
Merging 819 runs using 40 threads
Merge phase took 14836 ms | Merged 156687610 entries across 40 runs | Thread timing: min=11935 ms, max=14834 ms | Partition sizes: imbalance=1.24x
Merge 1/3: merging 819 shortest runs (156687610 total entries)
Merging 819 runs using 40 threads
Merge phase took 108732 ms | Merged 1422684820 entries across 40 runs | Thread timing: min=77801 ms, max=108730 ms | Partition sizes: imbalance=1.25x
Merge 2/3: merging 819 shortest runs (1422684820 total entries)
Merging 819 runs using 40 threads
Merge phase took 196178 ms | Merged 3000028242 entries across 40 runs | Thread timing: min=141908 ms, max=196165 ms | Partition sizes: imbalance=1.25x
Merge 3/3: merging 819 shortest runs (3000028242 total entries)
SortStats:
  Number of runs: 1735
  (R) time: 867599 ms
  (R) breakdown: load=0 ms, sort=852300 ms, store=0 ms
  (R) I/O stats: I/O Stats: Read Ops: 3194556, Read Bytes: 209358403429, Write Ops: 2155463, Write Bytes: 141260176896
  (M) time: 319746 ms
  Read amplification:
    Run generation writes: 141260176896 bytes (131.56 GB)
    Merge phase reads: 201431708160 bytes (187.60 GB)
    Read amplification factor: 1.43x
    Excess reads: 42.6% (sparse indexing overhead)
  Thread timing (merge pass 1):
    Min thread time: 11935 ms
    Max thread time: 14834 ms
    Avg thread time: 13682 ms
    Time imbalance factor (max/avg): 1.08x
  Thread timing (merge pass 2):
    Min thread time: 77801 ms
    Max thread time: 108730 ms
    Avg thread time: 96402 ms
    Time imbalance factor (max/avg): 1.13x
  Thread timing (merge pass 3):
    Min thread time: 141908 ms
    Max thread time: 196165 ms
    Avg thread time: 177007 ms
    Time imbalance factor (max/avg): 1.11x
  Multi-level merge details:
    Total merge passes: 3
    Merge pass 1:
      Time: 14836 ms
      Output runs: 40
      I/O: read=7377.37 MiB, write=5731.75 MiB
      Partitions: 40, imbalance: 1.24x
    Merge pass 2:
      Time: 108732 ms
      Output runs: 40
      I/O: read=66652.00 MiB, write=45788.40 MiB
      Partitions: 40, imbalance: 1.25x
    Merge pass 3:
      Time: 196178 ms
      Output runs: 40
      I/O: read=118070.88 MiB, write=90901.94 MiB
      Partitions: 40, imbalance: 1.25x

1187.35s

  Cooling down for 30s before next run...
  Run 3/3: Starting sort with 8 parallel scanners for run generation
Run gen thread 4 824223 ms, 217 runs generated
Run gen thread 3 828454 ms, 217 runs generated
Run gen thread 6 854455 ms, 217 runs generated
Run gen thread 7 855034 ms, 216 runs generated
Run gen thread 1 855317 ms, 217 runs generated
Run gen thread 2 857790 ms, 217 runs generated
Run gen thread 5 858142 ms, 217 runs generated
Run gen thread 0 859217 ms, 217 runs generated
Generated 1735 runs in 859518 ms
Multi-level merge: 2455 runs (including 720 dummies), F=819, expected 3 merge operations
Merging 819 runs using 40 threads
Merge phase took 20776 ms | Merged 156687610 entries across 40 runs | Thread timing: min=18634 ms, max=20771 ms | Partition sizes: imbalance=1.24x
Merge 1/3: merging 819 shortest runs (156687610 total entries)
Merging 819 runs using 40 threads
Merge phase took 107038 ms | Merged 1422684820 entries across 40 runs | Thread timing: min=76792 ms, max=107036 ms | Partition sizes: imbalance=1.24x
Merge 2/3: merging 819 shortest runs (1422684820 total entries)
Merging 819 runs using 40 threads
Merge phase took 207754 ms | Merged 3000028242 entries across 40 runs | Thread timing: min=156005 ms, max=207744 ms | Partition sizes: imbalance=1.24x
Merge 3/3: merging 819 shortest runs (3000028242 total entries)
SortStats:
  Number of runs: 1735
  (R) time: 859518 ms
  (R) breakdown: load=0 ms, sort=849079 ms, store=0 ms
  (R) I/O stats: I/O Stats: Read Ops: 3194556, Read Bytes: 209358403429, Write Ops: 2155463, Write Bytes: 141260176896
  (M) time: 335568 ms
  Read amplification:
    Run generation writes: 141260176896 bytes (131.56 GB)
    Merge phase reads: 201420768768 bytes (187.59 GB)
    Read amplification factor: 1.43x
    Excess reads: 42.6% (sparse indexing overhead)
  Thread timing (merge pass 1):
    Min thread time: 18634 ms
    Max thread time: 20771 ms
    Avg thread time: 19898 ms
    Time imbalance factor (max/avg): 1.04x
  Thread timing (merge pass 2):
    Min thread time: 76792 ms
    Max thread time: 107036 ms
    Avg thread time: 94180 ms
    Time imbalance factor (max/avg): 1.14x
  Thread timing (merge pass 3):
    Min thread time: 156005 ms
    Max thread time: 207744 ms
    Avg thread time: 185070 ms
    Time imbalance factor (max/avg): 1.12x
  Multi-level merge details:
    Total merge passes: 3
    Merge pass 1:
      Time: 20776 ms
      Output runs: 40
      I/O: read=7372.76 MiB, write=5731.75 MiB
      Partitions: 40, imbalance: 1.24x
    Merge pass 2:
      Time: 107038 ms
      Output runs: 40
      I/O: read=66649.56 MiB, write=45787.98 MiB
      Partitions: 40, imbalance: 1.24x
    Merge pass 3:
      Time: 207754 ms
      Output runs: 40
      I/O: read=118067.49 MiB, write=90901.59 MiB
      Partitions: 40, imbalance: 1.24x

1195.09s


================================================================================================================================================================
Benchmark Results Summary
================================================================================================================================================================
Config               Run Size   RG Runs    Gen Thr    Merge Thr  Total (s)  RunGen (s)   Merge (s)  Entries      Throughput       Read MB    Write MB  
                     (MB)                                                                                        (M entries/s)                         
----------------------------------------------------------------------------------------------------------------------------------------------------------------
Exp1.2_RunGen8_Merge40_Mem2GB[1] 51.2       1735       8          40         1179.77      856.87     322.91     3000028242   2.54             391761.6   277138.3  
Exp1.2_RunGen8_Merge40_Mem2GB[2] 51.2       1735       8          40         1187.35      867.60     319.75     3000028242   2.53             391760.0   277138.3  
Exp1.2_RunGen8_Merge40_Mem2GB[3] 51.2       1735       8          40         1195.09      859.52     335.57     3000028242   2.51             391749.5   277137.5  
Exp1.2_RunGen8_Merge40_Mem2GB[avg] 51.2       1735       8          40         1187.40      861.33     326.07     3000028242   2.53             391757.1   277138.0  
================================================================================================================================================================

================================================================================================================================================================
Merge Operations Summary (showing last 3 of 3 merge passes)
================================================================================================================================================================
Config               M1PAvg     M1PMax     M1Imbal    M1Slow       M1Fast       M2PAvg     M2PMax     M2Imbal    M2Slow       M2Fast       M3PAvg     M3PMax     M3Imbal    M3Slow       M3Fast      
----------------------------------------------------------------------------------------------------------------------------------------------------------------
Exp1.2_RunGen8_Merge40_Mem2GB[1] 3917190    5148466    1.31       15.46        15.46        35567120   46702701   1.31       108.01       108.01       75000706   98483081   1.31       199.44       199.44      
Exp1.2_RunGen8_Merge40_Mem2GB[2] 3917190    4876461    1.24       14.84        14.84        35567120   44282937   1.25       108.73       108.73       75000706   93389989   1.25       196.18       196.18      
Exp1.2_RunGen8_Merge40_Mem2GB[3] 3917190    4845450    1.24       20.78        20.78        35567120   43982008   1.24       107.04       107.04       75000706   92761433   1.24       207.75       207.75      
----------------------------------------------------------------------------------------------------------------------------------------------------------------
Exp1.2_RunGen8_Merge40_Mem2GB[avg] 3917190    4956792    1.27       20.78        14.84        35567120   44989215   1.26       108.73       107.04       75000706   94878167   1.27       207.75       196.18      
================================================================================================================================================================

================================================================================================================================================================
Detailed I/O Statistics
================================================================================================================================================================
Config               RG Read MB   RG Write MB  M1Read MB    M1Write MB   M2Read MB    M2Write MB   M3Read MB    M3Write MB  
----------------------------------------------------------------------------------------------------------------------------------------------------------------
Exp1.2_RunGen8_Merge40_Mem2GB[1] 199659.7     134716.2     7375.2       5731.7       66648.3      45788.5      118078.4     90901.8     
Exp1.2_RunGen8_Merge40_Mem2GB[2] 199659.7     134716.2     7377.4       5731.8       66652.0      45788.4      118070.9     90901.9     
Exp1.2_RunGen8_Merge40_Mem2GB[3] 199659.7     134716.2     7372.8       5731.8       66649.6      45788.0      118067.5     90901.6     
----------------------------------------------------------------------------------------------------------------------------------------------------------------
Exp1.2_RunGen8_Merge40_Mem2GB[avg] 199659.7     134716.2     7375.1       5731.7       66650.0      45788.3      118072.3     90901.8     
================================================================================================================================================================

====================================================================================================
Run Generation Time Breakdown
====================================================================================================
Config               RG Total s   Load s       Sort s       Store s     
----------------------------------------------------------------------------------------------------
Exp1.2_RunGen8_Merge40_Mem2GB[1] 856.87       0            840.786      0           
Exp1.2_RunGen8_Merge40_Mem2GB[2] 867.60       0            852.3        0           
Exp1.2_RunGen8_Merge40_Mem2GB[3] 859.52       0            849.079      0           
----------------------------------------------------------------------------------------------------
Exp1.2_RunGen8_Merge40_Mem2GB[avg] 861.33       0.00         847.39       0.00        
====================================================================================================
