warning: unused imports: `SeedableRng` and `rngs::SmallRng`
 --> src/fastzipf.rs:2:12
  |
2 | use rand::{SeedableRng, rngs::SmallRng};
  |            ^^^^^^^^^^^  ^^^^^^^^^^^^^^
  |
  = note: `#[warn(unused_imports)]` on by default

warning: unused import: `std::fmt`
 --> src/sketch/reservoir_sampler.rs:6:5
  |
6 | use std::fmt;
  |     ^^^^^^^^

warning: unused import: `crate::sketch::kll::KLL`
   --> src/sketch/reservoir_sampler.rs:190:9
    |
190 |     use crate::sketch::kll::KLL;
    |         ^^^^^^^^^^^^^^^^^^^^^^^

warning: unused import: `super::*`
   --> src/sketch/reservoir_sampler.rs:192:9
    |
192 |     use super::*;
    |         ^^^^^^^^

warning: unused import: `std::collections::HashMap`
   --> src/sketch/mod.rs:226:9
    |
226 |     use std::collections::HashMap;
    |         ^^^^^^^^^^^^^^^^^^^^^^^^^

warning: unused import: `super::kll::*`
   --> src/sketch/mod.rs:228:9
    |
228 |     use super::kll::*;
    |         ^^^^^^^^^^^^^

warning: unused import: `super::reservoir_sampler::*`
   --> src/sketch/mod.rs:229:9
    |
229 |     use super::reservoir_sampler::*;
    |         ^^^^^^^^^^^^^^^^^^^^^^^^^^^

warning: unused import: `super::*`
   --> src/sketch/mod.rs:230:9
    |
230 |     use super::*;
    |         ^^^^^^^^

warning: unused import: `Duration`
 --> src/sort/core/engine.rs:4:17
  |
4 | use std::time::{Duration, Instant, SystemTime, UNIX_EPOCH};
  |                 ^^^^^^^^

warning: function `compute_ovc_delta` is never used
    --> src/ovc/offset_value_coding.rs:1136:15
     |
1136 | pub(crate) fn compute_ovc_delta(prev_key: Option<&[u8]>, key: &[u8]) -> OVCU64 {
     |               ^^^^^^^^^^^^^^^^^
     |
     = note: `#[warn(dead_code)]` on by default

warning: `es` (lib) generated 10 warnings (run `cargo fix --lib -p es` to apply 9 suggestions)
    Finished `release` profile [optimized] target(s) in 0.13s
     Running `target/release/examples/lineitem_benchmark_cli -n Exp1_Thr40_Mem2GB -i lineitem_sf500.csv --run-gen-threads 40 --merge-threads 40 --run-size-mb 51.20 --merge-fanin 819 --warmup-runs 1 --benchmark-runs 3 --cooldown-seconds 30 --dir logs/lineitem_bench_2025-12-08_23-43-15/Exp1_Thr40_Mem2GB_tmp`
Using existing KVBin file: "./datasets/lineitem_sf500.k-8-9-13-14-15.v-0-3.kvbin"

=== BENCHMARK MODE ===
KVBin data: ./datasets/lineitem_sf500.k-8-9-13-14-15.v-0-3.kvbin, index: ./datasets/lineitem_sf500.k-8-9-13-14-15.v-0-3.kvbin.idx
Estimated data size: 199659.46 MB
Run generation threads: 40
Use OVC: true
Run size (MB): 51.20
Run generation memory (MB): 2048.0
Merge threads: 40
Merge fan-in: 819
Merge memory (MB): 2047.5
Sketch type: kll
Sketch size: 200
Run indexing interval: 1000
Temporary directory: "logs/lineitem_bench_2025-12-08_23-43-15/Exp1_Thr40_Mem2GB_tmp"
Warmup runs: 1
Runs per configuration: 3
Cooldown between runs (s): 30
Verify output: false

Running benchmark for config: Exp1_Thr40_Mem2GB
Parameters: Run Gen Threads: 40, Use OVC: true, Run Size: 51.20 MB, Run Gen Memory: 2048.0 MB, Merge Threads: 40, Merge Fanin: 819, Merge Memory: 2047.5 MB, Imbalance Factor: 1.0
================================================================================
  Performing 1 warmup run(s)...
    Warmup 1/1: Starting sort with 40 parallel scanners for run generation
Run gen thread 39 388538 ms, 44 runs generated
Run gen thread 11 390940 ms, 44 runs generated
Run gen thread 23 390952 ms, 44 runs generated
Run gen thread 9 392343 ms, 44 runs generated
Run gen thread 19 392629 ms, 44 runs generated
Run gen thread 28 393357 ms, 44 runs generated
Run gen thread 34 393529 ms, 44 runs generated
Run gen thread 20 394408 ms, 44 runs generated
Run gen thread 7 394416 ms, 44 runs generated
Run gen thread 27 394695 ms, 44 runs generated
Run gen thread 18 394812 ms, 44 runs generated
Run gen thread 38 394935 ms, 44 runs generated
Run gen thread 36 395213 ms, 44 runs generated
Run gen thread 14 395237 ms, 44 runs generated
Run gen thread 3 395253 ms, 44 runs generated
Run gen thread 33 396335 ms, 44 runs generated
Run gen thread 4 396388 ms, 44 runs generated
Run gen thread 8 396663 ms, 44 runs generated
Run gen thread 24 397729 ms, 44 runs generated
Run gen thread 13 397823 ms, 44 runs generated
Run gen thread 30 397857 ms, 44 runs generated
Run gen thread 31 398621 ms, 44 runs generated
Run gen thread 16 398680 ms, 44 runs generated
Run gen thread 2 398778 ms, 44 runs generated
Run gen thread 5 398914 ms, 44 runs generated
Run gen thread 29 399384 ms, 44 runs generated
Run gen thread 22 399757 ms, 44 runs generated
Run gen thread 15 399824 ms, 44 runs generated
Run gen thread 12 399911 ms, 44 runs generated
Run gen thread 1 399919 ms, 44 runs generated
Run gen thread 10 400010 ms, 44 runs generated
Run gen thread 6 400298 ms, 44 runs generated
Run gen thread 26 400481 ms, 44 runs generated
Run gen thread 17 400789 ms, 44 runs generated
Run gen thread 21 400914 ms, 44 runs generated
Run gen thread 32 400981 ms, 44 runs generated
Run gen thread 35 401091 ms, 44 runs generated
Run gen thread 25 401155 ms, 44 runs generated
Run gen thread 37 402165 ms, 44 runs generated
Run gen thread 0 402664 ms, 44 runs generated
Generated 1760 runs in 403576 ms
Multi-level merge: 2455 runs (including 695 dummies), F=819, expected 3 merge operations
Merging 819 runs using 40 threads
Merge phase took 14716 ms | Merged 157770318 entries across 40 runs | Thread timing: min=10508 ms, max=14714 ms | Partition sizes: imbalance=1.31x
Merge 1/3: merging 819 shortest runs (157770318 total entries)
Merging 819 runs using 40 threads
Merge phase took 117321 ms | Merged 1421686959 entries across 40 runs | Thread timing: min=65274 ms, max=117317 ms | Partition sizes: imbalance=1.29x
Merge 2/3: merging 819 shortest runs (1421686959 total entries)
Merging 819 runs using 40 threads
Merge phase took 205029 ms | Merged 3000028242 entries across 40 runs | Thread timing: min=116450 ms, max=205005 ms | Partition sizes: imbalance=1.29x
Merge 3/3: merging 819 shortest runs (3000028242 total entries)
740.64s
  Warmup complete.

  Run 1/3: Starting sort with 40 parallel scanners for run generation
Run gen thread 39 356672 ms, 44 runs generated
Run gen thread 22 357037 ms, 44 runs generated
Run gen thread 37 358149 ms, 44 runs generated
Run gen thread 28 358775 ms, 44 runs generated
Run gen thread 25 358806 ms, 44 runs generated
Run gen thread 19 359281 ms, 44 runs generated
Run gen thread 21 359482 ms, 44 runs generated
Run gen thread 4 359641 ms, 44 runs generated
Run gen thread 30 359763 ms, 44 runs generated
Run gen thread 35 360213 ms, 44 runs generated
Run gen thread 18 360651 ms, 44 runs generated
Run gen thread 15 360921 ms, 44 runs generated
Run gen thread 31 360987 ms, 44 runs generated
Run gen thread 24 361010 ms, 44 runs generated
Run gen thread 16 361182 ms, 44 runs generated
Run gen thread 6 361257 ms, 44 runs generated
Run gen thread 32 361672 ms, 44 runs generated
Run gen thread 23 361835 ms, 44 runs generated
Run gen thread 14 361987 ms, 44 runs generated
Run gen thread 36 362412 ms, 44 runs generated
Run gen thread 26 362479 ms, 44 runs generated
Run gen thread 2 362698 ms, 44 runs generated
Run gen thread 0 362855 ms, 44 runs generated
Run gen thread 33 363229 ms, 44 runs generated
Run gen thread 27 363294 ms, 44 runs generated
Run gen thread 13 363362 ms, 44 runs generated
Run gen thread 7 363695 ms, 44 runs generated
Run gen thread 38 363743 ms, 44 runs generated
Run gen thread 10 363889 ms, 44 runs generated
Run gen thread 1 364045 ms, 44 runs generated
Run gen thread 20 364148 ms, 44 runs generated
Run gen thread 12 364161 ms, 44 runs generated
Run gen thread 8 364194 ms, 44 runs generated
Run gen thread 5 364327 ms, 44 runs generated
Run gen thread 29 364333 ms, 44 runs generated
Run gen thread 17 364517 ms, 44 runs generated
Run gen thread 3 364547 ms, 44 runs generated
Run gen thread 11 364769 ms, 44 runs generated
Run gen thread 34 364776 ms, 44 runs generated
Run gen thread 9 366338 ms, 44 runs generated
Generated 1760 runs in 367141 ms
Multi-level merge: 2455 runs (including 695 dummies), F=819, expected 3 merge operations
Merging 819 runs using 40 threads
Merge phase took 14756 ms | Merged 157770318 entries across 40 runs | Thread timing: min=11383 ms, max=14754 ms | Partition sizes: imbalance=1.23x
Merge 1/3: merging 819 shortest runs (157770318 total entries)
Merging 819 runs using 40 threads
Merge phase took 113526 ms | Merged 1421686959 entries across 40 runs | Thread timing: min=72732 ms, max=113523 ms | Partition sizes: imbalance=1.24x
Merge 2/3: merging 819 shortest runs (1421686959 total entries)
Merging 819 runs using 40 threads
Merge phase took 215660 ms | Merged 3000028242 entries across 40 runs | Thread timing: min=132739 ms, max=215651 ms | Partition sizes: imbalance=1.23x
Merge 3/3: merging 819 shortest runs (3000028242 total entries)
SortStats:
  Number of runs: 1760
  (R) time: 367141 ms
  (R) breakdown: load=0 ms, sort=362028 ms, store=0 ms
  (R) I/O stats: I/O Stats: Read Ops: 3194565, Read Bytes: 209358947685, Write Ops: 2156113, Write Bytes: 141301890560
  (M) time: 343942 ms
  Read amplification:
    Run generation writes: 141301890560 bytes (131.60 GB)
    Merge phase reads: 201563585024 bytes (187.72 GB)
    Read amplification factor: 1.43x
    Excess reads: 42.6% (sparse indexing overhead)
  Thread timing (merge pass 1):
    Min thread time: 11383 ms
    Max thread time: 14754 ms
    Avg thread time: 13733 ms
    Time imbalance factor (max/avg): 1.07x
  Thread timing (merge pass 2):
    Min thread time: 72732 ms
    Max thread time: 113523 ms
    Avg thread time: 102221 ms
    Time imbalance factor (max/avg): 1.11x
  Thread timing (merge pass 3):
    Min thread time: 132739 ms
    Max thread time: 215651 ms
    Avg thread time: 193073 ms
    Time imbalance factor (max/avg): 1.12x
  Multi-level merge details:
    Total merge passes: 3
    Merge pass 1:
      Time: 14756 ms
      Output runs: 40
      I/O: read=7540.95 MiB, write=5768.90 MiB
      Partitions: 40, imbalance: 1.23x
    Merge pass 2:
      Time: 113526 ms
      Output runs: 40
      I/O: read=66605.50 MiB, write=45761.78 MiB
      Partitions: 40, imbalance: 1.24x
    Merge pass 3:
      Time: 215660 ms
      Output runs: 40
      I/O: read=118079.56 MiB, write=90899.82 MiB
      Partitions: 40, imbalance: 1.23x

711.08s

  Cooling down for 30s before next run...
  Run 2/3: Starting sort with 40 parallel scanners for run generation
Run gen thread 39 359797 ms, 44 runs generated
Run gen thread 15 363990 ms, 44 runs generated
Run gen thread 24 365351 ms, 44 runs generated
Run gen thread 9 365564 ms, 44 runs generated
Run gen thread 1 365598 ms, 44 runs generated
Run gen thread 26 366129 ms, 44 runs generated
Run gen thread 0 366242 ms, 44 runs generated
Run gen thread 16 366414 ms, 44 runs generated
Run gen thread 10 366918 ms, 44 runs generated
Run gen thread 19 367446 ms, 44 runs generated
Run gen thread 7 367471 ms, 44 runs generated
Run gen thread 2 367554 ms, 44 runs generated
Run gen thread 5 367617 ms, 44 runs generated
Run gen thread 25 368213 ms, 44 runs generated
Run gen thread 38 368332 ms, 44 runs generated
Run gen thread 14 368469 ms, 44 runs generated
Run gen thread 21 368555 ms, 44 runs generated
Run gen thread 8 368746 ms, 44 runs generated
Run gen thread 31 368762 ms, 44 runs generated
Run gen thread 32 369467 ms, 44 runs generated
Run gen thread 35 369590 ms, 44 runs generated
Run gen thread 36 369805 ms, 44 runs generated
Run gen thread 4 370088 ms, 44 runs generated
Run gen thread 33 370112 ms, 44 runs generated
Run gen thread 18 370529 ms, 44 runs generated
Run gen thread 29 370676 ms, 44 runs generated
Run gen thread 12 370717 ms, 44 runs generated
Run gen thread 20 370847 ms, 44 runs generated
Run gen thread 37 371027 ms, 44 runs generated
Run gen thread 34 371037 ms, 44 runs generated
Run gen thread 23 371192 ms, 44 runs generated
Run gen thread 27 371262 ms, 44 runs generated
Run gen thread 11 371575 ms, 44 runs generated
Run gen thread 17 371755 ms, 44 runs generated
Run gen thread 30 371897 ms, 44 runs generated
Run gen thread 28 371973 ms, 44 runs generated
Run gen thread 6 371983 ms, 44 runs generated
Run gen thread 3 372069 ms, 44 runs generated
Run gen thread 13 372521 ms, 44 runs generated
Run gen thread 22 372642 ms, 44 runs generated
Generated 1760 runs in 373001 ms
Multi-level merge: 2455 runs (including 695 dummies), F=819, expected 3 merge operations
Merging 819 runs using 40 threads
Merge phase took 15630 ms | Merged 157770318 entries across 40 runs | Thread timing: min=12549 ms, max=15628 ms | Partition sizes: imbalance=1.28x
Merge 1/3: merging 819 shortest runs (157770318 total entries)
Merging 819 runs using 40 threads
Merge phase took 113983 ms | Merged 1421686959 entries across 40 runs | Thread timing: min=83500 ms, max=113968 ms | Partition sizes: imbalance=1.29x
Merge 2/3: merging 819 shortest runs (1421686959 total entries)
Merging 819 runs using 40 threads
Merge phase took 209751 ms | Merged 3000028242 entries across 40 runs | Thread timing: min=150894 ms, max=209748 ms | Partition sizes: imbalance=1.29x
Merge 3/3: merging 819 shortest runs (3000028242 total entries)
SortStats:
  Number of runs: 1760
  (R) time: 373001 ms
  (R) breakdown: load=0 ms, sort=368998 ms, store=0 ms
  (R) I/O stats: I/O Stats: Read Ops: 3194565, Read Bytes: 209358947685, Write Ops: 2156113, Write Bytes: 141301890560
  (M) time: 339364 ms
  Read amplification:
    Run generation writes: 141301890560 bytes (131.60 GB)
    Merge phase reads: 201574445568 bytes (187.73 GB)
    Read amplification factor: 1.43x
    Excess reads: 42.7% (sparse indexing overhead)
  Thread timing (merge pass 1):
    Min thread time: 12549 ms
    Max thread time: 15628 ms
    Avg thread time: 14468 ms
    Time imbalance factor (max/avg): 1.08x
  Thread timing (merge pass 2):
    Min thread time: 83500 ms
    Max thread time: 113968 ms
    Avg thread time: 102537 ms
    Time imbalance factor (max/avg): 1.11x
  Thread timing (merge pass 3):
    Min thread time: 150894 ms
    Max thread time: 209748 ms
    Avg thread time: 188071 ms
    Time imbalance factor (max/avg): 1.12x
  Multi-level merge details:
    Total merge passes: 3
    Merge pass 1:
      Time: 15630 ms
      Output runs: 40
      I/O: read=7543.70 MiB, write=5768.90 MiB
      Partitions: 40, imbalance: 1.28x
    Merge pass 2:
      Time: 113983 ms
      Output runs: 40
      I/O: read=66609.19 MiB, write=45761.83 MiB
      Partitions: 40, imbalance: 1.29x
    Merge pass 3:
      Time: 209751 ms
      Output runs: 40
      I/O: read=118083.49 MiB, write=90899.94 MiB
      Partitions: 40, imbalance: 1.29x

712.37s

  Cooling down for 30s before next run...
  Run 3/3: Starting sort with 40 parallel scanners for run generation
Run gen thread 28 362766 ms, 44 runs generated
Run gen thread 6 364230 ms, 44 runs generated
Run gen thread 39 364233 ms, 44 runs generated
Run gen thread 37 365644 ms, 44 runs generated
Run gen thread 22 367549 ms, 44 runs generated
Run gen thread 35 367592 ms, 44 runs generated
Run gen thread 9 367634 ms, 44 runs generated
Run gen thread 32 368027 ms, 44 runs generated
Run gen thread 20 368153 ms, 44 runs generated
Run gen thread 13 368305 ms, 44 runs generated
Run gen thread 24 368329 ms, 44 runs generated
Run gen thread 7 369109 ms, 44 runs generated
Run gen thread 10 369345 ms, 44 runs generated
Run gen thread 33 369879 ms, 44 runs generated
Run gen thread 30 370056 ms, 44 runs generated
Run gen thread 5 370104 ms, 44 runs generated
Run gen thread 8 370433 ms, 44 runs generated
Run gen thread 19 370532 ms, 44 runs generated
Run gen thread 12 370665 ms, 44 runs generated
Run gen thread 15 371306 ms, 44 runs generated
Run gen thread 26 371336 ms, 44 runs generated
Run gen thread 17 371364 ms, 44 runs generated
Run gen thread 3 371416 ms, 44 runs generated
Run gen thread 31 371788 ms, 44 runs generated
Run gen thread 29 371925 ms, 44 runs generated
Run gen thread 21 372350 ms, 44 runs generated
Run gen thread 27 372928 ms, 44 runs generated
Run gen thread 16 373014 ms, 44 runs generated
Run gen thread 0 373228 ms, 44 runs generated
Run gen thread 34 373354 ms, 44 runs generated
Run gen thread 36 373478 ms, 44 runs generated
Run gen thread 4 373682 ms, 44 runs generated
Run gen thread 11 373986 ms, 44 runs generated
Run gen thread 1 374078 ms, 44 runs generated
Run gen thread 23 374796 ms, 44 runs generated
Run gen thread 18 375294 ms, 44 runs generated
Run gen thread 25 375591 ms, 44 runs generated
Run gen thread 2 375761 ms, 44 runs generated
Run gen thread 14 375911 ms, 44 runs generated
Run gen thread 38 376067 ms, 44 runs generated
Generated 1760 runs in 377029 ms
Multi-level merge: 2455 runs (including 695 dummies), F=819, expected 3 merge operations
Merging 819 runs using 40 threads
Merge phase took 14542 ms | Merged 157770318 entries across 40 runs | Thread timing: min=12256 ms, max=14536 ms | Partition sizes: imbalance=1.27x
Merge 1/3: merging 819 shortest runs (157770318 total entries)
Merging 819 runs using 40 threads
Merge phase took 114809 ms | Merged 1421686959 entries across 40 runs | Thread timing: min=79653 ms, max=114798 ms | Partition sizes: imbalance=1.24x
Merge 2/3: merging 819 shortest runs (1421686959 total entries)
Merging 819 runs using 40 threads
Merge phase took 228046 ms | Merged 3000028242 entries across 40 runs | Thread timing: min=171778 ms, max=228039 ms | Partition sizes: imbalance=1.24x
Merge 3/3: merging 819 shortest runs (3000028242 total entries)
SortStats:
  Number of runs: 1760
  (R) time: 377029 ms
  (R) breakdown: load=0 ms, sort=370880 ms, store=0 ms
  (R) I/O stats: I/O Stats: Read Ops: 3194565, Read Bytes: 209358947685, Write Ops: 2156113, Write Bytes: 141301890560
  (M) time: 357397 ms
  Read amplification:
    Run generation writes: 141301890560 bytes (131.60 GB)
    Merge phase reads: 201586320896 bytes (187.74 GB)
    Read amplification factor: 1.43x
    Excess reads: 42.7% (sparse indexing overhead)
  Thread timing (merge pass 1):
    Min thread time: 12256 ms
    Max thread time: 14536 ms
    Avg thread time: 13534 ms
    Time imbalance factor (max/avg): 1.07x
  Thread timing (merge pass 2):
    Min thread time: 79653 ms
    Max thread time: 114798 ms
    Avg thread time: 103300 ms
    Time imbalance factor (max/avg): 1.11x
  Thread timing (merge pass 3):
    Min thread time: 171778 ms
    Max thread time: 228039 ms
    Avg thread time: 206570 ms
    Time imbalance factor (max/avg): 1.10x
  Multi-level merge details:
    Total merge passes: 3
    Merge pass 1:
      Time: 14542 ms
      Output runs: 40
      I/O: read=7547.11 MiB, write=5768.90 MiB
      Partitions: 40, imbalance: 1.27x
    Merge pass 2:
      Time: 114809 ms
      Output runs: 40
      I/O: read=66616.88 MiB, write=45761.78 MiB
      Partitions: 40, imbalance: 1.24x
    Merge pass 3:
      Time: 228046 ms
      Output runs: 40
      I/O: read=118083.71 MiB, write=90899.69 MiB
      Partitions: 40, imbalance: 1.24x

734.43s


================================================================================================================================================================
Benchmark Results Summary
================================================================================================================================================================
Config               Run Size   RG Runs    Gen Thr    Merge Thr  Total (s)  RunGen (s)   Merge (s)  Entries      Throughput       Read MB    Write MB  
                     (MB)                                                                                        (M entries/s)                         
----------------------------------------------------------------------------------------------------------------------------------------------------------------
Exp1_Thr40_Mem2GB[1] 51.2       1760       40         40         711.08       367.14     343.94     3000028242   4.22             391886.3   277186.5  
Exp1_Thr40_Mem2GB[2] 51.2       1760       40         40         712.37       373.00     339.36     3000028242   4.21             391896.6   277186.7  
Exp1_Thr40_Mem2GB[3] 51.2       1760       40         40         734.43       377.03     357.40     3000028242   4.08             391907.9   277186.3  
Exp1_Thr40_Mem2GB[avg] 51.2       1760       40         40         719.29       372.39     346.90     3000028242   4.17             391896.9   277186.5  
================================================================================================================================================================

================================================================================================================================================================
Merge Operations Summary (showing last 3 of 3 merge passes)
================================================================================================================================================================
Config               M1PAvg     M1PMax     M1Imbal    M1Slow       M1Fast       M2PAvg     M2PMax     M2Imbal    M2Slow       M2Fast       M3PAvg     M3PMax     M3Imbal    M3Slow       M3Fast      
----------------------------------------------------------------------------------------------------------------------------------------------------------------
Exp1_Thr40_Mem2GB[1] 3944257    4851298    1.23       14.76        14.76        35542173   43897259   1.24       113.53       113.53       75000706   92546898   1.23       215.66       215.66      
Exp1_Thr40_Mem2GB[2] 3944257    5057270    1.28       15.63        15.63        35542173   45933980   1.29       113.98       113.98       75000706   96844045   1.29       209.75       209.75      
Exp1_Thr40_Mem2GB[3] 3944257    5004805    1.27       14.54        14.54        35542173   44067492   1.24       114.81       114.81       75000706   93216417   1.24       228.05       228.05      
----------------------------------------------------------------------------------------------------------------------------------------------------------------
Exp1_Thr40_Mem2GB[avg] 3944257    4971124    1.26       15.63        14.54        35542173   44632910   1.26       114.81       113.53       75000706   94202453   1.26       228.05       209.75      
================================================================================================================================================================

================================================================================================================================================================
Detailed I/O Statistics
================================================================================================================================================================
Config               RG Read MB   RG Write MB  M1Read MB    M1Write MB   M2Read MB    M2Write MB   M3Read MB    M3Write MB  
----------------------------------------------------------------------------------------------------------------------------------------------------------------
Exp1_Thr40_Mem2GB[1] 199660.3     134756.0     7541.0       5768.9       66605.5      45761.8      118079.6     90899.8     
Exp1_Thr40_Mem2GB[2] 199660.3     134756.0     7543.7       5768.9       66609.2      45761.8      118083.5     90899.9     
Exp1_Thr40_Mem2GB[3] 199660.3     134756.0     7547.1       5768.9       66616.9      45761.8      118083.7     90899.7     
----------------------------------------------------------------------------------------------------------------------------------------------------------------
Exp1_Thr40_Mem2GB[avg] 199660.3     134756.0     7543.9       5768.9       66610.5      45761.8      118082.3     90899.8     
================================================================================================================================================================

====================================================================================================
Run Generation Time Breakdown
====================================================================================================
Config               RG Total s   Load s       Sort s       Store s     
----------------------------------------------------------------------------------------------------
Exp1_Thr40_Mem2GB[1] 367.14       0            362.028      0           
Exp1_Thr40_Mem2GB[2] 373.00       0            368.998      0           
Exp1_Thr40_Mem2GB[3] 377.03       0            370.88       0           
----------------------------------------------------------------------------------------------------
Exp1_Thr40_Mem2GB[avg] 372.39       0.00         367.30       0.00        
====================================================================================================
