warning: unused imports: `SeedableRng` and `rngs::SmallRng`
 --> src/fastzipf.rs:2:12
  |
2 | use rand::{SeedableRng, rngs::SmallRng};
  |            ^^^^^^^^^^^  ^^^^^^^^^^^^^^
  |
  = note: `#[warn(unused_imports)]` on by default

warning: unused import: `std::fmt`
 --> src/sketch/reservoir_sampler.rs:6:5
  |
6 | use std::fmt;
  |     ^^^^^^^^

warning: unused import: `crate::sketch::kll::KLL`
   --> src/sketch/reservoir_sampler.rs:190:9
    |
190 |     use crate::sketch::kll::KLL;
    |         ^^^^^^^^^^^^^^^^^^^^^^^

warning: unused import: `super::*`
   --> src/sketch/reservoir_sampler.rs:192:9
    |
192 |     use super::*;
    |         ^^^^^^^^

warning: unused import: `std::collections::HashMap`
   --> src/sketch/mod.rs:226:9
    |
226 |     use std::collections::HashMap;
    |         ^^^^^^^^^^^^^^^^^^^^^^^^^

warning: unused import: `super::kll::*`
   --> src/sketch/mod.rs:228:9
    |
228 |     use super::kll::*;
    |         ^^^^^^^^^^^^^

warning: unused import: `super::reservoir_sampler::*`
   --> src/sketch/mod.rs:229:9
    |
229 |     use super::reservoir_sampler::*;
    |         ^^^^^^^^^^^^^^^^^^^^^^^^^^^

warning: unused import: `super::*`
   --> src/sketch/mod.rs:230:9
    |
230 |     use super::*;
    |         ^^^^^^^^

warning: unused import: `Duration`
 --> src/sort/core/engine.rs:4:17
  |
4 | use std::time::{Duration, Instant, SystemTime, UNIX_EPOCH};
  |                 ^^^^^^^^

warning: function `compute_ovc_delta` is never used
    --> src/ovc/offset_value_coding.rs:1136:15
     |
1136 | pub(crate) fn compute_ovc_delta(prev_key: Option<&[u8]>, key: &[u8]) -> OVCU64 {
     |               ^^^^^^^^^^^^^^^^^
     |
     = note: `#[warn(dead_code)]` on by default

warning: `es` (lib) generated 10 warnings (run `cargo fix --lib -p es` to apply 9 suggestions)
    Finished `release` profile [optimized] target(s) in 0.20s
     Running `target/release/examples/lineitem_benchmark_cli -n Exp1.2_RunGen32_Merge40_Mem2GB -i lineitem_sf500.csv --run-gen-threads 32 --merge-threads 40 --run-size-mb 51.20 --merge-fanin 819 --warmup-runs 1 --benchmark-runs 3 --cooldown-seconds 30 --dir logs/lineitem_bench_2025-12-15_13-17-30/Exp1.2_RunGen32_Merge40_Mem2GB_tmp`
Using existing KVBin file: "./datasets/lineitem_sf500.k-8-9-13-14-15.v-0-3.kvbin"

=== BENCHMARK MODE ===
KVBin data: ./datasets/lineitem_sf500.k-8-9-13-14-15.v-0-3.kvbin, index: ./datasets/lineitem_sf500.k-8-9-13-14-15.v-0-3.kvbin.idx
Estimated data size: 199659.46 MB
Run generation threads: 32
Use OVC: true
Run size (MB): 51.20
Run generation memory (MB): 1638.4
Merge threads: 40
Merge fan-in: 819
Merge memory (MB): 2047.5
Sketch type: kll
Sketch size: 200
Run indexing interval: 1000
Temporary directory: "logs/lineitem_bench_2025-12-15_13-17-30/Exp1.2_RunGen32_Merge40_Mem2GB_tmp"
Warmup runs: 1
Runs per configuration: 3
Cooldown between runs (s): 30
Verify output: false

Running benchmark for config: Exp1.2_RunGen32_Merge40_Mem2GB
Parameters: Run Gen Threads: 32, Use OVC: true, Run Size: 51.20 MB, Run Gen Memory: 1638.4 MB, Merge Threads: 40, Merge Fanin: 819, Merge Memory: 2047.5 MB, Imbalance Factor: 1.0
================================================================================
  Performing 1 warmup run(s)...
    Warmup 1/1: Starting sort with 32 parallel scanners for run generation
Run gen thread 29 404084 ms, 55 runs generated
Run gen thread 4 404526 ms, 55 runs generated
Run gen thread 26 406123 ms, 55 runs generated
Run gen thread 31 406298 ms, 54 runs generated
Run gen thread 7 406963 ms, 55 runs generated
Run gen thread 15 407188 ms, 55 runs generated
Run gen thread 30 408001 ms, 55 runs generated
Run gen thread 24 408035 ms, 55 runs generated
Run gen thread 6 408294 ms, 55 runs generated
Run gen thread 8 408637 ms, 55 runs generated
Run gen thread 2 408743 ms, 55 runs generated
Run gen thread 17 410176 ms, 55 runs generated
Run gen thread 9 410453 ms, 55 runs generated
Run gen thread 3 410689 ms, 55 runs generated
Run gen thread 12 410926 ms, 55 runs generated
Run gen thread 14 411012 ms, 55 runs generated
Run gen thread 21 411341 ms, 55 runs generated
Run gen thread 0 411354 ms, 55 runs generated
Run gen thread 5 411445 ms, 55 runs generated
Run gen thread 23 411588 ms, 55 runs generated
Run gen thread 25 412107 ms, 55 runs generated
Run gen thread 16 412978 ms, 55 runs generated
Run gen thread 11 413223 ms, 55 runs generated
Run gen thread 13 414336 ms, 55 runs generated
Run gen thread 20 414885 ms, 55 runs generated
Run gen thread 27 415110 ms, 55 runs generated
Run gen thread 28 415408 ms, 55 runs generated
Run gen thread 18 416080 ms, 55 runs generated
Run gen thread 19 416090 ms, 55 runs generated
Run gen thread 22 416426 ms, 55 runs generated
Run gen thread 10 416504 ms, 55 runs generated
Run gen thread 1 417428 ms, 55 runs generated
Generated 1759 runs in 418209 ms
Multi-level merge: 2455 runs (including 696 dummies), F=819, expected 3 merge operations
Merging 819 runs using 40 threads
Merge phase took 14697 ms | Merged 157181484 entries across 40 runs | Thread timing: min=11808 ms, max=14695 ms | Partition sizes: imbalance=1.19x
Merge 1/3: merging 819 shortest runs (157181484 total entries)
Merging 819 runs using 40 threads
Merge phase took 105444 ms | Merged 1422246284 entries across 40 runs | Thread timing: min=69430 ms, max=105441 ms | Partition sizes: imbalance=1.19x
Merge 2/3: merging 819 shortest runs (1422246284 total entries)
Merging 819 runs using 40 threads
Merge phase took 195067 ms | Merged 3000028242 entries across 40 runs | Thread timing: min=132968 ms, max=195061 ms | Partition sizes: imbalance=1.19x
Merge 3/3: merging 819 shortest runs (3000028242 total entries)
733.42s
  Warmup complete.

  Run 1/3: Starting sort with 32 parallel scanners for run generation
Run gen thread 30 382926 ms, 55 runs generated
Run gen thread 28 386027 ms, 55 runs generated
Run gen thread 5 388145 ms, 55 runs generated
Run gen thread 8 388999 ms, 55 runs generated
Run gen thread 9 389443 ms, 55 runs generated
Run gen thread 20 391000 ms, 55 runs generated
Run gen thread 10 392456 ms, 55 runs generated
Run gen thread 12 392547 ms, 55 runs generated
Run gen thread 4 392910 ms, 55 runs generated
Run gen thread 25 393797 ms, 55 runs generated
Run gen thread 27 393853 ms, 55 runs generated
Run gen thread 11 394252 ms, 55 runs generated
Run gen thread 17 394432 ms, 55 runs generated
Run gen thread 23 394589 ms, 55 runs generated
Run gen thread 15 394786 ms, 55 runs generated
Run gen thread 24 395246 ms, 55 runs generated
Run gen thread 13 395773 ms, 55 runs generated
Run gen thread 31 396232 ms, 54 runs generated
Run gen thread 0 396536 ms, 55 runs generated
Run gen thread 1 397408 ms, 55 runs generated
Run gen thread 29 397406 ms, 55 runs generated
Run gen thread 19 398165 ms, 55 runs generated
Run gen thread 18 398484 ms, 55 runs generated
Run gen thread 6 398952 ms, 55 runs generated
Run gen thread 14 399181 ms, 55 runs generated
Run gen thread 26 399663 ms, 55 runs generated
Run gen thread 16 400836 ms, 55 runs generated
Run gen thread 21 401021 ms, 55 runs generated
Run gen thread 7 401291 ms, 55 runs generated
Run gen thread 3 401557 ms, 55 runs generated
Run gen thread 2 401740 ms, 55 runs generated
Run gen thread 22 402027 ms, 55 runs generated
Generated 1759 runs in 403052 ms
Multi-level merge: 2455 runs (including 696 dummies), F=819, expected 3 merge operations
Merging 819 runs using 40 threads
Merge phase took 14489 ms | Merged 157181484 entries across 40 runs | Thread timing: min=11674 ms, max=14486 ms | Partition sizes: imbalance=1.14x
Merge 1/3: merging 819 shortest runs (157181484 total entries)
Merging 819 runs using 40 threads
Merge phase took 105462 ms | Merged 1422246284 entries across 40 runs | Thread timing: min=81892 ms, max=105459 ms | Partition sizes: imbalance=1.14x
Merge 2/3: merging 819 shortest runs (1422246284 total entries)
Merging 819 runs using 40 threads
Merge phase took 202302 ms | Merged 3000028242 entries across 40 runs | Thread timing: min=158534 ms, max=202300 ms | Partition sizes: imbalance=1.14x
Merge 3/3: merging 819 shortest runs (3000028242 total entries)
SortStats:
  Number of runs: 1759
  (R) time: 403052 ms
  (R) breakdown: load=0 ms, sort=395365 ms, store=0 ms
  (R) I/O stats: I/O Stats: Read Ops: 3194557, Read Bytes: 209358433125, Write Ops: 2155949, Write Bytes: 141291143168
  (M) time: 322253 ms
  Read amplification:
    Run generation writes: 141291143168 bytes (131.59 GB)
    Merge phase reads: 201535893504 bytes (187.69 GB)
    Read amplification factor: 1.43x
    Excess reads: 42.6% (sparse indexing overhead)
  Thread timing (merge pass 1):
    Min thread time: 11674 ms
    Max thread time: 14486 ms
    Avg thread time: 13587 ms
    Time imbalance factor (max/avg): 1.07x
  Thread timing (merge pass 2):
    Min thread time: 81892 ms
    Max thread time: 105459 ms
    Avg thread time: 97380 ms
    Time imbalance factor (max/avg): 1.08x
  Thread timing (merge pass 3):
    Min thread time: 158534 ms
    Max thread time: 202300 ms
    Avg thread time: 188175 ms
    Time imbalance factor (max/avg): 1.08x
  Multi-level merge details:
    Total merge passes: 3
    Merge pass 1:
      Time: 14489 ms
      Output runs: 40
      I/O: read=7497.04 MiB, write=5759.76 MiB
      Partitions: 40, imbalance: 1.14x
    Merge pass 2:
      Time: 105462 ms
      Output runs: 40
      I/O: read=66626.56 MiB, write=45769.96 MiB
      Partitions: 40, imbalance: 1.14x
    Merge pass 3:
      Time: 202302 ms
      Output runs: 40
      I/O: read=118076.00 MiB, write=90902.13 MiB
      Partitions: 40, imbalance: 1.14x

725.31s

  Cooling down for 30s before next run...
  Run 2/3: Starting sort with 32 parallel scanners for run generation
Run gen thread 3 374259 ms, 55 runs generated
Run gen thread 10 374406 ms, 55 runs generated
Run gen thread 27 374969 ms, 55 runs generated
Run gen thread 25 378026 ms, 55 runs generated
Run gen thread 23 379397 ms, 55 runs generated
Run gen thread 9 379941 ms, 55 runs generated
Run gen thread 20 379958 ms, 55 runs generated
Run gen thread 29 381160 ms, 55 runs generated
Run gen thread 5 381367 ms, 55 runs generated
Run gen thread 30 381971 ms, 55 runs generated
Run gen thread 2 382118 ms, 55 runs generated
Run gen thread 6 382275 ms, 55 runs generated
Run gen thread 15 383015 ms, 55 runs generated
Run gen thread 11 383139 ms, 55 runs generated
Run gen thread 16 383222 ms, 55 runs generated
Run gen thread 13 383300 ms, 55 runs generated
Run gen thread 0 383317 ms, 55 runs generated
Run gen thread 17 384093 ms, 55 runs generated
Run gen thread 31 384500 ms, 54 runs generated
Run gen thread 19 384708 ms, 55 runs generated
Run gen thread 4 385318 ms, 55 runs generated
Run gen thread 7 385371 ms, 55 runs generated
Run gen thread 28 385804 ms, 55 runs generated
Run gen thread 18 385981 ms, 55 runs generated
Run gen thread 1 386471 ms, 55 runs generated
Run gen thread 12 387209 ms, 55 runs generated
Run gen thread 22 387603 ms, 55 runs generated
Run gen thread 14 388005 ms, 55 runs generated
Run gen thread 8 388041 ms, 55 runs generated
Run gen thread 24 388239 ms, 55 runs generated
Run gen thread 26 389200 ms, 55 runs generated
Run gen thread 21 389603 ms, 55 runs generated
Generated 1759 runs in 389900 ms
Multi-level merge: 2455 runs (including 696 dummies), F=819, expected 3 merge operations
Merging 819 runs using 40 threads
Merge phase took 12197 ms | Merged 157181484 entries across 40 runs | Thread timing: min=9072 ms, max=12194 ms | Partition sizes: imbalance=1.29x
Merge 1/3: merging 819 shortest runs (157181484 total entries)
Merging 819 runs using 40 threads
Merge phase took 110446 ms | Merged 1422246284 entries across 40 runs | Thread timing: min=85174 ms, max=110439 ms | Partition sizes: imbalance=1.29x
Merge 2/3: merging 819 shortest runs (1422246284 total entries)
Merging 819 runs using 40 threads
Merge phase took 208179 ms | Merged 3000028242 entries across 40 runs | Thread timing: min=161218 ms, max=208174 ms | Partition sizes: imbalance=1.29x
Merge 3/3: merging 819 shortest runs (3000028242 total entries)
SortStats:
  Number of runs: 1759
  (R) time: 389900 ms
  (R) breakdown: load=0 ms, sort=383312 ms, store=0 ms
  (R) I/O stats: I/O Stats: Read Ops: 3194557, Read Bytes: 209358433125, Write Ops: 2155949, Write Bytes: 141291143168
  (M) time: 330822 ms
  Read amplification:
    Run generation writes: 141291143168 bytes (131.59 GB)
    Merge phase reads: 201550394880 bytes (187.71 GB)
    Read amplification factor: 1.43x
    Excess reads: 42.6% (sparse indexing overhead)
  Thread timing (merge pass 1):
    Min thread time: 9072 ms
    Max thread time: 12194 ms
    Avg thread time: 10924 ms
    Time imbalance factor (max/avg): 1.12x
  Thread timing (merge pass 2):
    Min thread time: 85174 ms
    Max thread time: 110439 ms
    Avg thread time: 97595 ms
    Time imbalance factor (max/avg): 1.13x
  Thread timing (merge pass 3):
    Min thread time: 161218 ms
    Max thread time: 208174 ms
    Avg thread time: 186909 ms
    Time imbalance factor (max/avg): 1.11x
  Multi-level merge details:
    Total merge passes: 3
    Merge pass 1:
      Time: 12197 ms
      Output runs: 40
      I/O: read=7498.81 MiB, write=5759.38 MiB
      Partitions: 40, imbalance: 1.29x
    Merge pass 2:
      Time: 110446 ms
      Output runs: 40
      I/O: read=66642.56 MiB, write=45768.68 MiB
      Partitions: 40, imbalance: 1.29x
    Merge pass 3:
      Time: 208179 ms
      Output runs: 40
      I/O: read=118072.06 MiB, write=90899.64 MiB
      Partitions: 40, imbalance: 1.29x

720.72s

  Cooling down for 30s before next run...
  Run 3/3: Starting sort with 32 parallel scanners for run generation
Run gen thread 18 375214 ms, 55 runs generated
Run gen thread 29 376202 ms, 55 runs generated
Run gen thread 4 376555 ms, 55 runs generated
Run gen thread 10 377592 ms, 55 runs generated
Run gen thread 31 377793 ms, 54 runs generated
Run gen thread 19 379291 ms, 55 runs generated
Run gen thread 27 379894 ms, 55 runs generated
Run gen thread 1 380349 ms, 55 runs generated
Run gen thread 21 380511 ms, 55 runs generated
Run gen thread 17 380581 ms, 55 runs generated
Run gen thread 13 380609 ms, 55 runs generated
Run gen thread 14 380803 ms, 55 runs generated
Run gen thread 25 381022 ms, 55 runs generated
Run gen thread 20 381243 ms, 55 runs generated
Run gen thread 7 382561 ms, 55 runs generated
Run gen thread 28 382957 ms, 55 runs generated
Run gen thread 15 383385 ms, 55 runs generated
Run gen thread 0 383467 ms, 55 runs generated
Run gen thread 3 383616 ms, 55 runs generated
Run gen thread 12 383649 ms, 55 runs generated
Run gen thread 24 384014 ms, 55 runs generated
Run gen thread 26 384388 ms, 55 runs generated
Run gen thread 8 385192 ms, 55 runs generated
Run gen thread 5 386115 ms, 55 runs generated
Run gen thread 23 386703 ms, 55 runs generated
Run gen thread 30 387394 ms, 55 runs generated
Run gen thread 11 387498 ms, 55 runs generated
Run gen thread 16 387966 ms, 55 runs generated
Run gen thread 6 388345 ms, 55 runs generated
Run gen thread 9 389585 ms, 55 runs generated
Run gen thread 2 389771 ms, 55 runs generated
Run gen thread 22 395184 ms, 55 runs generated
Generated 1759 runs in 395488 ms
Multi-level merge: 2455 runs (including 696 dummies), F=819, expected 3 merge operations
Merging 819 runs using 40 threads
Merge phase took 15146 ms | Merged 157181484 entries across 40 runs | Thread timing: min=12529 ms, max=15143 ms | Partition sizes: imbalance=1.24x
Merge 1/3: merging 819 shortest runs (157181484 total entries)
Merging 819 runs using 40 threads
Merge phase took 108367 ms | Merged 1422246284 entries across 40 runs | Thread timing: min=78476 ms, max=108364 ms | Partition sizes: imbalance=1.22x
Merge 2/3: merging 819 shortest runs (1422246284 total entries)
Merging 819 runs using 40 threads
Merge phase took 214897 ms | Merged 3000028242 entries across 40 runs | Thread timing: min=146236 ms, max=214884 ms | Partition sizes: imbalance=1.22x
Merge 3/3: merging 819 shortest runs (3000028242 total entries)
SortStats:
  Number of runs: 1759
  (R) time: 395488 ms
  (R) breakdown: load=0 ms, sort=383107 ms, store=0 ms
  (R) I/O stats: I/O Stats: Read Ops: 3194557, Read Bytes: 209358433125, Write Ops: 2155949, Write Bytes: 141291143168
  (M) time: 338410 ms
  Read amplification:
    Run generation writes: 141291143168 bytes (131.59 GB)
    Merge phase reads: 201519542784 bytes (187.68 GB)
    Read amplification factor: 1.43x
    Excess reads: 42.6% (sparse indexing overhead)
  Thread timing (merge pass 1):
    Min thread time: 12529 ms
    Max thread time: 15143 ms
    Avg thread time: 13924 ms
    Time imbalance factor (max/avg): 1.09x
  Thread timing (merge pass 2):
    Min thread time: 78476 ms
    Max thread time: 108364 ms
    Avg thread time: 96965 ms
    Time imbalance factor (max/avg): 1.12x
  Thread timing (merge pass 3):
    Min thread time: 146236 ms
    Max thread time: 214884 ms
    Avg thread time: 193010 ms
    Time imbalance factor (max/avg): 1.11x
  Multi-level merge details:
    Total merge passes: 3
    Merge pass 1:
      Time: 15146 ms
      Output runs: 40
      I/O: read=7503.71 MiB, write=5759.37 MiB
      Partitions: 40, imbalance: 1.24x
    Merge pass 2:
      Time: 108367 ms
      Output runs: 40
      I/O: read=66618.81 MiB, write=45768.67 MiB
      Partitions: 40, imbalance: 1.22x
    Merge pass 3:
      Time: 214897 ms
      Output runs: 40
      I/O: read=118061.49 MiB, write=90900.22 MiB
      Partitions: 40, imbalance: 1.22x

733.90s


================================================================================================================================================================
Benchmark Results Summary
================================================================================================================================================================
Config               Run Size   RG Runs    Gen Thr    Merge Thr  Total (s)  RunGen (s)   Merge (s)  Entries      Throughput       Read MB    Write MB  
                     (MB)                                                                                        (M entries/s)                         
----------------------------------------------------------------------------------------------------------------------------------------------------------------
Exp1.2_RunGen32_Merge40_Mem2GB[1] 51.2       1759       32         40         725.31       403.05     322.25     3000028242   4.14             391859.4   277177.6  
Exp1.2_RunGen32_Merge40_Mem2GB[2] 51.2       1759       32         40         720.72       389.90     330.82     3000028242   4.16             391873.2   277173.4  
Exp1.2_RunGen32_Merge40_Mem2GB[3] 51.2       1759       32         40         733.90       395.49     338.41     3000028242   4.09             391843.8   277174.0  
Exp1.2_RunGen32_Merge40_Mem2GB[avg] 51.2       1759       32         40         726.64       396.15     330.50     3000028242   4.13             391858.8   277175.0  
================================================================================================================================================================

================================================================================================================================================================
Merge Operations Summary (showing last 3 of 3 merge passes)
================================================================================================================================================================
Config               M1PAvg     M1PMax     M1Imbal    M1Slow       M1Fast       M2PAvg     M2PMax     M2Imbal    M2Slow       M2Fast       M3PAvg     M3PMax     M3Imbal    M3Slow       M3Fast      
----------------------------------------------------------------------------------------------------------------------------------------------------------------
Exp1.2_RunGen32_Merge40_Mem2GB[1] 3929537    4483552    1.14       14.49        14.49        35556157   40358831   1.14       105.46       105.46       75000706   85185831   1.14       202.30       202.30      
Exp1.2_RunGen32_Merge40_Mem2GB[2] 3929537    5060779    1.29       12.20        12.20        35556157   46034848   1.29       110.45       110.45       75000706   97067355   1.29       208.18       208.18      
Exp1.2_RunGen32_Merge40_Mem2GB[3] 3929537    4855204    1.24       15.15        15.15        35556157   43379609   1.22       108.37       108.37       75000706   91594899   1.22       214.90       214.90      
----------------------------------------------------------------------------------------------------------------------------------------------------------------
Exp1.2_RunGen32_Merge40_Mem2GB[avg] 3929537    4799845    1.22       15.15        12.20        35556157   43257762   1.22       110.45       105.46       75000706   91282695   1.22       214.90       202.30      
================================================================================================================================================================

================================================================================================================================================================
Detailed I/O Statistics
================================================================================================================================================================
Config               RG Read MB   RG Write MB  M1Read MB    M1Write MB   M2Read MB    M2Write MB   M3Read MB    M3Write MB  
----------------------------------------------------------------------------------------------------------------------------------------------------------------
Exp1.2_RunGen32_Merge40_Mem2GB[1] 199659.8     134745.7     7497.0       5759.8       66626.6      45770.0      118076.0     90902.1     
Exp1.2_RunGen32_Merge40_Mem2GB[2] 199659.8     134745.7     7498.8       5759.4       66642.6      45768.7      118072.1     90899.6     
Exp1.2_RunGen32_Merge40_Mem2GB[3] 199659.8     134745.7     7503.7       5759.4       66618.8      45768.7      118061.5     90900.2     
----------------------------------------------------------------------------------------------------------------------------------------------------------------
Exp1.2_RunGen32_Merge40_Mem2GB[avg] 199659.8     134745.7     7499.9       5759.5       66629.3      45769.1      118069.9     90900.7     
================================================================================================================================================================

====================================================================================================
Run Generation Time Breakdown
====================================================================================================
Config               RG Total s   Load s       Sort s       Store s     
----------------------------------------------------------------------------------------------------
Exp1.2_RunGen32_Merge40_Mem2GB[1] 403.05       0            395.365      0           
Exp1.2_RunGen32_Merge40_Mem2GB[2] 389.90       0            383.312      0           
Exp1.2_RunGen32_Merge40_Mem2GB[3] 395.49       0            383.107      0           
----------------------------------------------------------------------------------------------------
Exp1.2_RunGen32_Merge40_Mem2GB[avg] 396.15       0.00         387.26       0.00        
====================================================================================================
