warning: unused imports: `SeedableRng` and `rngs::SmallRng`
 --> src/fastzipf.rs:2:12
  |
2 | use rand::{SeedableRng, rngs::SmallRng};
  |            ^^^^^^^^^^^  ^^^^^^^^^^^^^^
  |
  = note: `#[warn(unused_imports)]` on by default

warning: unused import: `std::fmt`
 --> src/sketch/reservoir_sampler.rs:6:5
  |
6 | use std::fmt;
  |     ^^^^^^^^

warning: unused import: `crate::sketch::kll::KLL`
   --> src/sketch/reservoir_sampler.rs:190:9
    |
190 |     use crate::sketch::kll::KLL;
    |         ^^^^^^^^^^^^^^^^^^^^^^^

warning: unused import: `super::*`
   --> src/sketch/reservoir_sampler.rs:192:9
    |
192 |     use super::*;
    |         ^^^^^^^^

warning: unused import: `std::collections::HashMap`
   --> src/sketch/mod.rs:226:9
    |
226 |     use std::collections::HashMap;
    |         ^^^^^^^^^^^^^^^^^^^^^^^^^

warning: unused import: `super::kll::*`
   --> src/sketch/mod.rs:228:9
    |
228 |     use super::kll::*;
    |         ^^^^^^^^^^^^^

warning: unused import: `super::reservoir_sampler::*`
   --> src/sketch/mod.rs:229:9
    |
229 |     use super::reservoir_sampler::*;
    |         ^^^^^^^^^^^^^^^^^^^^^^^^^^^

warning: unused import: `super::*`
   --> src/sketch/mod.rs:230:9
    |
230 |     use super::*;
    |         ^^^^^^^^

warning: unused import: `Duration`
 --> src/sort/core/engine.rs:4:17
  |
4 | use std::time::{Duration, Instant, SystemTime, UNIX_EPOCH};
  |                 ^^^^^^^^

warning: function `compute_ovc_delta` is never used
    --> src/ovc/offset_value_coding.rs:1136:15
     |
1136 | pub(crate) fn compute_ovc_delta(prev_key: Option<&[u8]>, key: &[u8]) -> OVCU64 {
     |               ^^^^^^^^^^^^^^^^^
     |
     = note: `#[warn(dead_code)]` on by default

warning: `es` (lib) generated 10 warnings (run `cargo fix --lib -p es` to apply 9 suggestions)
    Finished `release` profile [optimized] target(s) in 0.10s
     Running `target/release/examples/lineitem_benchmark_cli -n Exp1_Thr4_Mem2GB -i lineitem_sf500.csv --run-gen-threads 4 --merge-threads 4 --run-size-mb 512.00 --merge-fanin 8192 --warmup-runs 1 --benchmark-runs 3 --cooldown-seconds 30 --dir logs/lineitem_bench_2025-12-10_18-04-34/Exp1_Thr4_Mem2GB_tmp`
Using existing KVBin file: "./datasets/lineitem_sf500.k-8-9-13-14-15.v-0-3.kvbin"

=== BENCHMARK MODE ===
KVBin data: ./datasets/lineitem_sf500.k-8-9-13-14-15.v-0-3.kvbin, index: ./datasets/lineitem_sf500.k-8-9-13-14-15.v-0-3.kvbin.idx
Estimated data size: 199659.46 MB
Run generation threads: 4
Use OVC: true
Run size (MB): 512.00
Run generation memory (MB): 2048.0
Merge threads: 4
Merge fan-in: 8192
Merge memory (MB): 2048.0
Sketch type: kll
Sketch size: 200
Run indexing interval: 1000
Temporary directory: "logs/lineitem_bench_2025-12-10_18-04-34/Exp1_Thr4_Mem2GB_tmp"
Warmup runs: 1
Runs per configuration: 3
Cooldown between runs (s): 30
Verify output: false

Running benchmark for config: Exp1_Thr4_Mem2GB
Parameters: Run Gen Threads: 4, Use OVC: true, Run Size: 512.00 MB, Run Gen Memory: 2048.0 MB, Merge Threads: 4, Merge Fanin: 8192, Merge Memory: 2048.0 MB, Imbalance Factor: 1.0
================================================================================
  Performing 1 warmup run(s)...
    Warmup 1/1: Starting sort with 4 parallel scanners for run generation
Run gen thread 0 2187728 ms, 44 runs generated
Run gen thread 3 2203945 ms, 44 runs generated
Run gen thread 2 2209438 ms, 44 runs generated
Run gen thread 1 2211174 ms, 44 runs generated
Generated 176 runs in 2211258 ms
Merging 176 runs using 4 threads
Merge phase took 658896 ms | Merged 3000028242 entries across 4 runs | Thread timing: min=630688 ms, max=658895 ms | Partition sizes: imbalance=1.03x
2870.15s
  Warmup complete.

  Run 1/3: Starting sort with 4 parallel scanners for run generation
Run gen thread 3 2084836 ms, 44 runs generated
Run gen thread 1 2098747 ms, 44 runs generated
Run gen thread 0 2100237 ms, 44 runs generated
Run gen thread 2 2103905 ms, 44 runs generated
Generated 176 runs in 2103927 ms
Merging 176 runs using 4 threads
Merge phase took 609920 ms | Merged 3000028242 entries across 4 runs | Thread timing: min=583979 ms, max=609919 ms | Partition sizes: imbalance=1.02x
SortStats:
  Number of runs: 176
  (R) time: 2103927 ms
  (R) breakdown: load=0 ms, sort=2096931 ms, store=0 ms
  (R) I/O stats: I/O Stats: Read Ops: 3194553, Read Bytes: 209358163301, Write Ops: 1941471, Write Bytes: 127236121600
  (M) time: 609920 ms
  Read amplification:
    Run generation writes: 127236121600 bytes (118.50 GB)
    Merge phase reads: 127293262848 bytes (118.55 GB)
    Read amplification factor: 1.00x
    Excess reads: 0.0% (sparse indexing overhead)
  Thread timing:
    Min thread time: 583979 ms
    Max thread time: 609919 ms
    Avg thread time: 594333 ms
    Time imbalance factor (max/avg): 1.03x
    Thread times: [609919, 583979, 587112, 596323]

2713.85s

  Cooling down for 30s before next run...
  Run 2/3: Starting sort with 4 parallel scanners for run generation
Run gen thread 3 2076328 ms, 44 runs generated
Run gen thread 1 2088621 ms, 44 runs generated
Run gen thread 0 2092577 ms, 44 runs generated
Run gen thread 2 2101363 ms, 44 runs generated
Generated 176 runs in 2101608 ms
Merging 176 runs using 4 threads
Merge phase took 585174 ms | Merged 3000028242 entries across 4 runs | Thread timing: min=567191 ms, max=585173 ms | Partition sizes: imbalance=1.01x
SortStats:
  Number of runs: 176
  (R) time: 2101608 ms
  (R) breakdown: load=0 ms, sort=2089722 ms, store=0 ms
  (R) I/O stats: I/O Stats: Read Ops: 3194553, Read Bytes: 209358163301, Write Ops: 1941471, Write Bytes: 127236121600
  (M) time: 585174 ms
  Read amplification:
    Run generation writes: 127236121600 bytes (118.50 GB)
    Merge phase reads: 127292935168 bytes (118.55 GB)
    Read amplification factor: 1.00x
    Excess reads: 0.0% (sparse indexing overhead)
  Thread timing:
    Min thread time: 567191 ms
    Max thread time: 585173 ms
    Avg thread time: 576716 ms
    Time imbalance factor (max/avg): 1.01x
    Thread times: [585173, 569559, 567191, 584943]

2686.78s

  Cooling down for 30s before next run...
  Run 3/3: Starting sort with 4 parallel scanners for run generation
Run gen thread 1 2100763 ms, 44 runs generated
Run gen thread 0 2110648 ms, 44 runs generated
Run gen thread 2 2114812 ms, 44 runs generated
Run gen thread 3 2116677 ms, 44 runs generated
Generated 176 runs in 2116913 ms
Merging 176 runs using 4 threads
Merge phase took 560436 ms | Merged 3000028242 entries across 4 runs | Thread timing: min=522529 ms, max=560435 ms | Partition sizes: imbalance=1.03x
SortStats:
  Number of runs: 176
  (R) time: 2116913 ms
  (R) breakdown: load=0 ms, sort=2110725 ms, store=0 ms
  (R) I/O stats: I/O Stats: Read Ops: 3194553, Read Bytes: 209358163301, Write Ops: 1941471, Write Bytes: 127236121600
  (M) time: 560436 ms
  Read amplification:
    Run generation writes: 127236121600 bytes (118.50 GB)
    Merge phase reads: 127292148736 bytes (118.55 GB)
    Read amplification factor: 1.00x
    Excess reads: 0.0% (sparse indexing overhead)
  Thread timing:
    Min thread time: 522529 ms
    Max thread time: 560435 ms
    Avg thread time: 540552 ms
    Time imbalance factor (max/avg): 1.04x
    Thread times: [560435, 522529, 533552, 545691]

2677.35s


================================================================================================================================================================
Benchmark Results Summary
================================================================================================================================================================
Config               Run Size   RG Runs    Gen Thr    Merge Thr  Total (s)  RunGen (s)   Merge (s)  Entries      Throughput       Read MB    Write MB  
                     (MB)                                                                                        (M entries/s)                         
----------------------------------------------------------------------------------------------------------------------------------------------------------------
Exp1_Thr4_Mem2GB[1]  512.0      176        4          4          2713.85      2103.93    609.92     3000028242   1.11             321055.8   212240.7  
Exp1_Thr4_Mem2GB[2]  512.0      176        4          4          2686.78      2101.61    585.17     3000028242   1.12             321055.5   212240.7  
Exp1_Thr4_Mem2GB[3]  512.0      176        4          4          2677.35      2116.91    560.44     3000028242   1.12             321054.8   212240.7  
Exp1_Thr4_Mem2GB[avg] 512.0      176        4          4          2692.66      2107.48    585.18     3000028242   1.11             321055.4   212240.7  
================================================================================================================================================================

================================================================================================================================================================
Merge Operations Summary (showing last 1 of 1 merge passes)
================================================================================================================================================================
Config               M1PAvg     M1PMax     M1Imbal    M1Slow       M1Fast      
----------------------------------------------------------------------------------------------------------------------------------------------------------------
Exp1_Thr4_Mem2GB[1]  750007060  764722626  1.02       609.92       609.92      
Exp1_Thr4_Mem2GB[2]  750007060  760101823  1.01       585.17       585.17      
Exp1_Thr4_Mem2GB[3]  750007060  773720329  1.03       560.44       560.44      
----------------------------------------------------------------------------------------------------------------------------------------------------------------
Exp1_Thr4_Mem2GB[avg] 750007060  766181592  1.02       609.92       560.44      
================================================================================================================================================================

================================================================================================================================================================
Detailed I/O Statistics
================================================================================================================================================================
Config               RG Read MB   RG Write MB  M1Read MB    M1Write MB  
----------------------------------------------------------------------------------------------------------------------------------------------------------------
Exp1_Thr4_Mem2GB[1]  199659.5     121341.8     121396.3     90898.9     
Exp1_Thr4_Mem2GB[2]  199659.5     121341.8     121396.0     90898.9     
Exp1_Thr4_Mem2GB[3]  199659.5     121341.8     121395.3     90898.9     
----------------------------------------------------------------------------------------------------------------------------------------------------------------
Exp1_Thr4_Mem2GB[avg] 199659.5     121341.8     121395.9     90898.9     
================================================================================================================================================================

====================================================================================================
Run Generation Time Breakdown
====================================================================================================
Config               RG Total s   Load s       Sort s       Store s     
----------------------------------------------------------------------------------------------------
Exp1_Thr4_Mem2GB[1]  2103.93      0            2096.931     0           
Exp1_Thr4_Mem2GB[2]  2101.61      0            2089.722     0           
Exp1_Thr4_Mem2GB[3]  2116.91      0            2110.725     0           
----------------------------------------------------------------------------------------------------
Exp1_Thr4_Mem2GB[avg] 2107.48      0.00         2099.13      0.00        
====================================================================================================
