warning: unused imports: `SeedableRng` and `rngs::SmallRng`
 --> src/fastzipf.rs:2:12
  |
2 | use rand::{SeedableRng, rngs::SmallRng};
  |            ^^^^^^^^^^^  ^^^^^^^^^^^^^^
  |
  = note: `#[warn(unused_imports)]` on by default

warning: unused import: `std::fmt`
 --> src/sketch/reservoir_sampler.rs:6:5
  |
6 | use std::fmt;
  |     ^^^^^^^^

warning: unused import: `crate::sketch::kll::KLL`
   --> src/sketch/reservoir_sampler.rs:190:9
    |
190 |     use crate::sketch::kll::KLL;
    |         ^^^^^^^^^^^^^^^^^^^^^^^

warning: unused import: `super::*`
   --> src/sketch/reservoir_sampler.rs:192:9
    |
192 |     use super::*;
    |         ^^^^^^^^

warning: unused import: `std::collections::HashMap`
   --> src/sketch/mod.rs:226:9
    |
226 |     use std::collections::HashMap;
    |         ^^^^^^^^^^^^^^^^^^^^^^^^^

warning: unused import: `super::kll::*`
   --> src/sketch/mod.rs:228:9
    |
228 |     use super::kll::*;
    |         ^^^^^^^^^^^^^

warning: unused import: `super::reservoir_sampler::*`
   --> src/sketch/mod.rs:229:9
    |
229 |     use super::reservoir_sampler::*;
    |         ^^^^^^^^^^^^^^^^^^^^^^^^^^^

warning: unused import: `super::*`
   --> src/sketch/mod.rs:230:9
    |
230 |     use super::*;
    |         ^^^^^^^^

warning: unused import: `Duration`
 --> src/sort/core/engine.rs:4:17
  |
4 | use std::time::{Duration, Instant, SystemTime, UNIX_EPOCH};
  |                 ^^^^^^^^

warning: function `compute_ovc_delta` is never used
    --> src/ovc/offset_value_coding.rs:1136:15
     |
1136 | pub(crate) fn compute_ovc_delta(prev_key: Option<&[u8]>, key: &[u8]) -> OVCU64 {
     |               ^^^^^^^^^^^^^^^^^
     |
     = note: `#[warn(dead_code)]` on by default

warning: `es` (lib) generated 10 warnings (run `cargo fix --lib -p es` to apply 9 suggestions)
    Finished `release` profile [optimized] target(s) in 0.20s
     Running `target/release/examples/lineitem_benchmark_cli -n Exp1.2_RunGen24_Merge40_Mem2GB -i lineitem_sf500.csv --run-gen-threads 24 --merge-threads 40 --run-size-mb 51.20 --merge-fanin 819 --warmup-runs 1 --benchmark-runs 3 --cooldown-seconds 30 --dir logs/lineitem_bench_2025-12-15_13-17-30/Exp1.2_RunGen24_Merge40_Mem2GB_tmp`
Using existing KVBin file: "./datasets/lineitem_sf500.k-8-9-13-14-15.v-0-3.kvbin"

=== BENCHMARK MODE ===
KVBin data: ./datasets/lineitem_sf500.k-8-9-13-14-15.v-0-3.kvbin, index: ./datasets/lineitem_sf500.k-8-9-13-14-15.v-0-3.kvbin.idx
Estimated data size: 199659.46 MB
Run generation threads: 24
Use OVC: true
Run size (MB): 51.20
Run generation memory (MB): 1228.8
Merge threads: 40
Merge fan-in: 819
Merge memory (MB): 2047.5
Sketch type: kll
Sketch size: 200
Run indexing interval: 1000
Temporary directory: "logs/lineitem_bench_2025-12-15_13-17-30/Exp1.2_RunGen24_Merge40_Mem2GB_tmp"
Warmup runs: 1
Runs per configuration: 3
Cooldown between runs (s): 30
Verify output: false

Running benchmark for config: Exp1.2_RunGen24_Merge40_Mem2GB
Parameters: Run Gen Threads: 24, Use OVC: true, Run Size: 51.20 MB, Run Gen Memory: 1228.8 MB, Merge Threads: 40, Merge Fanin: 819, Merge Memory: 2047.5 MB, Imbalance Factor: 1.0
================================================================================
  Performing 1 warmup run(s)...
    Warmup 1/1: Starting sort with 24 parallel scanners for run generation
Run gen thread 5 439678 ms, 73 runs generated
Run gen thread 23 443286 ms, 72 runs generated
Run gen thread 9 445047 ms, 73 runs generated
Run gen thread 2 445728 ms, 73 runs generated
Run gen thread 4 446292 ms, 73 runs generated
Run gen thread 17 446955 ms, 73 runs generated
Run gen thread 0 447421 ms, 73 runs generated
Run gen thread 6 447605 ms, 73 runs generated
Run gen thread 13 447680 ms, 73 runs generated
Run gen thread 12 448122 ms, 73 runs generated
Run gen thread 18 448538 ms, 73 runs generated
Run gen thread 1 448872 ms, 73 runs generated
Run gen thread 21 449853 ms, 73 runs generated
Run gen thread 8 450103 ms, 73 runs generated
Run gen thread 19 450399 ms, 73 runs generated
Run gen thread 14 450775 ms, 73 runs generated
Run gen thread 7 451323 ms, 73 runs generated
Run gen thread 3 451380 ms, 73 runs generated
Run gen thread 22 451516 ms, 73 runs generated
Run gen thread 10 452210 ms, 73 runs generated
Run gen thread 15 452963 ms, 73 runs generated
Run gen thread 20 453545 ms, 73 runs generated
Run gen thread 11 453553 ms, 73 runs generated
Run gen thread 16 454761 ms, 73 runs generated
Generated 1751 runs in 455075 ms
Multi-level merge: 2455 runs (including 704 dummies), F=819, expected 3 merge operations
Merging 819 runs using 40 threads
Merge phase took 15356 ms | Merged 156865865 entries across 40 runs | Thread timing: min=13353 ms, max=15354 ms | Partition sizes: imbalance=1.24x
Merge 1/3: merging 819 shortest runs (156865865 total entries)
Merging 819 runs using 40 threads
Merge phase took 105426 ms | Merged 1422540637 entries across 40 runs | Thread timing: min=83399 ms, max=105422 ms | Partition sizes: imbalance=1.24x
Merge 2/3: merging 819 shortest runs (1422540637 total entries)
Merging 819 runs using 40 threads
Merge phase took 205138 ms | Merged 3000028242 entries across 40 runs | Thread timing: min=161208 ms, max=205136 ms | Partition sizes: imbalance=1.24x
Merge 3/3: merging 819 shortest runs (3000028242 total entries)
781.00s
  Warmup complete.

  Run 1/3: Starting sort with 24 parallel scanners for run generation
Run gen thread 23 430176 ms, 72 runs generated
Run gen thread 22 430290 ms, 73 runs generated
Run gen thread 11 430971 ms, 73 runs generated
Run gen thread 0 435155 ms, 73 runs generated
Run gen thread 3 435492 ms, 73 runs generated
Run gen thread 9 436485 ms, 73 runs generated
Run gen thread 6 437693 ms, 73 runs generated
Run gen thread 15 438839 ms, 73 runs generated
Run gen thread 4 438989 ms, 73 runs generated
Run gen thread 10 439199 ms, 73 runs generated
Run gen thread 16 439362 ms, 73 runs generated
Run gen thread 17 440020 ms, 73 runs generated
Run gen thread 12 440079 ms, 73 runs generated
Run gen thread 1 440345 ms, 73 runs generated
Run gen thread 21 440406 ms, 73 runs generated
Run gen thread 13 440483 ms, 73 runs generated
Run gen thread 2 440617 ms, 73 runs generated
Run gen thread 14 440909 ms, 73 runs generated
Run gen thread 19 441141 ms, 73 runs generated
Run gen thread 7 441170 ms, 73 runs generated
Run gen thread 5 441201 ms, 73 runs generated
Run gen thread 8 441307 ms, 73 runs generated
Run gen thread 20 442002 ms, 73 runs generated
Run gen thread 18 442161 ms, 73 runs generated
Generated 1751 runs in 442358 ms
Multi-level merge: 2455 runs (including 704 dummies), F=819, expected 3 merge operations
Merging 819 runs using 40 threads
Merge phase took 11922 ms | Merged 156865865 entries across 40 runs | Thread timing: min=8572 ms, max=11920 ms | Partition sizes: imbalance=1.19x
Merge 1/3: merging 819 shortest runs (156865865 total entries)
Merging 819 runs using 40 threads
Merge phase took 116874 ms | Merged 1422540637 entries across 40 runs | Thread timing: min=86966 ms, max=116870 ms | Partition sizes: imbalance=1.19x
Merge 2/3: merging 819 shortest runs (1422540637 total entries)
Merging 819 runs using 40 threads
Merge phase took 195507 ms | Merged 3000028242 entries across 40 runs | Thread timing: min=136474 ms, max=195505 ms | Partition sizes: imbalance=1.19x
Merge 3/3: merging 819 shortest runs (3000028242 total entries)
SortStats:
  Number of runs: 1751
  (R) time: 442358 ms
  (R) breakdown: load=0 ms, sort=438520 ms, store=0 ms
  (R) I/O stats: I/O Stats: Read Ops: 3194572, Read Bytes: 209359434597, Write Ops: 2155785, Write Bytes: 141280753664
  (M) time: 324303 ms
  Read amplification:
    Run generation writes: 141280753664 bytes (131.58 GB)
    Merge phase reads: 201475493888 bytes (187.64 GB)
    Read amplification factor: 1.43x
    Excess reads: 42.6% (sparse indexing overhead)
  Thread timing (merge pass 1):
    Min thread time: 8572 ms
    Max thread time: 11920 ms
    Avg thread time: 10960 ms
    Time imbalance factor (max/avg): 1.09x
  Thread timing (merge pass 2):
    Min thread time: 86966 ms
    Max thread time: 116870 ms
    Avg thread time: 107248 ms
    Time imbalance factor (max/avg): 1.09x
  Thread timing (merge pass 3):
    Min thread time: 136474 ms
    Max thread time: 195505 ms
    Avg thread time: 179034 ms
    Time imbalance factor (max/avg): 1.09x
  Multi-level merge details:
    Total merge passes: 3
    Merge pass 1:
      Time: 11922 ms
      Output runs: 40
      I/O: read=7450.89 MiB, write=5720.90 MiB
      Partitions: 40, imbalance: 1.19x
    Merge pass 2:
      Time: 116874 ms
      Output runs: 40
      I/O: read=66640.88 MiB, write=45781.49 MiB
      Partitions: 40, imbalance: 1.19x
    Merge pass 3:
      Time: 195507 ms
      Output runs: 40
      I/O: read=118050.24 MiB, write=90902.02 MiB
      Partitions: 40, imbalance: 1.19x

766.66s

  Cooling down for 30s before next run...
  Run 2/3: Starting sort with 24 parallel scanners for run generation
Run gen thread 14 447410 ms, 73 runs generated
Run gen thread 8 447443 ms, 73 runs generated
Run gen thread 0 447729 ms, 73 runs generated
Run gen thread 22 448276 ms, 73 runs generated
Run gen thread 16 449378 ms, 73 runs generated
Run gen thread 6 449510 ms, 73 runs generated
Run gen thread 2 449531 ms, 73 runs generated
Run gen thread 3 449536 ms, 73 runs generated
Run gen thread 23 450231 ms, 72 runs generated
Run gen thread 15 450256 ms, 73 runs generated
Run gen thread 9 450933 ms, 73 runs generated
Run gen thread 13 451064 ms, 73 runs generated
Run gen thread 11 451249 ms, 73 runs generated
Run gen thread 12 451532 ms, 73 runs generated
Run gen thread 7 451706 ms, 73 runs generated
Run gen thread 19 452817 ms, 73 runs generated
Run gen thread 1 453085 ms, 73 runs generated
Run gen thread 4 453089 ms, 73 runs generated
Run gen thread 5 453223 ms, 73 runs generated
Run gen thread 18 453615 ms, 73 runs generated
Run gen thread 17 453676 ms, 73 runs generated
Run gen thread 21 454043 ms, 73 runs generated
Run gen thread 20 454190 ms, 73 runs generated
Run gen thread 10 454963 ms, 73 runs generated
Generated 1751 runs in 455144 ms
Multi-level merge: 2455 runs (including 704 dummies), F=819, expected 3 merge operations
Merging 819 runs using 40 threads
Merge phase took 15601 ms | Merged 156865865 entries across 40 runs | Thread timing: min=13293 ms, max=15599 ms | Partition sizes: imbalance=1.22x
Merge 1/3: merging 819 shortest runs (156865865 total entries)
Merging 819 runs using 40 threads
Merge phase took 113485 ms | Merged 1422540637 entries across 40 runs | Thread timing: min=82526 ms, max=113484 ms | Partition sizes: imbalance=1.22x
Merge 2/3: merging 819 shortest runs (1422540637 total entries)
Merging 819 runs using 40 threads
Merge phase took 203436 ms | Merged 3000028242 entries across 40 runs | Thread timing: min=156141 ms, max=203434 ms | Partition sizes: imbalance=1.22x
Merge 3/3: merging 819 shortest runs (3000028242 total entries)
SortStats:
  Number of runs: 1751
  (R) time: 455144 ms
  (R) breakdown: load=0 ms, sort=451186 ms, store=0 ms
  (R) I/O stats: I/O Stats: Read Ops: 3194572, Read Bytes: 209359434597, Write Ops: 2155785, Write Bytes: 141280753664
  (M) time: 332522 ms
  Read amplification:
    Run generation writes: 141280753664 bytes (131.58 GB)
    Merge phase reads: 201497293312 bytes (187.66 GB)
    Read amplification factor: 1.43x
    Excess reads: 42.6% (sparse indexing overhead)
  Thread timing (merge pass 1):
    Min thread time: 13293 ms
    Max thread time: 15599 ms
    Avg thread time: 14639 ms
    Time imbalance factor (max/avg): 1.07x
  Thread timing (merge pass 2):
    Min thread time: 82526 ms
    Max thread time: 113484 ms
    Avg thread time: 105869 ms
    Time imbalance factor (max/avg): 1.07x
  Thread timing (merge pass 3):
    Min thread time: 156141 ms
    Max thread time: 203434 ms
    Avg thread time: 189285 ms
    Time imbalance factor (max/avg): 1.07x
  Multi-level merge details:
    Total merge passes: 3
    Merge pass 1:
      Time: 15601 ms
      Output runs: 40
      I/O: read=7451.69 MiB, write=5720.90 MiB
      Partitions: 40, imbalance: 1.22x
    Merge pass 2:
      Time: 113485 ms
      Output runs: 40
      I/O: read=66651.88 MiB, write=45781.43 MiB
      Partitions: 40, imbalance: 1.22x
    Merge pass 3:
      Time: 203436 ms
      Output runs: 40
      I/O: read=118059.23 MiB, write=90901.97 MiB
      Partitions: 40, imbalance: 1.22x

787.67s

  Cooling down for 30s before next run...
  Run 3/3: Starting sort with 24 parallel scanners for run generation
Run gen thread 16 430868 ms, 73 runs generated
Run gen thread 3 433236 ms, 73 runs generated
Run gen thread 10 435243 ms, 73 runs generated
Run gen thread 15 435439 ms, 73 runs generated
Run gen thread 19 436829 ms, 73 runs generated
Run gen thread 23 436896 ms, 72 runs generated
Run gen thread 12 437009 ms, 73 runs generated
Run gen thread 8 437473 ms, 73 runs generated
Run gen thread 18 438313 ms, 73 runs generated
Run gen thread 13 438335 ms, 73 runs generated
Run gen thread 0 439292 ms, 73 runs generated
Run gen thread 4 439311 ms, 73 runs generated
Run gen thread 11 439793 ms, 73 runs generated
Run gen thread 7 440056 ms, 73 runs generated
Run gen thread 9 440113 ms, 73 runs generated
Run gen thread 14 440384 ms, 73 runs generated
Run gen thread 22 440556 ms, 73 runs generated
Run gen thread 6 440865 ms, 73 runs generated
Run gen thread 21 441361 ms, 73 runs generated
Run gen thread 20 441882 ms, 73 runs generated
Run gen thread 1 442387 ms, 73 runs generated
Run gen thread 17 443018 ms, 73 runs generated
Run gen thread 2 443383 ms, 73 runs generated
Run gen thread 5 446785 ms, 73 runs generated
Generated 1751 runs in 447396 ms
Multi-level merge: 2455 runs (including 704 dummies), F=819, expected 3 merge operations
Merging 819 runs using 40 threads
Merge phase took 15253 ms | Merged 156865865 entries across 40 runs | Thread timing: min=13338 ms, max=15251 ms | Partition sizes: imbalance=1.16x
Merge 1/3: merging 819 shortest runs (156865865 total entries)
Merging 819 runs using 40 threads
Merge phase took 111688 ms | Merged 1422540637 entries across 40 runs | Thread timing: min=84060 ms, max=111685 ms | Partition sizes: imbalance=1.16x
Merge 2/3: merging 819 shortest runs (1422540637 total entries)
Merging 819 runs using 40 threads
Merge phase took 194473 ms | Merged 3000028242 entries across 40 runs | Thread timing: min=148493 ms, max=194470 ms | Partition sizes: imbalance=1.16x
Merge 3/3: merging 819 shortest runs (3000028242 total entries)
SortStats:
  Number of runs: 1751
  (R) time: 447396 ms
  (R) breakdown: load=0 ms, sort=439117 ms, store=0 ms
  (R) I/O stats: I/O Stats: Read Ops: 3194572, Read Bytes: 209359434597, Write Ops: 2155785, Write Bytes: 141280753664
  (M) time: 321414 ms
  Read amplification:
    Run generation writes: 141280753664 bytes (131.58 GB)
    Merge phase reads: 201470752256 bytes (187.63 GB)
    Read amplification factor: 1.43x
    Excess reads: 42.6% (sparse indexing overhead)
  Thread timing (merge pass 1):
    Min thread time: 13338 ms
    Max thread time: 15251 ms
    Avg thread time: 14535 ms
    Time imbalance factor (max/avg): 1.05x
  Thread timing (merge pass 2):
    Min thread time: 84060 ms
    Max thread time: 111685 ms
    Avg thread time: 99757 ms
    Time imbalance factor (max/avg): 1.12x
  Thread timing (merge pass 3):
    Min thread time: 148493 ms
    Max thread time: 194470 ms
    Avg thread time: 178650 ms
    Time imbalance factor (max/avg): 1.09x
  Multi-level merge details:
    Total merge passes: 3
    Merge pass 1:
      Time: 15253 ms
      Output runs: 40
      I/O: read=7452.20 MiB, write=5720.96 MiB
      Partitions: 40, imbalance: 1.16x
    Merge pass 2:
      Time: 111688 ms
      Output runs: 40
      I/O: read=66636.69 MiB, write=45781.86 MiB
      Partitions: 40, imbalance: 1.16x
    Merge pass 3:
      Time: 194473 ms
      Output runs: 40
      I/O: read=118048.60 MiB, write=90903.06 MiB
      Partitions: 40, imbalance: 1.16x

768.81s


================================================================================================================================================================
Benchmark Results Summary
================================================================================================================================================================
Config               Run Size   RG Runs    Gen Thr    Merge Thr  Total (s)  RunGen (s)   Merge (s)  Entries      Throughput       Read MB    Write MB  
                     (MB)                                                                                        (M entries/s)                         
----------------------------------------------------------------------------------------------------------------------------------------------------------------
Exp1.2_RunGen24_Merge40_Mem2GB[1] 51.2       1751       24         40         766.66       442.36     324.30     3000028242   3.91             391802.7   277140.2  
Exp1.2_RunGen24_Merge40_Mem2GB[2] 51.2       1751       24         40         787.67       455.14     332.52     3000028242   3.81             391823.5   277140.1  
Exp1.2_RunGen24_Merge40_Mem2GB[3] 51.2       1751       24         40         768.81       447.40     321.41     3000028242   3.90             391798.2   277141.7  
Exp1.2_RunGen24_Merge40_Mem2GB[avg] 51.2       1751       24         40         774.38       448.30     326.08     3000028242   3.87             391808.1   277140.7  
================================================================================================================================================================

================================================================================================================================================================
Merge Operations Summary (showing last 3 of 3 merge passes)
================================================================================================================================================================
Config               M1PAvg     M1PMax     M1Imbal    M1Slow       M1Fast       M2PAvg     M2PMax     M2Imbal    M2Slow       M2Fast       M3PAvg     M3PMax     M3Imbal    M3Slow       M3Fast      
----------------------------------------------------------------------------------------------------------------------------------------------------------------
Exp1.2_RunGen24_Merge40_Mem2GB[1] 3921646    4651571    1.19       11.92        11.92        35563515   42165333   1.19       116.87       116.87       75000706   88928583   1.19       195.51       195.51      
Exp1.2_RunGen24_Merge40_Mem2GB[2] 3921646    4788741    1.22       15.60        15.60        35563515   43453057   1.22       113.48       113.48       75000706   91613067   1.22       203.44       203.44      
Exp1.2_RunGen24_Merge40_Mem2GB[3] 3921646    4546375    1.16       15.25        15.25        35563515   41232533   1.16       111.69       111.69       75000706   86932114   1.16       194.47       194.47      
----------------------------------------------------------------------------------------------------------------------------------------------------------------
Exp1.2_RunGen24_Merge40_Mem2GB[avg] 3921646    4662229    1.19       15.60        11.92        35563515   42283641   1.19       116.87       111.69       75000706   89157921   1.19       203.44       194.47      
================================================================================================================================================================

================================================================================================================================================================
Detailed I/O Statistics
================================================================================================================================================================
Config               RG Read MB   RG Write MB  M1Read MB    M1Write MB   M2Read MB    M2Write MB   M3Read MB    M3Write MB  
----------------------------------------------------------------------------------------------------------------------------------------------------------------
Exp1.2_RunGen24_Merge40_Mem2GB[1] 199660.7     134735.8     7450.9       5720.9       66640.9      45781.5      118050.2     90902.0     
Exp1.2_RunGen24_Merge40_Mem2GB[2] 199660.7     134735.8     7451.7       5720.9       66651.9      45781.4      118059.2     90902.0     
Exp1.2_RunGen24_Merge40_Mem2GB[3] 199660.7     134735.8     7452.2       5721.0       66636.7      45781.9      118048.6     90903.1     
----------------------------------------------------------------------------------------------------------------------------------------------------------------
Exp1.2_RunGen24_Merge40_Mem2GB[avg] 199660.7     134735.8     7451.6       5720.9       66643.1      45781.6      118052.7     90902.4     
================================================================================================================================================================

====================================================================================================
Run Generation Time Breakdown
====================================================================================================
Config               RG Total s   Load s       Sort s       Store s     
----------------------------------------------------------------------------------------------------
Exp1.2_RunGen24_Merge40_Mem2GB[1] 442.36       0            438.52       0           
Exp1.2_RunGen24_Merge40_Mem2GB[2] 455.14       0            451.186      0           
Exp1.2_RunGen24_Merge40_Mem2GB[3] 447.40       0            439.117      0           
----------------------------------------------------------------------------------------------------
Exp1.2_RunGen24_Merge40_Mem2GB[avg] 448.30       0.00         442.94       0.00        
====================================================================================================
