warning: unused imports: `SeedableRng` and `rngs::SmallRng`
 --> src/fastzipf.rs:2:12
  |
2 | use rand::{SeedableRng, rngs::SmallRng};
  |            ^^^^^^^^^^^  ^^^^^^^^^^^^^^
  |
  = note: `#[warn(unused_imports)]` on by default

warning: unused import: `std::fmt`
 --> src/sketch/reservoir_sampler.rs:6:5
  |
6 | use std::fmt;
  |     ^^^^^^^^

warning: unused import: `crate::sketch::kll::KLL`
   --> src/sketch/reservoir_sampler.rs:190:9
    |
190 |     use crate::sketch::kll::KLL;
    |         ^^^^^^^^^^^^^^^^^^^^^^^

warning: unused import: `super::*`
   --> src/sketch/reservoir_sampler.rs:192:9
    |
192 |     use super::*;
    |         ^^^^^^^^

warning: unused import: `std::collections::HashMap`
   --> src/sketch/mod.rs:226:9
    |
226 |     use std::collections::HashMap;
    |         ^^^^^^^^^^^^^^^^^^^^^^^^^

warning: unused import: `super::kll::*`
   --> src/sketch/mod.rs:228:9
    |
228 |     use super::kll::*;
    |         ^^^^^^^^^^^^^

warning: unused import: `super::reservoir_sampler::*`
   --> src/sketch/mod.rs:229:9
    |
229 |     use super::reservoir_sampler::*;
    |         ^^^^^^^^^^^^^^^^^^^^^^^^^^^

warning: unused import: `super::*`
   --> src/sketch/mod.rs:230:9
    |
230 |     use super::*;
    |         ^^^^^^^^

warning: unused import: `Duration`
 --> src/sort/core/engine.rs:4:17
  |
4 | use std::time::{Duration, Instant, SystemTime, UNIX_EPOCH};
  |                 ^^^^^^^^

warning: function `compute_ovc_delta` is never used
    --> src/ovc/offset_value_coding.rs:1136:15
     |
1136 | pub(crate) fn compute_ovc_delta(prev_key: Option<&[u8]>, key: &[u8]) -> OVCU64 {
     |               ^^^^^^^^^^^^^^^^^
     |
     = note: `#[warn(dead_code)]` on by default

warning: `es` (lib) generated 10 warnings (run `cargo fix --lib -p es` to apply 9 suggestions)
    Finished `release` profile [optimized] target(s) in 0.21s
     Running `target/release/examples/lineitem_benchmark_cli -n Exp2_Thr40_Mem4GB -i lineitem_sf500.csv --run-gen-threads 40 --merge-threads 40 --run-size-mb 102.40 --merge-fanin 1638 --warmup-runs 1 --benchmark-runs 3 --cooldown-seconds 30 --dir logs/lineitem_bench_2025-12-08_23-43-15/Exp2_Thr40_Mem4GB_tmp`
Using existing KVBin file: "./datasets/lineitem_sf500.k-8-9-13-14-15.v-0-3.kvbin"

=== BENCHMARK MODE ===
KVBin data: ./datasets/lineitem_sf500.k-8-9-13-14-15.v-0-3.kvbin, index: ./datasets/lineitem_sf500.k-8-9-13-14-15.v-0-3.kvbin.idx
Estimated data size: 199659.46 MB
Run generation threads: 40
Use OVC: true
Run size (MB): 102.40
Run generation memory (MB): 4096.0
Merge threads: 40
Merge fan-in: 1638
Merge memory (MB): 4095.0
Sketch type: kll
Sketch size: 200
Run indexing interval: 1000
Temporary directory: "logs/lineitem_bench_2025-12-08_23-43-15/Exp2_Thr40_Mem4GB_tmp"
Warmup runs: 1
Runs per configuration: 3
Cooldown between runs (s): 30
Verify output: false

Running benchmark for config: Exp2_Thr40_Mem4GB
Parameters: Run Gen Threads: 40, Use OVC: true, Run Size: 102.40 MB, Run Gen Memory: 4096.0 MB, Merge Threads: 40, Merge Fanin: 1638, Merge Memory: 4095.0 MB, Imbalance Factor: 1.0
================================================================================
  Performing 1 warmup run(s)...
    Warmup 1/1: Starting sort with 40 parallel scanners for run generation
Run gen thread 25 392440 ms, 23 runs generated
Run gen thread 39 393249 ms, 22 runs generated
Run gen thread 33 397538 ms, 23 runs generated
Run gen thread 19 399137 ms, 23 runs generated
Run gen thread 31 400813 ms, 23 runs generated
Run gen thread 9 405614 ms, 23 runs generated
Run gen thread 21 405918 ms, 23 runs generated
Run gen thread 38 406081 ms, 23 runs generated
Run gen thread 11 406199 ms, 23 runs generated
Run gen thread 12 406838 ms, 23 runs generated
Run gen thread 8 406939 ms, 23 runs generated
Run gen thread 17 406975 ms, 23 runs generated
Run gen thread 18 407248 ms, 23 runs generated
Run gen thread 13 407719 ms, 23 runs generated
Run gen thread 23 407742 ms, 23 runs generated
Run gen thread 10 407788 ms, 23 runs generated
Run gen thread 27 408176 ms, 23 runs generated
Run gen thread 34 408332 ms, 23 runs generated
Run gen thread 2 408743 ms, 23 runs generated
Run gen thread 29 409266 ms, 23 runs generated
Run gen thread 22 409823 ms, 23 runs generated
Run gen thread 6 410117 ms, 23 runs generated
Run gen thread 3 410185 ms, 23 runs generated
Run gen thread 7 410326 ms, 23 runs generated
Run gen thread 30 410899 ms, 23 runs generated
Run gen thread 36 410930 ms, 23 runs generated
Run gen thread 4 411303 ms, 23 runs generated
Run gen thread 16 411462 ms, 23 runs generated
Run gen thread 35 411835 ms, 23 runs generated
Run gen thread 37 411862 ms, 23 runs generated
Run gen thread 24 412622 ms, 23 runs generated
Run gen thread 20 413506 ms, 23 runs generated
Run gen thread 15 414016 ms, 23 runs generated
Run gen thread 28 414083 ms, 23 runs generated
Run gen thread 32 414510 ms, 23 runs generated
Run gen thread 1 414731 ms, 23 runs generated
Run gen thread 0 415179 ms, 23 runs generated
Run gen thread 26 415403 ms, 23 runs generated
Run gen thread 14 417288 ms, 23 runs generated
Run gen thread 5 417406 ms, 23 runs generated
Generated 919 runs in 418426 ms
Merging 919 runs using 40 threads
Merge phase took 246860 ms | Merged 3000028242 entries across 40 runs | Thread timing: min=157301 ms, max=246831 ms | Partition sizes: imbalance=1.27x
665.29s
  Warmup complete.

  Run 1/3: Starting sort with 40 parallel scanners for run generation
Run gen thread 21 377200 ms, 23 runs generated
Run gen thread 24 377358 ms, 23 runs generated
Run gen thread 27 377857 ms, 23 runs generated
Run gen thread 14 378242 ms, 23 runs generated
Run gen thread 8 378569 ms, 23 runs generated
Run gen thread 6 378662 ms, 23 runs generated
Run gen thread 39 379171 ms, 22 runs generated
Run gen thread 10 379197 ms, 23 runs generated
Run gen thread 30 379865 ms, 23 runs generated
Run gen thread 26 380104 ms, 23 runs generated
Run gen thread 3 380219 ms, 23 runs generated
Run gen thread 31 380645 ms, 23 runs generated
Run gen thread 5 381772 ms, 23 runs generated
Run gen thread 23 382074 ms, 23 runs generated
Run gen thread 34 382286 ms, 23 runs generated
Run gen thread 38 382901 ms, 23 runs generated
Run gen thread 33 383104 ms, 23 runs generated
Run gen thread 9 383433 ms, 23 runs generated
Run gen thread 15 383573 ms, 23 runs generated
Run gen thread 0 383635 ms, 23 runs generated
Run gen thread 32 383860 ms, 23 runs generated
Run gen thread 28 383864 ms, 23 runs generated
Run gen thread 12 384081 ms, 23 runs generated
Run gen thread 11 384111 ms, 23 runs generated
Run gen thread 17 384124 ms, 23 runs generated
Run gen thread 37 384141 ms, 23 runs generated
Run gen thread 13 384332 ms, 23 runs generated
Run gen thread 7 385182 ms, 23 runs generated
Run gen thread 4 385200 ms, 23 runs generated
Run gen thread 16 385705 ms, 23 runs generated
Run gen thread 25 385998 ms, 23 runs generated
Run gen thread 20 386793 ms, 23 runs generated
Run gen thread 29 387346 ms, 23 runs generated
Run gen thread 35 387453 ms, 23 runs generated
Run gen thread 18 387544 ms, 23 runs generated
Run gen thread 19 387597 ms, 23 runs generated
Run gen thread 22 387698 ms, 23 runs generated
Run gen thread 36 387872 ms, 23 runs generated
Run gen thread 1 389113 ms, 23 runs generated
Run gen thread 2 389845 ms, 23 runs generated
Generated 919 runs in 390942 ms
Merging 919 runs using 40 threads
Merge phase took 237377 ms | Merged 3000028242 entries across 40 runs | Thread timing: min=151639 ms, max=237359 ms | Partition sizes: imbalance=1.27x
SortStats:
  Number of runs: 919
  (R) time: 390942 ms
  (R) breakdown: load=0 ms, sort=383293 ms, store=0 ms
  (R) I/O stats: I/O Stats: Read Ops: 3194565, Read Bytes: 209358947685, Write Ops: 2092798, Write Bytes: 137152387072
  (M) time: 237377 ms
  Read amplification:
    Run generation writes: 137152387072 bytes (127.73 GB)
    Merge phase reads: 140356444160 bytes (130.72 GB)
    Read amplification factor: 1.02x
    Excess reads: 2.3% (sparse indexing overhead)
  Thread timing:
    Min thread time: 151639 ms
    Max thread time: 237359 ms
    Avg thread time: 211539 ms
    Time imbalance factor (max/avg): 1.12x

628.32s

  Cooling down for 30s before next run...
  Run 2/3: Starting sort with 40 parallel scanners for run generation
Run gen thread 39 383010 ms, 22 runs generated
Run gen thread 2 383326 ms, 23 runs generated
Run gen thread 38 383903 ms, 23 runs generated
Run gen thread 12 385981 ms, 23 runs generated
Run gen thread 21 387008 ms, 23 runs generated
Run gen thread 17 387878 ms, 23 runs generated
Run gen thread 3 388216 ms, 23 runs generated
Run gen thread 13 388664 ms, 23 runs generated
Run gen thread 34 389440 ms, 23 runs generated
Run gen thread 25 389802 ms, 23 runs generated
Run gen thread 19 390568 ms, 23 runs generated
Run gen thread 23 391333 ms, 23 runs generated
Run gen thread 29 391608 ms, 23 runs generated
Run gen thread 32 391809 ms, 23 runs generated
Run gen thread 27 391822 ms, 23 runs generated
Run gen thread 22 391914 ms, 23 runs generated
Run gen thread 24 392134 ms, 23 runs generated
Run gen thread 1 392198 ms, 23 runs generated
Run gen thread 8 392438 ms, 23 runs generated
Run gen thread 18 392452 ms, 23 runs generated
Run gen thread 33 392848 ms, 23 runs generated
Run gen thread 10 392975 ms, 23 runs generated
Run gen thread 30 393384 ms, 23 runs generated
Run gen thread 37 393495 ms, 23 runs generated
Run gen thread 15 393614 ms, 23 runs generated
Run gen thread 28 393687 ms, 23 runs generated
Run gen thread 14 393698 ms, 23 runs generated
Run gen thread 36 393743 ms, 23 runs generated
Run gen thread 35 393904 ms, 23 runs generated
Run gen thread 31 393998 ms, 23 runs generated
Run gen thread 20 394185 ms, 23 runs generated
Run gen thread 5 394416 ms, 23 runs generated
Run gen thread 11 394503 ms, 23 runs generated
Run gen thread 9 394765 ms, 23 runs generated
Run gen thread 7 395335 ms, 23 runs generated
Run gen thread 4 395582 ms, 23 runs generated
Run gen thread 26 395834 ms, 23 runs generated
Run gen thread 16 395843 ms, 23 runs generated
Run gen thread 0 396940 ms, 23 runs generated
Run gen thread 6 397735 ms, 23 runs generated
Generated 919 runs in 398505 ms
Merging 919 runs using 40 threads
Merge phase took 225643 ms | Merged 3000028242 entries across 40 runs | Thread timing: min=169623 ms, max=225605 ms | Partition sizes: imbalance=1.29x
SortStats:
  Number of runs: 919
  (R) time: 398505 ms
  (R) breakdown: load=0 ms, sort=391899 ms, store=0 ms
  (R) I/O stats: I/O Stats: Read Ops: 3194565, Read Bytes: 209358947685, Write Ops: 2092798, Write Bytes: 137152387072
  (M) time: 225643 ms
  Read amplification:
    Run generation writes: 137152387072 bytes (127.73 GB)
    Merge phase reads: 140354553344 bytes (130.72 GB)
    Read amplification factor: 1.02x
    Excess reads: 2.3% (sparse indexing overhead)
  Thread timing:
    Min thread time: 169623 ms
    Max thread time: 225605 ms
    Avg thread time: 201155 ms
    Time imbalance factor (max/avg): 1.12x

624.15s

  Cooling down for 30s before next run...
  Run 3/3: Starting sort with 40 parallel scanners for run generation
Run gen thread 27 364429 ms, 23 runs generated
Run gen thread 6 364574 ms, 23 runs generated
Run gen thread 19 364699 ms, 23 runs generated
Run gen thread 23 364829 ms, 23 runs generated
Run gen thread 16 365056 ms, 23 runs generated
Run gen thread 2 366165 ms, 23 runs generated
Run gen thread 7 367320 ms, 23 runs generated
Run gen thread 25 367740 ms, 23 runs generated
Run gen thread 22 367773 ms, 23 runs generated
Run gen thread 39 368119 ms, 22 runs generated
Run gen thread 1 368530 ms, 23 runs generated
Run gen thread 35 368671 ms, 23 runs generated
Run gen thread 34 368944 ms, 23 runs generated
Run gen thread 17 368993 ms, 23 runs generated
Run gen thread 15 369191 ms, 23 runs generated
Run gen thread 0 369277 ms, 23 runs generated
Run gen thread 9 369843 ms, 23 runs generated
Run gen thread 20 369945 ms, 23 runs generated
Run gen thread 13 370136 ms, 23 runs generated
Run gen thread 8 370403 ms, 23 runs generated
Run gen thread 29 370729 ms, 23 runs generated
Run gen thread 38 370862 ms, 23 runs generated
Run gen thread 11 371214 ms, 23 runs generated
Run gen thread 33 371600 ms, 23 runs generated
Run gen thread 26 371776 ms, 23 runs generated
Run gen thread 31 372535 ms, 23 runs generated
Run gen thread 28 372886 ms, 23 runs generated
Run gen thread 18 373173 ms, 23 runs generated
Run gen thread 37 373251 ms, 23 runs generated
Run gen thread 5 373260 ms, 23 runs generated
Run gen thread 10 373394 ms, 23 runs generated
Run gen thread 36 373700 ms, 23 runs generated
Run gen thread 4 373900 ms, 23 runs generated
Run gen thread 32 373914 ms, 23 runs generated
Run gen thread 12 374305 ms, 23 runs generated
Run gen thread 30 374636 ms, 23 runs generated
Run gen thread 24 374705 ms, 23 runs generated
Run gen thread 21 375891 ms, 23 runs generated
Run gen thread 3 376087 ms, 23 runs generated
Run gen thread 14 376379 ms, 23 runs generated
Generated 919 runs in 377108 ms
Merging 919 runs using 40 threads
Merge phase took 228899 ms | Merged 3000028242 entries across 40 runs | Thread timing: min=156185 ms, max=228891 ms | Partition sizes: imbalance=1.32x
SortStats:
  Number of runs: 919
  (R) time: 377108 ms
  (R) breakdown: load=0 ms, sort=370570 ms, store=0 ms
  (R) I/O stats: I/O Stats: Read Ops: 3194565, Read Bytes: 209358947685, Write Ops: 2092798, Write Bytes: 137152387072
  (M) time: 228899 ms
  Read amplification:
    Run generation writes: 137152387072 bytes (127.73 GB)
    Merge phase reads: 140370709504 bytes (130.73 GB)
    Read amplification factor: 1.02x
    Excess reads: 2.3% (sparse indexing overhead)
  Thread timing:
    Min thread time: 156185 ms
    Max thread time: 228891 ms
    Avg thread time: 201107 ms
    Time imbalance factor (max/avg): 1.14x

606.01s


================================================================================================================================================================
Benchmark Results Summary
================================================================================================================================================================
Config               Run Size   RG Runs    Gen Thr    Merge Thr  Total (s)  RunGen (s)   Merge (s)  Entries      Throughput       Read MB    Write MB  
                     (MB)                                                                                        (M entries/s)                         
----------------------------------------------------------------------------------------------------------------------------------------------------------------
Exp2_Thr40_Mem4GB[1] 102.4      919        40         40         628.32       390.94     237.38     3000028242   4.77             333514.6   221700.0  
Exp2_Thr40_Mem4GB[2] 102.4      919        40         40         624.15       398.50     225.64     3000028242   4.81             333512.8   221700.5  
Exp2_Thr40_Mem4GB[3] 102.4      919        40         40         606.01       377.11     228.90     3000028242   4.95             333528.2   221701.4  
Exp2_Thr40_Mem4GB[avg] 102.4      919        40         40         619.49       388.85     230.64     3000028242   4.84             333518.5   221700.6  
================================================================================================================================================================

================================================================================================================================================================
Merge Operations Summary (showing last 1 of 1 merge passes)
================================================================================================================================================================
Config               M1PAvg     M1PMax     M1Imbal    M1Slow       M1Fast      
----------------------------------------------------------------------------------------------------------------------------------------------------------------
Exp2_Thr40_Mem4GB[1] 75000706   95311935   1.27       237.38       237.38      
Exp2_Thr40_Mem4GB[2] 75000706   96481007   1.29       225.64       225.64      
Exp2_Thr40_Mem4GB[3] 75000706   98937064   1.32       228.90       228.90      
----------------------------------------------------------------------------------------------------------------------------------------------------------------
Exp2_Thr40_Mem4GB[avg] 75000706   96910002   1.29       237.38       225.64      
================================================================================================================================================================

================================================================================================================================================================
Detailed I/O Statistics
================================================================================================================================================================
Config               RG Read MB   RG Write MB  M1Read MB    M1Write MB  
----------------------------------------------------------------------------------------------------------------------------------------------------------------
Exp2_Thr40_Mem4GB[1] 199660.3     130798.7     133854.3     90901.3     
Exp2_Thr40_Mem4GB[2] 199660.3     130798.7     133852.5     90901.8     
Exp2_Thr40_Mem4GB[3] 199660.3     130798.7     133867.9     90902.7     
----------------------------------------------------------------------------------------------------------------------------------------------------------------
Exp2_Thr40_Mem4GB[avg] 199660.3     130798.7     133858.3     90901.9     
================================================================================================================================================================

====================================================================================================
Run Generation Time Breakdown
====================================================================================================
Config               RG Total s   Load s       Sort s       Store s     
----------------------------------------------------------------------------------------------------
Exp2_Thr40_Mem4GB[1] 390.94       0            383.293      0           
Exp2_Thr40_Mem4GB[2] 398.50       0            391.899      0           
Exp2_Thr40_Mem4GB[3] 377.11       0            370.57       0           
----------------------------------------------------------------------------------------------------
Exp2_Thr40_Mem4GB[avg] 388.85       0.00         381.92       0.00        
====================================================================================================
