warning: unused imports: `SeedableRng` and `rngs::SmallRng`
 --> src/fastzipf.rs:2:12
  |
2 | use rand::{SeedableRng, rngs::SmallRng};
  |            ^^^^^^^^^^^  ^^^^^^^^^^^^^^
  |
  = note: `#[warn(unused_imports)]` on by default

warning: unused import: `std::fmt`
 --> src/sketch/reservoir_sampler.rs:6:5
  |
6 | use std::fmt;
  |     ^^^^^^^^

warning: unused import: `crate::sketch::kll::KLL`
   --> src/sketch/reservoir_sampler.rs:190:9
    |
190 |     use crate::sketch::kll::KLL;
    |         ^^^^^^^^^^^^^^^^^^^^^^^

warning: unused import: `super::*`
   --> src/sketch/reservoir_sampler.rs:192:9
    |
192 |     use super::*;
    |         ^^^^^^^^

warning: unused import: `std::collections::HashMap`
   --> src/sketch/mod.rs:226:9
    |
226 |     use std::collections::HashMap;
    |         ^^^^^^^^^^^^^^^^^^^^^^^^^

warning: unused import: `super::kll::*`
   --> src/sketch/mod.rs:228:9
    |
228 |     use super::kll::*;
    |         ^^^^^^^^^^^^^

warning: unused import: `super::reservoir_sampler::*`
   --> src/sketch/mod.rs:229:9
    |
229 |     use super::reservoir_sampler::*;
    |         ^^^^^^^^^^^^^^^^^^^^^^^^^^^

warning: unused import: `super::*`
   --> src/sketch/mod.rs:230:9
    |
230 |     use super::*;
    |         ^^^^^^^^

warning: unused import: `Duration`
 --> src/sort/core/engine.rs:4:17
  |
4 | use std::time::{Duration, Instant, SystemTime, UNIX_EPOCH};
  |                 ^^^^^^^^

warning: function `compute_ovc_delta` is never used
    --> src/ovc/offset_value_coding.rs:1136:15
     |
1136 | pub(crate) fn compute_ovc_delta(prev_key: Option<&[u8]>, key: &[u8]) -> OVCU64 {
     |               ^^^^^^^^^^^^^^^^^
     |
     = note: `#[warn(dead_code)]` on by default

warning: `es` (lib) generated 10 warnings (run `cargo fix --lib -p es` to apply 9 suggestions)
    Finished `release` profile [optimized] target(s) in 0.22s
     Running `target/release/examples/lineitem_benchmark_cli -n Exp2_Thr40_Mem8GB -i lineitem_sf500.csv --run-gen-threads 40 --merge-threads 40 --run-size-mb 204.80 --merge-fanin 3276 --warmup-runs 1 --benchmark-runs 3 --cooldown-seconds 30 --dir logs/lineitem_bench_2025-12-08_23-43-15/Exp2_Thr40_Mem8GB_tmp`
Using existing KVBin file: "./datasets/lineitem_sf500.k-8-9-13-14-15.v-0-3.kvbin"

=== BENCHMARK MODE ===
KVBin data: ./datasets/lineitem_sf500.k-8-9-13-14-15.v-0-3.kvbin, index: ./datasets/lineitem_sf500.k-8-9-13-14-15.v-0-3.kvbin.idx
Estimated data size: 199659.46 MB
Run generation threads: 40
Use OVC: true
Run size (MB): 204.80
Run generation memory (MB): 8192.0
Merge threads: 40
Merge fan-in: 3276
Merge memory (MB): 8190.0
Sketch type: kll
Sketch size: 200
Run indexing interval: 1000
Temporary directory: "logs/lineitem_bench_2025-12-08_23-43-15/Exp2_Thr40_Mem8GB_tmp"
Warmup runs: 1
Runs per configuration: 3
Cooldown between runs (s): 30
Verify output: false

Running benchmark for config: Exp2_Thr40_Mem8GB
Parameters: Run Gen Threads: 40, Use OVC: true, Run Size: 204.80 MB, Run Gen Memory: 8192.0 MB, Merge Threads: 40, Merge Fanin: 3276, Merge Memory: 8190.0 MB, Imbalance Factor: 1.0
================================================================================
  Performing 1 warmup run(s)...
    Warmup 1/1: Starting sort with 40 parallel scanners for run generation
Run gen thread 33 448627 ms, 12 runs generated
Run gen thread 21 453813 ms, 12 runs generated
Run gen thread 17 454331 ms, 12 runs generated
Run gen thread 3 454857 ms, 12 runs generated
Run gen thread 12 456225 ms, 12 runs generated
Run gen thread 18 457784 ms, 12 runs generated
Run gen thread 10 458187 ms, 12 runs generated
Run gen thread 11 458347 ms, 12 runs generated
Run gen thread 23 458397 ms, 12 runs generated
Run gen thread 24 458619 ms, 12 runs generated
Run gen thread 30 458796 ms, 12 runs generated
Run gen thread 28 459271 ms, 12 runs generated
Run gen thread 5 459625 ms, 12 runs generated
Run gen thread 16 459956 ms, 12 runs generated
Run gen thread 38 460346 ms, 12 runs generated
Run gen thread 35 460427 ms, 12 runs generated
Run gen thread 4 460514 ms, 12 runs generated
Run gen thread 31 460832 ms, 12 runs generated
Run gen thread 36 461107 ms, 12 runs generated
Run gen thread 34 461275 ms, 12 runs generated
Run gen thread 29 461781 ms, 12 runs generated
Run gen thread 39 461798 ms, 12 runs generated
Run gen thread 1 462230 ms, 12 runs generated
Run gen thread 6 462437 ms, 12 runs generated
Run gen thread 26 462699 ms, 12 runs generated
Run gen thread 22 463492 ms, 12 runs generated
Run gen thread 20 463663 ms, 12 runs generated
Run gen thread 25 463686 ms, 12 runs generated
Run gen thread 15 463897 ms, 12 runs generated
Run gen thread 0 463989 ms, 12 runs generated
Run gen thread 32 464106 ms, 12 runs generated
Run gen thread 7 464317 ms, 12 runs generated
Run gen thread 14 464570 ms, 12 runs generated
Run gen thread 19 464907 ms, 12 runs generated
Run gen thread 9 466883 ms, 12 runs generated
Run gen thread 8 466905 ms, 12 runs generated
Run gen thread 37 467010 ms, 12 runs generated
Run gen thread 27 468188 ms, 12 runs generated
Run gen thread 2 468994 ms, 12 runs generated
Run gen thread 13 469521 ms, 12 runs generated
Generated 480 runs in 469987 ms
Merging 480 runs using 40 threads
Merge phase took 220632 ms | Merged 3000028242 entries across 40 runs | Thread timing: min=164264 ms, max=220460 ms | Partition sizes: imbalance=1.20x
690.62s
  Warmup complete.

  Run 1/3: Starting sort with 40 parallel scanners for run generation
Run gen thread 38 381164 ms, 12 runs generated
Run gen thread 33 382882 ms, 12 runs generated
Run gen thread 28 385373 ms, 12 runs generated
Run gen thread 39 394944 ms, 12 runs generated
Run gen thread 30 395185 ms, 12 runs generated
Run gen thread 29 395608 ms, 12 runs generated
Run gen thread 7 398116 ms, 12 runs generated
Run gen thread 3 398542 ms, 12 runs generated
Run gen thread 12 398667 ms, 12 runs generated
Run gen thread 37 400486 ms, 12 runs generated
Run gen thread 24 400921 ms, 12 runs generated
Run gen thread 22 400988 ms, 12 runs generated
Run gen thread 9 402186 ms, 12 runs generated
Run gen thread 6 402860 ms, 12 runs generated
Run gen thread 2 403087 ms, 12 runs generated
Run gen thread 14 403342 ms, 12 runs generated
Run gen thread 1 403522 ms, 12 runs generated
Run gen thread 17 404000 ms, 12 runs generated
Run gen thread 10 404156 ms, 12 runs generated
Run gen thread 15 404338 ms, 12 runs generated
Run gen thread 11 404503 ms, 12 runs generated
Run gen thread 13 405401 ms, 12 runs generated
Run gen thread 18 405715 ms, 12 runs generated
Run gen thread 21 406322 ms, 12 runs generated
Run gen thread 8 406572 ms, 12 runs generated
Run gen thread 5 406785 ms, 12 runs generated
Run gen thread 16 407010 ms, 12 runs generated
Run gen thread 19 407672 ms, 12 runs generated
Run gen thread 23 408603 ms, 12 runs generated
Run gen thread 34 408965 ms, 12 runs generated
Run gen thread 32 409878 ms, 12 runs generated
Run gen thread 0 410821 ms, 12 runs generated
Run gen thread 35 411110 ms, 12 runs generated
Run gen thread 26 411157 ms, 12 runs generated
Run gen thread 36 411444 ms, 12 runs generated
Run gen thread 31 412737 ms, 12 runs generated
Run gen thread 4 413316 ms, 12 runs generated
Run gen thread 27 413548 ms, 12 runs generated
Run gen thread 25 414071 ms, 12 runs generated
Run gen thread 20 416066 ms, 12 runs generated
Generated 480 runs in 416902 ms
Merging 480 runs using 40 threads
Merge phase took 219421 ms | Merged 3000028242 entries across 40 runs | Thread timing: min=177143 ms, max=219322 ms | Partition sizes: imbalance=1.28x
SortStats:
  Number of runs: 480
  (R) time: 416902 ms
  (R) breakdown: load=0 ms, sort=403801 ms, store=0 ms
  (R) I/O stats: I/O Stats: Read Ops: 3194565, Read Bytes: 209358947685, Write Ops: 2029922, Write Bytes: 133031631360
  (M) time: 219421 ms
  Read amplification:
    Run generation writes: 133031631360 bytes (123.90 GB)
    Merge phase reads: 134686496256 bytes (125.44 GB)
    Read amplification factor: 1.01x
    Excess reads: 1.2% (sparse indexing overhead)
  Thread timing:
    Min thread time: 177143 ms
    Max thread time: 219322 ms
    Avg thread time: 198885 ms
    Time imbalance factor (max/avg): 1.10x

636.32s

  Cooling down for 30s before next run...
  Run 2/3: Starting sort with 40 parallel scanners for run generation
Run gen thread 29 378770 ms, 12 runs generated
Run gen thread 6 380814 ms, 12 runs generated
Run gen thread 1 380977 ms, 12 runs generated
Run gen thread 18 382856 ms, 12 runs generated
Run gen thread 9 384802 ms, 12 runs generated
Run gen thread 39 386180 ms, 12 runs generated
Run gen thread 21 389950 ms, 12 runs generated
Run gen thread 13 391774 ms, 12 runs generated
Run gen thread 20 393755 ms, 12 runs generated
Run gen thread 11 394148 ms, 12 runs generated
Run gen thread 2 395927 ms, 12 runs generated
Run gen thread 22 397209 ms, 12 runs generated
Run gen thread 10 397634 ms, 12 runs generated
Run gen thread 33 398043 ms, 12 runs generated
Run gen thread 3 398114 ms, 12 runs generated
Run gen thread 19 398803 ms, 12 runs generated
Run gen thread 24 398834 ms, 12 runs generated
Run gen thread 17 399775 ms, 12 runs generated
Run gen thread 38 400435 ms, 12 runs generated
Run gen thread 0 400711 ms, 12 runs generated
Run gen thread 16 400778 ms, 12 runs generated
Run gen thread 34 401266 ms, 12 runs generated
Run gen thread 4 401452 ms, 12 runs generated
Run gen thread 12 401586 ms, 12 runs generated
Run gen thread 32 401675 ms, 12 runs generated
Run gen thread 28 401717 ms, 12 runs generated
Run gen thread 15 401885 ms, 12 runs generated
Run gen thread 35 402158 ms, 12 runs generated
Run gen thread 8 402375 ms, 12 runs generated
Run gen thread 25 402759 ms, 12 runs generated
Run gen thread 26 402971 ms, 12 runs generated
Run gen thread 30 403512 ms, 12 runs generated
Run gen thread 7 403566 ms, 12 runs generated
Run gen thread 14 403798 ms, 12 runs generated
Run gen thread 37 404079 ms, 12 runs generated
Run gen thread 27 404139 ms, 12 runs generated
Run gen thread 36 404345 ms, 12 runs generated
Run gen thread 31 404515 ms, 12 runs generated
Run gen thread 5 405823 ms, 12 runs generated
Run gen thread 23 406850 ms, 12 runs generated
Generated 480 runs in 407190 ms
Merging 480 runs using 40 threads
Merge phase took 222725 ms | Merged 3000028242 entries across 40 runs | Thread timing: min=158601 ms, max=222723 ms | Partition sizes: imbalance=1.31x
SortStats:
  Number of runs: 480
  (R) time: 407190 ms
  (R) breakdown: load=0 ms, sort=397769 ms, store=0 ms
  (R) I/O stats: I/O Stats: Read Ops: 3194565, Read Bytes: 209358947685, Write Ops: 2029922, Write Bytes: 133031631360
  (M) time: 222725 ms
  Read amplification:
    Run generation writes: 133031631360 bytes (123.90 GB)
    Merge phase reads: 134682387456 bytes (125.43 GB)
    Read amplification factor: 1.01x
    Excess reads: 1.2% (sparse indexing overhead)
  Thread timing:
    Min thread time: 158601 ms
    Max thread time: 222723 ms
    Avg thread time: 196239 ms
    Time imbalance factor (max/avg): 1.13x

629.91s

  Cooling down for 30s before next run...
  Run 3/3: Starting sort with 40 parallel scanners for run generation
Run gen thread 39 390589 ms, 12 runs generated
Run gen thread 7 393331 ms, 12 runs generated
Run gen thread 27 393489 ms, 12 runs generated
Run gen thread 24 396370 ms, 12 runs generated
Run gen thread 1 396423 ms, 12 runs generated
Run gen thread 10 396983 ms, 12 runs generated
Run gen thread 31 397400 ms, 12 runs generated
Run gen thread 37 398052 ms, 12 runs generated
Run gen thread 9 398196 ms, 12 runs generated
Run gen thread 4 398501 ms, 12 runs generated
Run gen thread 17 399514 ms, 12 runs generated
Run gen thread 3 400152 ms, 12 runs generated
Run gen thread 18 401292 ms, 12 runs generated
Run gen thread 11 402225 ms, 12 runs generated
Run gen thread 22 402250 ms, 12 runs generated
Run gen thread 33 402582 ms, 12 runs generated
Run gen thread 38 402676 ms, 12 runs generated
Run gen thread 5 402719 ms, 12 runs generated
Run gen thread 21 402938 ms, 12 runs generated
Run gen thread 26 402958 ms, 12 runs generated
Run gen thread 34 403115 ms, 12 runs generated
Run gen thread 36 403452 ms, 12 runs generated
Run gen thread 12 403846 ms, 12 runs generated
Run gen thread 25 403977 ms, 12 runs generated
Run gen thread 30 404805 ms, 12 runs generated
Run gen thread 29 405743 ms, 12 runs generated
Run gen thread 14 405791 ms, 12 runs generated
Run gen thread 32 406124 ms, 12 runs generated
Run gen thread 35 406225 ms, 12 runs generated
Run gen thread 15 406473 ms, 12 runs generated
Run gen thread 2 406849 ms, 12 runs generated
Run gen thread 0 406893 ms, 12 runs generated
Run gen thread 20 407511 ms, 12 runs generated
Run gen thread 8 407753 ms, 12 runs generated
Run gen thread 19 409645 ms, 12 runs generated
Run gen thread 6 410364 ms, 12 runs generated
Run gen thread 23 410943 ms, 12 runs generated
Run gen thread 28 412528 ms, 12 runs generated
Run gen thread 16 414507 ms, 12 runs generated
Run gen thread 13 416275 ms, 12 runs generated
Generated 480 runs in 417390 ms
Merging 480 runs using 40 threads
Merge phase took 227038 ms | Merged 3000028242 entries across 40 runs | Thread timing: min=158640 ms, max=227002 ms | Partition sizes: imbalance=1.26x
SortStats:
  Number of runs: 480
  (R) time: 417390 ms
  (R) breakdown: load=0 ms, sort=403286 ms, store=0 ms
  (R) I/O stats: I/O Stats: Read Ops: 3194565, Read Bytes: 209358947685, Write Ops: 2029922, Write Bytes: 133031631360
  (M) time: 227038 ms
  Read amplification:
    Run generation writes: 133031631360 bytes (123.90 GB)
    Merge phase reads: 134670469632 bytes (125.42 GB)
    Read amplification factor: 1.01x
    Excess reads: 1.2% (sparse indexing overhead)
  Thread timing:
    Min thread time: 158640 ms
    Max thread time: 227002 ms
    Avg thread time: 200846 ms
    Time imbalance factor (max/avg): 1.13x

644.43s


================================================================================================================================================================
Benchmark Results Summary
================================================================================================================================================================
Config               Run Size   RG Runs    Gen Thr    Merge Thr  Total (s)  RunGen (s)   Merge (s)  Entries      Throughput       Read MB    Write MB  
                     (MB)                                                                                        (M entries/s)                         
----------------------------------------------------------------------------------------------------------------------------------------------------------------
Exp2_Thr40_Mem8GB[1] 204.8      480        40         40         636.32       416.90     219.42     3000028242   4.71             328107.3   217775.9  
Exp2_Thr40_Mem8GB[2] 204.8      480        40         40         629.91       407.19     222.72     3000028242   4.76             328103.4   217776.1  
Exp2_Thr40_Mem8GB[3] 204.8      480        40         40         644.43       417.39     227.04     3000028242   4.66             328092.0   217775.8  
Exp2_Thr40_Mem8GB[avg] 204.8      480        40         40         636.89       413.83     223.06     3000028242   4.71             328100.9   217775.9  
================================================================================================================================================================

================================================================================================================================================================
Merge Operations Summary (showing last 1 of 1 merge passes)
================================================================================================================================================================
Config               M1PAvg     M1PMax     M1Imbal    M1Slow       M1Fast      
----------------------------------------------------------------------------------------------------------------------------------------------------------------
Exp2_Thr40_Mem8GB[1] 75000706   95747480   1.28       219.42       219.42      
Exp2_Thr40_Mem8GB[2] 75000706   98349116   1.31       222.72       222.72      
Exp2_Thr40_Mem8GB[3] 75000706   94344604   1.26       227.04       227.04      
----------------------------------------------------------------------------------------------------------------------------------------------------------------
Exp2_Thr40_Mem8GB[avg] 75000706   96147066   1.28       227.04       219.42      
================================================================================================================================================================

================================================================================================================================================================
Detailed I/O Statistics
================================================================================================================================================================
Config               RG Read MB   RG Write MB  M1Read MB    M1Write MB  
----------------------------------------------------------------------------------------------------------------------------------------------------------------
Exp2_Thr40_Mem8GB[1] 199660.3     126868.9     128447.1     90907.0     
Exp2_Thr40_Mem8GB[2] 199660.3     126868.9     128443.1     90907.2     
Exp2_Thr40_Mem8GB[3] 199660.3     126868.9     128431.8     90906.9     
----------------------------------------------------------------------------------------------------------------------------------------------------------------
Exp2_Thr40_Mem8GB[avg] 199660.3     126868.9     128440.7     90907.1     
================================================================================================================================================================

====================================================================================================
Run Generation Time Breakdown
====================================================================================================
Config               RG Total s   Load s       Sort s       Store s     
----------------------------------------------------------------------------------------------------
Exp2_Thr40_Mem8GB[1] 416.90       0            403.801      0           
Exp2_Thr40_Mem8GB[2] 407.19       0            397.769      0           
Exp2_Thr40_Mem8GB[3] 417.39       0            403.286      0           
----------------------------------------------------------------------------------------------------
Exp2_Thr40_Mem8GB[avg] 413.83       0.00         401.62       0.00        
====================================================================================================
