warning: unused imports: `SeedableRng` and `rngs::SmallRng`
 --> src/fastzipf.rs:2:12
  |
2 | use rand::{SeedableRng, rngs::SmallRng};
  |            ^^^^^^^^^^^  ^^^^^^^^^^^^^^
  |
  = note: `#[warn(unused_imports)]` on by default

warning: unused import: `std::fmt`
 --> src/sketch/reservoir_sampler.rs:6:5
  |
6 | use std::fmt;
  |     ^^^^^^^^

warning: unused import: `crate::sketch::kll::KLL`
   --> src/sketch/reservoir_sampler.rs:190:9
    |
190 |     use crate::sketch::kll::KLL;
    |         ^^^^^^^^^^^^^^^^^^^^^^^

warning: unused import: `super::*`
   --> src/sketch/reservoir_sampler.rs:192:9
    |
192 |     use super::*;
    |         ^^^^^^^^

warning: unused import: `std::collections::HashMap`
   --> src/sketch/mod.rs:226:9
    |
226 |     use std::collections::HashMap;
    |         ^^^^^^^^^^^^^^^^^^^^^^^^^

warning: unused import: `super::kll::*`
   --> src/sketch/mod.rs:228:9
    |
228 |     use super::kll::*;
    |         ^^^^^^^^^^^^^

warning: unused import: `super::reservoir_sampler::*`
   --> src/sketch/mod.rs:229:9
    |
229 |     use super::reservoir_sampler::*;
    |         ^^^^^^^^^^^^^^^^^^^^^^^^^^^

warning: unused import: `super::*`
   --> src/sketch/mod.rs:230:9
    |
230 |     use super::*;
    |         ^^^^^^^^

warning: unused import: `Duration`
 --> src/sort/core/engine.rs:4:17
  |
4 | use std::time::{Duration, Instant, SystemTime, UNIX_EPOCH};
  |                 ^^^^^^^^

warning: function `compute_ovc_delta` is never used
    --> src/ovc/offset_value_coding.rs:1136:15
     |
1136 | pub(crate) fn compute_ovc_delta(prev_key: Option<&[u8]>, key: &[u8]) -> OVCU64 {
     |               ^^^^^^^^^^^^^^^^^
     |
     = note: `#[warn(dead_code)]` on by default

warning: `es` (lib) generated 10 warnings (run `cargo fix --lib -p es` to apply 9 suggestions)
    Finished `release` profile [optimized] target(s) in 0.22s
     Running `target/release/examples/lineitem_benchmark_cli -n Exp3.1_Thr16_Mem2GB -i lineitem_sf500.csv --run-gen-threads 16 --merge-threads 16 --run-size-mb 128.00 --merge-fanin 2048 --warmup-runs 1 --benchmark-runs 3 --cooldown-seconds 30 --dir logs/lineitem_bench_2025-12-12_13-21-32/Exp3.1_Thr16_Mem2GB_tmp --ovc=false`
Using existing KVBin file: "./datasets/lineitem_sf500.k-8-9-13-14-15.v-0-3.kvbin"

=== BENCHMARK MODE ===
KVBin data: ./datasets/lineitem_sf500.k-8-9-13-14-15.v-0-3.kvbin, index: ./datasets/lineitem_sf500.k-8-9-13-14-15.v-0-3.kvbin.idx
Estimated data size: 199659.46 MB
Run generation threads: 16
Use OVC: false
Run size (MB): 128.00
Run generation memory (MB): 2048.0
Merge threads: 16
Merge fan-in: 2048
Merge memory (MB): 2048.0
Sketch type: kll
Sketch size: 200
Run indexing interval: 1000
Temporary directory: "logs/lineitem_bench_2025-12-12_13-21-32/Exp3.1_Thr16_Mem2GB_tmp"
Warmup runs: 1
Runs per configuration: 3
Cooldown between runs (s): 30
Verify output: false

Running benchmark for config: Exp3.1_Thr16_Mem2GB
Parameters: Run Gen Threads: 16, Use OVC: false, Run Size: 128.00 MB, Run Gen Memory: 2048.0 MB, Merge Threads: 16, Merge Fanin: 2048, Merge Memory: 2048.0 MB, Imbalance Factor: 1.0
================================================================================
  Performing 1 warmup run(s)...
    Warmup 1/1: Starting sort with 16 parallel scanners for run generation
Run gen thread 1 694561 ms, 44 runs generated
Run gen thread 6 694609 ms, 44 runs generated
Run gen thread 11 695363 ms, 44 runs generated
Run gen thread 0 695475 ms, 44 runs generated
Run gen thread 15 696367 ms, 44 runs generated
Run gen thread 7 696500 ms, 44 runs generated
Run gen thread 9 697915 ms, 44 runs generated
Run gen thread 4 698179 ms, 44 runs generated
Run gen thread 12 698591 ms, 44 runs generated
Run gen thread 5 700188 ms, 44 runs generated
Run gen thread 10 701259 ms, 44 runs generated
Run gen thread 14 702040 ms, 44 runs generated
Run gen thread 13 702339 ms, 44 runs generated
Run gen thread 2 707202 ms, 44 runs generated
Run gen thread 3 708980 ms, 44 runs generated
Run gen thread 8 709797 ms, 44 runs generated
Generated 704 runs in 709923 ms
Merging 704 runs using 16 threads
Merge phase took 458867 ms | Merged 3000028242 entries across 16 runs | Thread timing: min=411401 ms, max=458864 ms | Partition sizes: imbalance=1.04x
1168.79s
  Warmup complete.

  Run 1/3: Starting sort with 16 parallel scanners for run generation
Run gen thread 15 685733 ms, 44 runs generated
Run gen thread 9 686505 ms, 44 runs generated
Run gen thread 1 687979 ms, 44 runs generated
Run gen thread 11 690146 ms, 44 runs generated
Run gen thread 2 690688 ms, 44 runs generated
Run gen thread 6 690680 ms, 44 runs generated
Run gen thread 4 691066 ms, 44 runs generated
Run gen thread 12 691528 ms, 44 runs generated
Run gen thread 13 693475 ms, 44 runs generated
Run gen thread 14 694266 ms, 44 runs generated
Run gen thread 7 695449 ms, 44 runs generated
Run gen thread 5 695690 ms, 44 runs generated
Run gen thread 8 696582 ms, 44 runs generated
Run gen thread 10 698893 ms, 44 runs generated
Run gen thread 3 699993 ms, 44 runs generated
Run gen thread 0 700634 ms, 44 runs generated
Generated 704 runs in 701251 ms
Merging 704 runs using 16 threads
Merge phase took 478203 ms | Merged 3000028242 entries across 16 runs | Thread timing: min=407821 ms, max=478202 ms | Partition sizes: imbalance=1.08x
SortStats:
  Number of runs: 704
  (R) time: 701251 ms
  (R) breakdown: load=0 ms, sort=693081 ms, store=0 ms
  (R) I/O stats: I/O Stats: Read Ops: 3194557, Read Bytes: 209358422373, Write Ops: 3194557, Write Bytes: 209358119424
  (M) time: 478203 ms
  Read amplification:
    Run generation writes: 209358119424 bytes (194.98 GB)
    Merge phase reads: 210463502848 bytes (196.01 GB)
    Read amplification factor: 1.01x
    Excess reads: 0.5% (sparse indexing overhead)
  Thread timing:
    Min thread time: 407821 ms
    Max thread time: 478202 ms
    Avg thread time: 449665 ms
    Time imbalance factor (max/avg): 1.06x
    Thread times: [466431, 461914, 441738, 472018, 407821, 457191, 476288, 452531, 413065, 449265, 465984, 447064, 439279, 478202, 428812, 437040]

1179.45s

  Cooling down for 30s before next run...
  Run 2/3: Starting sort with 16 parallel scanners for run generation
Run gen thread 13 686380 ms, 44 runs generated
Run gen thread 15 691533 ms, 44 runs generated
Run gen thread 2 693643 ms, 44 runs generated
Run gen thread 3 695145 ms, 44 runs generated
Run gen thread 5 697673 ms, 44 runs generated
Run gen thread 12 697769 ms, 44 runs generated
Run gen thread 11 698262 ms, 44 runs generated
Run gen thread 0 698279 ms, 44 runs generated
Run gen thread 6 698575 ms, 44 runs generated
Run gen thread 9 698895 ms, 44 runs generated
Run gen thread 7 700195 ms, 44 runs generated
Run gen thread 1 703766 ms, 44 runs generated
Run gen thread 10 704248 ms, 44 runs generated
Run gen thread 4 704337 ms, 44 runs generated
Run gen thread 14 705442 ms, 44 runs generated
Run gen thread 8 706998 ms, 44 runs generated
Generated 704 runs in 707380 ms
Merging 704 runs using 16 threads
Merge phase took 480920 ms | Merged 3000028242 entries across 16 runs | Thread timing: min=411406 ms, max=480917 ms | Partition sizes: imbalance=1.06x
SortStats:
  Number of runs: 704
  (R) time: 707380 ms
  (R) breakdown: load=0 ms, sort=698821 ms, store=0 ms
  (R) I/O stats: I/O Stats: Read Ops: 3194557, Read Bytes: 209358422373, Write Ops: 3194557, Write Bytes: 209358119424
  (M) time: 480920 ms
  Read amplification:
    Run generation writes: 209358119424 bytes (194.98 GB)
    Merge phase reads: 210461602304 bytes (196.01 GB)
    Read amplification factor: 1.01x
    Excess reads: 0.5% (sparse indexing overhead)
  Thread timing:
    Min thread time: 411406 ms
    Max thread time: 480917 ms
    Avg thread time: 454920 ms
    Time imbalance factor (max/avg): 1.06x
    Thread times: [450106, 471658, 422502, 474997, 449772, 464819, 464453, 460048, 411406, 453643, 446331, 480917, 443211, 471938, 447699, 465212]

1188.30s

  Cooling down for 30s before next run...
  Run 3/3: Starting sort with 16 parallel scanners for run generation
Run gen thread 15 675249 ms, 44 runs generated
Run gen thread 8 676941 ms, 44 runs generated
Run gen thread 14 677639 ms, 44 runs generated
Run gen thread 13 678349 ms, 44 runs generated
Run gen thread 12 679272 ms, 44 runs generated
Run gen thread 11 687605 ms, 44 runs generated
Run gen thread 3 687754 ms, 44 runs generated
Run gen thread 5 688263 ms, 44 runs generated
Run gen thread 6 688497 ms, 44 runs generated
Run gen thread 1 689164 ms, 44 runs generated
Run gen thread 7 690443 ms, 44 runs generated
Run gen thread 2 691061 ms, 44 runs generated
Run gen thread 9 692268 ms, 44 runs generated
Run gen thread 4 692923 ms, 44 runs generated
Run gen thread 0 694516 ms, 44 runs generated
Run gen thread 10 695705 ms, 44 runs generated
Generated 704 runs in 696035 ms
Merging 704 runs using 16 threads
Merge phase took 483262 ms | Merged 3000028242 entries across 16 runs | Thread timing: min=368364 ms, max=483261 ms | Partition sizes: imbalance=1.18x
SortStats:
  Number of runs: 704
  (R) time: 696035 ms
  (R) breakdown: load=0 ms, sort=686603 ms, store=0 ms
  (R) I/O stats: I/O Stats: Read Ops: 3194557, Read Bytes: 209358422373, Write Ops: 3194557, Write Bytes: 209358119424
  (M) time: 483262 ms
  Read amplification:
    Run generation writes: 209358119424 bytes (194.98 GB)
    Merge phase reads: 210459177472 bytes (196.01 GB)
    Read amplification factor: 1.01x
    Excess reads: 0.5% (sparse indexing overhead)
  Thread timing:
    Min thread time: 368364 ms
    Max thread time: 483261 ms
    Avg thread time: 436109 ms
    Time imbalance factor (max/avg): 1.11x
    Thread times: [451115, 450083, 414506, 456696, 439588, 392332, 483261, 449414, 368364, 447766, 440467, 433185, 444813, 457673, 409814, 438670]

1179.30s


================================================================================================================================================================
Benchmark Results Summary
================================================================================================================================================================
Config               Run Size   RG Runs    Gen Thr    Merge Thr  Total (s)  RunGen (s)   Merge (s)  Entries      Throughput       Read MB    Write MB  
                     (MB)                                                                                        (M entries/s)                         
----------------------------------------------------------------------------------------------------------------------------------------------------------------
Exp3.1_Thr16_Mem2GB[1] 128.0      704        16         16         1179.45      701.25     478.20     3000028242   2.54             400373.4   399318.9  
Exp3.1_Thr16_Mem2GB[2] 128.0      704        16         16         1188.30      707.38     480.92     3000028242   2.52             400371.6   399318.9  
Exp3.1_Thr16_Mem2GB[3] 128.0      704        16         16         1179.30      696.03     483.26     3000028242   2.54             400369.3   399318.9  
Exp3.1_Thr16_Mem2GB[avg] 128.0      704        16         16         1182.35      701.56     480.80     3000028242   2.54             400371.4   399318.9  
================================================================================================================================================================

================================================================================================================================================================
Merge Operations Summary (showing last 1 of 1 merge passes)
================================================================================================================================================================
Config               M1PAvg     M1PMax     M1Imbal    M1Slow       M1Fast      
----------------------------------------------------------------------------------------------------------------------------------------------------------------
Exp3.1_Thr16_Mem2GB[1] 187501765  202254181  1.08       478.20       478.20      
Exp3.1_Thr16_Mem2GB[2] 187501765  199299093  1.06       480.92       480.92      
Exp3.1_Thr16_Mem2GB[3] 187501765  222088857  1.18       483.26       483.26      
----------------------------------------------------------------------------------------------------------------------------------------------------------------
Exp3.1_Thr16_Mem2GB[avg] 187501765  207880710  1.11       483.26       478.20      
================================================================================================================================================================

================================================================================================================================================================
Detailed I/O Statistics
================================================================================================================================================================
Config               RG Read MB   RG Write MB  M1Read MB    M1Write MB  
----------------------------------------------------------------------------------------------------------------------------------------------------------------
Exp3.1_Thr16_Mem2GB[1] 199659.8     199659.5     200713.6     199659.5    
Exp3.1_Thr16_Mem2GB[2] 199659.8     199659.5     200711.8     199659.5    
Exp3.1_Thr16_Mem2GB[3] 199659.8     199659.5     200709.5     199659.5    
----------------------------------------------------------------------------------------------------------------------------------------------------------------
Exp3.1_Thr16_Mem2GB[avg] 199659.8     199659.5     200711.7     199659.5    
================================================================================================================================================================

====================================================================================================
Run Generation Time Breakdown
====================================================================================================
Config               RG Total s   Load s       Sort s       Store s     
----------------------------------------------------------------------------------------------------
Exp3.1_Thr16_Mem2GB[1] 701.25       0            693.081      0           
Exp3.1_Thr16_Mem2GB[2] 707.38       0            698.821      0           
Exp3.1_Thr16_Mem2GB[3] 696.03       0            686.603      0           
----------------------------------------------------------------------------------------------------
Exp3.1_Thr16_Mem2GB[avg] 701.56       0.00         692.84       0.00        
====================================================================================================
