warning: unused imports: `SeedableRng` and `rngs::SmallRng`
 --> src/fastzipf.rs:2:12
  |
2 | use rand::{SeedableRng, rngs::SmallRng};
  |            ^^^^^^^^^^^  ^^^^^^^^^^^^^^
  |
  = note: `#[warn(unused_imports)]` on by default

warning: unused import: `std::fmt`
 --> src/sketch/reservoir_sampler.rs:6:5
  |
6 | use std::fmt;
  |     ^^^^^^^^

warning: unused import: `crate::sketch::kll::KLL`
   --> src/sketch/reservoir_sampler.rs:190:9
    |
190 |     use crate::sketch::kll::KLL;
    |         ^^^^^^^^^^^^^^^^^^^^^^^

warning: unused import: `super::*`
   --> src/sketch/reservoir_sampler.rs:192:9
    |
192 |     use super::*;
    |         ^^^^^^^^

warning: unused import: `std::collections::HashMap`
   --> src/sketch/mod.rs:226:9
    |
226 |     use std::collections::HashMap;
    |         ^^^^^^^^^^^^^^^^^^^^^^^^^

warning: unused import: `super::kll::*`
   --> src/sketch/mod.rs:228:9
    |
228 |     use super::kll::*;
    |         ^^^^^^^^^^^^^

warning: unused import: `super::reservoir_sampler::*`
   --> src/sketch/mod.rs:229:9
    |
229 |     use super::reservoir_sampler::*;
    |         ^^^^^^^^^^^^^^^^^^^^^^^^^^^

warning: unused import: `super::*`
   --> src/sketch/mod.rs:230:9
    |
230 |     use super::*;
    |         ^^^^^^^^

warning: unused import: `Duration`
 --> src/sort/core/engine.rs:4:17
  |
4 | use std::time::{Duration, Instant, SystemTime, UNIX_EPOCH};
  |                 ^^^^^^^^

warning: function `compute_ovc_delta` is never used
    --> src/ovc/offset_value_coding.rs:1136:15
     |
1136 | pub(crate) fn compute_ovc_delta(prev_key: Option<&[u8]>, key: &[u8]) -> OVCU64 {
     |               ^^^^^^^^^^^^^^^^^
     |
     = note: `#[warn(dead_code)]` on by default

warning: `es` (lib) generated 10 warnings (run `cargo fix --lib -p es` to apply 9 suggestions)
    Finished `release` profile [optimized] target(s) in 0.21s
     Running `target/release/examples/lineitem_benchmark_cli -n Exp3_Thr40_Mem2GB -i lineitem_sf500.csv --run-gen-threads 40 --merge-threads 40 --run-size-mb 51.20 --merge-fanin 819 --warmup-runs 1 --benchmark-runs 3 --cooldown-seconds 30 --dir logs/lineitem_bench_2025-12-08_23-43-15/Exp3_Thr40_Mem2GB_tmp --ovc=false`
Using existing KVBin file: "./datasets/lineitem_sf500.k-8-9-13-14-15.v-0-3.kvbin"

=== BENCHMARK MODE ===
KVBin data: ./datasets/lineitem_sf500.k-8-9-13-14-15.v-0-3.kvbin, index: ./datasets/lineitem_sf500.k-8-9-13-14-15.v-0-3.kvbin.idx
Estimated data size: 199659.46 MB
Run generation threads: 40
Use OVC: false
Run size (MB): 51.20
Run generation memory (MB): 2048.0
Merge threads: 40
Merge fan-in: 819
Merge memory (MB): 2047.5
Sketch type: kll
Sketch size: 200
Run indexing interval: 1000
Temporary directory: "logs/lineitem_bench_2025-12-08_23-43-15/Exp3_Thr40_Mem2GB_tmp"
Warmup runs: 1
Runs per configuration: 3
Cooldown between runs (s): 30
Verify output: false

Running benchmark for config: Exp3_Thr40_Mem2GB
Parameters: Run Gen Threads: 40, Use OVC: false, Run Size: 51.20 MB, Run Gen Memory: 2048.0 MB, Merge Threads: 40, Merge Fanin: 819, Merge Memory: 2047.5 MB, Imbalance Factor: 1.0
================================================================================
  Performing 1 warmup run(s)...
    Warmup 1/1: Starting sort with 40 parallel scanners for run generation
Run gen thread 24 448052 ms, 44 runs generated
Run gen thread 27 454571 ms, 44 runs generated
Run gen thread 32 454863 ms, 44 runs generated
Run gen thread 1 455106 ms, 44 runs generated
Run gen thread 4 455596 ms, 44 runs generated
Run gen thread 0 456571 ms, 44 runs generated
Run gen thread 38 458512 ms, 44 runs generated
Run gen thread 9 460390 ms, 44 runs generated
Run gen thread 15 460399 ms, 44 runs generated
Run gen thread 13 461196 ms, 44 runs generated
Run gen thread 30 461225 ms, 44 runs generated
Run gen thread 2 461363 ms, 44 runs generated
Run gen thread 22 462027 ms, 44 runs generated
Run gen thread 33 462513 ms, 44 runs generated
Run gen thread 12 462734 ms, 44 runs generated
Run gen thread 31 462827 ms, 44 runs generated
Run gen thread 29 462899 ms, 44 runs generated
Run gen thread 37 463547 ms, 44 runs generated
Run gen thread 34 463777 ms, 44 runs generated
Run gen thread 25 464379 ms, 44 runs generated
Run gen thread 21 464593 ms, 44 runs generated
Run gen thread 28 464915 ms, 44 runs generated
Run gen thread 39 465261 ms, 44 runs generated
Run gen thread 3 465764 ms, 44 runs generated
Run gen thread 36 465811 ms, 44 runs generated
Run gen thread 6 465822 ms, 44 runs generated
Run gen thread 35 466380 ms, 44 runs generated
Run gen thread 23 466995 ms, 44 runs generated
Run gen thread 18 467085 ms, 44 runs generated
Run gen thread 10 467740 ms, 44 runs generated
Run gen thread 8 468068 ms, 44 runs generated
Run gen thread 20 468190 ms, 44 runs generated
Run gen thread 19 468200 ms, 44 runs generated
Run gen thread 16 468692 ms, 44 runs generated
Run gen thread 7 468850 ms, 44 runs generated
Run gen thread 17 469918 ms, 44 runs generated
Run gen thread 14 470214 ms, 44 runs generated
Run gen thread 5 470775 ms, 44 runs generated
Run gen thread 11 471310 ms, 44 runs generated
Run gen thread 26 472074 ms, 44 runs generated
Generated 1760 runs in 472391 ms
Multi-level merge: 2455 runs (including 695 dummies), F=819, expected 3 merge operations
Merging 819 runs using 40 threads
Merge phase took 22447 ms | Merged 157770318 entries across 40 runs | Thread timing: min=16826 ms, max=22443 ms | Partition sizes: imbalance=1.24x
Merge 1/3: merging 819 shortest runs (157770318 total entries)
Merging 819 runs using 40 threads
Merge phase took 192582 ms | Merged 1421686959 entries across 40 runs | Thread timing: min=141828 ms, max=192574 ms | Partition sizes: imbalance=1.24x
Merge 2/3: merging 819 shortest runs (1421686959 total entries)
Merging 819 runs using 40 threads
Merge phase took 390751 ms | Merged 3000028242 entries across 40 runs | Thread timing: min=283785 ms, max=390742 ms | Partition sizes: imbalance=1.24x
Merge 3/3: merging 819 shortest runs (3000028242 total entries)
1078.17s
  Warmup complete.

  Run 1/3: Starting sort with 40 parallel scanners for run generation
Run gen thread 26 432640 ms, 44 runs generated
Run gen thread 11 436881 ms, 44 runs generated
Run gen thread 8 437149 ms, 44 runs generated
Run gen thread 10 437803 ms, 44 runs generated
Run gen thread 0 438171 ms, 44 runs generated
Run gen thread 5 438173 ms, 44 runs generated
Run gen thread 14 438674 ms, 44 runs generated
Run gen thread 37 440389 ms, 44 runs generated
Run gen thread 6 440888 ms, 44 runs generated
Run gen thread 32 441205 ms, 44 runs generated
Run gen thread 22 441682 ms, 44 runs generated
Run gen thread 16 444331 ms, 44 runs generated
Run gen thread 13 444569 ms, 44 runs generated
Run gen thread 15 445446 ms, 44 runs generated
Run gen thread 25 446821 ms, 44 runs generated
Run gen thread 34 447246 ms, 44 runs generated
Run gen thread 18 448006 ms, 44 runs generated
Run gen thread 27 448497 ms, 44 runs generated
Run gen thread 1 448702 ms, 44 runs generated
Run gen thread 30 449230 ms, 44 runs generated
Run gen thread 23 449487 ms, 44 runs generated
Run gen thread 35 450533 ms, 44 runs generated
Run gen thread 36 450570 ms, 44 runs generated
Run gen thread 28 450894 ms, 44 runs generated
Run gen thread 24 451249 ms, 44 runs generated
Run gen thread 17 451524 ms, 44 runs generated
Run gen thread 39 451763 ms, 44 runs generated
Run gen thread 3 451799 ms, 44 runs generated
Run gen thread 2 452493 ms, 44 runs generated
Run gen thread 29 453310 ms, 44 runs generated
Run gen thread 31 453605 ms, 44 runs generated
Run gen thread 33 453909 ms, 44 runs generated
Run gen thread 21 454081 ms, 44 runs generated
Run gen thread 19 455185 ms, 44 runs generated
Run gen thread 38 455301 ms, 44 runs generated
Run gen thread 20 455967 ms, 44 runs generated
Run gen thread 4 456150 ms, 44 runs generated
Run gen thread 9 456395 ms, 44 runs generated
Run gen thread 7 457003 ms, 44 runs generated
Run gen thread 12 457068 ms, 44 runs generated
Generated 1760 runs in 458265 ms
Multi-level merge: 2455 runs (including 695 dummies), F=819, expected 3 merge operations
Merging 819 runs using 40 threads
Merge phase took 32617 ms | Merged 157770318 entries across 40 runs | Thread timing: min=27296 ms, max=32614 ms | Partition sizes: imbalance=1.26x
Merge 1/3: merging 819 shortest runs (157770318 total entries)
Merging 819 runs using 40 threads
Merge phase took 188538 ms | Merged 1421686959 entries across 40 runs | Thread timing: min=138554 ms, max=188524 ms | Partition sizes: imbalance=1.27x
Merge 2/3: merging 819 shortest runs (1421686959 total entries)
Merging 819 runs using 40 threads
Merge phase took 390791 ms | Merged 3000028242 entries across 40 runs | Thread timing: min=287424 ms, max=390789 ms | Partition sizes: imbalance=1.27x
Merge 3/3: merging 819 shortest runs (3000028242 total entries)
SortStats:
  Number of runs: 1760
  (R) time: 458265 ms
  (R) breakdown: load=0 ms, sort=447869 ms, store=0 ms
  (R) I/O stats: I/O Stats: Read Ops: 3194565, Read Bytes: 209358947685, Write Ops: 3194565, Write Bytes: 209358127104
  (M) time: 611946 ms
  Read amplification:
    Run generation writes: 209358127104 bytes (194.98 GB)
    Merge phase reads: 326579897344 bytes (304.15 GB)
    Read amplification factor: 1.56x
    Excess reads: 56.0% (sparse indexing overhead)
  Thread timing (merge pass 1):
    Min thread time: 27296 ms
    Max thread time: 32614 ms
    Avg thread time: 30695 ms
    Time imbalance factor (max/avg): 1.06x
  Thread timing (merge pass 2):
    Min thread time: 138554 ms
    Max thread time: 188524 ms
    Avg thread time: 170889 ms
    Time imbalance factor (max/avg): 1.10x
  Thread timing (merge pass 3):
    Min thread time: 287424 ms
    Max thread time: 390789 ms
    Avg thread time: 355175 ms
    Time imbalance factor (max/avg): 1.10x
  Multi-level merge details:
    Total merge passes: 3
    Merge pass 1:
      Time: 32617 ms
      Output runs: 40
      I/O: read=10956.43 MiB, write=10500.35 MiB
      Partitions: 40, imbalance: 1.26x
    Merge pass 2:
      Time: 188538 ms
      Output runs: 40
      I/O: read=97726.88 MiB, write=94617.94 MiB
      Partitions: 40, imbalance: 1.27x
    Merge pass 3:
      Time: 390791 ms
      Output runs: 40
      I/O: read=202767.56 MiB, write=199659.47 MiB
      Partitions: 40, imbalance: 1.27x

1070.21s

  Cooling down for 30s before next run...
  Run 2/3: Starting sort with 40 parallel scanners for run generation
Run gen thread 25 442484 ms, 44 runs generated
Run gen thread 3 448793 ms, 44 runs generated
Run gen thread 21 448937 ms, 44 runs generated
Run gen thread 26 450110 ms, 44 runs generated
Run gen thread 27 453195 ms, 44 runs generated
Run gen thread 38 455341 ms, 44 runs generated
Run gen thread 30 456677 ms, 44 runs generated
Run gen thread 28 456984 ms, 44 runs generated
Run gen thread 2 457215 ms, 44 runs generated
Run gen thread 15 457434 ms, 44 runs generated
Run gen thread 32 457493 ms, 44 runs generated
Run gen thread 24 457710 ms, 44 runs generated
Run gen thread 18 458034 ms, 44 runs generated
Run gen thread 11 458073 ms, 44 runs generated
Run gen thread 4 458277 ms, 44 runs generated
Run gen thread 5 458410 ms, 44 runs generated
Run gen thread 22 458522 ms, 44 runs generated
Run gen thread 31 458711 ms, 44 runs generated
Run gen thread 14 459723 ms, 44 runs generated
Run gen thread 39 460067 ms, 44 runs generated
Run gen thread 20 460201 ms, 44 runs generated
Run gen thread 36 460298 ms, 44 runs generated
Run gen thread 10 460387 ms, 44 runs generated
Run gen thread 16 461350 ms, 44 runs generated
Run gen thread 0 461913 ms, 44 runs generated
Run gen thread 34 461967 ms, 44 runs generated
Run gen thread 29 462158 ms, 44 runs generated
Run gen thread 6 462568 ms, 44 runs generated
Run gen thread 13 462626 ms, 44 runs generated
Run gen thread 1 462759 ms, 44 runs generated
Run gen thread 33 463240 ms, 44 runs generated
Run gen thread 7 463755 ms, 44 runs generated
Run gen thread 12 463813 ms, 44 runs generated
Run gen thread 8 464266 ms, 44 runs generated
Run gen thread 35 465024 ms, 44 runs generated
Run gen thread 37 465608 ms, 44 runs generated
Run gen thread 9 465854 ms, 44 runs generated
Run gen thread 23 467201 ms, 44 runs generated
Run gen thread 17 467624 ms, 44 runs generated
Run gen thread 19 469558 ms, 44 runs generated
Generated 1760 runs in 470216 ms
Multi-level merge: 2455 runs (including 695 dummies), F=819, expected 3 merge operations
Merging 819 runs using 40 threads
Merge phase took 21925 ms | Merged 157770318 entries across 40 runs | Thread timing: min=17405 ms, max=21920 ms | Partition sizes: imbalance=1.21x
Merge 1/3: merging 819 shortest runs (157770318 total entries)
Merging 819 runs using 40 threads
Merge phase took 183818 ms | Merged 1421686959 entries across 40 runs | Thread timing: min=136954 ms, max=183815 ms | Partition sizes: imbalance=1.21x
Merge 2/3: merging 819 shortest runs (1421686959 total entries)
Merging 819 runs using 40 threads
Merge phase took 390784 ms | Merged 3000028242 entries across 40 runs | Thread timing: min=298125 ms, max=390781 ms | Partition sizes: imbalance=1.21x
Merge 3/3: merging 819 shortest runs (3000028242 total entries)
SortStats:
  Number of runs: 1760
  (R) time: 470216 ms
  (R) breakdown: load=0 ms, sort=459609 ms, store=0 ms
  (R) I/O stats: I/O Stats: Read Ops: 3194565, Read Bytes: 209358947685, Write Ops: 3194565, Write Bytes: 209358127104
  (M) time: 596527 ms
  Read amplification:
    Run generation writes: 209358127104 bytes (194.98 GB)
    Merge phase reads: 326595072000 bytes (304.17 GB)
    Read amplification factor: 1.56x
    Excess reads: 56.0% (sparse indexing overhead)
  Thread timing (merge pass 1):
    Min thread time: 17405 ms
    Max thread time: 21920 ms
    Avg thread time: 20401 ms
    Time imbalance factor (max/avg): 1.07x
  Thread timing (merge pass 2):
    Min thread time: 136954 ms
    Max thread time: 183815 ms
    Avg thread time: 167654 ms
    Time imbalance factor (max/avg): 1.10x
  Thread timing (merge pass 3):
    Min thread time: 298125 ms
    Max thread time: 390781 ms
    Avg thread time: 358514 ms
    Time imbalance factor (max/avg): 1.09x
  Multi-level merge details:
    Total merge passes: 3
    Merge pass 1:
      Time: 21925 ms
      Output runs: 40
      I/O: read=10963.66 MiB, write=10500.35 MiB
      Partitions: 40, imbalance: 1.21x
    Merge pass 2:
      Time: 183818 ms
      Output runs: 40
      I/O: read=97721.44 MiB, write=94617.94 MiB
      Partitions: 40, imbalance: 1.21x
    Merge pass 3:
      Time: 390784 ms
      Output runs: 40
      I/O: read=202780.23 MiB, write=199659.47 MiB
      Partitions: 40, imbalance: 1.21x

1066.74s

  Cooling down for 30s before next run...
  Run 3/3: Starting sort with 40 parallel scanners for run generation
Run gen thread 23 441611 ms, 44 runs generated
Run gen thread 19 446986 ms, 44 runs generated
Run gen thread 37 448039 ms, 44 runs generated
Run gen thread 20 448745 ms, 44 runs generated
Run gen thread 25 449502 ms, 44 runs generated
Run gen thread 11 449529 ms, 44 runs generated
Run gen thread 24 449885 ms, 44 runs generated
Run gen thread 13 450224 ms, 44 runs generated
Run gen thread 32 450490 ms, 44 runs generated
Run gen thread 8 452175 ms, 44 runs generated
Run gen thread 34 452675 ms, 44 runs generated
Run gen thread 14 452713 ms, 44 runs generated
Run gen thread 39 453015 ms, 44 runs generated
Run gen thread 38 456906 ms, 44 runs generated
Run gen thread 0 459611 ms, 44 runs generated
Run gen thread 2 459685 ms, 44 runs generated
Run gen thread 3 460472 ms, 44 runs generated
Run gen thread 4 460985 ms, 44 runs generated
Run gen thread 9 461065 ms, 44 runs generated
Run gen thread 31 461118 ms, 44 runs generated
Run gen thread 10 461322 ms, 44 runs generated
Run gen thread 5 461334 ms, 44 runs generated
Run gen thread 27 462652 ms, 44 runs generated
Run gen thread 1 463310 ms, 44 runs generated
Run gen thread 6 463644 ms, 44 runs generated
Run gen thread 15 464295 ms, 44 runs generated
Run gen thread 22 464512 ms, 44 runs generated
Run gen thread 12 465136 ms, 44 runs generated
Run gen thread 17 465370 ms, 44 runs generated
Run gen thread 28 465888 ms, 44 runs generated
Run gen thread 29 465905 ms, 44 runs generated
Run gen thread 35 466358 ms, 44 runs generated
Run gen thread 18 466481 ms, 44 runs generated
Run gen thread 21 466543 ms, 44 runs generated
Run gen thread 36 466722 ms, 44 runs generated
Run gen thread 33 467274 ms, 44 runs generated
Run gen thread 16 467442 ms, 44 runs generated
Run gen thread 7 467810 ms, 44 runs generated
Run gen thread 30 469079 ms, 44 runs generated
Run gen thread 26 469371 ms, 44 runs generated
Generated 1760 runs in 469995 ms
Multi-level merge: 2455 runs (including 695 dummies), F=819, expected 3 merge operations
Merging 819 runs using 40 threads
Merge phase took 22886 ms | Merged 157770318 entries across 40 runs | Thread timing: min=14925 ms, max=22883 ms | Partition sizes: imbalance=1.36x
Merge 1/3: merging 819 shortest runs (157770318 total entries)
Merging 819 runs using 40 threads
Merge phase took 193630 ms | Merged 1421686959 entries across 40 runs | Thread timing: min=118391 ms, max=193626 ms | Partition sizes: imbalance=1.37x
Merge 2/3: merging 819 shortest runs (1421686959 total entries)
Merging 819 runs using 40 threads
Merge phase took 400922 ms | Merged 3000028242 entries across 40 runs | Thread timing: min=249405 ms, max=400919 ms | Partition sizes: imbalance=1.37x
Merge 3/3: merging 819 shortest runs (3000028242 total entries)
SortStats:
  Number of runs: 1760
  (R) time: 469995 ms
  (R) breakdown: load=0 ms, sort=459396 ms, store=0 ms
  (R) I/O stats: I/O Stats: Read Ops: 3194565, Read Bytes: 209358947685, Write Ops: 3194565, Write Bytes: 209358127104
  (M) time: 617438 ms
  Read amplification:
    Run generation writes: 209358127104 bytes (194.98 GB)
    Merge phase reads: 326621473792 bytes (304.19 GB)
    Read amplification factor: 1.56x
    Excess reads: 56.0% (sparse indexing overhead)
  Thread timing (merge pass 1):
    Min thread time: 14925 ms
    Max thread time: 22883 ms
    Avg thread time: 20534 ms
    Time imbalance factor (max/avg): 1.11x
  Thread timing (merge pass 2):
    Min thread time: 118391 ms
    Max thread time: 193626 ms
    Avg thread time: 169937 ms
    Time imbalance factor (max/avg): 1.14x
  Thread timing (merge pass 3):
    Min thread time: 249405 ms
    Max thread time: 400919 ms
    Avg thread time: 354690 ms
    Time imbalance factor (max/avg): 1.13x
  Multi-level merge details:
    Total merge passes: 3
    Merge pass 1:
      Time: 22886 ms
      Output runs: 40
      I/O: read=10965.41 MiB, write=10500.35 MiB
      Partitions: 40, imbalance: 1.36x
    Merge pass 2:
      Time: 193630 ms
      Output runs: 40
      I/O: read=97734.94 MiB, write=94617.94 MiB
      Partitions: 40, imbalance: 1.37x
    Merge pass 3:
      Time: 400922 ms
      Output runs: 40
      I/O: read=202790.17 MiB, write=199659.47 MiB
      Partitions: 40, imbalance: 1.37x

1087.43s


================================================================================================================================================================
Benchmark Results Summary
================================================================================================================================================================
Config               Run Size   RG Runs    Gen Thr    Merge Thr  Total (s)  RunGen (s)   Merge (s)  Entries      Throughput       Read MB    Write MB  
                     (MB)                                                                                        (M entries/s)                         
----------------------------------------------------------------------------------------------------------------------------------------------------------------
Exp3_Thr40_Mem2GB[1] 51.2       1760       40         40         1070.21      458.26     611.95     3000028242   2.80             511111.1   504437.2  
Exp3_Thr40_Mem2GB[2] 51.2       1760       40         40         1066.74      470.22     596.53     3000028242   2.81             511125.6   504437.2  
Exp3_Thr40_Mem2GB[3] 51.2       1760       40         40         1087.43      470.00     617.44     3000028242   2.76             511150.8   504437.2  
Exp3_Thr40_Mem2GB[avg] 51.2       1760       40         40         1074.80      466.16     608.64     3000028242   2.79             511129.2   504437.2  
================================================================================================================================================================

================================================================================================================================================================
Merge Operations Summary (showing last 3 of 3 merge passes)
================================================================================================================================================================
Config               M1PAvg     M1PMax     M1Imbal    M1Slow       M1Fast       M2PAvg     M2PMax     M2Imbal    M2Slow       M2Fast       M3PAvg     M3PMax     M3Imbal    M3Slow       M3Fast      
----------------------------------------------------------------------------------------------------------------------------------------------------------------
Exp3_Thr40_Mem2GB[1] 3944257    4988015    1.26       32.62        32.62        35542173   45200078   1.27       188.54       188.54       75000706   95309136   1.27       390.79       390.79      
Exp3_Thr40_Mem2GB[2] 3944257    4762475    1.21       21.93        21.93        35542173   43165916   1.21       183.82       183.82       75000706   91030458   1.21       390.78       390.78      
Exp3_Thr40_Mem2GB[3] 3944257    5367381    1.36       22.89        22.89        35542173   48787941   1.37       193.63       193.63       75000706   102868180  1.37       400.92       400.92      
----------------------------------------------------------------------------------------------------------------------------------------------------------------
Exp3_Thr40_Mem2GB[avg] 3944257    5039290    1.28       32.62        21.93        35542173   45717978   1.29       193.63       183.82       75000706   96402591   1.29       400.92       390.78      
================================================================================================================================================================

================================================================================================================================================================
Detailed I/O Statistics
================================================================================================================================================================
Config               RG Read MB   RG Write MB  M1Read MB    M1Write MB   M2Read MB    M2Write MB   M3Read MB    M3Write MB  
----------------------------------------------------------------------------------------------------------------------------------------------------------------
Exp3_Thr40_Mem2GB[1] 199660.3     199659.5     10956.4      10500.3      97726.9      94617.9      202767.6     199659.5    
Exp3_Thr40_Mem2GB[2] 199660.3     199659.5     10963.7      10500.3      97721.4      94617.9      202780.2     199659.5    
Exp3_Thr40_Mem2GB[3] 199660.3     199659.5     10965.4      10500.3      97734.9      94617.9      202790.2     199659.5    
----------------------------------------------------------------------------------------------------------------------------------------------------------------
Exp3_Thr40_Mem2GB[avg] 199660.3     199659.5     10961.8      10500.3      97727.8      94617.9      202779.3     199659.5    
================================================================================================================================================================

====================================================================================================
Run Generation Time Breakdown
====================================================================================================
Config               RG Total s   Load s       Sort s       Store s     
----------------------------------------------------------------------------------------------------
Exp3_Thr40_Mem2GB[1] 458.26       0            447.869      0           
Exp3_Thr40_Mem2GB[2] 470.22       0            459.609      0           
Exp3_Thr40_Mem2GB[3] 470.00       0            459.396      0           
----------------------------------------------------------------------------------------------------
Exp3_Thr40_Mem2GB[avg] 466.16       0.00         455.62       0.00        
====================================================================================================
