warning: unused imports: `SeedableRng` and `rngs::SmallRng`
 --> src/fastzipf.rs:2:12
  |
2 | use rand::{SeedableRng, rngs::SmallRng};
  |            ^^^^^^^^^^^  ^^^^^^^^^^^^^^
  |
  = note: `#[warn(unused_imports)]` on by default

warning: unused import: `std::fmt`
 --> src/sketch/reservoir_sampler.rs:6:5
  |
6 | use std::fmt;
  |     ^^^^^^^^

warning: unused import: `crate::sketch::kll::KLL`
   --> src/sketch/reservoir_sampler.rs:190:9
    |
190 |     use crate::sketch::kll::KLL;
    |         ^^^^^^^^^^^^^^^^^^^^^^^

warning: unused import: `super::*`
   --> src/sketch/reservoir_sampler.rs:192:9
    |
192 |     use super::*;
    |         ^^^^^^^^

warning: unused import: `std::collections::HashMap`
   --> src/sketch/mod.rs:226:9
    |
226 |     use std::collections::HashMap;
    |         ^^^^^^^^^^^^^^^^^^^^^^^^^

warning: unused import: `super::kll::*`
   --> src/sketch/mod.rs:228:9
    |
228 |     use super::kll::*;
    |         ^^^^^^^^^^^^^

warning: unused import: `super::reservoir_sampler::*`
   --> src/sketch/mod.rs:229:9
    |
229 |     use super::reservoir_sampler::*;
    |         ^^^^^^^^^^^^^^^^^^^^^^^^^^^

warning: unused import: `super::*`
   --> src/sketch/mod.rs:230:9
    |
230 |     use super::*;
    |         ^^^^^^^^

warning: unused import: `Duration`
 --> src/sort/core/engine.rs:4:17
  |
4 | use std::time::{Duration, Instant, SystemTime, UNIX_EPOCH};
  |                 ^^^^^^^^

warning: function `compute_ovc_delta` is never used
    --> src/ovc/offset_value_coding.rs:1136:15
     |
1136 | pub(crate) fn compute_ovc_delta(prev_key: Option<&[u8]>, key: &[u8]) -> OVCU64 {
     |               ^^^^^^^^^^^^^^^^^
     |
     = note: `#[warn(dead_code)]` on by default

warning: `es` (lib) generated 10 warnings (run `cargo fix --lib -p es` to apply 9 suggestions)
    Finished `release` profile [optimized] target(s) in 0.10s
     Running `target/release/examples/lineitem_benchmark_cli -n Exp3.1_Thr4_Mem2GB -i lineitem_sf500.csv --run-gen-threads 4 --merge-threads 4 --run-size-mb 512.00 --merge-fanin 8192 --warmup-runs 1 --benchmark-runs 3 --cooldown-seconds 30 --dir logs/lineitem_bench_2025-12-12_13-21-32/Exp3.1_Thr4_Mem2GB_tmp --ovc=false`
Using existing KVBin file: "./datasets/lineitem_sf500.k-8-9-13-14-15.v-0-3.kvbin"

=== BENCHMARK MODE ===
KVBin data: ./datasets/lineitem_sf500.k-8-9-13-14-15.v-0-3.kvbin, index: ./datasets/lineitem_sf500.k-8-9-13-14-15.v-0-3.kvbin.idx
Estimated data size: 199659.46 MB
Run generation threads: 4
Use OVC: false
Run size (MB): 512.00
Run generation memory (MB): 2048.0
Merge threads: 4
Merge fan-in: 8192
Merge memory (MB): 2048.0
Sketch type: kll
Sketch size: 200
Run indexing interval: 1000
Temporary directory: "logs/lineitem_bench_2025-12-12_13-21-32/Exp3.1_Thr4_Mem2GB_tmp"
Warmup runs: 1
Runs per configuration: 3
Cooldown between runs (s): 30
Verify output: false

Running benchmark for config: Exp3.1_Thr4_Mem2GB
Parameters: Run Gen Threads: 4, Use OVC: false, Run Size: 512.00 MB, Run Gen Memory: 2048.0 MB, Merge Threads: 4, Merge Fanin: 8192, Merge Memory: 2048.0 MB, Imbalance Factor: 1.0
================================================================================
  Performing 1 warmup run(s)...
    Warmup 1/1: Starting sort with 4 parallel scanners for run generation
Run gen thread 0 2499647 ms, 44 runs generated
Run gen thread 2 2500235 ms, 44 runs generated
Run gen thread 1 2503413 ms, 44 runs generated
Run gen thread 3 2508514 ms, 44 runs generated
Generated 176 runs in 2508595 ms
Merging 176 runs using 4 threads
Merge phase took 871795 ms | Merged 3000028242 entries across 4 runs | Thread timing: min=853705 ms, max=871794 ms | Partition sizes: imbalance=1.00x
3380.39s
  Warmup complete.

  Run 1/3: Starting sort with 4 parallel scanners for run generation
Run gen thread 2 2221570 ms, 44 runs generated
Run gen thread 3 2225252 ms, 44 runs generated
Run gen thread 0 2225938 ms, 44 runs generated
Run gen thread 1 2230042 ms, 44 runs generated
Generated 176 runs in 2230194 ms
Merging 176 runs using 4 threads
Merge phase took 793367 ms | Merged 3000028242 entries across 4 runs | Thread timing: min=770737 ms, max=793365 ms | Partition sizes: imbalance=1.01x
SortStats:
  Number of runs: 176
  (R) time: 2230194 ms
  (R) breakdown: load=0 ms, sort=2225700 ms, store=0 ms
  (R) I/O stats: I/O Stats: Read Ops: 3194553, Read Bytes: 209358163301, Write Ops: 3194553, Write Bytes: 209358115840
  (M) time: 793367 ms
  Read amplification:
    Run generation writes: 209358115840 bytes (194.98 GB)
    Merge phase reads: 209424045056 bytes (195.04 GB)
    Read amplification factor: 1.00x
    Excess reads: 0.0% (sparse indexing overhead)
  Thread timing:
    Min thread time: 770737 ms
    Max thread time: 793365 ms
    Avg thread time: 784373 ms
    Time imbalance factor (max/avg): 1.01x
    Thread times: [791428, 781963, 770737, 793365]

3023.56s

  Cooling down for 30s before next run...
  Run 2/3: Starting sort with 4 parallel scanners for run generation
Run gen thread 3 2203358 ms, 44 runs generated
Run gen thread 2 2221552 ms, 44 runs generated
Run gen thread 0 2222468 ms, 44 runs generated
Run gen thread 1 2233594 ms, 44 runs generated
Generated 176 runs in 2233846 ms
Merging 176 runs using 4 threads
Merge phase took 800290 ms | Merged 3000028242 entries across 4 runs | Thread timing: min=765365 ms, max=800288 ms | Partition sizes: imbalance=1.02x
SortStats:
  Number of runs: 176
  (R) time: 2233846 ms
  (R) breakdown: load=0 ms, sort=2220243 ms, store=0 ms
  (R) I/O stats: I/O Stats: Read Ops: 3194553, Read Bytes: 209358163301, Write Ops: 3194553, Write Bytes: 209358115840
  (M) time: 800290 ms
  Read amplification:
    Run generation writes: 209358115840 bytes (194.98 GB)
    Merge phase reads: 209423324160 bytes (195.04 GB)
    Read amplification factor: 1.00x
    Excess reads: 0.0% (sparse indexing overhead)
  Thread timing:
    Min thread time: 765365 ms
    Max thread time: 800288 ms
    Avg thread time: 782299 ms
    Time imbalance factor (max/avg): 1.02x
    Thread times: [770058, 800288, 765365, 793484]

3034.14s

  Cooling down for 30s before next run...
  Run 3/3: Starting sort with 4 parallel scanners for run generation
Run gen thread 3 2273107 ms, 44 runs generated
Run gen thread 0 2277883 ms, 44 runs generated
Run gen thread 1 2277926 ms, 44 runs generated
Run gen thread 2 2278680 ms, 44 runs generated
Generated 176 runs in 2278915 ms
Merging 176 runs using 4 threads
Merge phase took 804359 ms | Merged 3000028242 entries across 4 runs | Thread timing: min=762936 ms, max=804357 ms | Partition sizes: imbalance=1.03x
SortStats:
  Number of runs: 176
  (R) time: 2278915 ms
  (R) breakdown: load=0 ms, sort=2276899 ms, store=0 ms
  (R) I/O stats: I/O Stats: Read Ops: 3194553, Read Bytes: 209358163301, Write Ops: 3194553, Write Bytes: 209358115840
  (M) time: 804359 ms
  Read amplification:
    Run generation writes: 209358115840 bytes (194.98 GB)
    Merge phase reads: 209423324160 bytes (195.04 GB)
    Read amplification factor: 1.00x
    Excess reads: 0.0% (sparse indexing overhead)
  Thread timing:
    Min thread time: 762936 ms
    Max thread time: 804357 ms
    Avg thread time: 786706 ms
    Time imbalance factor (max/avg): 1.02x
    Thread times: [794678, 784852, 762936, 804357]

3083.27s


================================================================================================================================================================
Benchmark Results Summary
================================================================================================================================================================
Config               Run Size   RG Runs    Gen Thr    Merge Thr  Total (s)  RunGen (s)   Merge (s)  Entries      Throughput       Read MB    Write MB  
                     (MB)                                                                                        (M entries/s)                         
----------------------------------------------------------------------------------------------------------------------------------------------------------------
Exp3.1_Thr4_Mem2GB[1] 512.0      176        4          4          3023.56      2230.19    793.37     3000028242   0.99             399381.8   399318.9  
Exp3.1_Thr4_Mem2GB[2] 512.0      176        4          4          3034.14      2233.85    800.29     3000028242   0.99             399381.1   399318.9  
Exp3.1_Thr4_Mem2GB[3] 512.0      176        4          4          3083.27      2278.91    804.36     3000028242   0.97             399381.1   399318.9  
Exp3.1_Thr4_Mem2GB[avg] 512.0      176        4          4          3046.99      2247.65    799.34     3000028242   0.98             399381.4   399318.9  
================================================================================================================================================================

================================================================================================================================================================
Merge Operations Summary (showing last 1 of 1 merge passes)
================================================================================================================================================================
Config               M1PAvg     M1PMax     M1Imbal    M1Slow       M1Fast      
----------------------------------------------------------------------------------------------------------------------------------------------------------------
Exp3.1_Thr4_Mem2GB[1] 750007060  759424898  1.01       793.37       793.37      
Exp3.1_Thr4_Mem2GB[2] 750007060  763567408  1.02       800.29       800.29      
Exp3.1_Thr4_Mem2GB[3] 750007060  772299488  1.03       804.36       804.36      
----------------------------------------------------------------------------------------------------------------------------------------------------------------
Exp3.1_Thr4_Mem2GB[avg] 750007060  765097264  1.02       804.36       793.37      
================================================================================================================================================================

================================================================================================================================================================
Detailed I/O Statistics
================================================================================================================================================================
Config               RG Read MB   RG Write MB  M1Read MB    M1Write MB  
----------------------------------------------------------------------------------------------------------------------------------------------------------------
Exp3.1_Thr4_Mem2GB[1] 199659.5     199659.5     199722.3     199659.5    
Exp3.1_Thr4_Mem2GB[2] 199659.5     199659.5     199721.6     199659.5    
Exp3.1_Thr4_Mem2GB[3] 199659.5     199659.5     199721.6     199659.5    
----------------------------------------------------------------------------------------------------------------------------------------------------------------
Exp3.1_Thr4_Mem2GB[avg] 199659.5     199659.5     199721.9     199659.5    
================================================================================================================================================================

====================================================================================================
Run Generation Time Breakdown
====================================================================================================
Config               RG Total s   Load s       Sort s       Store s     
----------------------------------------------------------------------------------------------------
Exp3.1_Thr4_Mem2GB[1] 2230.19      0            2225.7       0           
Exp3.1_Thr4_Mem2GB[2] 2233.85      0            2220.243     0           
Exp3.1_Thr4_Mem2GB[3] 2278.91      0            2276.899     0           
----------------------------------------------------------------------------------------------------
Exp3.1_Thr4_Mem2GB[avg] 2247.65      0.00         2240.95      0.00        
====================================================================================================
