warning: unused imports: `SeedableRng` and `rngs::SmallRng`
 --> src/fastzipf.rs:2:12
  |
2 | use rand::{SeedableRng, rngs::SmallRng};
  |            ^^^^^^^^^^^  ^^^^^^^^^^^^^^
  |
  = note: `#[warn(unused_imports)]` on by default

warning: unused import: `std::fmt`
 --> src/sketch/reservoir_sampler.rs:6:5
  |
6 | use std::fmt;
  |     ^^^^^^^^

warning: unused import: `crate::sketch::kll::KLL`
   --> src/sketch/reservoir_sampler.rs:190:9
    |
190 |     use crate::sketch::kll::KLL;
    |         ^^^^^^^^^^^^^^^^^^^^^^^

warning: unused import: `super::*`
   --> src/sketch/reservoir_sampler.rs:192:9
    |
192 |     use super::*;
    |         ^^^^^^^^

warning: unused import: `std::collections::HashMap`
   --> src/sketch/mod.rs:226:9
    |
226 |     use std::collections::HashMap;
    |         ^^^^^^^^^^^^^^^^^^^^^^^^^

warning: unused import: `super::kll::*`
   --> src/sketch/mod.rs:228:9
    |
228 |     use super::kll::*;
    |         ^^^^^^^^^^^^^

warning: unused import: `super::reservoir_sampler::*`
   --> src/sketch/mod.rs:229:9
    |
229 |     use super::reservoir_sampler::*;
    |         ^^^^^^^^^^^^^^^^^^^^^^^^^^^

warning: unused import: `super::*`
   --> src/sketch/mod.rs:230:9
    |
230 |     use super::*;
    |         ^^^^^^^^

warning: unused import: `Duration`
 --> src/sort/core/engine.rs:4:17
  |
4 | use std::time::{Duration, Instant, SystemTime, UNIX_EPOCH};
  |                 ^^^^^^^^

warning: function `compute_ovc_delta` is never used
    --> src/ovc/offset_value_coding.rs:1136:15
     |
1136 | pub(crate) fn compute_ovc_delta(prev_key: Option<&[u8]>, key: &[u8]) -> OVCU64 {
     |               ^^^^^^^^^^^^^^^^^
     |
     = note: `#[warn(dead_code)]` on by default

warning: `es` (lib) generated 10 warnings (run `cargo fix --lib -p es` to apply 9 suggestions)
    Finished `release` profile [optimized] target(s) in 0.21s
     Running `target/release/examples/lineitem_benchmark_cli -n Exp4_Thr40_Mem2GB -i lineitem_sf500.csv --run-gen-threads 40 --merge-threads 40 --run-size-mb 51.20 --merge-fanin 819 --warmup-runs 1 --benchmark-runs 3 --cooldown-seconds 30 --dir logs/lineitem_bench_2025-12-26_02-04-39/Exp4_Thr40_Mem2GB_tmp --sketch-type reservoir-sampling`
Using existing KVBin file: "./datasets/lineitem_sf500.k-8-9-13-14-15.v-0-3.kvbin"

=== BENCHMARK MODE ===
KVBin data: ./datasets/lineitem_sf500.k-8-9-13-14-15.v-0-3.kvbin, index: ./datasets/lineitem_sf500.k-8-9-13-14-15.v-0-3.kvbin.idx
Estimated data size: 199659.46 MB
Run generation threads: 40
Use OVC: true
Run size (MB): 51.20
Run generation memory (MB): 2048.0
Merge threads: 40
Merge fan-in: 819
Merge memory (MB): 2047.5
Sketch type: reservoir-sampling
Sketch size: 200
Run indexing interval: 1000
Temporary directory: "logs/lineitem_bench_2025-12-26_02-04-39/Exp4_Thr40_Mem2GB_tmp"
Warmup runs: 1
Runs per configuration: 3
Cooldown between runs (s): 30
Verify output: false

Running benchmark for config: Exp4_Thr40_Mem2GB
Parameters: Run Gen Threads: 40, Use OVC: true, Run Size: 51.20 MB, Run Gen Memory: 2048.0 MB, Merge Threads: 40, Merge Fanin: 819, Merge Memory: 2047.5 MB, Imbalance Factor: 1.0
================================================================================
  Performing 1 warmup run(s)...
    Warmup 1/1: Starting sort with 40 parallel scanners for run generation
Run gen thread 38 372115 ms, 44 runs generated
Run gen thread 22 373117 ms, 44 runs generated
Run gen thread 39 373414 ms, 44 runs generated
Run gen thread 31 375228 ms, 44 runs generated
Run gen thread 5 375414 ms, 44 runs generated
Run gen thread 23 375617 ms, 44 runs generated
Run gen thread 19 375722 ms, 44 runs generated
Run gen thread 0 376174 ms, 44 runs generated
Run gen thread 33 376490 ms, 44 runs generated
Run gen thread 35 377379 ms, 44 runs generated
Run gen thread 6 377620 ms, 44 runs generated
Run gen thread 12 377675 ms, 44 runs generated
Run gen thread 21 377698 ms, 44 runs generated
Run gen thread 20 377812 ms, 44 runs generated
Run gen thread 15 377847 ms, 44 runs generated
Run gen thread 26 378581 ms, 44 runs generated
Run gen thread 32 379469 ms, 44 runs generated
Run gen thread 10 379479 ms, 44 runs generated
Run gen thread 18 379502 ms, 44 runs generated
Run gen thread 13 379696 ms, 44 runs generated
Run gen thread 14 379890 ms, 44 runs generated
Run gen thread 9 379944 ms, 44 runs generated
Run gen thread 16 379972 ms, 44 runs generated
Run gen thread 24 380318 ms, 44 runs generated
Run gen thread 17 380433 ms, 44 runs generated
Run gen thread 37 380647 ms, 44 runs generated
Run gen thread 30 380804 ms, 44 runs generated
Run gen thread 1 381015 ms, 44 runs generated
Run gen thread 27 381136 ms, 44 runs generated
Run gen thread 11 381187 ms, 44 runs generated
Run gen thread 34 381478 ms, 44 runs generated
Run gen thread 7 381497 ms, 44 runs generated
Run gen thread 36 381571 ms, 44 runs generated
Run gen thread 8 381646 ms, 44 runs generated
Run gen thread 29 381989 ms, 44 runs generated
Run gen thread 4 382145 ms, 44 runs generated
Run gen thread 28 382193 ms, 44 runs generated
Run gen thread 3 382204 ms, 44 runs generated
Run gen thread 25 382273 ms, 44 runs generated
Run gen thread 2 382577 ms, 44 runs generated
Generated 1760 runs in 382676 ms
Multi-level merge: 2455 runs (including 695 dummies), F=819, expected 3 merge operations
Merging 819 runs using 40 threads
Merge phase took 15544 ms | Merged 157770318 entries across 40 runs | Thread timing: min=5119 ms, max=15540 ms | Partition sizes: imbalance=1.96x
Merge 1/3: merging 819 shortest runs (157770318 total entries)
Merging 819 runs using 40 threads
Merge phase took 125600 ms | Merged 1421686959 entries across 40 runs | Thread timing: min=27524 ms, max=125592 ms | Partition sizes: imbalance=1.95x
Merge 2/3: merging 819 shortest runs (1421686959 total entries)
Merging 819 runs using 40 threads
Merge phase took 225574 ms | Merged 3000028242 entries across 40 runs | Thread timing: min=44503 ms, max=225571 ms | Partition sizes: imbalance=1.95x
Merge 3/3: merging 819 shortest runs (3000028242 total entries)
749.39s
  Warmup complete.

  Run 1/3: Starting sort with 40 parallel scanners for run generation
Run gen thread 39 335451 ms, 44 runs generated
Run gen thread 29 339984 ms, 44 runs generated
Run gen thread 37 340390 ms, 44 runs generated
Run gen thread 7 342515 ms, 44 runs generated
Run gen thread 9 342894 ms, 44 runs generated
Run gen thread 36 342884 ms, 44 runs generated
Run gen thread 31 343029 ms, 44 runs generated
Run gen thread 14 343296 ms, 44 runs generated
Run gen thread 26 343332 ms, 44 runs generated
Run gen thread 19 343448 ms, 44 runs generated
Run gen thread 23 343517 ms, 44 runs generated
Run gen thread 28 344865 ms, 44 runs generated
Run gen thread 24 345058 ms, 44 runs generated
Run gen thread 21 345093 ms, 44 runs generated
Run gen thread 38 345275 ms, 44 runs generated
Run gen thread 34 345395 ms, 44 runs generated
Run gen thread 16 345476 ms, 44 runs generated
Run gen thread 12 345673 ms, 44 runs generated
Run gen thread 11 345927 ms, 44 runs generated
Run gen thread 5 346154 ms, 44 runs generated
Run gen thread 33 346179 ms, 44 runs generated
Run gen thread 2 346263 ms, 44 runs generated
Run gen thread 17 346305 ms, 44 runs generated
Run gen thread 27 346565 ms, 44 runs generated
Run gen thread 4 347005 ms, 44 runs generated
Run gen thread 6 347098 ms, 44 runs generated
Run gen thread 25 347250 ms, 44 runs generated
Run gen thread 22 347427 ms, 44 runs generated
Run gen thread 3 347625 ms, 44 runs generated
Run gen thread 30 347691 ms, 44 runs generated
Run gen thread 32 347707 ms, 44 runs generated
Run gen thread 20 347753 ms, 44 runs generated
Run gen thread 35 348260 ms, 44 runs generated
Run gen thread 18 348741 ms, 44 runs generated
Run gen thread 13 349010 ms, 44 runs generated
Run gen thread 8 349280 ms, 44 runs generated
Run gen thread 1 349265 ms, 44 runs generated
Run gen thread 0 350631 ms, 44 runs generated
Run gen thread 15 351755 ms, 44 runs generated
Run gen thread 10 353584 ms, 44 runs generated
Generated 1760 runs in 354013 ms
Multi-level merge: 2455 runs (including 695 dummies), F=819, expected 3 merge operations
Merging 819 runs using 40 threads
Merge phase took 16901 ms | Merged 157770318 entries across 40 runs | Thread timing: min=3604 ms, max=16857 ms | Partition sizes: imbalance=2.11x
Merge 1/3: merging 819 shortest runs (157770318 total entries)
Merging 819 runs using 40 threads
Merge phase took 128952 ms | Merged 1421686959 entries across 40 runs | Thread timing: min=16692 ms, max=128946 ms | Partition sizes: imbalance=2.11x
Merge 2/3: merging 819 shortest runs (1421686959 total entries)
Merging 819 runs using 40 threads
Merge phase took 243618 ms | Merged 3000028242 entries across 40 runs | Thread timing: min=26319 ms, max=243611 ms | Partition sizes: imbalance=2.11x
Merge 3/3: merging 819 shortest runs (3000028242 total entries)
SortStats:
  Number of runs: 1760
  (R) time: 354013 ms
  (R) breakdown: load=0 ms, sort=345876 ms, store=0 ms
  (R) I/O stats: I/O Stats: Read Ops: 3194565, Read Bytes: 209358947685, Write Ops: 2156113, Write Bytes: 141301890560
  (M) time: 389471 ms
  Read amplification:
    Run generation writes: 141301890560 bytes (131.60 GB)
    Merge phase reads: 201568647680 bytes (187.73 GB)
    Read amplification factor: 1.43x
    Excess reads: 42.7% (sparse indexing overhead)
  Thread timing (merge pass 1):
    Min thread time: 3604 ms
    Max thread time: 16857 ms
    Avg thread time: 12950 ms
    Time imbalance factor (max/avg): 1.30x
  Thread timing (merge pass 2):
    Min thread time: 16692 ms
    Max thread time: 128946 ms
    Avg thread time: 84486 ms
    Time imbalance factor (max/avg): 1.53x
  Thread timing (merge pass 3):
    Min thread time: 26319 ms
    Max thread time: 243611 ms
    Avg thread time: 159936 ms
    Time imbalance factor (max/avg): 1.52x
  Multi-level merge details:
    Total merge passes: 3
    Merge pass 1:
      Time: 16901 ms
      Output runs: 40
      I/O: read=7544.29 MiB, write=5768.92 MiB
      Partitions: 40, imbalance: 2.11x
    Merge pass 2:
      Time: 128952 ms
      Output runs: 40
      I/O: read=66608.69 MiB, write=45761.95 MiB
      Partitions: 40, imbalance: 2.11x
    Merge pass 3:
      Time: 243618 ms
      Output runs: 40
      I/O: read=118077.86 MiB, write=90900.42 MiB
      Partitions: 40, imbalance: 2.11x

743.48s

  Cooling down for 30s before next run...
  Run 2/3: Starting sort with 40 parallel scanners for run generation
Run gen thread 36 344940 ms, 44 runs generated
Run gen thread 23 346595 ms, 44 runs generated
Run gen thread 28 346755 ms, 44 runs generated
Run gen thread 0 346833 ms, 44 runs generated
Run gen thread 1 346965 ms, 44 runs generated
Run gen thread 34 347287 ms, 44 runs generated
Run gen thread 27 347898 ms, 44 runs generated
Run gen thread 16 348125 ms, 44 runs generated
Run gen thread 10 348261 ms, 44 runs generated
Run gen thread 30 348458 ms, 44 runs generated
Run gen thread 6 348696 ms, 44 runs generated
Run gen thread 5 348825 ms, 44 runs generated
Run gen thread 39 348978 ms, 44 runs generated
Run gen thread 38 349107 ms, 44 runs generated
Run gen thread 13 349237 ms, 44 runs generated
Run gen thread 17 349370 ms, 44 runs generated
Run gen thread 9 349600 ms, 44 runs generated
Run gen thread 35 349717 ms, 44 runs generated
Run gen thread 12 349912 ms, 44 runs generated
Run gen thread 25 350014 ms, 44 runs generated
Run gen thread 15 350066 ms, 44 runs generated
Run gen thread 18 350287 ms, 44 runs generated
Run gen thread 26 350369 ms, 44 runs generated
Run gen thread 2 350573 ms, 44 runs generated
Run gen thread 8 350621 ms, 44 runs generated
Run gen thread 7 350915 ms, 44 runs generated
Run gen thread 11 350938 ms, 44 runs generated
Run gen thread 24 351021 ms, 44 runs generated
Run gen thread 32 351083 ms, 44 runs generated
Run gen thread 20 351111 ms, 44 runs generated
Run gen thread 22 351112 ms, 44 runs generated
Run gen thread 31 351207 ms, 44 runs generated
Run gen thread 33 351584 ms, 44 runs generated
Run gen thread 19 351627 ms, 44 runs generated
Run gen thread 14 351646 ms, 44 runs generated
Run gen thread 29 351846 ms, 44 runs generated
Run gen thread 3 351899 ms, 44 runs generated
Run gen thread 4 352288 ms, 44 runs generated
Run gen thread 21 352771 ms, 44 runs generated
Run gen thread 37 353081 ms, 44 runs generated
Generated 1760 runs in 353205 ms
Multi-level merge: 2455 runs (including 695 dummies), F=819, expected 3 merge operations
Merging 819 runs using 40 threads
Merge phase took 13910 ms | Merged 157770318 entries across 40 runs | Thread timing: min=4031 ms, max=13905 ms | Partition sizes: imbalance=2.11x
Merge 1/3: merging 819 shortest runs (157770318 total entries)
Merging 819 runs using 40 threads
Merge phase took 138909 ms | Merged 1421686959 entries across 40 runs | Thread timing: min=35317 ms, max=138905 ms | Partition sizes: imbalance=2.13x
Merge 2/3: merging 819 shortest runs (1421686959 total entries)
Merging 819 runs using 40 threads
Merge phase took 234844 ms | Merged 3000028242 entries across 40 runs | Thread timing: min=61117 ms, max=234841 ms | Partition sizes: imbalance=2.13x
Merge 3/3: merging 819 shortest runs (3000028242 total entries)
SortStats:
  Number of runs: 1760
  (R) time: 353205 ms
  (R) breakdown: load=0 ms, sort=349790 ms, store=0 ms
  (R) I/O stats: I/O Stats: Read Ops: 3194565, Read Bytes: 209358947685, Write Ops: 2156113, Write Bytes: 141301890560
  (M) time: 387663 ms
  Read amplification:
    Run generation writes: 141301890560 bytes (131.60 GB)
    Merge phase reads: 201576707584 bytes (187.73 GB)
    Read amplification factor: 1.43x
    Excess reads: 42.7% (sparse indexing overhead)
  Thread timing (merge pass 1):
    Min thread time: 4031 ms
    Max thread time: 13905 ms
    Avg thread time: 9338 ms
    Time imbalance factor (max/avg): 1.49x
  Thread timing (merge pass 2):
    Min thread time: 35317 ms
    Max thread time: 138905 ms
    Avg thread time: 92640 ms
    Time imbalance factor (max/avg): 1.50x
  Thread timing (merge pass 3):
    Min thread time: 61117 ms
    Max thread time: 234841 ms
    Avg thread time: 152372 ms
    Time imbalance factor (max/avg): 1.54x
  Multi-level merge details:
    Total merge passes: 3
    Merge pass 1:
      Time: 13910 ms
      Output runs: 40
      I/O: read=7539.72 MiB, write=5768.89 MiB
      Partitions: 40, imbalance: 2.11x
    Merge pass 2:
      Time: 138909 ms
      Output runs: 40
      I/O: read=66612.12 MiB, write=45761.70 MiB
      Partitions: 40, imbalance: 2.13x
    Merge pass 3:
      Time: 234844 ms
      Output runs: 40
      I/O: read=118086.69 MiB, write=90899.50 MiB
      Partitions: 40, imbalance: 2.13x

740.87s

  Cooling down for 30s before next run...
  Run 3/3: Starting sort with 40 parallel scanners for run generation
Run gen thread 39 339141 ms, 44 runs generated
Run gen thread 11 342825 ms, 44 runs generated
Run gen thread 34 344926 ms, 44 runs generated
Run gen thread 30 345032 ms, 44 runs generated
Run gen thread 31 345218 ms, 44 runs generated
Run gen thread 15 345579 ms, 44 runs generated
Run gen thread 24 345829 ms, 44 runs generated
Run gen thread 23 345868 ms, 44 runs generated
Run gen thread 17 345971 ms, 44 runs generated
Run gen thread 28 346794 ms, 44 runs generated
Run gen thread 19 347895 ms, 44 runs generated
Run gen thread 32 348170 ms, 44 runs generated
Run gen thread 13 348317 ms, 44 runs generated
Run gen thread 38 348314 ms, 44 runs generated
Run gen thread 37 348606 ms, 44 runs generated
Run gen thread 18 348679 ms, 44 runs generated
Run gen thread 4 348699 ms, 44 runs generated
Run gen thread 9 348774 ms, 44 runs generated
Run gen thread 8 348833 ms, 44 runs generated
Run gen thread 3 349249 ms, 44 runs generated
Run gen thread 7 349373 ms, 44 runs generated
Run gen thread 22 349543 ms, 44 runs generated
Run gen thread 21 349977 ms, 44 runs generated
Run gen thread 26 350089 ms, 44 runs generated
Run gen thread 36 350105 ms, 44 runs generated
Run gen thread 25 350227 ms, 44 runs generated
Run gen thread 0 350419 ms, 44 runs generated
Run gen thread 29 350502 ms, 44 runs generated
Run gen thread 1 350690 ms, 44 runs generated
Run gen thread 12 350711 ms, 44 runs generated
Run gen thread 16 350720 ms, 44 runs generated
Run gen thread 27 350773 ms, 44 runs generated
Run gen thread 33 351087 ms, 44 runs generated
Run gen thread 20 351115 ms, 44 runs generated
Run gen thread 14 351872 ms, 44 runs generated
Run gen thread 6 351953 ms, 44 runs generated
Run gen thread 10 352508 ms, 44 runs generated
Run gen thread 35 352553 ms, 44 runs generated
Run gen thread 2 353785 ms, 44 runs generated
Run gen thread 5 354448 ms, 44 runs generated
Generated 1760 runs in 354691 ms
Multi-level merge: 2455 runs (including 695 dummies), F=819, expected 3 merge operations
Merging 819 runs using 40 threads
Merge phase took 18255 ms | Merged 157770318 entries across 40 runs | Thread timing: min=5905 ms, max=18222 ms | Partition sizes: imbalance=2.55x
Merge 1/3: merging 819 shortest runs (157770318 total entries)
Merging 819 runs using 40 threads
Merge phase took 143984 ms | Merged 1421686959 entries across 40 runs | Thread timing: min=33361 ms, max=143981 ms | Partition sizes: imbalance=2.57x
Merge 2/3: merging 819 shortest runs (1421686959 total entries)
Merging 819 runs using 40 threads
Merge phase took 251568 ms | Merged 3000028242 entries across 40 runs | Thread timing: min=60090 ms, max=251565 ms | Partition sizes: imbalance=2.57x
Merge 3/3: merging 819 shortest runs (3000028242 total entries)
SortStats:
  Number of runs: 1760
  (R) time: 354691 ms
  (R) breakdown: load=0 ms, sort=348879 ms, store=0 ms
  (R) I/O stats: I/O Stats: Read Ops: 3194565, Read Bytes: 209358947685, Write Ops: 2156113, Write Bytes: 141301890560
  (M) time: 413807 ms
  Read amplification:
    Run generation writes: 141301890560 bytes (131.60 GB)
    Merge phase reads: 201562372096 bytes (187.72 GB)
    Read amplification factor: 1.43x
    Excess reads: 42.6% (sparse indexing overhead)
  Thread timing (merge pass 1):
    Min thread time: 5905 ms
    Max thread time: 18222 ms
    Avg thread time: 13133 ms
    Time imbalance factor (max/avg): 1.39x
  Thread timing (merge pass 2):
    Min thread time: 33361 ms
    Max thread time: 143981 ms
    Avg thread time: 84977 ms
    Time imbalance factor (max/avg): 1.69x
  Thread timing (merge pass 3):
    Min thread time: 60090 ms
    Max thread time: 251565 ms
    Avg thread time: 149819 ms
    Time imbalance factor (max/avg): 1.68x
  Multi-level merge details:
    Total merge passes: 3
    Merge pass 1:
      Time: 18255 ms
      Output runs: 40
      I/O: read=7547.15 MiB, write=5768.89 MiB
      Partitions: 40, imbalance: 2.55x
    Merge pass 2:
      Time: 143984 ms
      Output runs: 40
      I/O: read=66603.44 MiB, write=45761.72 MiB
      Partitions: 40, imbalance: 2.57x
    Merge pass 3:
      Time: 251568 ms
      Output runs: 40
      I/O: read=118074.27 MiB, write=90899.88 MiB
      Partitions: 40, imbalance: 2.57x

768.50s


================================================================================================================================================================
Benchmark Results Summary
================================================================================================================================================================
Config               Run Size   RG Runs    Gen Thr    Merge Thr  Total (s)  RunGen (s)   Merge (s)  Entries      Throughput       Read MB    Write MB  
                     (MB)                                                                                        (M entries/s)                         
----------------------------------------------------------------------------------------------------------------------------------------------------------------
Exp4_Thr40_Mem2GB[1] 51.2       1760       40         40         743.48       354.01     389.47     3000028242   4.04             391891.1   277187.3  
Exp4_Thr40_Mem2GB[2] 51.2       1760       40         40         740.87       353.20     387.66     3000028242   4.05             391898.8   277186.1  
Exp4_Thr40_Mem2GB[3] 51.2       1760       40         40         768.50       354.69     413.81     3000028242   3.90             391885.1   277186.5  
Exp4_Thr40_Mem2GB[avg] 51.2       1760       40         40         750.95       353.97     396.98     3000028242   3.99             391891.7   277186.6  
================================================================================================================================================================

================================================================================================================================================================
Merge Operations Summary (showing last 3 of 3 merge passes)
================================================================================================================================================================
Config               M1PAvg     M1PMax     M1Imbal    M1Slow       M1Fast       M2PAvg     M2PMax     M2Imbal    M2Slow       M2Fast       M3PAvg     M3PMax     M3Imbal    M3Slow       M3Fast      
----------------------------------------------------------------------------------------------------------------------------------------------------------------
Exp4_Thr40_Mem2GB[1] 3944257    8318714    2.11       16.90        16.90        35542173   74981631   2.11       128.95       128.95       75000706   158233698  2.11       243.62       243.62      
Exp4_Thr40_Mem2GB[2] 3944257    8332938    2.11       13.91        13.91        35542173   75707965   2.13       138.91       138.91       75000706   159656052  2.13       234.84       234.84      
Exp4_Thr40_Mem2GB[3] 3944257    10072413   2.55       18.25        18.25        35542173   91495216   2.57       143.98       143.98       75000706   192907397  2.57       251.57       251.57      
----------------------------------------------------------------------------------------------------------------------------------------------------------------
Exp4_Thr40_Mem2GB[avg] 3944257    8908021    2.26       18.25        13.91        35542173   80728270   2.27       143.98       128.95       75000706   170265715  2.27       251.57       234.84      
================================================================================================================================================================

================================================================================================================================================================
Detailed I/O Statistics
================================================================================================================================================================
Config               RG Read MB   RG Write MB  M1Read MB    M1Write MB   M2Read MB    M2Write MB   M3Read MB    M3Write MB  
----------------------------------------------------------------------------------------------------------------------------------------------------------------
Exp4_Thr40_Mem2GB[1] 199660.3     134756.0     7544.3       5768.9       66608.7      45762.0      118077.9     90900.4     
Exp4_Thr40_Mem2GB[2] 199660.3     134756.0     7539.7       5768.9       66612.1      45761.7      118086.7     90899.5     
Exp4_Thr40_Mem2GB[3] 199660.3     134756.0     7547.2       5768.9       66603.4      45761.7      118074.3     90899.9     
----------------------------------------------------------------------------------------------------------------------------------------------------------------
Exp4_Thr40_Mem2GB[avg] 199660.3     134756.0     7543.7       5768.9       66608.1      45761.8      118079.6     90899.9     
================================================================================================================================================================

====================================================================================================
Run Generation Time Breakdown
====================================================================================================
Config               RG Total s   Load s       Sort s       Store s     
----------------------------------------------------------------------------------------------------
Exp4_Thr40_Mem2GB[1] 354.01       0            345.876      0           
Exp4_Thr40_Mem2GB[2] 353.20       0            349.79       0           
Exp4_Thr40_Mem2GB[3] 354.69       0            348.879      0           
----------------------------------------------------------------------------------------------------
Exp4_Thr40_Mem2GB[avg] 353.97       0.00         348.18       0.00        
====================================================================================================
