warning: unused imports: `SeedableRng` and `rngs::SmallRng`
 --> src/fastzipf.rs:2:12
  |
2 | use rand::{SeedableRng, rngs::SmallRng};
  |            ^^^^^^^^^^^  ^^^^^^^^^^^^^^
  |
  = note: `#[warn(unused_imports)]` on by default

warning: unused import: `std::fmt`
 --> src/sketch/reservoir_sampler.rs:6:5
  |
6 | use std::fmt;
  |     ^^^^^^^^

warning: unused import: `crate::sketch::kll::KLL`
   --> src/sketch/reservoir_sampler.rs:190:9
    |
190 |     use crate::sketch::kll::KLL;
    |         ^^^^^^^^^^^^^^^^^^^^^^^

warning: unused import: `super::*`
   --> src/sketch/reservoir_sampler.rs:192:9
    |
192 |     use super::*;
    |         ^^^^^^^^

warning: unused import: `std::collections::HashMap`
   --> src/sketch/mod.rs:226:9
    |
226 |     use std::collections::HashMap;
    |         ^^^^^^^^^^^^^^^^^^^^^^^^^

warning: unused import: `super::kll::*`
   --> src/sketch/mod.rs:228:9
    |
228 |     use super::kll::*;
    |         ^^^^^^^^^^^^^

warning: unused import: `super::reservoir_sampler::*`
   --> src/sketch/mod.rs:229:9
    |
229 |     use super::reservoir_sampler::*;
    |         ^^^^^^^^^^^^^^^^^^^^^^^^^^^

warning: unused import: `super::*`
   --> src/sketch/mod.rs:230:9
    |
230 |     use super::*;
    |         ^^^^^^^^

warning: unused import: `Duration`
 --> src/sort/core/engine.rs:4:17
  |
4 | use std::time::{Duration, Instant, SystemTime, UNIX_EPOCH};
  |                 ^^^^^^^^

warning: function `compute_ovc_delta` is never used
    --> src/ovc/offset_value_coding.rs:1136:15
     |
1136 | pub(crate) fn compute_ovc_delta(prev_key: Option<&[u8]>, key: &[u8]) -> OVCU64 {
     |               ^^^^^^^^^^^^^^^^^
     |
     = note: `#[warn(dead_code)]` on by default

warning: `es` (lib) generated 10 warnings (run `cargo fix --lib -p es` to apply 9 suggestions)
    Finished `release` profile [optimized] target(s) in 0.21s
     Running `target/release/examples/lineitem_benchmark_cli -n Exp4_Thr24_Mem2GB -i lineitem_sf500.csv --run-gen-threads 24 --merge-threads 24 --run-size-mb 85.33 --merge-fanin 1365 --warmup-runs 1 --benchmark-runs 3 --cooldown-seconds 30 --dir logs/lineitem_bench_2025-12-26_02-04-39/Exp4_Thr24_Mem2GB_tmp --sketch-type reservoir-sampling`
Using existing KVBin file: "./datasets/lineitem_sf500.k-8-9-13-14-15.v-0-3.kvbin"

=== BENCHMARK MODE ===
KVBin data: ./datasets/lineitem_sf500.k-8-9-13-14-15.v-0-3.kvbin, index: ./datasets/lineitem_sf500.k-8-9-13-14-15.v-0-3.kvbin.idx
Estimated data size: 199659.46 MB
Run generation threads: 24
Use OVC: true
Run size (MB): 85.33
Run generation memory (MB): 2047.9
Merge threads: 24
Merge fan-in: 1365
Merge memory (MB): 2047.5
Sketch type: reservoir-sampling
Sketch size: 200
Run indexing interval: 1000
Temporary directory: "logs/lineitem_bench_2025-12-26_02-04-39/Exp4_Thr24_Mem2GB_tmp"
Warmup runs: 1
Runs per configuration: 3
Cooldown between runs (s): 30
Verify output: false

Running benchmark for config: Exp4_Thr24_Mem2GB
Parameters: Run Gen Threads: 24, Use OVC: true, Run Size: 85.33 MB, Run Gen Memory: 2047.9 MB, Merge Threads: 24, Merge Fanin: 1365, Merge Memory: 2047.5 MB, Imbalance Factor: 1.0
================================================================================
  Performing 1 warmup run(s)...
    Warmup 1/1: Starting sort with 24 parallel scanners for run generation
Run gen thread 10 454965 ms, 44 runs generated
Run gen thread 20 456961 ms, 44 runs generated
Run gen thread 13 457750 ms, 44 runs generated
Run gen thread 5 459920 ms, 44 runs generated
Run gen thread 19 460253 ms, 44 runs generated
Run gen thread 7 460571 ms, 44 runs generated
Run gen thread 16 460819 ms, 44 runs generated
Run gen thread 17 460828 ms, 44 runs generated
Run gen thread 21 460834 ms, 44 runs generated
Run gen thread 3 460915 ms, 44 runs generated
Run gen thread 14 460948 ms, 44 runs generated
Run gen thread 15 461025 ms, 44 runs generated
Run gen thread 6 461109 ms, 44 runs generated
Run gen thread 9 461154 ms, 44 runs generated
Run gen thread 11 461177 ms, 44 runs generated
Run gen thread 8 461306 ms, 44 runs generated
Run gen thread 4 461367 ms, 44 runs generated
Run gen thread 2 461396 ms, 44 runs generated
Run gen thread 1 462629 ms, 44 runs generated
Run gen thread 23 463065 ms, 44 runs generated
Run gen thread 18 464979 ms, 44 runs generated
Run gen thread 22 465631 ms, 44 runs generated
Run gen thread 12 466667 ms, 44 runs generated
Run gen thread 0 466670 ms, 44 runs generated
Generated 1056 runs in 466719 ms
Merging 1056 runs using 24 threads
Merge phase took 302442 ms | Merged 3000028242 entries across 24 runs | Thread timing: min=92248 ms, max=302422 ms | Partition sizes: imbalance=1.51x
769.16s
  Warmup complete.

  Run 1/3: Starting sort with 24 parallel scanners for run generation
Run gen thread 19 443291 ms, 44 runs generated
Run gen thread 11 445743 ms, 44 runs generated
Run gen thread 14 446122 ms, 44 runs generated
Run gen thread 21 446290 ms, 44 runs generated
Run gen thread 23 446335 ms, 44 runs generated
Run gen thread 13 446509 ms, 44 runs generated
Run gen thread 7 448625 ms, 44 runs generated
Run gen thread 9 448724 ms, 44 runs generated
Run gen thread 20 449422 ms, 44 runs generated
Run gen thread 1 449841 ms, 44 runs generated
Run gen thread 2 451245 ms, 44 runs generated
Run gen thread 12 451716 ms, 44 runs generated
Run gen thread 0 451751 ms, 44 runs generated
Run gen thread 18 452484 ms, 44 runs generated
Run gen thread 15 452972 ms, 44 runs generated
Run gen thread 22 453918 ms, 44 runs generated
Run gen thread 16 454870 ms, 44 runs generated
Run gen thread 4 455059 ms, 44 runs generated
Run gen thread 3 455812 ms, 44 runs generated
Run gen thread 17 456333 ms, 44 runs generated
Run gen thread 10 457277 ms, 44 runs generated
Run gen thread 8 458102 ms, 44 runs generated
Run gen thread 5 460290 ms, 44 runs generated
Run gen thread 6 462805 ms, 44 runs generated
Generated 1056 runs in 463084 ms
Merging 1056 runs using 24 threads
Merge phase took 314623 ms | Merged 3000028242 entries across 24 runs | Thread timing: min=154795 ms, max=314584 ms | Partition sizes: imbalance=1.80x
SortStats:
  Number of runs: 1056
  (R) time: 463084 ms
  (R) breakdown: load=0 ms, sort=451897 ms, store=0 ms
  (R) I/O stats: I/O Stats: Read Ops: 3194572, Read Bytes: 209359434597, Write Ops: 2108831, Write Bytes: 138203491840
  (M) time: 314623 ms
  Read amplification:
    Run generation writes: 138203491840 bytes (128.71 GB)
    Merge phase reads: 140417402368 bytes (130.77 GB)
    Read amplification factor: 1.02x
    Excess reads: 1.6% (sparse indexing overhead)
  Thread timing:
    Min thread time: 154795 ms
    Max thread time: 314584 ms
    Avg thread time: 218624 ms
    Time imbalance factor (max/avg): 1.44x
    Thread times: [244404, 314584, 253778, 154795, 237104, 224674, 223086, 225393, 166889, 269108, 174223, 162492, 183975, 208164, 226871, 267192, 231495, 228082, 181269, 168956, 285479, 251444, 203566, 159953]

777.71s

  Cooling down for 30s before next run...
  Run 2/3: Starting sort with 24 parallel scanners for run generation
Run gen thread 8 444728 ms, 44 runs generated
Run gen thread 4 448792 ms, 44 runs generated
Run gen thread 12 449096 ms, 44 runs generated
Run gen thread 21 450661 ms, 44 runs generated
Run gen thread 13 451836 ms, 44 runs generated
Run gen thread 5 453343 ms, 44 runs generated
Run gen thread 22 453738 ms, 44 runs generated
Run gen thread 3 455457 ms, 44 runs generated
Run gen thread 10 455590 ms, 44 runs generated
Run gen thread 16 456333 ms, 44 runs generated
Run gen thread 15 456464 ms, 44 runs generated
Run gen thread 20 456778 ms, 44 runs generated
Run gen thread 14 456812 ms, 44 runs generated
Run gen thread 17 457271 ms, 44 runs generated
Run gen thread 23 457951 ms, 44 runs generated
Run gen thread 6 458586 ms, 44 runs generated
Run gen thread 7 458808 ms, 44 runs generated
Run gen thread 9 458905 ms, 44 runs generated
Run gen thread 0 459147 ms, 44 runs generated
Run gen thread 19 459707 ms, 44 runs generated
Run gen thread 1 460203 ms, 44 runs generated
Run gen thread 11 460899 ms, 44 runs generated
Run gen thread 2 462741 ms, 44 runs generated
Run gen thread 18 464255 ms, 44 runs generated
Generated 1056 runs in 464372 ms
Merging 1056 runs using 24 threads
Merge phase took 293225 ms | Merged 3000028242 entries across 24 runs | Thread timing: min=101486 ms, max=293198 ms | Partition sizes: imbalance=1.56x
SortStats:
  Number of runs: 1056
  (R) time: 464372 ms
  (R) breakdown: load=0 ms, sort=456170 ms, store=0 ms
  (R) I/O stats: I/O Stats: Read Ops: 3194572, Read Bytes: 209359434597, Write Ops: 2108831, Write Bytes: 138203491840
  (M) time: 293225 ms
  Read amplification:
    Run generation writes: 138203491840 bytes (128.71 GB)
    Merge phase reads: 140418887680 bytes (130.78 GB)
    Read amplification factor: 1.02x
    Excess reads: 1.6% (sparse indexing overhead)
  Thread timing:
    Min thread time: 101486 ms
    Max thread time: 293198 ms
    Avg thread time: 215169 ms
    Time imbalance factor (max/avg): 1.36x
    Thread times: [137523, 253790, 101486, 243983, 262961, 269276, 217032, 269777, 197827, 235750, 170723, 108022, 293198, 247785, 133756, 181565, 223375, 288295, 271679, 271151, 201465, 219460, 199843, 164339]

757.60s

  Cooling down for 30s before next run...
  Run 3/3: Starting sort with 24 parallel scanners for run generation
Run gen thread 13 445160 ms, 44 runs generated
Run gen thread 20 446806 ms, 44 runs generated
Run gen thread 18 447293 ms, 44 runs generated
Run gen thread 23 447369 ms, 44 runs generated
Run gen thread 21 448445 ms, 44 runs generated
Run gen thread 0 448850 ms, 44 runs generated
Run gen thread 7 449015 ms, 44 runs generated
Run gen thread 3 451360 ms, 44 runs generated
Run gen thread 12 451968 ms, 44 runs generated
Run gen thread 1 452108 ms, 44 runs generated
Run gen thread 17 453445 ms, 44 runs generated
Run gen thread 15 453551 ms, 44 runs generated
Run gen thread 2 454296 ms, 44 runs generated
Run gen thread 8 454758 ms, 44 runs generated
Run gen thread 6 455177 ms, 44 runs generated
Run gen thread 5 456213 ms, 44 runs generated
Run gen thread 22 457447 ms, 44 runs generated
Run gen thread 16 457520 ms, 44 runs generated
Run gen thread 4 457628 ms, 44 runs generated
Run gen thread 9 457652 ms, 44 runs generated
Run gen thread 10 457828 ms, 44 runs generated
Run gen thread 11 457909 ms, 44 runs generated
Run gen thread 14 458444 ms, 44 runs generated
Run gen thread 19 459274 ms, 44 runs generated
Generated 1056 runs in 459395 ms
Merging 1056 runs using 24 threads
Merge phase took 314578 ms | Merged 3000028242 entries across 24 runs | Thread timing: min=118486 ms, max=314562 ms | Partition sizes: imbalance=1.75x
SortStats:
  Number of runs: 1056
  (R) time: 459395 ms
  (R) breakdown: load=0 ms, sort=453313 ms, store=0 ms
  (R) I/O stats: I/O Stats: Read Ops: 3194572, Read Bytes: 209359434597, Write Ops: 2108831, Write Bytes: 138203491840
  (M) time: 314578 ms
  Read amplification:
    Run generation writes: 138203491840 bytes (128.71 GB)
    Merge phase reads: 140421628416 bytes (130.78 GB)
    Read amplification factor: 1.02x
    Excess reads: 1.6% (sparse indexing overhead)
  Thread timing:
    Min thread time: 118486 ms
    Max thread time: 314562 ms
    Avg thread time: 225500 ms
    Time imbalance factor (max/avg): 1.39x
    Thread times: [237737, 310338, 200313, 247249, 240760, 206023, 118486, 197856, 159784, 289857, 258291, 205632, 248940, 151976, 239132, 314562, 280048, 162711, 225743, 216359, 237465, 163635, 292027, 207072]

773.97s


================================================================================================================================================================
Benchmark Results Summary
================================================================================================================================================================
Config               Run Size   RG Runs    Gen Thr    Merge Thr  Total (s)  RunGen (s)   Merge (s)  Entries      Throughput       Read MB    Write MB  
                     (MB)                                                                                        (M entries/s)                         
----------------------------------------------------------------------------------------------------------------------------------------------------------------
Exp4_Thr24_Mem2GB[1] 85.3       1056       24         24         777.71       463.08     314.62     3000028242   3.86             333573.2   222711.1  
Exp4_Thr24_Mem2GB[2] 85.3       1056       24         24         757.60       464.37     293.23     3000028242   3.96             333574.6   222706.4  
Exp4_Thr24_Mem2GB[3] 85.3       1056       24         24         773.97       459.39     314.58     3000028242   3.88             333577.2   222709.2  
Exp4_Thr24_Mem2GB[avg] 85.3       1056       24         24         769.76       462.28     307.48     3000028242   3.90             333575.0   222708.9  
================================================================================================================================================================

================================================================================================================================================================
Merge Operations Summary (showing last 1 of 1 merge passes)
================================================================================================================================================================
Config               M1PAvg     M1PMax     M1Imbal    M1Slow       M1Fast      
----------------------------------------------------------------------------------------------------------------------------------------------------------------
Exp4_Thr24_Mem2GB[1] 125001176  224757142  1.80       314.62       314.62      
Exp4_Thr24_Mem2GB[2] 125001176  195002422  1.56       293.23       293.23      
Exp4_Thr24_Mem2GB[3] 125001176  219250851  1.75       314.58       314.58      
----------------------------------------------------------------------------------------------------------------------------------------------------------------
Exp4_Thr24_Mem2GB[avg] 125001176  213003471  1.70       314.62       293.23      
================================================================================================================================================================

================================================================================================================================================================
Detailed I/O Statistics
================================================================================================================================================================
Config               RG Read MB   RG Write MB  M1Read MB    M1Write MB  
----------------------------------------------------------------------------------------------------------------------------------------------------------------
Exp4_Thr24_Mem2GB[1] 199660.7     131801.1     133912.5     90909.9     
Exp4_Thr24_Mem2GB[2] 199660.7     131801.1     133913.9     90905.3     
Exp4_Thr24_Mem2GB[3] 199660.7     131801.1     133916.5     90908.1     
----------------------------------------------------------------------------------------------------------------------------------------------------------------
Exp4_Thr24_Mem2GB[avg] 199660.7     131801.1     133914.3     90907.8     
================================================================================================================================================================

====================================================================================================
Run Generation Time Breakdown
====================================================================================================
Config               RG Total s   Load s       Sort s       Store s     
----------------------------------------------------------------------------------------------------
Exp4_Thr24_Mem2GB[1] 463.08       0            451.897      0           
Exp4_Thr24_Mem2GB[2] 464.37       0            456.17       0           
Exp4_Thr24_Mem2GB[3] 459.39       0            453.313      0           
----------------------------------------------------------------------------------------------------
Exp4_Thr24_Mem2GB[avg] 462.28       0.00         453.79       0.00        
====================================================================================================
