warning: unused imports: `SeedableRng` and `rngs::SmallRng`
 --> src/fastzipf.rs:2:12
  |
2 | use rand::{SeedableRng, rngs::SmallRng};
  |            ^^^^^^^^^^^  ^^^^^^^^^^^^^^
  |
  = note: `#[warn(unused_imports)]` on by default

warning: unused import: `std::fmt`
 --> src/sketch/reservoir_sampler.rs:6:5
  |
6 | use std::fmt;
  |     ^^^^^^^^

warning: unused import: `crate::sketch::kll::KLL`
   --> src/sketch/reservoir_sampler.rs:190:9
    |
190 |     use crate::sketch::kll::KLL;
    |         ^^^^^^^^^^^^^^^^^^^^^^^

warning: unused import: `super::*`
   --> src/sketch/reservoir_sampler.rs:192:9
    |
192 |     use super::*;
    |         ^^^^^^^^

warning: unused import: `std::collections::HashMap`
   --> src/sketch/mod.rs:226:9
    |
226 |     use std::collections::HashMap;
    |         ^^^^^^^^^^^^^^^^^^^^^^^^^

warning: unused import: `super::kll::*`
   --> src/sketch/mod.rs:228:9
    |
228 |     use super::kll::*;
    |         ^^^^^^^^^^^^^

warning: unused import: `super::reservoir_sampler::*`
   --> src/sketch/mod.rs:229:9
    |
229 |     use super::reservoir_sampler::*;
    |         ^^^^^^^^^^^^^^^^^^^^^^^^^^^

warning: unused import: `super::*`
   --> src/sketch/mod.rs:230:9
    |
230 |     use super::*;
    |         ^^^^^^^^

warning: unused import: `Duration`
 --> src/sort/core/engine.rs:4:17
  |
4 | use std::time::{Duration, Instant, SystemTime, UNIX_EPOCH};
  |                 ^^^^^^^^

warning: function `compute_ovc_delta` is never used
    --> src/ovc/offset_value_coding.rs:1136:15
     |
1136 | pub(crate) fn compute_ovc_delta(prev_key: Option<&[u8]>, key: &[u8]) -> OVCU64 {
     |               ^^^^^^^^^^^^^^^^^
     |
     = note: `#[warn(dead_code)]` on by default

warning: `es` (lib) generated 10 warnings (run `cargo fix --lib -p es` to apply 9 suggestions)
    Finished `release` profile [optimized] target(s) in 0.22s
     Running `target/release/examples/lineitem_benchmark_cli -n Exp5_Thr4_Imbalance1.5_Thr4_Mem2GB -i lineitem_sf500.csv --run-gen-threads 4 --merge-threads 4 --run-size-mb 512.00 --merge-fanin 8192 --warmup-runs 1 --benchmark-runs 3 --cooldown-seconds 30 --dir logs/lineitem_bench_2025-12-26_02-04-39/Exp5_Thr4_Imbalance1.5_Thr4_Mem2GB_tmp --imbalance-factor 1.5`
Using existing KVBin file: "./datasets/lineitem_sf500.k-8-9-13-14-15.v-0-3.kvbin"

=== BENCHMARK MODE ===
KVBin data: ./datasets/lineitem_sf500.k-8-9-13-14-15.v-0-3.kvbin, index: ./datasets/lineitem_sf500.k-8-9-13-14-15.v-0-3.kvbin.idx
Estimated data size: 199659.46 MB
Run generation threads: 4
Use OVC: true
Run size (MB): 512.00
Run generation memory (MB): 2048.0
Merge threads: 4
Merge fan-in: 8192
Merge memory (MB): 2048.0
Sketch type: kll
Sketch size: 200
Run indexing interval: 1000
Temporary directory: "logs/lineitem_bench_2025-12-26_02-04-39/Exp5_Thr4_Imbalance1.5_Thr4_Mem2GB_tmp"
Warmup runs: 1
Runs per configuration: 3
Cooldown between runs (s): 30
Verify output: false

Running benchmark for config: Exp5_Thr4_Imbalance1.5_Thr4_Mem2GB
Parameters: Run Gen Threads: 4, Use OVC: true, Run Size: 512.00 MB, Run Gen Memory: 2048.0 MB, Merge Threads: 4, Merge Fanin: 8192, Merge Memory: 2048.0 MB, Imbalance Factor: 1.5
================================================================================
  Performing 1 warmup run(s)...
    Warmup 1/1: Starting sort with 4 parallel scanners for run generation
Run gen thread 1 2091350 ms, 44 runs generated
Run gen thread 0 2094796 ms, 44 runs generated
Run gen thread 3 2100276 ms, 44 runs generated
Run gen thread 2 2102150 ms, 44 runs generated
Generated 176 runs in 2102179 ms
Merging 176 runs using 4 threads
Merge phase took 734072 ms | Merged 3000028242 entries across 4 runs | Thread timing: min=438766 ms, max=734071 ms | Partition sizes: imbalance=1.47x
2836.25s
  Warmup complete.

  Run 1/3: Starting sort with 4 parallel scanners for run generation
Run gen thread 2 2070171 ms, 44 runs generated
Run gen thread 0 2076216 ms, 44 runs generated
Run gen thread 3 2083033 ms, 44 runs generated
Run gen thread 1 2083800 ms, 44 runs generated
Generated 176 runs in 2083932 ms
Merging 176 runs using 4 threads
Merge phase took 746398 ms | Merged 3000028242 entries across 4 runs | Thread timing: min=445453 ms, max=746397 ms | Partition sizes: imbalance=1.48x
SortStats:
  Number of runs: 176
  (R) time: 2083932 ms
  (R) breakdown: load=0 ms, sort=2078305 ms, store=0 ms
  (R) I/O stats: I/O Stats: Read Ops: 3194553, Read Bytes: 209358163301, Write Ops: 1941471, Write Bytes: 127236121600
  (M) time: 746398 ms
  Read amplification:
    Run generation writes: 127236121600 bytes (118.50 GB)
    Merge phase reads: 127292673024 bytes (118.55 GB)
    Read amplification factor: 1.00x
    Excess reads: 0.0% (sparse indexing overhead)
  Thread timing:
    Min thread time: 445453 ms
    Max thread time: 746397 ms
    Avg thread time: 528657 ms
    Time imbalance factor (max/avg): 1.41x
    Thread times: [746397, 445453, 445521, 477257]

2830.33s

  Cooling down for 30s before next run...
  Run 2/3: Starting sort with 4 parallel scanners for run generation
Run gen thread 2 2055645 ms, 44 runs generated
Run gen thread 3 2080141 ms, 44 runs generated
Run gen thread 0 2080523 ms, 44 runs generated
Run gen thread 1 2083203 ms, 44 runs generated
Generated 176 runs in 2083431 ms
Merging 176 runs using 4 threads
Merge phase took 730695 ms | Merged 3000028242 entries across 4 runs | Thread timing: min=447921 ms, max=730694 ms | Partition sizes: imbalance=1.47x
SortStats:
  Number of runs: 176
  (R) time: 2083431 ms
  (R) breakdown: load=0 ms, sort=2074878 ms, store=0 ms
  (R) I/O stats: I/O Stats: Read Ops: 3194553, Read Bytes: 209358163301, Write Ops: 1941471, Write Bytes: 127236121600
  (M) time: 730695 ms
  Read amplification:
    Run generation writes: 127236121600 bytes (118.50 GB)
    Merge phase reads: 127292345344 bytes (118.55 GB)
    Read amplification factor: 1.00x
    Excess reads: 0.0% (sparse indexing overhead)
  Thread timing:
    Min thread time: 447921 ms
    Max thread time: 730694 ms
    Avg thread time: 520549 ms
    Time imbalance factor (max/avg): 1.40x
    Thread times: [730694, 448201, 447921, 455380]

2814.13s

  Cooling down for 30s before next run...
  Run 3/3: Starting sort with 4 parallel scanners for run generation
Run gen thread 3 2070814 ms, 44 runs generated
Run gen thread 1 2074599 ms, 44 runs generated
Run gen thread 2 2086816 ms, 44 runs generated
Run gen thread 0 2088889 ms, 44 runs generated
Generated 176 runs in 2089160 ms
Merging 176 runs using 4 threads
Merge phase took 747719 ms | Merged 3000028242 entries across 4 runs | Thread timing: min=450761 ms, max=747718 ms | Partition sizes: imbalance=1.48x
SortStats:
  Number of runs: 176
  (R) time: 2089160 ms
  (R) breakdown: load=0 ms, sort=2080279 ms, store=0 ms
  (R) I/O stats: I/O Stats: Read Ops: 3194553, Read Bytes: 209358163301, Write Ops: 1941471, Write Bytes: 127236121600
  (M) time: 747719 ms
  Read amplification:
    Run generation writes: 127236121600 bytes (118.50 GB)
    Merge phase reads: 127292083200 bytes (118.55 GB)
    Read amplification factor: 1.00x
    Excess reads: 0.0% (sparse indexing overhead)
  Thread timing:
    Min thread time: 450761 ms
    Max thread time: 747718 ms
    Avg thread time: 528839 ms
    Time imbalance factor (max/avg): 1.41x
    Thread times: [747718, 452083, 450761, 464793]

2836.88s


================================================================================================================================================================
Benchmark Results Summary
================================================================================================================================================================
Config               Run Size   RG Runs    Gen Thr    Merge Thr  Total (s)  RunGen (s)   Merge (s)  Entries      Throughput       Read MB    Write MB  
                     (MB)                                                                                        (M entries/s)                         
----------------------------------------------------------------------------------------------------------------------------------------------------------------
Exp5_Thr4_Imbalance1.5_Thr4_Mem2GB[1] 512.0      176        4          4          2830.33      2083.93    746.40     3000028242   1.06             321055.3   212240.7  
Exp5_Thr4_Imbalance1.5_Thr4_Mem2GB[2] 512.0      176        4          4          2814.13      2083.43    730.70     3000028242   1.07             321054.9   212240.7  
Exp5_Thr4_Imbalance1.5_Thr4_Mem2GB[3] 512.0      176        4          4          2836.88      2089.16    747.72     3000028242   1.06             321054.7   212240.7  
Exp5_Thr4_Imbalance1.5_Thr4_Mem2GB[avg] 512.0      176        4          4          2827.11      2085.51    741.60     3000028242   1.06             321055.0   212240.7  
================================================================================================================================================================

================================================================================================================================================================
Merge Operations Summary (showing last 1 of 1 merge passes)
================================================================================================================================================================
Config               M1PAvg     M1PMax     M1Imbal    M1Slow       M1Fast      
----------------------------------------------------------------------------------------------------------------------------------------------------------------
Exp5_Thr4_Imbalance1.5_Thr4_Mem2GB[1] 750007060  1107720544 1.48       746.40       746.40      
Exp5_Thr4_Imbalance1.5_Thr4_Mem2GB[2] 750007060  1099942914 1.47       730.70       730.70      
Exp5_Thr4_Imbalance1.5_Thr4_Mem2GB[3] 750007060  1112905758 1.48       747.72       747.72      
----------------------------------------------------------------------------------------------------------------------------------------------------------------
Exp5_Thr4_Imbalance1.5_Thr4_Mem2GB[avg] 750007060  1106856405 1.48       747.72       730.70      
================================================================================================================================================================

================================================================================================================================================================
Detailed I/O Statistics
================================================================================================================================================================
Config               RG Read MB   RG Write MB  M1Read MB    M1Write MB  
----------------------------------------------------------------------------------------------------------------------------------------------------------------
Exp5_Thr4_Imbalance1.5_Thr4_Mem2GB[1] 199659.5     121341.8     121395.8     90898.9     
Exp5_Thr4_Imbalance1.5_Thr4_Mem2GB[2] 199659.5     121341.8     121395.4     90898.9     
Exp5_Thr4_Imbalance1.5_Thr4_Mem2GB[3] 199659.5     121341.8     121395.2     90898.9     
----------------------------------------------------------------------------------------------------------------------------------------------------------------
Exp5_Thr4_Imbalance1.5_Thr4_Mem2GB[avg] 199659.5     121341.8     121395.5     90898.9     
================================================================================================================================================================

====================================================================================================
Run Generation Time Breakdown
====================================================================================================
Config               RG Total s   Load s       Sort s       Store s     
----------------------------------------------------------------------------------------------------
Exp5_Thr4_Imbalance1.5_Thr4_Mem2GB[1] 2083.93      0            2078.305     0           
Exp5_Thr4_Imbalance1.5_Thr4_Mem2GB[2] 2083.43      0            2074.878     0           
Exp5_Thr4_Imbalance1.5_Thr4_Mem2GB[3] 2089.16      0            2080.279     0           
----------------------------------------------------------------------------------------------------
Exp5_Thr4_Imbalance1.5_Thr4_Mem2GB[avg] 2085.51      0.00         2077.82      0.00        
====================================================================================================
