warning: unused imports: `SeedableRng` and `rngs::SmallRng`
 --> src/fastzipf.rs:2:12
  |
2 | use rand::{SeedableRng, rngs::SmallRng};
  |            ^^^^^^^^^^^  ^^^^^^^^^^^^^^
  |
  = note: `#[warn(unused_imports)]` on by default

warning: unused import: `std::fmt`
 --> src/sketch/reservoir_sampler.rs:6:5
  |
6 | use std::fmt;
  |     ^^^^^^^^

warning: unused import: `crate::sketch::kll::KLL`
   --> src/sketch/reservoir_sampler.rs:190:9
    |
190 |     use crate::sketch::kll::KLL;
    |         ^^^^^^^^^^^^^^^^^^^^^^^

warning: unused import: `super::*`
   --> src/sketch/reservoir_sampler.rs:192:9
    |
192 |     use super::*;
    |         ^^^^^^^^

warning: unused import: `std::collections::HashMap`
   --> src/sketch/mod.rs:226:9
    |
226 |     use std::collections::HashMap;
    |         ^^^^^^^^^^^^^^^^^^^^^^^^^

warning: unused import: `super::kll::*`
   --> src/sketch/mod.rs:228:9
    |
228 |     use super::kll::*;
    |         ^^^^^^^^^^^^^

warning: unused import: `super::reservoir_sampler::*`
   --> src/sketch/mod.rs:229:9
    |
229 |     use super::reservoir_sampler::*;
    |         ^^^^^^^^^^^^^^^^^^^^^^^^^^^

warning: unused import: `super::*`
   --> src/sketch/mod.rs:230:9
    |
230 |     use super::*;
    |         ^^^^^^^^

warning: unused import: `Duration`
 --> src/sort/core/engine.rs:4:17
  |
4 | use std::time::{Duration, Instant, SystemTime, UNIX_EPOCH};
  |                 ^^^^^^^^

warning: function `compute_ovc_delta` is never used
    --> src/ovc/offset_value_coding.rs:1136:15
     |
1136 | pub(crate) fn compute_ovc_delta(prev_key: Option<&[u8]>, key: &[u8]) -> OVCU64 {
     |               ^^^^^^^^^^^^^^^^^
     |
     = note: `#[warn(dead_code)]` on by default

warning: `es` (lib) generated 10 warnings (run `cargo fix --lib -p es` to apply 9 suggestions)
    Finished `release` profile [optimized] target(s) in 0.22s
     Running `target/release/examples/lineitem_benchmark_cli -n Exp5_Thr4_Imbalance3.0_Thr4_Mem2GB -i lineitem_sf500.csv --run-gen-threads 4 --merge-threads 4 --run-size-mb 512.00 --merge-fanin 8192 --warmup-runs 1 --benchmark-runs 3 --cooldown-seconds 30 --dir logs/lineitem_bench_2025-12-26_02-04-39/Exp5_Thr4_Imbalance3.0_Thr4_Mem2GB_tmp --imbalance-factor 3.0`
Using existing KVBin file: "./datasets/lineitem_sf500.k-8-9-13-14-15.v-0-3.kvbin"

=== BENCHMARK MODE ===
KVBin data: ./datasets/lineitem_sf500.k-8-9-13-14-15.v-0-3.kvbin, index: ./datasets/lineitem_sf500.k-8-9-13-14-15.v-0-3.kvbin.idx
Estimated data size: 199659.46 MB
Run generation threads: 4
Use OVC: true
Run size (MB): 512.00
Run generation memory (MB): 2048.0
Merge threads: 4
Merge fan-in: 8192
Merge memory (MB): 2048.0
Sketch type: kll
Sketch size: 200
Run indexing interval: 1000
Temporary directory: "logs/lineitem_bench_2025-12-26_02-04-39/Exp5_Thr4_Imbalance3.0_Thr4_Mem2GB_tmp"
Warmup runs: 1
Runs per configuration: 3
Cooldown between runs (s): 30
Verify output: false

Running benchmark for config: Exp5_Thr4_Imbalance3.0_Thr4_Mem2GB
Parameters: Run Gen Threads: 4, Use OVC: true, Run Size: 512.00 MB, Run Gen Memory: 2048.0 MB, Merge Threads: 4, Merge Fanin: 8192, Merge Memory: 2048.0 MB, Imbalance Factor: 3.0
================================================================================
  Performing 1 warmup run(s)...
    Warmup 1/1: Starting sort with 4 parallel scanners for run generation
Run gen thread 2 2091632 ms, 44 runs generated
Run gen thread 3 2098410 ms, 44 runs generated
Run gen thread 1 2102407 ms, 44 runs generated
Run gen thread 0 2102559 ms, 44 runs generated
Generated 176 runs in 2102579 ms
Merging 176 runs using 4 threads
Merge phase took 1359092 ms | Merged 3000028242 entries across 4 runs | Thread timing: min=192188 ms, max=1359091 ms | Partition sizes: imbalance=2.97x
3461.67s
  Warmup complete.

  Run 1/3: Starting sort with 4 parallel scanners for run generation
Run gen thread 2 2074099 ms, 44 runs generated
Run gen thread 0 2082768 ms, 44 runs generated
Run gen thread 3 2089790 ms, 44 runs generated
Run gen thread 1 2090807 ms, 44 runs generated
Generated 176 runs in 2090885 ms
Merging 176 runs using 4 threads
Merge phase took 1355212 ms | Merged 3000028242 entries across 4 runs | Thread timing: min=168175 ms, max=1355211 ms | Partition sizes: imbalance=2.96x
SortStats:
  Number of runs: 176
  (R) time: 2090885 ms
  (R) breakdown: load=0 ms, sort=2084366 ms, store=0 ms
  (R) I/O stats: I/O Stats: Read Ops: 3194553, Read Bytes: 209358163301, Write Ops: 1941471, Write Bytes: 127236121600
  (M) time: 1355212 ms
  Read amplification:
    Run generation writes: 127236121600 bytes (118.50 GB)
    Merge phase reads: 127293861888 bytes (118.55 GB)
    Read amplification factor: 1.00x
    Excess reads: 0.0% (sparse indexing overhead)
  Thread timing:
    Min thread time: 168175 ms
    Max thread time: 1355211 ms
    Avg thread time: 479128 ms
    Time imbalance factor (max/avg): 2.83x
    Thread times: [1355211, 197346, 168175, 195781]

3446.10s

  Cooling down for 30s before next run...
  Run 2/3: Starting sort with 4 parallel scanners for run generation
Run gen thread 1 2083881 ms, 44 runs generated
Run gen thread 2 2085218 ms, 44 runs generated
Run gen thread 3 2088764 ms, 44 runs generated
Run gen thread 0 2091324 ms, 44 runs generated
Generated 176 runs in 2091405 ms
Merging 176 runs using 4 threads
Merge phase took 1362123 ms | Merged 3000028242 entries across 4 runs | Thread timing: min=173329 ms, max=1362122 ms | Partition sizes: imbalance=2.99x
SortStats:
  Number of runs: 176
  (R) time: 2091405 ms
  (R) breakdown: load=0 ms, sort=2087296 ms, store=0 ms
  (R) I/O stats: I/O Stats: Read Ops: 3194553, Read Bytes: 209358163301, Write Ops: 1941471, Write Bytes: 127236121600
  (M) time: 1362123 ms
  Read amplification:
    Run generation writes: 127236121600 bytes (118.50 GB)
    Merge phase reads: 127293724672 bytes (118.55 GB)
    Read amplification factor: 1.00x
    Excess reads: 0.0% (sparse indexing overhead)
  Thread timing:
    Min thread time: 173329 ms
    Max thread time: 1362122 ms
    Avg thread time: 477144 ms
    Time imbalance factor (max/avg): 2.85x
    Thread times: [1362122, 173329, 185000, 188124]

3453.53s

  Cooling down for 30s before next run...
  Run 3/3: Starting sort with 4 parallel scanners for run generation
Run gen thread 3 2067446 ms, 44 runs generated
Run gen thread 1 2075624 ms, 44 runs generated
Run gen thread 2 2079792 ms, 44 runs generated
Run gen thread 0 2082228 ms, 44 runs generated
Generated 176 runs in 2082338 ms
Merging 176 runs using 4 threads
Merge phase took 1344660 ms | Merged 3000028242 entries across 4 runs | Thread timing: min=179142 ms, max=1344659 ms | Partition sizes: imbalance=2.97x
SortStats:
  Number of runs: 176
  (R) time: 2082338 ms
  (R) breakdown: load=0 ms, sort=2076272 ms, store=0 ms
  (R) I/O stats: I/O Stats: Read Ops: 3194553, Read Bytes: 209358163301, Write Ops: 1941471, Write Bytes: 127236121600
  (M) time: 1344660 ms
  Read amplification:
    Run generation writes: 127236121600 bytes (118.50 GB)
    Merge phase reads: 127295369216 bytes (118.55 GB)
    Read amplification factor: 1.00x
    Excess reads: 0.0% (sparse indexing overhead)
  Thread timing:
    Min thread time: 179142 ms
    Max thread time: 1344659 ms
    Avg thread time: 473896 ms
    Time imbalance factor (max/avg): 2.84x
    Thread times: [1344659, 188324, 179142, 183458]

3427.00s


================================================================================================================================================================
Benchmark Results Summary
================================================================================================================================================================
Config               Run Size   RG Runs    Gen Thr    Merge Thr  Total (s)  RunGen (s)   Merge (s)  Entries      Throughput       Read MB    Write MB  
                     (MB)                                                                                        (M entries/s)                         
----------------------------------------------------------------------------------------------------------------------------------------------------------------
Exp5_Thr4_Imbalance3.0_Thr4_Mem2GB[1] 512.0      176        4          4          3446.10      2090.89    1355.21    3000028242   0.87             321056.4   212240.7  
Exp5_Thr4_Imbalance3.0_Thr4_Mem2GB[2] 512.0      176        4          4          3453.53      2091.41    1362.12    3000028242   0.87             321056.3   212240.7  
Exp5_Thr4_Imbalance3.0_Thr4_Mem2GB[3] 512.0      176        4          4          3427.00      2082.34    1344.66    3000028242   0.88             321057.8   212240.7  
Exp5_Thr4_Imbalance3.0_Thr4_Mem2GB[avg] 512.0      176        4          4          3442.21      2088.21    1354.00    3000028242   0.87             321056.8   212240.7  
================================================================================================================================================================

================================================================================================================================================================
Merge Operations Summary (showing last 1 of 1 merge passes)
================================================================================================================================================================
Config               M1PAvg     M1PMax     M1Imbal    M1Slow       M1Fast      
----------------------------------------------------------------------------------------------------------------------------------------------------------------
Exp5_Thr4_Imbalance3.0_Thr4_Mem2GB[1] 750007060  2222342478 2.96       1355.21      1355.21     
Exp5_Thr4_Imbalance3.0_Thr4_Mem2GB[2] 750007060  2243872817 2.99       1362.12      1362.12     
Exp5_Thr4_Imbalance3.0_Thr4_Mem2GB[3] 750007060  2230573497 2.97       1344.66      1344.66     
----------------------------------------------------------------------------------------------------------------------------------------------------------------
Exp5_Thr4_Imbalance3.0_Thr4_Mem2GB[avg] 750007060  2232262930 2.98       1362.12      1344.66     
================================================================================================================================================================

================================================================================================================================================================
Detailed I/O Statistics
================================================================================================================================================================
Config               RG Read MB   RG Write MB  M1Read MB    M1Write MB  
----------------------------------------------------------------------------------------------------------------------------------------------------------------
Exp5_Thr4_Imbalance3.0_Thr4_Mem2GB[1] 199659.5     121341.8     121396.9     90898.9     
Exp5_Thr4_Imbalance3.0_Thr4_Mem2GB[2] 199659.5     121341.8     121396.8     90898.9     
Exp5_Thr4_Imbalance3.0_Thr4_Mem2GB[3] 199659.5     121341.8     121398.3     90898.9     
----------------------------------------------------------------------------------------------------------------------------------------------------------------
Exp5_Thr4_Imbalance3.0_Thr4_Mem2GB[avg] 199659.5     121341.8     121397.3     90898.9     
================================================================================================================================================================

====================================================================================================
Run Generation Time Breakdown
====================================================================================================
Config               RG Total s   Load s       Sort s       Store s     
----------------------------------------------------------------------------------------------------
Exp5_Thr4_Imbalance3.0_Thr4_Mem2GB[1] 2090.89      0            2084.366     0           
Exp5_Thr4_Imbalance3.0_Thr4_Mem2GB[2] 2091.41      0            2087.296     0           
Exp5_Thr4_Imbalance3.0_Thr4_Mem2GB[3] 2082.34      0            2076.272     0           
----------------------------------------------------------------------------------------------------
Exp5_Thr4_Imbalance3.0_Thr4_Mem2GB[avg] 2088.21      0.00         2082.64      0.00        
====================================================================================================
