warning: unused imports: `SeedableRng` and `rngs::SmallRng`
 --> src/fastzipf.rs:2:12
  |
2 | use rand::{SeedableRng, rngs::SmallRng};
  |            ^^^^^^^^^^^  ^^^^^^^^^^^^^^
  |
  = note: `#[warn(unused_imports)]` on by default

warning: unused import: `std::fmt`
 --> src/sketch/reservoir_sampler.rs:6:5
  |
6 | use std::fmt;
  |     ^^^^^^^^

warning: unused import: `crate::sketch::kll::KLL`
   --> src/sketch/reservoir_sampler.rs:190:9
    |
190 |     use crate::sketch::kll::KLL;
    |         ^^^^^^^^^^^^^^^^^^^^^^^

warning: unused import: `super::*`
   --> src/sketch/reservoir_sampler.rs:192:9
    |
192 |     use super::*;
    |         ^^^^^^^^

warning: unused import: `std::collections::HashMap`
   --> src/sketch/mod.rs:226:9
    |
226 |     use std::collections::HashMap;
    |         ^^^^^^^^^^^^^^^^^^^^^^^^^

warning: unused import: `super::kll::*`
   --> src/sketch/mod.rs:228:9
    |
228 |     use super::kll::*;
    |         ^^^^^^^^^^^^^

warning: unused import: `super::reservoir_sampler::*`
   --> src/sketch/mod.rs:229:9
    |
229 |     use super::reservoir_sampler::*;
    |         ^^^^^^^^^^^^^^^^^^^^^^^^^^^

warning: unused import: `super::*`
   --> src/sketch/mod.rs:230:9
    |
230 |     use super::*;
    |         ^^^^^^^^

warning: unused import: `Duration`
 --> src/sort/core/engine.rs:4:17
  |
4 | use std::time::{Duration, Instant, SystemTime, UNIX_EPOCH};
  |                 ^^^^^^^^

warning: function `compute_ovc_delta` is never used
    --> src/ovc/offset_value_coding.rs:1136:15
     |
1136 | pub(crate) fn compute_ovc_delta(prev_key: Option<&[u8]>, key: &[u8]) -> OVCU64 {
     |               ^^^^^^^^^^^^^^^^^
     |
     = note: `#[warn(dead_code)]` on by default

warning: `es` (lib) generated 10 warnings (run `cargo fix --lib -p es` to apply 9 suggestions)
    Finished `release` profile [optimized] target(s) in 0.20s
     Running `target/release/examples/lineitem_benchmark_cli -n Exp5_Thr4_Imbalance1.0_Thr4_Mem2GB -i lineitem_sf500.csv --run-gen-threads 4 --merge-threads 4 --run-size-mb 512.00 --merge-fanin 8192 --warmup-runs 1 --benchmark-runs 3 --cooldown-seconds 30 --dir logs/lineitem_bench_2025-12-26_02-04-39/Exp5_Thr4_Imbalance1.0_Thr4_Mem2GB_tmp --imbalance-factor 1.0`
Using existing KVBin file: "./datasets/lineitem_sf500.k-8-9-13-14-15.v-0-3.kvbin"

=== BENCHMARK MODE ===
KVBin data: ./datasets/lineitem_sf500.k-8-9-13-14-15.v-0-3.kvbin, index: ./datasets/lineitem_sf500.k-8-9-13-14-15.v-0-3.kvbin.idx
Estimated data size: 199659.46 MB
Run generation threads: 4
Use OVC: true
Run size (MB): 512.00
Run generation memory (MB): 2048.0
Merge threads: 4
Merge fan-in: 8192
Merge memory (MB): 2048.0
Sketch type: kll
Sketch size: 200
Run indexing interval: 1000
Temporary directory: "logs/lineitem_bench_2025-12-26_02-04-39/Exp5_Thr4_Imbalance1.0_Thr4_Mem2GB_tmp"
Warmup runs: 1
Runs per configuration: 3
Cooldown between runs (s): 30
Verify output: false

Running benchmark for config: Exp5_Thr4_Imbalance1.0_Thr4_Mem2GB
Parameters: Run Gen Threads: 4, Use OVC: true, Run Size: 512.00 MB, Run Gen Memory: 2048.0 MB, Merge Threads: 4, Merge Fanin: 8192, Merge Memory: 2048.0 MB, Imbalance Factor: 1.0
================================================================================
  Performing 1 warmup run(s)...
    Warmup 1/1: Starting sort with 4 parallel scanners for run generation
Run gen thread 2 2066036 ms, 44 runs generated
Run gen thread 3 2073155 ms, 44 runs generated
Run gen thread 1 2074374 ms, 44 runs generated
Run gen thread 0 2077841 ms, 44 runs generated
Generated 176 runs in 2077863 ms
Merging 176 runs using 4 threads
Merge phase took 556151 ms | Merged 3000028242 entries across 4 runs | Thread timing: min=523869 ms, max=556150 ms | Partition sizes: imbalance=1.01x
2634.01s
  Warmup complete.

  Run 1/3: Starting sort with 4 parallel scanners for run generation
Run gen thread 3 2073225 ms, 44 runs generated
Run gen thread 2 2076625 ms, 44 runs generated
Run gen thread 0 2077867 ms, 44 runs generated
Run gen thread 1 2078088 ms, 44 runs generated
Generated 176 runs in 2078235 ms
Merging 176 runs using 4 threads
Merge phase took 539692 ms | Merged 3000028242 entries across 4 runs | Thread timing: min=527104 ms, max=539691 ms | Partition sizes: imbalance=1.01x
SortStats:
  Number of runs: 176
  (R) time: 2078235 ms
  (R) breakdown: load=0 ms, sort=2076451 ms, store=0 ms
  (R) I/O stats: I/O Stats: Read Ops: 3194553, Read Bytes: 209358163301, Write Ops: 1941471, Write Bytes: 127236121600
  (M) time: 539692 ms
  Read amplification:
    Run generation writes: 127236121600 bytes (118.50 GB)
    Merge phase reads: 127294311424 bytes (118.55 GB)
    Read amplification factor: 1.00x
    Excess reads: 0.0% (sparse indexing overhead)
  Thread timing:
    Min thread time: 527104 ms
    Max thread time: 539691 ms
    Avg thread time: 533281 ms
    Time imbalance factor (max/avg): 1.01x
    Thread times: [539691, 527104, 531924, 534406]

2617.93s

  Cooling down for 30s before next run...
  Run 2/3: Starting sort with 4 parallel scanners for run generation
Run gen thread 3 2066183 ms, 44 runs generated
Run gen thread 1 2075677 ms, 44 runs generated
Run gen thread 2 2085704 ms, 44 runs generated
Run gen thread 0 2088503 ms, 44 runs generated
Generated 176 runs in 2088778 ms
Merging 176 runs using 4 threads
Merge phase took 545957 ms | Merged 3000028242 entries across 4 runs | Thread timing: min=513420 ms, max=545956 ms | Partition sizes: imbalance=1.02x
SortStats:
  Number of runs: 176
  (R) time: 2088778 ms
  (R) breakdown: load=0 ms, sort=2079016 ms, store=0 ms
  (R) I/O stats: I/O Stats: Read Ops: 3194553, Read Bytes: 209358163301, Write Ops: 1941471, Write Bytes: 127236121600
  (M) time: 545957 ms
  Read amplification:
    Run generation writes: 127236121600 bytes (118.50 GB)
    Merge phase reads: 127291886592 bytes (118.55 GB)
    Read amplification factor: 1.00x
    Excess reads: 0.0% (sparse indexing overhead)
  Thread timing:
    Min thread time: 513420 ms
    Max thread time: 545956 ms
    Avg thread time: 534727 ms
    Time imbalance factor (max/avg): 1.02x
    Thread times: [542193, 537339, 513420, 545956]

2634.73s

  Cooling down for 30s before next run...
  Run 3/3: Starting sort with 4 parallel scanners for run generation
Run gen thread 3 2122082 ms, 44 runs generated
Run gen thread 2 2124937 ms, 44 runs generated
Run gen thread 1 2125393 ms, 44 runs generated
Run gen thread 0 2125494 ms, 44 runs generated
Generated 176 runs in 2125731 ms
Merging 176 runs using 4 threads
Merge phase took 549652 ms | Merged 3000028242 entries across 4 runs | Thread timing: min=512757 ms, max=549651 ms | Partition sizes: imbalance=1.02x
SortStats:
  Number of runs: 176
  (R) time: 2125731 ms
  (R) breakdown: load=0 ms, sort=2124476 ms, store=0 ms
  (R) I/O stats: I/O Stats: Read Ops: 3194553, Read Bytes: 209358163301, Write Ops: 1941471, Write Bytes: 127236121600
  (M) time: 549652 ms
  Read amplification:
    Run generation writes: 127236121600 bytes (118.50 GB)
    Merge phase reads: 127294245888 bytes (118.55 GB)
    Read amplification factor: 1.00x
    Excess reads: 0.0% (sparse indexing overhead)
  Thread timing:
    Min thread time: 512757 ms
    Max thread time: 549651 ms
    Avg thread time: 528523 ms
    Time imbalance factor (max/avg): 1.04x
    Thread times: [549651, 512757, 524212, 527472]

2675.38s


================================================================================================================================================================
Benchmark Results Summary
================================================================================================================================================================
Config               Run Size   RG Runs    Gen Thr    Merge Thr  Total (s)  RunGen (s)   Merge (s)  Entries      Throughput       Read MB    Write MB  
                     (MB)                                                                                        (M entries/s)                         
----------------------------------------------------------------------------------------------------------------------------------------------------------------
Exp5_Thr4_Imbalance1.0_Thr4_Mem2GB[1] 512.0      176        4          4          2617.93      2078.24    539.69     3000028242   1.15             321056.8   212240.7  
Exp5_Thr4_Imbalance1.0_Thr4_Mem2GB[2] 512.0      176        4          4          2634.73      2088.78    545.96     3000028242   1.14             321054.5   212240.7  
Exp5_Thr4_Imbalance1.0_Thr4_Mem2GB[3] 512.0      176        4          4          2675.38      2125.73    549.65     3000028242   1.12             321056.8   212240.7  
Exp5_Thr4_Imbalance1.0_Thr4_Mem2GB[avg] 512.0      176        4          4          2642.68      2097.58    545.10     3000028242   1.14             321056.0   212240.7  
================================================================================================================================================================

================================================================================================================================================================
Merge Operations Summary (showing last 1 of 1 merge passes)
================================================================================================================================================================
Config               M1PAvg     M1PMax     M1Imbal    M1Slow       M1Fast      
----------------------------------------------------------------------------------------------------------------------------------------------------------------
Exp5_Thr4_Imbalance1.0_Thr4_Mem2GB[1] 750007060  756058158  1.01       539.69       539.69      
Exp5_Thr4_Imbalance1.0_Thr4_Mem2GB[2] 750007060  762347325  1.02       545.96       545.96      
Exp5_Thr4_Imbalance1.0_Thr4_Mem2GB[3] 750007060  768286700  1.02       549.65       549.65      
----------------------------------------------------------------------------------------------------------------------------------------------------------------
Exp5_Thr4_Imbalance1.0_Thr4_Mem2GB[avg] 750007060  762230727  1.02       549.65       539.69      
================================================================================================================================================================

================================================================================================================================================================
Detailed I/O Statistics
================================================================================================================================================================
Config               RG Read MB   RG Write MB  M1Read MB    M1Write MB  
----------------------------------------------------------------------------------------------------------------------------------------------------------------
Exp5_Thr4_Imbalance1.0_Thr4_Mem2GB[1] 199659.5     121341.8     121397.3     90898.9     
Exp5_Thr4_Imbalance1.0_Thr4_Mem2GB[2] 199659.5     121341.8     121395.0     90898.9     
Exp5_Thr4_Imbalance1.0_Thr4_Mem2GB[3] 199659.5     121341.8     121397.3     90898.9     
----------------------------------------------------------------------------------------------------------------------------------------------------------------
Exp5_Thr4_Imbalance1.0_Thr4_Mem2GB[avg] 199659.5     121341.8     121396.5     90898.9     
================================================================================================================================================================

====================================================================================================
Run Generation Time Breakdown
====================================================================================================
Config               RG Total s   Load s       Sort s       Store s     
----------------------------------------------------------------------------------------------------
Exp5_Thr4_Imbalance1.0_Thr4_Mem2GB[1] 2078.24      0            2076.451     0           
Exp5_Thr4_Imbalance1.0_Thr4_Mem2GB[2] 2088.78      0            2079.016     0           
Exp5_Thr4_Imbalance1.0_Thr4_Mem2GB[3] 2125.73      0            2124.476     0           
----------------------------------------------------------------------------------------------------
Exp5_Thr4_Imbalance1.0_Thr4_Mem2GB[avg] 2097.58      0.00         2093.31      0.00        
====================================================================================================
