warning: unused imports: `SeedableRng` and `rngs::SmallRng`
 --> src/fastzipf.rs:2:12
  |
2 | use rand::{SeedableRng, rngs::SmallRng};
  |            ^^^^^^^^^^^  ^^^^^^^^^^^^^^
  |
  = note: `#[warn(unused_imports)]` on by default

warning: unused import: `std::fmt`
 --> src/sketch/reservoir_sampler.rs:6:5
  |
6 | use std::fmt;
  |     ^^^^^^^^

warning: unused import: `crate::sketch::kll::KLL`
   --> src/sketch/reservoir_sampler.rs:190:9
    |
190 |     use crate::sketch::kll::KLL;
    |         ^^^^^^^^^^^^^^^^^^^^^^^

warning: unused import: `super::*`
   --> src/sketch/reservoir_sampler.rs:192:9
    |
192 |     use super::*;
    |         ^^^^^^^^

warning: unused import: `std::collections::HashMap`
   --> src/sketch/mod.rs:226:9
    |
226 |     use std::collections::HashMap;
    |         ^^^^^^^^^^^^^^^^^^^^^^^^^

warning: unused import: `super::kll::*`
   --> src/sketch/mod.rs:228:9
    |
228 |     use super::kll::*;
    |         ^^^^^^^^^^^^^

warning: unused import: `super::reservoir_sampler::*`
   --> src/sketch/mod.rs:229:9
    |
229 |     use super::reservoir_sampler::*;
    |         ^^^^^^^^^^^^^^^^^^^^^^^^^^^

warning: unused import: `super::*`
   --> src/sketch/mod.rs:230:9
    |
230 |     use super::*;
    |         ^^^^^^^^

warning: unused import: `Duration`
 --> src/sort/core/engine.rs:4:17
  |
4 | use std::time::{Duration, Instant, SystemTime, UNIX_EPOCH};
  |                 ^^^^^^^^

warning: function `compute_ovc_delta` is never used
    --> src/ovc/offset_value_coding.rs:1136:15
     |
1136 | pub(crate) fn compute_ovc_delta(prev_key: Option<&[u8]>, key: &[u8]) -> OVCU64 {
     |               ^^^^^^^^^^^^^^^^^
     |
     = note: `#[warn(dead_code)]` on by default

warning: `es` (lib) generated 10 warnings (run `cargo fix --lib -p es` to apply 9 suggestions)
    Finished `release` profile [optimized] target(s) in 0.22s
     Running `target/release/examples/lineitem_benchmark_cli -n Exp6_RunGen24_Merge44_Mem2GB -i lineitem_sf500.csv --run-gen-threads 24 --merge-threads 44 --run-size-mb 85.33 --merge-fanin 744 --warmup-runs 1 --benchmark-runs 3 --cooldown-seconds 30 --dir logs/lineitem_bench_2025-12-17_14-47-17/Exp6_RunGen24_Merge44_Mem2GB_tmp`
Using existing KVBin file: "./datasets/lineitem_sf500.k-8-9-13-14-15.v-0-3.kvbin"

=== BENCHMARK MODE ===
KVBin data: ./datasets/lineitem_sf500.k-8-9-13-14-15.v-0-3.kvbin, index: ./datasets/lineitem_sf500.k-8-9-13-14-15.v-0-3.kvbin.idx
Estimated data size: 199659.46 MB
Run generation threads: 24
Use OVC: true
Run size (MB): 85.33
Run generation memory (MB): 2047.9
Merge threads: 44
Merge fan-in: 744
Merge memory (MB): 2046.0
Sketch type: kll
Sketch size: 200
Run indexing interval: 1000
Temporary directory: "logs/lineitem_bench_2025-12-17_14-47-17/Exp6_RunGen24_Merge44_Mem2GB_tmp"
Warmup runs: 1
Runs per configuration: 3
Cooldown between runs (s): 30
Verify output: false

Running benchmark for config: Exp6_RunGen24_Merge44_Mem2GB
Parameters: Run Gen Threads: 24, Use OVC: true, Run Size: 85.33 MB, Run Gen Memory: 2047.9 MB, Merge Threads: 44, Merge Fanin: 744, Merge Memory: 2046.0 MB, Imbalance Factor: 1.0
================================================================================
  Performing 1 warmup run(s)...
    Warmup 1/1: Starting sort with 24 parallel scanners for run generation
Run gen thread 10 471419 ms, 44 runs generated
Run gen thread 13 472676 ms, 44 runs generated
Run gen thread 7 474015 ms, 44 runs generated
Run gen thread 9 474935 ms, 44 runs generated
Run gen thread 16 476519 ms, 44 runs generated
Run gen thread 8 478038 ms, 44 runs generated
Run gen thread 19 478211 ms, 44 runs generated
Run gen thread 22 478700 ms, 44 runs generated
Run gen thread 2 478871 ms, 44 runs generated
Run gen thread 17 478959 ms, 44 runs generated
Run gen thread 18 479072 ms, 44 runs generated
Run gen thread 14 479241 ms, 44 runs generated
Run gen thread 0 480317 ms, 44 runs generated
Run gen thread 23 480909 ms, 44 runs generated
Run gen thread 21 481071 ms, 44 runs generated
Run gen thread 5 481870 ms, 44 runs generated
Run gen thread 11 482256 ms, 44 runs generated
Run gen thread 4 483104 ms, 44 runs generated
Run gen thread 3 483277 ms, 44 runs generated
Run gen thread 15 483413 ms, 44 runs generated
Run gen thread 20 483631 ms, 44 runs generated
Run gen thread 1 483678 ms, 44 runs generated
Run gen thread 12 486717 ms, 44 runs generated
Run gen thread 6 488697 ms, 44 runs generated
Generated 1056 runs in 489550 ms
Multi-level merge: 1487 runs (including 431 dummies), F=744, expected 2 merge operations
Merging 744 runs using 44 threads
Merge phase took 63580 ms | Merged 847583475 entries across 44 runs | Thread timing: min=46195 ms, max=63572 ms | Partition sizes: imbalance=1.30x
Merge 1/2: merging 744 shortest runs (847583475 total entries)
Merging 744 runs using 44 threads
Merge phase took 202525 ms | Merged 3000028242 entries across 44 runs | Thread timing: min=139199 ms, max=202511 ms | Partition sizes: imbalance=1.30x
Merge 2/2: merging 744 shortest runs (3000028242 total entries)
755.65s
  Warmup complete.

  Run 1/3: Starting sort with 24 parallel scanners for run generation
Run gen thread 23 462595 ms, 44 runs generated
Run gen thread 14 462727 ms, 44 runs generated
Run gen thread 8 462983 ms, 44 runs generated
Run gen thread 3 463020 ms, 44 runs generated
Run gen thread 9 464244 ms, 44 runs generated
Run gen thread 4 464441 ms, 44 runs generated
Run gen thread 6 464660 ms, 44 runs generated
Run gen thread 10 465044 ms, 44 runs generated
Run gen thread 15 465479 ms, 44 runs generated
Run gen thread 20 466293 ms, 44 runs generated
Run gen thread 1 466786 ms, 44 runs generated
Run gen thread 13 466907 ms, 44 runs generated
Run gen thread 0 467102 ms, 44 runs generated
Run gen thread 7 467179 ms, 44 runs generated
Run gen thread 2 467270 ms, 44 runs generated
Run gen thread 18 467649 ms, 44 runs generated
Run gen thread 5 467888 ms, 44 runs generated
Run gen thread 19 467898 ms, 44 runs generated
Run gen thread 22 468576 ms, 44 runs generated
Run gen thread 12 469436 ms, 44 runs generated
Run gen thread 11 471463 ms, 44 runs generated
Run gen thread 21 471567 ms, 44 runs generated
Run gen thread 16 472464 ms, 44 runs generated
Run gen thread 17 472478 ms, 44 runs generated
Generated 1056 runs in 472612 ms
Multi-level merge: 1487 runs (including 431 dummies), F=744, expected 2 merge operations
Merging 744 runs using 44 threads
Merge phase took 63837 ms | Merged 847583475 entries across 44 runs | Thread timing: min=44653 ms, max=63835 ms | Partition sizes: imbalance=1.23x
Merge 1/2: merging 744 shortest runs (847583475 total entries)
Merging 744 runs using 44 threads
Merge phase took 199902 ms | Merged 3000028242 entries across 44 runs | Thread timing: min=132510 ms, max=199886 ms | Partition sizes: imbalance=1.23x
Merge 2/2: merging 744 shortest runs (3000028242 total entries)
SortStats:
  Number of runs: 1056
  (R) time: 472612 ms
  (R) breakdown: load=0 ms, sort=466922 ms, store=0 ms
  (R) I/O stats: I/O Stats: Read Ops: 3194572, Read Bytes: 209359434597, Write Ops: 2108831, Write Bytes: 138203491840
  (M) time: 263739 ms
  Read amplification:
    Run generation writes: 138203491840 bytes (128.71 GB)
    Merge phase reads: 171902898688 bytes (160.10 GB)
    Read amplification factor: 1.24x
    Excess reads: 24.4% (sparse indexing overhead)
  Thread timing (merge pass 1):
    Min thread time: 44653 ms
    Max thread time: 63835 ms
    Avg thread time: 57876 ms
    Time imbalance factor (max/avg): 1.10x
  Thread timing (merge pass 2):
    Min thread time: 132510 ms
    Max thread time: 199886 ms
    Avg thread time: 177430 ms
    Time imbalance factor (max/avg): 1.13x
  Multi-level merge details:
    Total merge passes: 2
    Merge pass 1:
      Time: 63837 ms
      Output runs: 44
      I/O: read=38426.80 MiB, write=28229.05 MiB
      Partitions: 44, imbalance: 1.23x
    Merge pass 2:
      Time: 199902 ms
      Output runs: 44
      I/O: read=125512.58 MiB, write=90902.05 MiB
      Partitions: 44, imbalance: 1.23x

736.35s

  Cooling down for 30s before next run...
  Run 2/3: Starting sort with 24 parallel scanners for run generation
Run gen thread 9 458175 ms, 44 runs generated
Run gen thread 14 460832 ms, 44 runs generated
Run gen thread 7 461941 ms, 44 runs generated
Run gen thread 21 463311 ms, 44 runs generated
Run gen thread 13 463573 ms, 44 runs generated
Run gen thread 0 465992 ms, 44 runs generated
Run gen thread 19 466326 ms, 44 runs generated
Run gen thread 17 466563 ms, 44 runs generated
Run gen thread 18 467704 ms, 44 runs generated
Run gen thread 2 467774 ms, 44 runs generated
Run gen thread 11 467871 ms, 44 runs generated
Run gen thread 1 468806 ms, 44 runs generated
Run gen thread 15 468947 ms, 44 runs generated
Run gen thread 10 470556 ms, 44 runs generated
Run gen thread 6 471595 ms, 44 runs generated
Run gen thread 23 471588 ms, 44 runs generated
Run gen thread 5 471724 ms, 44 runs generated
Run gen thread 3 471771 ms, 44 runs generated
Run gen thread 4 471788 ms, 44 runs generated
Run gen thread 20 472604 ms, 44 runs generated
Run gen thread 12 472853 ms, 44 runs generated
Run gen thread 8 474905 ms, 44 runs generated
Run gen thread 16 474990 ms, 44 runs generated
Run gen thread 22 476816 ms, 44 runs generated
Generated 1056 runs in 477022 ms
Multi-level merge: 1487 runs (including 431 dummies), F=744, expected 2 merge operations
Merging 744 runs using 44 threads
Merge phase took 63785 ms | Merged 847583475 entries across 44 runs | Thread timing: min=49223 ms, max=63770 ms | Partition sizes: imbalance=1.27x
Merge 1/2: merging 744 shortest runs (847583475 total entries)
Merging 744 runs using 44 threads
Merge phase took 198160 ms | Merged 3000028242 entries across 44 runs | Thread timing: min=146886 ms, max=198155 ms | Partition sizes: imbalance=1.27x
Merge 2/2: merging 744 shortest runs (3000028242 total entries)
SortStats:
  Number of runs: 1056
  (R) time: 477022 ms
  (R) breakdown: load=0 ms, sort=468708 ms, store=0 ms
  (R) I/O stats: I/O Stats: Read Ops: 3194572, Read Bytes: 209359434597, Write Ops: 2108831, Write Bytes: 138203491840
  (M) time: 261945 ms
  Read amplification:
    Run generation writes: 138203491840 bytes (128.71 GB)
    Merge phase reads: 171891118592 bytes (160.09 GB)
    Read amplification factor: 1.24x
    Excess reads: 24.4% (sparse indexing overhead)
  Thread timing (merge pass 1):
    Min thread time: 49223 ms
    Max thread time: 63770 ms
    Avg thread time: 58729 ms
    Time imbalance factor (max/avg): 1.09x
  Thread timing (merge pass 2):
    Min thread time: 146886 ms
    Max thread time: 198155 ms
    Avg thread time: 180443 ms
    Time imbalance factor (max/avg): 1.10x
  Multi-level merge details:
    Total merge passes: 2
    Merge pass 1:
      Time: 63785 ms
      Output runs: 44
      I/O: read=38422.42 MiB, write=28229.05 MiB
      Partitions: 44, imbalance: 1.27x
    Merge pass 2:
      Time: 198160 ms
      Output runs: 44
      I/O: read=125505.73 MiB, write=90902.01 MiB
      Partitions: 44, imbalance: 1.27x

738.97s

  Cooling down for 30s before next run...
  Run 3/3: Starting sort with 24 parallel scanners for run generation
Run gen thread 23 455486 ms, 44 runs generated
Run gen thread 22 458198 ms, 44 runs generated
Run gen thread 21 458410 ms, 44 runs generated
Run gen thread 8 459743 ms, 44 runs generated
Run gen thread 0 462095 ms, 44 runs generated
Run gen thread 5 462527 ms, 44 runs generated
Run gen thread 7 462936 ms, 44 runs generated
Run gen thread 20 463334 ms, 44 runs generated
Run gen thread 16 463677 ms, 44 runs generated
Run gen thread 13 463938 ms, 44 runs generated
Run gen thread 15 465323 ms, 44 runs generated
Run gen thread 1 465660 ms, 44 runs generated
Run gen thread 4 465652 ms, 44 runs generated
Run gen thread 12 466076 ms, 44 runs generated
Run gen thread 11 467086 ms, 44 runs generated
Run gen thread 2 467214 ms, 44 runs generated
Run gen thread 14 467698 ms, 44 runs generated
Run gen thread 18 467857 ms, 44 runs generated
Run gen thread 10 468250 ms, 44 runs generated
Run gen thread 17 469573 ms, 44 runs generated
Run gen thread 19 469661 ms, 44 runs generated
Run gen thread 3 469851 ms, 44 runs generated
Run gen thread 9 471074 ms, 44 runs generated
Run gen thread 6 472696 ms, 44 runs generated
Generated 1056 runs in 473827 ms
Multi-level merge: 1487 runs (including 431 dummies), F=744, expected 2 merge operations
Merging 744 runs using 44 threads
Merge phase took 63101 ms | Merged 847583475 entries across 44 runs | Thread timing: min=49847 ms, max=63099 ms | Partition sizes: imbalance=1.29x
Merge 1/2: merging 744 shortest runs (847583475 total entries)
Merging 744 runs using 44 threads
Merge phase took 202031 ms | Merged 3000028242 entries across 44 runs | Thread timing: min=156677 ms, max=202022 ms | Partition sizes: imbalance=1.29x
Merge 2/2: merging 744 shortest runs (3000028242 total entries)
SortStats:
  Number of runs: 1056
  (R) time: 473827 ms
  (R) breakdown: load=0 ms, sort=465167 ms, store=0 ms
  (R) I/O stats: I/O Stats: Read Ops: 3194572, Read Bytes: 209359434597, Write Ops: 2108831, Write Bytes: 138203491840
  (M) time: 265132 ms
  Read amplification:
    Run generation writes: 138203491840 bytes (128.71 GB)
    Merge phase reads: 171903030784 bytes (160.10 GB)
    Read amplification factor: 1.24x
    Excess reads: 24.4% (sparse indexing overhead)
  Thread timing (merge pass 1):
    Min thread time: 49847 ms
    Max thread time: 63099 ms
    Avg thread time: 56651 ms
    Time imbalance factor (max/avg): 1.11x
  Thread timing (merge pass 2):
    Min thread time: 156677 ms
    Max thread time: 202022 ms
    Avg thread time: 179202 ms
    Time imbalance factor (max/avg): 1.13x
  Multi-level merge details:
    Total merge passes: 2
    Merge pass 1:
      Time: 63101 ms
      Output runs: 44
      I/O: read=38428.24 MiB, write=28229.01 MiB
      Partitions: 44, imbalance: 1.29x
    Merge pass 2:
      Time: 202031 ms
      Output runs: 44
      I/O: read=125511.27 MiB, write=90902.07 MiB
      Partitions: 44, imbalance: 1.29x

738.96s


================================================================================================================================================================
Benchmark Results Summary
================================================================================================================================================================
Config               Run Size   RG Runs    Gen Thr    Merge Thr  Total (s)  RunGen (s)   Merge (s)  Entries      Throughput       Read MB    Write MB  
                     (MB)                                                                                        (M entries/s)                         
----------------------------------------------------------------------------------------------------------------------------------------------------------------
Exp6_RunGen24_Merge44_Mem2GB[1] 85.3       1056       24         44         736.35       472.61     263.74     3000028242   4.07             363600.1   250932.2  
Exp6_RunGen24_Merge44_Mem2GB[2] 85.3       1056       24         44         738.97       477.02     261.94     3000028242   4.06             363588.9   250932.2  
Exp6_RunGen24_Merge44_Mem2GB[3] 85.3       1056       24         44         738.96       473.83     265.13     3000028242   4.06             363600.2   250932.2  
Exp6_RunGen24_Merge44_Mem2GB[avg] 85.3       1056       24         44         738.09       474.49     263.61     3000028242   4.06             363596.4   250932.2  
================================================================================================================================================================

================================================================================================================================================================
Merge Operations Summary (showing last 2 of 2 merge passes)
================================================================================================================================================================
Config               M1PAvg     M1PMax     M1Imbal    M1Slow       M1Fast       M2PAvg     M2PMax     M2Imbal    M2Slow       M2Fast      
----------------------------------------------------------------------------------------------------------------------------------------------------------------
Exp6_RunGen24_Merge44_Mem2GB[1] 19263260   23751638   1.23       63.84        63.84        68182460   84043347   1.23       199.90       199.90      
Exp6_RunGen24_Merge44_Mem2GB[2] 19263260   24410422   1.27       63.78        63.78        68182460   86404953   1.27       198.16       198.16      
Exp6_RunGen24_Merge44_Mem2GB[3] 19263260   24876956   1.29       63.10        63.10        68182460   88066868   1.29       202.03       202.03      
----------------------------------------------------------------------------------------------------------------------------------------------------------------
Exp6_RunGen24_Merge44_Mem2GB[avg] 19263260   24346338   1.26       63.84        63.10        68182460   86171722   1.26       202.03       198.16      
================================================================================================================================================================

================================================================================================================================================================
Detailed I/O Statistics
================================================================================================================================================================
Config               RG Read MB   RG Write MB  M1Read MB    M1Write MB   M2Read MB    M2Write MB  
----------------------------------------------------------------------------------------------------------------------------------------------------------------
Exp6_RunGen24_Merge44_Mem2GB[1] 199660.7     131801.1     38426.8      28229.0      125512.6     90902.0     
Exp6_RunGen24_Merge44_Mem2GB[2] 199660.7     131801.1     38422.4      28229.0      125505.7     90902.0     
Exp6_RunGen24_Merge44_Mem2GB[3] 199660.7     131801.1     38428.2      28229.0      125511.3     90902.1     
----------------------------------------------------------------------------------------------------------------------------------------------------------------
Exp6_RunGen24_Merge44_Mem2GB[avg] 199660.7     131801.1     38425.8      28229.0      125509.9     90902.0     
================================================================================================================================================================

====================================================================================================
Run Generation Time Breakdown
====================================================================================================
Config               RG Total s   Load s       Sort s       Store s     
----------------------------------------------------------------------------------------------------
Exp6_RunGen24_Merge44_Mem2GB[1] 472.61       0            466.922      0           
Exp6_RunGen24_Merge44_Mem2GB[2] 477.02       0            468.708      0           
Exp6_RunGen24_Merge44_Mem2GB[3] 473.83       0            465.167      0           
----------------------------------------------------------------------------------------------------
Exp6_RunGen24_Merge44_Mem2GB[avg] 474.49       0.00         466.93       0.00        
====================================================================================================
