warning: unused imports: `SeedableRng` and `rngs::SmallRng`
 --> src/fastzipf.rs:2:12
  |
2 | use rand::{SeedableRng, rngs::SmallRng};
  |            ^^^^^^^^^^^  ^^^^^^^^^^^^^^
  |
  = note: `#[warn(unused_imports)]` on by default

warning: unused import: `std::fmt`
 --> src/sketch/reservoir_sampler.rs:6:5
  |
6 | use std::fmt;
  |     ^^^^^^^^

warning: unused import: `crate::sketch::kll::KLL`
   --> src/sketch/reservoir_sampler.rs:190:9
    |
190 |     use crate::sketch::kll::KLL;
    |         ^^^^^^^^^^^^^^^^^^^^^^^

warning: unused import: `super::*`
   --> src/sketch/reservoir_sampler.rs:192:9
    |
192 |     use super::*;
    |         ^^^^^^^^

warning: unused import: `std::collections::HashMap`
   --> src/sketch/mod.rs:226:9
    |
226 |     use std::collections::HashMap;
    |         ^^^^^^^^^^^^^^^^^^^^^^^^^

warning: unused import: `super::kll::*`
   --> src/sketch/mod.rs:228:9
    |
228 |     use super::kll::*;
    |         ^^^^^^^^^^^^^

warning: unused import: `super::reservoir_sampler::*`
   --> src/sketch/mod.rs:229:9
    |
229 |     use super::reservoir_sampler::*;
    |         ^^^^^^^^^^^^^^^^^^^^^^^^^^^

warning: unused import: `super::*`
   --> src/sketch/mod.rs:230:9
    |
230 |     use super::*;
    |         ^^^^^^^^

warning: unused import: `Duration`
 --> src/sort/core/engine.rs:4:17
  |
4 | use std::time::{Duration, Instant, SystemTime, UNIX_EPOCH};
  |                 ^^^^^^^^

warning: function `compute_ovc_delta` is never used
    --> src/ovc/offset_value_coding.rs:1136:15
     |
1136 | pub(crate) fn compute_ovc_delta(prev_key: Option<&[u8]>, key: &[u8]) -> OVCU64 {
     |               ^^^^^^^^^^^^^^^^^
     |
     = note: `#[warn(dead_code)]` on by default

warning: `es` (lib) generated 10 warnings (run `cargo fix --lib -p es` to apply 9 suggestions)
    Finished `release` profile [optimized] target(s) in 0.21s
     Running `target/release/examples/lineitem_benchmark_cli -n Exp6_RunGen40_Merge44_Mem2GB -i lineitem_sf500.csv --run-gen-threads 40 --merge-threads 44 --run-size-mb 51.20 --merge-fanin 744 --warmup-runs 1 --benchmark-runs 3 --cooldown-seconds 30 --dir logs/lineitem_bench_2025-12-17_14-47-17/Exp6_RunGen40_Merge44_Mem2GB_tmp`
Using existing KVBin file: "./datasets/lineitem_sf500.k-8-9-13-14-15.v-0-3.kvbin"

=== BENCHMARK MODE ===
KVBin data: ./datasets/lineitem_sf500.k-8-9-13-14-15.v-0-3.kvbin, index: ./datasets/lineitem_sf500.k-8-9-13-14-15.v-0-3.kvbin.idx
Estimated data size: 199659.46 MB
Run generation threads: 40
Use OVC: true
Run size (MB): 51.20
Run generation memory (MB): 2048.0
Merge threads: 44
Merge fan-in: 744
Merge memory (MB): 2046.0
Sketch type: kll
Sketch size: 200
Run indexing interval: 1000
Temporary directory: "logs/lineitem_bench_2025-12-17_14-47-17/Exp6_RunGen40_Merge44_Mem2GB_tmp"
Warmup runs: 1
Runs per configuration: 3
Cooldown between runs (s): 30
Verify output: false

Running benchmark for config: Exp6_RunGen40_Merge44_Mem2GB
Parameters: Run Gen Threads: 40, Use OVC: true, Run Size: 51.20 MB, Run Gen Memory: 2048.0 MB, Merge Threads: 44, Merge Fanin: 744, Merge Memory: 2046.0 MB, Imbalance Factor: 1.0
================================================================================
  Performing 1 warmup run(s)...
    Warmup 1/1: Starting sort with 40 parallel scanners for run generation
Run gen thread 39 361515 ms, 44 runs generated
Run gen thread 38 361613 ms, 44 runs generated
Run gen thread 36 361635 ms, 44 runs generated
Run gen thread 17 362403 ms, 44 runs generated
Run gen thread 32 362796 ms, 44 runs generated
Run gen thread 37 362803 ms, 44 runs generated
Run gen thread 5 362888 ms, 44 runs generated
Run gen thread 15 362977 ms, 44 runs generated
Run gen thread 34 363735 ms, 44 runs generated
Run gen thread 16 363827 ms, 44 runs generated
Run gen thread 28 364057 ms, 44 runs generated
Run gen thread 23 364065 ms, 44 runs generated
Run gen thread 12 364123 ms, 44 runs generated
Run gen thread 26 364610 ms, 44 runs generated
Run gen thread 33 366397 ms, 44 runs generated
Run gen thread 11 366465 ms, 44 runs generated
Run gen thread 29 366485 ms, 44 runs generated
Run gen thread 7 367201 ms, 44 runs generated
Run gen thread 13 367240 ms, 44 runs generated
Run gen thread 3 367303 ms, 44 runs generated
Run gen thread 4 367475 ms, 44 runs generated
Run gen thread 19 367689 ms, 44 runs generated
Run gen thread 25 367729 ms, 44 runs generated
Run gen thread 14 367789 ms, 44 runs generated
Run gen thread 20 368018 ms, 44 runs generated
Run gen thread 8 368270 ms, 44 runs generated
Run gen thread 21 368289 ms, 44 runs generated
Run gen thread 18 368326 ms, 44 runs generated
Run gen thread 35 368380 ms, 44 runs generated
Run gen thread 31 368558 ms, 44 runs generated
Run gen thread 22 368604 ms, 44 runs generated
Run gen thread 6 368728 ms, 44 runs generated
Run gen thread 24 368744 ms, 44 runs generated
Run gen thread 10 369395 ms, 44 runs generated
Run gen thread 27 369527 ms, 44 runs generated
Run gen thread 30 369555 ms, 44 runs generated
Run gen thread 9 369682 ms, 44 runs generated
Run gen thread 1 369716 ms, 44 runs generated
Run gen thread 2 370180 ms, 44 runs generated
Run gen thread 0 370444 ms, 44 runs generated
Generated 1760 runs in 371343 ms
Multi-level merge: 2230 runs (including 470 dummies), F=744, expected 3 merge operations
Merging 744 runs using 44 threads
Merge phase took 34263 ms | Merged 417376779 entries across 44 runs | Thread timing: min=24428 ms, max=34260 ms | Partition sizes: imbalance=1.40x
Merge 1/3: merging 744 shortest runs (417376779 total entries)
Merging 744 runs using 44 threads
Merge phase took 106377 ms | Merged 1292421046 entries across 44 runs | Thread timing: min=75479 ms, max=106372 ms | Partition sizes: imbalance=1.40x
Merge 2/3: merging 744 shortest runs (1292421046 total entries)
Merging 744 runs using 44 threads
Merge phase took 197953 ms | Merged 3000028242 entries across 44 runs | Thread timing: min=133735 ms, max=197949 ms | Partition sizes: imbalance=1.40x
Merge 3/3: merging 744 shortest runs (3000028242 total entries)
709.94s
  Warmup complete.

  Run 1/3: Starting sort with 40 parallel scanners for run generation
Run gen thread 31 342620 ms, 44 runs generated
Run gen thread 23 344056 ms, 44 runs generated
Run gen thread 39 344138 ms, 44 runs generated
Run gen thread 5 344504 ms, 44 runs generated
Run gen thread 28 344890 ms, 44 runs generated
Run gen thread 16 345299 ms, 44 runs generated
Run gen thread 35 345898 ms, 44 runs generated
Run gen thread 7 346439 ms, 44 runs generated
Run gen thread 24 346604 ms, 44 runs generated
Run gen thread 15 346882 ms, 44 runs generated
Run gen thread 38 346892 ms, 44 runs generated
Run gen thread 14 347504 ms, 44 runs generated
Run gen thread 9 347720 ms, 44 runs generated
Run gen thread 32 347806 ms, 44 runs generated
Run gen thread 22 348006 ms, 44 runs generated
Run gen thread 2 348021 ms, 44 runs generated
Run gen thread 30 348160 ms, 44 runs generated
Run gen thread 4 348566 ms, 44 runs generated
Run gen thread 8 348969 ms, 44 runs generated
Run gen thread 29 349463 ms, 44 runs generated
Run gen thread 11 349547 ms, 44 runs generated
Run gen thread 12 349610 ms, 44 runs generated
Run gen thread 18 349628 ms, 44 runs generated
Run gen thread 26 349679 ms, 44 runs generated
Run gen thread 27 349740 ms, 44 runs generated
Run gen thread 13 349774 ms, 44 runs generated
Run gen thread 33 349811 ms, 44 runs generated
Run gen thread 34 350155 ms, 44 runs generated
Run gen thread 6 350629 ms, 44 runs generated
Run gen thread 21 350845 ms, 44 runs generated
Run gen thread 20 351214 ms, 44 runs generated
Run gen thread 36 351456 ms, 44 runs generated
Run gen thread 1 351696 ms, 44 runs generated
Run gen thread 25 351828 ms, 44 runs generated
Run gen thread 37 351948 ms, 44 runs generated
Run gen thread 3 352112 ms, 44 runs generated
Run gen thread 0 352188 ms, 44 runs generated
Run gen thread 10 352364 ms, 44 runs generated
Run gen thread 17 352815 ms, 44 runs generated
Run gen thread 19 353177 ms, 44 runs generated
Generated 1760 runs in 353889 ms
Multi-level merge: 2230 runs (including 470 dummies), F=744, expected 3 merge operations
Merging 744 runs using 44 threads
Merge phase took 34654 ms | Merged 417376779 entries across 44 runs | Thread timing: min=21612 ms, max=34633 ms | Partition sizes: imbalance=1.39x
Merge 1/3: merging 744 shortest runs (417376779 total entries)
Merging 744 runs using 44 threads
Merge phase took 107602 ms | Merged 1292421046 entries across 44 runs | Thread timing: min=57913 ms, max=107589 ms | Partition sizes: imbalance=1.39x
Merge 2/3: merging 744 shortest runs (1292421046 total entries)
Merging 744 runs using 44 threads
Merge phase took 197350 ms | Merged 3000028242 entries across 44 runs | Thread timing: min=116051 ms, max=197333 ms | Partition sizes: imbalance=1.39x
Merge 3/3: merging 744 shortest runs (3000028242 total entries)
SortStats:
  Number of runs: 1760
  (R) time: 353889 ms
  (R) breakdown: load=0 ms, sort=348816 ms, store=0 ms
  (R) I/O stats: I/O Stats: Read Ops: 3194565, Read Bytes: 209358947685, Write Ops: 2156113, Write Bytes: 141301890560
  (M) time: 339606 ms
  Read amplification:
    Run generation writes: 141301890560 bytes (131.60 GB)
    Merge phase reads: 207258137088 bytes (193.02 GB)
    Read amplification factor: 1.47x
    Excess reads: 46.7% (sparse indexing overhead)
  Thread timing (merge pass 1):
    Min thread time: 21612 ms
    Max thread time: 34633 ms
    Avg thread time: 30302 ms
    Time imbalance factor (max/avg): 1.14x
  Thread timing (merge pass 2):
    Min thread time: 57913 ms
    Max thread time: 107589 ms
    Avg thread time: 92088 ms
    Time imbalance factor (max/avg): 1.17x
  Thread timing (merge pass 3):
    Min thread time: 116051 ms
    Max thread time: 197333 ms
    Avg thread time: 169002 ms
    Time imbalance factor (max/avg): 1.17x
  Multi-level merge details:
    Total merge passes: 3
    Merge pass 1:
      Time: 34654 ms
      Output runs: 44
      I/O: read=19795.41 MiB, write=14498.95 MiB
      Partitions: 44, imbalance: 1.39x
    Merge pass 2:
      Time: 107602 ms
      Output runs: 44
      I/O: read=60794.25 MiB, write=41876.56 MiB
      Partitions: 44, imbalance: 1.39x
    Merge pass 3:
      Time: 197350 ms
      Output runs: 44
      I/O: read=117067.10 MiB, write=90900.02 MiB
      Partitions: 44, imbalance: 1.39x

693.50s

  Cooling down for 30s before next run...
  Run 2/3: Starting sort with 40 parallel scanners for run generation
Run gen thread 39 342063 ms, 44 runs generated
Run gen thread 36 342671 ms, 44 runs generated
Run gen thread 29 343055 ms, 44 runs generated
Run gen thread 5 344978 ms, 44 runs generated
Run gen thread 1 346052 ms, 44 runs generated
Run gen thread 7 346075 ms, 44 runs generated
Run gen thread 37 346324 ms, 44 runs generated
Run gen thread 2 347129 ms, 44 runs generated
Run gen thread 0 347413 ms, 44 runs generated
Run gen thread 12 347610 ms, 44 runs generated
Run gen thread 17 347643 ms, 44 runs generated
Run gen thread 30 347769 ms, 44 runs generated
Run gen thread 24 347858 ms, 44 runs generated
Run gen thread 38 347884 ms, 44 runs generated
Run gen thread 27 348354 ms, 44 runs generated
Run gen thread 32 348583 ms, 44 runs generated
Run gen thread 9 348714 ms, 44 runs generated
Run gen thread 21 348820 ms, 44 runs generated
Run gen thread 4 348938 ms, 44 runs generated
Run gen thread 8 348948 ms, 44 runs generated
Run gen thread 18 349075 ms, 44 runs generated
Run gen thread 20 349658 ms, 44 runs generated
Run gen thread 14 349904 ms, 44 runs generated
Run gen thread 10 350015 ms, 44 runs generated
Run gen thread 6 350307 ms, 44 runs generated
Run gen thread 26 350326 ms, 44 runs generated
Run gen thread 25 350536 ms, 44 runs generated
Run gen thread 34 350895 ms, 44 runs generated
Run gen thread 15 351013 ms, 44 runs generated
Run gen thread 33 351052 ms, 44 runs generated
Run gen thread 19 351207 ms, 44 runs generated
Run gen thread 11 351248 ms, 44 runs generated
Run gen thread 16 351255 ms, 44 runs generated
Run gen thread 35 351395 ms, 44 runs generated
Run gen thread 31 351569 ms, 44 runs generated
Run gen thread 13 351668 ms, 44 runs generated
Run gen thread 22 351882 ms, 44 runs generated
Run gen thread 3 351982 ms, 44 runs generated
Run gen thread 28 352030 ms, 44 runs generated
Run gen thread 23 354119 ms, 44 runs generated
Generated 1760 runs in 354462 ms
Multi-level merge: 2230 runs (including 470 dummies), F=744, expected 3 merge operations
Merging 744 runs using 44 threads
Merge phase took 34968 ms | Merged 417376779 entries across 44 runs | Thread timing: min=22483 ms, max=34955 ms | Partition sizes: imbalance=1.40x
Merge 1/3: merging 744 shortest runs (417376779 total entries)
Merging 744 runs using 44 threads
Merge phase took 99220 ms | Merged 1292421046 entries across 44 runs | Thread timing: min=59833 ms, max=99206 ms | Partition sizes: imbalance=1.40x
Merge 2/3: merging 744 shortest runs (1292421046 total entries)
Merging 744 runs using 44 threads
Merge phase took 198987 ms | Merged 3000028242 entries across 44 runs | Thread timing: min=117670 ms, max=198973 ms | Partition sizes: imbalance=1.40x
Merge 3/3: merging 744 shortest runs (3000028242 total entries)
SortStats:
  Number of runs: 1760
  (R) time: 354462 ms
  (R) breakdown: load=0 ms, sort=348950 ms, store=0 ms
  (R) I/O stats: I/O Stats: Read Ops: 3194565, Read Bytes: 209358947685, Write Ops: 2156113, Write Bytes: 141301890560
  (M) time: 333175 ms
  Read amplification:
    Run generation writes: 141301890560 bytes (131.60 GB)
    Merge phase reads: 207268016128 bytes (193.03 GB)
    Read amplification factor: 1.47x
    Excess reads: 46.7% (sparse indexing overhead)
  Thread timing (merge pass 1):
    Min thread time: 22483 ms
    Max thread time: 34955 ms
    Avg thread time: 30625 ms
    Time imbalance factor (max/avg): 1.14x
  Thread timing (merge pass 2):
    Min thread time: 59833 ms
    Max thread time: 99206 ms
    Avg thread time: 85224 ms
    Time imbalance factor (max/avg): 1.16x
  Thread timing (merge pass 3):
    Min thread time: 117670 ms
    Max thread time: 198973 ms
    Avg thread time: 170771 ms
    Time imbalance factor (max/avg): 1.17x
  Multi-level merge details:
    Total merge passes: 3
    Merge pass 1:
      Time: 34968 ms
      Output runs: 44
      I/O: read=19802.34 MiB, write=14498.96 MiB
      Partitions: 44, imbalance: 1.40x
    Merge pass 2:
      Time: 99220 ms
      Output runs: 44
      I/O: read=60794.81 MiB, write=41876.55 MiB
      Partitions: 44, imbalance: 1.40x
    Merge pass 3:
      Time: 198987 ms
      Output runs: 44
      I/O: read=117069.03 MiB, write=90899.73 MiB
      Partitions: 44, imbalance: 1.40x

687.64s

  Cooling down for 30s before next run...
  Run 3/3: Starting sort with 40 parallel scanners for run generation
Run gen thread 22 351279 ms, 44 runs generated
Run gen thread 34 352960 ms, 44 runs generated
Run gen thread 19 352984 ms, 44 runs generated
Run gen thread 3 353076 ms, 44 runs generated
Run gen thread 11 353236 ms, 44 runs generated
Run gen thread 23 354408 ms, 44 runs generated
Run gen thread 29 354850 ms, 44 runs generated
Run gen thread 39 355451 ms, 44 runs generated
Run gen thread 2 355514 ms, 44 runs generated
Run gen thread 8 356368 ms, 44 runs generated
Run gen thread 33 356611 ms, 44 runs generated
Run gen thread 14 356798 ms, 44 runs generated
Run gen thread 7 357106 ms, 44 runs generated
Run gen thread 4 357436 ms, 44 runs generated
Run gen thread 0 357849 ms, 44 runs generated
Run gen thread 36 357904 ms, 44 runs generated
Run gen thread 12 357975 ms, 44 runs generated
Run gen thread 13 358001 ms, 44 runs generated
Run gen thread 10 358011 ms, 44 runs generated
Run gen thread 15 358023 ms, 44 runs generated
Run gen thread 28 358188 ms, 44 runs generated
Run gen thread 37 358276 ms, 44 runs generated
Run gen thread 27 358380 ms, 44 runs generated
Run gen thread 32 358548 ms, 44 runs generated
Run gen thread 35 359024 ms, 44 runs generated
Run gen thread 38 360072 ms, 44 runs generated
Run gen thread 17 360597 ms, 44 runs generated
Run gen thread 25 360732 ms, 44 runs generated
Run gen thread 9 360799 ms, 44 runs generated
Run gen thread 21 360809 ms, 44 runs generated
Run gen thread 31 360958 ms, 44 runs generated
Run gen thread 6 361007 ms, 44 runs generated
Run gen thread 16 361433 ms, 44 runs generated
Run gen thread 1 361744 ms, 44 runs generated
Run gen thread 26 362230 ms, 44 runs generated
Run gen thread 20 362529 ms, 44 runs generated
Run gen thread 18 362536 ms, 44 runs generated
Run gen thread 30 362588 ms, 44 runs generated
Run gen thread 24 362814 ms, 44 runs generated
Run gen thread 5 362844 ms, 44 runs generated
Generated 1760 runs in 363753 ms
Multi-level merge: 2230 runs (including 470 dummies), F=744, expected 3 merge operations
Merging 744 runs using 44 threads
Merge phase took 34444 ms | Merged 417376779 entries across 44 runs | Thread timing: min=19340 ms, max=34433 ms | Partition sizes: imbalance=1.44x
Merge 1/3: merging 744 shortest runs (417376779 total entries)
Merging 744 runs using 44 threads
Merge phase took 100217 ms | Merged 1292421046 entries across 44 runs | Thread timing: min=50537 ms, max=100204 ms | Partition sizes: imbalance=1.44x
Merge 2/3: merging 744 shortest runs (1292421046 total entries)
Merging 744 runs using 44 threads
Merge phase took 200071 ms | Merged 3000028242 entries across 44 runs | Thread timing: min=103445 ms, max=200058 ms | Partition sizes: imbalance=1.44x
Merge 3/3: merging 744 shortest runs (3000028242 total entries)
SortStats:
  Number of runs: 1760
  (R) time: 363753 ms
  (R) breakdown: load=0 ms, sort=358298 ms, store=0 ms
  (R) I/O stats: I/O Stats: Read Ops: 3194565, Read Bytes: 209358947685, Write Ops: 2156113, Write Bytes: 141301890560
  (M) time: 334732 ms
  Read amplification:
    Run generation writes: 141301890560 bytes (131.60 GB)
    Merge phase reads: 207268196352 bytes (193.03 GB)
    Read amplification factor: 1.47x
    Excess reads: 46.7% (sparse indexing overhead)
  Thread timing (merge pass 1):
    Min thread time: 19340 ms
    Max thread time: 34433 ms
    Avg thread time: 28827 ms
    Time imbalance factor (max/avg): 1.19x
  Thread timing (merge pass 2):
    Min thread time: 50537 ms
    Max thread time: 100204 ms
    Avg thread time: 81359 ms
    Time imbalance factor (max/avg): 1.23x
  Thread timing (merge pass 3):
    Min thread time: 103445 ms
    Max thread time: 200058 ms
    Avg thread time: 164160 ms
    Time imbalance factor (max/avg): 1.22x
  Multi-level merge details:
    Total merge passes: 3
    Merge pass 1:
      Time: 34444 ms
      Output runs: 44
      I/O: read=19802.77 MiB, write=14498.96 MiB
      Partitions: 44, imbalance: 1.44x
    Merge pass 2:
      Time: 100217 ms
      Output runs: 44
      I/O: read=60794.38 MiB, write=41876.57 MiB
      Partitions: 44, imbalance: 1.44x
    Merge pass 3:
      Time: 200071 ms
      Output runs: 44
      I/O: read=117069.21 MiB, write=90900.40 MiB
      Partitions: 44, imbalance: 1.44x

698.49s


================================================================================================================================================================
Benchmark Results Summary
================================================================================================================================================================
Config               Run Size   RG Runs    Gen Thr    Merge Thr  Total (s)  RunGen (s)   Merge (s)  Entries      Throughput       Read MB    Write MB  
                     (MB)                                                                                        (M entries/s)                         
----------------------------------------------------------------------------------------------------------------------------------------------------------------
Exp6_RunGen40_Merge44_Mem2GB[1] 51.2       1760       40         44         693.50       353.89     339.61     3000028242   4.33             397317.0   282031.5  
Exp6_RunGen40_Merge44_Mem2GB[2] 51.2       1760       40         44         687.64       354.46     333.17     3000028242   4.36             397326.4   282031.2  
Exp6_RunGen40_Merge44_Mem2GB[3] 51.2       1760       40         44         698.48       363.75     334.73     3000028242   4.30             397326.6   282031.9  
Exp6_RunGen40_Merge44_Mem2GB[avg] 51.2       1760       40         44         693.21       357.37     335.84     3000028242   4.33             397323.4   282031.5  
================================================================================================================================================================

================================================================================================================================================================
Merge Operations Summary (showing last 3 of 3 merge passes)
================================================================================================================================================================
Config               M1PAvg     M1PMax     M1Imbal    M1Slow       M1Fast       M2PAvg     M2PMax     M2Imbal    M2Slow       M2Fast       M3PAvg     M3PMax     M3Imbal    M3Slow       M3Fast      
----------------------------------------------------------------------------------------------------------------------------------------------------------------
Exp6_RunGen40_Merge44_Mem2GB[1] 9485835    13164242   1.39       34.65        34.65        29373205   40743371   1.39       107.60       107.60       68182460   94590695   1.39       197.35       197.35      
Exp6_RunGen40_Merge44_Mem2GB[2] 9485835    13254302   1.40       34.97        34.97        29373205   41019950   1.40       99.22        99.22        68182460   95236661   1.40       198.99       198.99      
Exp6_RunGen40_Merge44_Mem2GB[3] 9485835    13702279   1.44       34.44        34.44        29373205   42435495   1.44       100.22       100.22       68182460   98510633   1.44       200.07       200.07      
----------------------------------------------------------------------------------------------------------------------------------------------------------------
Exp6_RunGen40_Merge44_Mem2GB[avg] 9485835    13373607   1.41       34.97        34.44        29373205   41399605   1.41       107.60       99.22        68182460   96112663   1.41       200.07       197.35      
================================================================================================================================================================

================================================================================================================================================================
Detailed I/O Statistics
================================================================================================================================================================
Config               RG Read MB   RG Write MB  M1Read MB    M1Write MB   M2Read MB    M2Write MB   M3Read MB    M3Write MB  
----------------------------------------------------------------------------------------------------------------------------------------------------------------
Exp6_RunGen40_Merge44_Mem2GB[1] 199660.3     134756.0     19795.4      14499.0      60794.2      41876.6      117067.1     90900.0     
Exp6_RunGen40_Merge44_Mem2GB[2] 199660.3     134756.0     19802.3      14499.0      60794.8      41876.5      117069.0     90899.7     
Exp6_RunGen40_Merge44_Mem2GB[3] 199660.3     134756.0     19802.8      14499.0      60794.4      41876.6      117069.2     90900.4     
----------------------------------------------------------------------------------------------------------------------------------------------------------------
Exp6_RunGen40_Merge44_Mem2GB[avg] 199660.3     134756.0     19800.2      14499.0      60794.5      41876.6      117068.5     90900.1     
================================================================================================================================================================

====================================================================================================
Run Generation Time Breakdown
====================================================================================================
Config               RG Total s   Load s       Sort s       Store s     
----------------------------------------------------------------------------------------------------
Exp6_RunGen40_Merge44_Mem2GB[1] 353.89       0            348.816      0           
Exp6_RunGen40_Merge44_Mem2GB[2] 354.46       0            348.95       0           
Exp6_RunGen40_Merge44_Mem2GB[3] 363.75       0            358.298      0           
----------------------------------------------------------------------------------------------------
Exp6_RunGen40_Merge44_Mem2GB[avg] 357.37       0.00         352.02       0.00        
====================================================================================================
