warning: unused imports: `SeedableRng` and `rngs::SmallRng`
 --> src/fastzipf.rs:2:12
  |
2 | use rand::{SeedableRng, rngs::SmallRng};
  |            ^^^^^^^^^^^  ^^^^^^^^^^^^^^
  |
  = note: `#[warn(unused_imports)]` on by default

warning: unused import: `std::fmt`
 --> src/sketch/reservoir_sampler.rs:6:5
  |
6 | use std::fmt;
  |     ^^^^^^^^

warning: unused import: `crate::sketch::kll::KLL`
   --> src/sketch/reservoir_sampler.rs:190:9
    |
190 |     use crate::sketch::kll::KLL;
    |         ^^^^^^^^^^^^^^^^^^^^^^^

warning: unused import: `super::*`
   --> src/sketch/reservoir_sampler.rs:192:9
    |
192 |     use super::*;
    |         ^^^^^^^^

warning: unused import: `std::collections::HashMap`
   --> src/sketch/mod.rs:226:9
    |
226 |     use std::collections::HashMap;
    |         ^^^^^^^^^^^^^^^^^^^^^^^^^

warning: unused import: `super::kll::*`
   --> src/sketch/mod.rs:228:9
    |
228 |     use super::kll::*;
    |         ^^^^^^^^^^^^^

warning: unused import: `super::reservoir_sampler::*`
   --> src/sketch/mod.rs:229:9
    |
229 |     use super::reservoir_sampler::*;
    |         ^^^^^^^^^^^^^^^^^^^^^^^^^^^

warning: unused import: `super::*`
   --> src/sketch/mod.rs:230:9
    |
230 |     use super::*;
    |         ^^^^^^^^

warning: unused import: `Duration`
 --> src/sort/core/engine.rs:4:17
  |
4 | use std::time::{Duration, Instant, SystemTime, UNIX_EPOCH};
  |                 ^^^^^^^^

warning: function `compute_ovc_delta` is never used
    --> src/ovc/offset_value_coding.rs:1136:15
     |
1136 | pub(crate) fn compute_ovc_delta(prev_key: Option<&[u8]>, key: &[u8]) -> OVCU64 {
     |               ^^^^^^^^^^^^^^^^^
     |
     = note: `#[warn(dead_code)]` on by default

warning: `es` (lib) generated 10 warnings (run `cargo fix --lib -p es` to apply 9 suggestions)
    Finished `release` profile [optimized] target(s) in 0.22s
     Running `target/release/examples/lineitem_benchmark_cli -n Exp6_RunGen4_Merge44_Mem2GB -i lineitem_sf500.csv --run-gen-threads 4 --merge-threads 44 --run-size-mb 512.00 --merge-fanin 744 --warmup-runs 1 --benchmark-runs 3 --cooldown-seconds 30 --dir logs/lineitem_bench_2025-12-17_14-47-17/Exp6_RunGen4_Merge44_Mem2GB_tmp`
Using existing KVBin file: "./datasets/lineitem_sf500.k-8-9-13-14-15.v-0-3.kvbin"

=== BENCHMARK MODE ===
KVBin data: ./datasets/lineitem_sf500.k-8-9-13-14-15.v-0-3.kvbin, index: ./datasets/lineitem_sf500.k-8-9-13-14-15.v-0-3.kvbin.idx
Estimated data size: 199659.46 MB
Run generation threads: 4
Use OVC: true
Run size (MB): 512.00
Run generation memory (MB): 2048.0
Merge threads: 44
Merge fan-in: 744
Merge memory (MB): 2046.0
Sketch type: kll
Sketch size: 200
Run indexing interval: 1000
Temporary directory: "logs/lineitem_bench_2025-12-17_14-47-17/Exp6_RunGen4_Merge44_Mem2GB_tmp"
Warmup runs: 1
Runs per configuration: 3
Cooldown between runs (s): 30
Verify output: false

Running benchmark for config: Exp6_RunGen4_Merge44_Mem2GB
Parameters: Run Gen Threads: 4, Use OVC: true, Run Size: 512.00 MB, Run Gen Memory: 2048.0 MB, Merge Threads: 44, Merge Fanin: 744, Merge Memory: 2046.0 MB, Imbalance Factor: 1.0
================================================================================
  Performing 1 warmup run(s)...
    Warmup 1/1: Starting sort with 4 parallel scanners for run generation
Run gen thread 2 2077746 ms, 44 runs generated
Run gen thread 1 2078634 ms, 44 runs generated
Run gen thread 3 2082365 ms, 44 runs generated
Run gen thread 0 2084126 ms, 44 runs generated
Generated 176 runs in 2084161 ms
Merging 176 runs using 44 threads
Merge phase took 205198 ms | Merged 3000028242 entries across 44 runs | Thread timing: min=132839 ms, max=205164 ms | Partition sizes: imbalance=1.42x
2289.36s
  Warmup complete.

  Run 1/3: Starting sort with 4 parallel scanners for run generation
Run gen thread 2 2049625 ms, 44 runs generated
Run gen thread 0 2053250 ms, 44 runs generated
Run gen thread 1 2064724 ms, 44 runs generated
Run gen thread 3 2065427 ms, 44 runs generated
Generated 176 runs in 2065577 ms
Merging 176 runs using 44 threads
Merge phase took 209993 ms | Merged 3000028242 entries across 44 runs | Thread timing: min=134601 ms, max=209985 ms | Partition sizes: imbalance=1.35x
SortStats:
  Number of runs: 176
  (R) time: 2065577 ms
  (R) breakdown: load=0 ms, sort=2058256 ms, store=0 ms
  (R) I/O stats: I/O Stats: Read Ops: 3194553, Read Bytes: 209358163301, Write Ops: 1941471, Write Bytes: 127236121600
  (M) time: 209993 ms
  Read amplification:
    Run generation writes: 127236121600 bytes (118.50 GB)
    Merge phase reads: 127905995776 bytes (119.12 GB)
    Read amplification factor: 1.01x
    Excess reads: 0.5% (sparse indexing overhead)
  Thread timing:
    Min thread time: 134601 ms
    Max thread time: 209985 ms
    Avg thread time: 182881 ms
    Time imbalance factor (max/avg): 1.15x

2275.57s

  Cooling down for 30s before next run...
  Run 2/3: Starting sort with 4 parallel scanners for run generation
Run gen thread 3 2055699 ms, 44 runs generated
Run gen thread 2 2059391 ms, 44 runs generated
Run gen thread 1 2064720 ms, 44 runs generated
Run gen thread 0 2096858 ms, 44 runs generated
Generated 176 runs in 2096963 ms
Merging 176 runs using 44 threads
Merge phase took 195319 ms | Merged 3000028242 entries across 44 runs | Thread timing: min=127562 ms, max=195316 ms | Partition sizes: imbalance=1.34x
SortStats:
  Number of runs: 176
  (R) time: 2096963 ms
  (R) breakdown: load=0 ms, sort=2069167 ms, store=0 ms
  (R) I/O stats: I/O Stats: Read Ops: 3194553, Read Bytes: 209358163301, Write Ops: 1941471, Write Bytes: 127236121600
  (M) time: 195319 ms
  Read amplification:
    Run generation writes: 127236121600 bytes (118.50 GB)
    Merge phase reads: 127902728192 bytes (119.12 GB)
    Read amplification factor: 1.01x
    Excess reads: 0.5% (sparse indexing overhead)
  Thread timing:
    Min thread time: 127562 ms
    Max thread time: 195316 ms
    Avg thread time: 170300 ms
    Time imbalance factor (max/avg): 1.15x

2292.28s

  Cooling down for 30s before next run...
  Run 3/3: Starting sort with 4 parallel scanners for run generation
Run gen thread 1 2075122 ms, 44 runs generated
Run gen thread 3 2130367 ms, 44 runs generated
Run gen thread 0 2170065 ms, 44 runs generated
Run gen thread 2 2170384 ms, 44 runs generated
Generated 176 runs in 2170485 ms
Merging 176 runs using 44 threads
Merge phase took 203117 ms | Merged 3000028242 entries across 44 runs | Thread timing: min=131647 ms, max=203115 ms | Partition sizes: imbalance=1.31x
SortStats:
  Number of runs: 176
  (R) time: 2170485 ms
  (R) breakdown: load=0 ms, sort=2136484 ms, store=0 ms
  (R) I/O stats: I/O Stats: Read Ops: 3194553, Read Bytes: 209358163301, Write Ops: 1941471, Write Bytes: 127236121600
  (M) time: 203117 ms
  Read amplification:
    Run generation writes: 127236121600 bytes (118.50 GB)
    Merge phase reads: 127900762112 bytes (119.12 GB)
    Read amplification factor: 1.01x
    Excess reads: 0.5% (sparse indexing overhead)
  Thread timing:
    Min thread time: 131647 ms
    Max thread time: 203115 ms
    Avg thread time: 179103 ms
    Time imbalance factor (max/avg): 1.13x

2373.60s


================================================================================================================================================================
Benchmark Results Summary
================================================================================================================================================================
Config               Run Size   RG Runs    Gen Thr    Merge Thr  Total (s)  RunGen (s)   Merge (s)  Entries      Throughput       Read MB    Write MB  
                     (MB)                                                                                        (M entries/s)                         
----------------------------------------------------------------------------------------------------------------------------------------------------------------
Exp6_RunGen4_Merge44_Mem2GB[1] 512.0      176        4          44         2275.57      2065.58    209.99     3000028242   1.32             321640.2   212240.9  
Exp6_RunGen4_Merge44_Mem2GB[2] 512.0      176        4          44         2292.28      2096.96    195.32     3000028242   1.31             321637.1   212240.7  
Exp6_RunGen4_Merge44_Mem2GB[3] 512.0      176        4          44         2373.60      2170.49    203.12     3000028242   1.26             321635.2   212240.7  
Exp6_RunGen4_Merge44_Mem2GB[avg] 512.0      176        4          44         2313.82      2111.01    202.81     3000028242   1.30             321637.5   212240.8  
================================================================================================================================================================

================================================================================================================================================================
Merge Operations Summary (showing last 1 of 1 merge passes)
================================================================================================================================================================
Config               M1PAvg     M1PMax     M1Imbal    M1Slow       M1Fast      
----------------------------------------------------------------------------------------------------------------------------------------------------------------
Exp6_RunGen4_Merge44_Mem2GB[1] 68182460   92383239   1.35       209.99       209.99      
Exp6_RunGen4_Merge44_Mem2GB[2] 68182460   91348888   1.34       195.32       195.32      
Exp6_RunGen4_Merge44_Mem2GB[3] 68182460   89587476   1.31       203.12       203.12      
----------------------------------------------------------------------------------------------------------------------------------------------------------------
Exp6_RunGen4_Merge44_Mem2GB[avg] 68182460   91106534   1.34       209.99       195.32      
================================================================================================================================================================

================================================================================================================================================================
Detailed I/O Statistics
================================================================================================================================================================
Config               RG Read MB   RG Write MB  M1Read MB    M1Write MB  
----------------------------------------------------------------------------------------------------------------------------------------------------------------
Exp6_RunGen4_Merge44_Mem2GB[1] 199659.5     121341.8     121980.7     90899.0     
Exp6_RunGen4_Merge44_Mem2GB[2] 199659.5     121341.8     121977.5     90898.9     
Exp6_RunGen4_Merge44_Mem2GB[3] 199659.5     121341.8     121975.7     90898.9     
----------------------------------------------------------------------------------------------------------------------------------------------------------------
Exp6_RunGen4_Merge44_Mem2GB[avg] 199659.5     121341.8     121978.0     90898.9     
================================================================================================================================================================

====================================================================================================
Run Generation Time Breakdown
====================================================================================================
Config               RG Total s   Load s       Sort s       Store s     
----------------------------------------------------------------------------------------------------
Exp6_RunGen4_Merge44_Mem2GB[1] 2065.58      0            2058.256     0           
Exp6_RunGen4_Merge44_Mem2GB[2] 2096.96      0            2069.167     0           
Exp6_RunGen4_Merge44_Mem2GB[3] 2170.49      0            2136.484     0           
----------------------------------------------------------------------------------------------------
Exp6_RunGen4_Merge44_Mem2GB[avg] 2111.01      0.00         2087.97      0.00        
====================================================================================================
