warning: unused imports: `SeedableRng` and `rngs::SmallRng`
 --> src/fastzipf.rs:2:12
  |
2 | use rand::{SeedableRng, rngs::SmallRng};
  |            ^^^^^^^^^^^  ^^^^^^^^^^^^^^
  |
  = note: `#[warn(unused_imports)]` on by default

warning: unused import: `std::fmt`
 --> src/sketch/reservoir_sampler.rs:6:5
  |
6 | use std::fmt;
  |     ^^^^^^^^

warning: unused import: `crate::sketch::kll::KLL`
   --> src/sketch/reservoir_sampler.rs:190:9
    |
190 |     use crate::sketch::kll::KLL;
    |         ^^^^^^^^^^^^^^^^^^^^^^^

warning: unused import: `super::*`
   --> src/sketch/reservoir_sampler.rs:192:9
    |
192 |     use super::*;
    |         ^^^^^^^^

warning: unused import: `std::collections::HashMap`
   --> src/sketch/mod.rs:226:9
    |
226 |     use std::collections::HashMap;
    |         ^^^^^^^^^^^^^^^^^^^^^^^^^

warning: unused import: `super::kll::*`
   --> src/sketch/mod.rs:228:9
    |
228 |     use super::kll::*;
    |         ^^^^^^^^^^^^^

warning: unused import: `super::reservoir_sampler::*`
   --> src/sketch/mod.rs:229:9
    |
229 |     use super::reservoir_sampler::*;
    |         ^^^^^^^^^^^^^^^^^^^^^^^^^^^

warning: unused import: `super::*`
   --> src/sketch/mod.rs:230:9
    |
230 |     use super::*;
    |         ^^^^^^^^

warning: unused import: `Duration`
 --> src/sort/core/engine.rs:4:17
  |
4 | use std::time::{Duration, Instant, SystemTime, UNIX_EPOCH};
  |                 ^^^^^^^^

warning: function `compute_ovc_delta` is never used
    --> src/ovc/offset_value_coding.rs:1136:15
     |
1136 | pub(crate) fn compute_ovc_delta(prev_key: Option<&[u8]>, key: &[u8]) -> OVCU64 {
     |               ^^^^^^^^^^^^^^^^^
     |
     = note: `#[warn(dead_code)]` on by default

warning: `es` (lib) generated 10 warnings (run `cargo fix --lib -p es` to apply 9 suggestions)
    Finished `release` profile [optimized] target(s) in 0.11s
     Running `target/release/examples/lineitem_benchmark_cli -n Exp6_RunGen4_Merge8_Mem2GB -i lineitem_sf500.csv --run-gen-threads 4 --merge-threads 8 --run-size-mb 512.00 --merge-fanin 4096 --warmup-runs 1 --benchmark-runs 3 --cooldown-seconds 30 --dir logs/lineitem_bench_2025-12-17_14-47-17/Exp6_RunGen4_Merge8_Mem2GB_tmp`
Using existing KVBin file: "./datasets/lineitem_sf500.k-8-9-13-14-15.v-0-3.kvbin"

=== BENCHMARK MODE ===
KVBin data: ./datasets/lineitem_sf500.k-8-9-13-14-15.v-0-3.kvbin, index: ./datasets/lineitem_sf500.k-8-9-13-14-15.v-0-3.kvbin.idx
Estimated data size: 199659.46 MB
Run generation threads: 4
Use OVC: true
Run size (MB): 512.00
Run generation memory (MB): 2048.0
Merge threads: 8
Merge fan-in: 4096
Merge memory (MB): 2048.0
Sketch type: kll
Sketch size: 200
Run indexing interval: 1000
Temporary directory: "logs/lineitem_bench_2025-12-17_14-47-17/Exp6_RunGen4_Merge8_Mem2GB_tmp"
Warmup runs: 1
Runs per configuration: 3
Cooldown between runs (s): 30
Verify output: false

Running benchmark for config: Exp6_RunGen4_Merge8_Mem2GB
Parameters: Run Gen Threads: 4, Use OVC: true, Run Size: 512.00 MB, Run Gen Memory: 2048.0 MB, Merge Threads: 8, Merge Fanin: 4096, Merge Memory: 2048.0 MB, Imbalance Factor: 1.0
================================================================================
  Performing 1 warmup run(s)...
    Warmup 1/1: Starting sort with 4 parallel scanners for run generation
Run gen thread 3 1808179 ms, 44 runs generated
Run gen thread 2 1997032 ms, 44 runs generated
Run gen thread 0 2006848 ms, 44 runs generated
Run gen thread 1 2011876 ms, 44 runs generated
Generated 176 runs in 2011901 ms
Merging 176 runs using 8 threads
Merge phase took 370567 ms | Merged 3000028242 entries across 8 runs | Thread timing: min=338862 ms, max=370566 ms | Partition sizes: imbalance=1.03x
2382.47s
  Warmup complete.

  Run 1/3: Starting sort with 4 parallel scanners for run generation
Run gen thread 1 2041584 ms, 44 runs generated
Run gen thread 2 2047565 ms, 44 runs generated
Run gen thread 0 2053268 ms, 44 runs generated
Run gen thread 3 2204794 ms, 44 runs generated
Generated 176 runs in 2204881 ms
Merging 176 runs using 8 threads
Merge phase took 357536 ms | Merged 3000028242 entries across 8 runs | Thread timing: min=315232 ms, max=357535 ms | Partition sizes: imbalance=1.05x
SortStats:
  Number of runs: 176
  (R) time: 2204881 ms
  (R) breakdown: load=0 ms, sort=2086802 ms, store=0 ms
  (R) I/O stats: I/O Stats: Read Ops: 3194553, Read Bytes: 209358163301, Write Ops: 1941471, Write Bytes: 127236121600
  (M) time: 357536 ms
  Read amplification:
    Run generation writes: 127236121600 bytes (118.50 GB)
    Merge phase reads: 127354482688 bytes (118.61 GB)
    Read amplification factor: 1.00x
    Excess reads: 0.1% (sparse indexing overhead)
  Thread timing:
    Min thread time: 315232 ms
    Max thread time: 357535 ms
    Avg thread time: 331601 ms
    Time imbalance factor (max/avg): 1.08x
    Thread times: [357535, 348258, 319286, 335144, 316784, 322285, 338284, 315232]

2562.42s

  Cooling down for 30s before next run...
  Run 2/3: Starting sort with 4 parallel scanners for run generation
Run gen thread 3 2065554 ms, 44 runs generated
Run gen thread 1 2068171 ms, 44 runs generated
Run gen thread 2 2072822 ms, 44 runs generated
Run gen thread 0 2200262 ms, 44 runs generated
Generated 176 runs in 2200604 ms
Merging 176 runs using 8 threads
Merge phase took 368300 ms | Merged 3000028242 entries across 8 runs | Thread timing: min=327206 ms, max=368299 ms | Partition sizes: imbalance=1.09x
SortStats:
  Number of runs: 176
  (R) time: 2200604 ms
  (R) breakdown: load=0 ms, sort=2101702 ms, store=0 ms
  (R) I/O stats: I/O Stats: Read Ops: 3194553, Read Bytes: 209358163301, Write Ops: 1941471, Write Bytes: 127236121600
  (M) time: 368300 ms
  Read amplification:
    Run generation writes: 127236121600 bytes (118.50 GB)
    Merge phase reads: 127354023936 bytes (118.61 GB)
    Read amplification factor: 1.00x
    Excess reads: 0.1% (sparse indexing overhead)
  Thread timing:
    Min thread time: 327206 ms
    Max thread time: 368299 ms
    Avg thread time: 346847 ms
    Time imbalance factor (max/avg): 1.06x
    Thread times: [345545, 368299, 341305, 327206, 361279, 327753, 352272, 351116]

2568.90s

  Cooling down for 30s before next run...
  Run 3/3: Starting sort with 4 parallel scanners for run generation
Run gen thread 1 2077122 ms, 44 runs generated
Run gen thread 3 2087163 ms, 44 runs generated
Run gen thread 2 2094453 ms, 44 runs generated
Run gen thread 0 2216318 ms, 44 runs generated
Generated 176 runs in 2216465 ms
Merging 176 runs using 8 threads
Merge phase took 370152 ms | Merged 3000028242 entries across 8 runs | Thread timing: min=312395 ms, max=370150 ms | Partition sizes: imbalance=1.05x
SortStats:
  Number of runs: 176
  (R) time: 2216465 ms
  (R) breakdown: load=0 ms, sort=2118764 ms, store=0 ms
  (R) I/O stats: I/O Stats: Read Ops: 3194553, Read Bytes: 209358163301, Write Ops: 1941471, Write Bytes: 127236121600
  (M) time: 370152 ms
  Read amplification:
    Run generation writes: 127236121600 bytes (118.50 GB)
    Merge phase reads: 127355138048 bytes (118.61 GB)
    Read amplification factor: 1.00x
    Excess reads: 0.1% (sparse indexing overhead)
  Thread timing:
    Min thread time: 312395 ms
    Max thread time: 370150 ms
    Avg thread time: 341326 ms
    Time imbalance factor (max/avg): 1.08x
    Thread times: [354244, 370150, 351168, 347894, 333124, 337632, 323997, 312395]

2586.62s


================================================================================================================================================================
Benchmark Results Summary
================================================================================================================================================================
Config               Run Size   RG Runs    Gen Thr    Merge Thr  Total (s)  RunGen (s)   Merge (s)  Entries      Throughput       Read MB    Write MB  
                     (MB)                                                                                        (M entries/s)                         
----------------------------------------------------------------------------------------------------------------------------------------------------------------
Exp6_RunGen4_Merge8_Mem2GB[1] 512.0      176        4          8          2562.42      2204.88    357.54     3000028242   1.17             321114.2   212240.7  
Exp6_RunGen4_Merge8_Mem2GB[2] 512.0      176        4          8          2568.90      2200.60    368.30     3000028242   1.17             321113.8   212240.7  
Exp6_RunGen4_Merge8_Mem2GB[3] 512.0      176        4          8          2586.62      2216.47    370.15     3000028242   1.16             321114.8   212240.7  
Exp6_RunGen4_Merge8_Mem2GB[avg] 512.0      176        4          8          2572.65      2207.32    365.33     3000028242   1.17             321114.3   212240.7  
================================================================================================================================================================

================================================================================================================================================================
Merge Operations Summary (showing last 1 of 1 merge passes)
================================================================================================================================================================
Config               M1PAvg     M1PMax     M1Imbal    M1Slow       M1Fast      
----------------------------------------------------------------------------------------------------------------------------------------------------------------
Exp6_RunGen4_Merge8_Mem2GB[1] 375003530  394561981  1.05       357.54       357.54      
Exp6_RunGen4_Merge8_Mem2GB[2] 375003530  409930046  1.09       368.30       368.30      
Exp6_RunGen4_Merge8_Mem2GB[3] 375003530  392324624  1.05       370.15       370.15      
----------------------------------------------------------------------------------------------------------------------------------------------------------------
Exp6_RunGen4_Merge8_Mem2GB[avg] 375003530  398938883  1.06       370.15       357.54      
================================================================================================================================================================

================================================================================================================================================================
Detailed I/O Statistics
================================================================================================================================================================
Config               RG Read MB   RG Write MB  M1Read MB    M1Write MB  
----------------------------------------------------------------------------------------------------------------------------------------------------------------
Exp6_RunGen4_Merge8_Mem2GB[1] 199659.5     121341.8     121454.7     90898.9     
Exp6_RunGen4_Merge8_Mem2GB[2] 199659.5     121341.8     121454.3     90898.9     
Exp6_RunGen4_Merge8_Mem2GB[3] 199659.5     121341.8     121455.3     90898.9     
----------------------------------------------------------------------------------------------------------------------------------------------------------------
Exp6_RunGen4_Merge8_Mem2GB[avg] 199659.5     121341.8     121454.8     90898.9     
================================================================================================================================================================

====================================================================================================
Run Generation Time Breakdown
====================================================================================================
Config               RG Total s   Load s       Sort s       Store s     
----------------------------------------------------------------------------------------------------
Exp6_RunGen4_Merge8_Mem2GB[1] 2204.88      0            2086.802     0           
Exp6_RunGen4_Merge8_Mem2GB[2] 2200.60      0            2101.702     0           
Exp6_RunGen4_Merge8_Mem2GB[3] 2216.47      0            2118.764     0           
----------------------------------------------------------------------------------------------------
Exp6_RunGen4_Merge8_Mem2GB[avg] 2207.32      0.00         2102.42      0.00        
====================================================================================================
