warning: unused imports: `SeedableRng` and `rngs::SmallRng`
 --> src/fastzipf.rs:2:12
  |
2 | use rand::{SeedableRng, rngs::SmallRng};
  |            ^^^^^^^^^^^  ^^^^^^^^^^^^^^
  |
  = note: `#[warn(unused_imports)]` on by default

warning: unused import: `std::fmt`
 --> src/sketch/reservoir_sampler.rs:6:5
  |
6 | use std::fmt;
  |     ^^^^^^^^

warning: unused import: `crate::sketch::kll::KLL`
   --> src/sketch/reservoir_sampler.rs:190:9
    |
190 |     use crate::sketch::kll::KLL;
    |         ^^^^^^^^^^^^^^^^^^^^^^^

warning: unused import: `super::*`
   --> src/sketch/reservoir_sampler.rs:192:9
    |
192 |     use super::*;
    |         ^^^^^^^^

warning: unused import: `std::collections::HashMap`
   --> src/sketch/mod.rs:226:9
    |
226 |     use std::collections::HashMap;
    |         ^^^^^^^^^^^^^^^^^^^^^^^^^

warning: unused import: `super::kll::*`
   --> src/sketch/mod.rs:228:9
    |
228 |     use super::kll::*;
    |         ^^^^^^^^^^^^^

warning: unused import: `super::reservoir_sampler::*`
   --> src/sketch/mod.rs:229:9
    |
229 |     use super::reservoir_sampler::*;
    |         ^^^^^^^^^^^^^^^^^^^^^^^^^^^

warning: unused import: `super::*`
   --> src/sketch/mod.rs:230:9
    |
230 |     use super::*;
    |         ^^^^^^^^

warning: unused import: `Duration`
 --> src/sort/core/engine.rs:4:17
  |
4 | use std::time::{Duration, Instant, SystemTime, UNIX_EPOCH};
  |                 ^^^^^^^^

warning: function `compute_ovc_delta` is never used
    --> src/ovc/offset_value_coding.rs:1136:15
     |
1136 | pub(crate) fn compute_ovc_delta(prev_key: Option<&[u8]>, key: &[u8]) -> OVCU64 {
     |               ^^^^^^^^^^^^^^^^^
     |
     = note: `#[warn(dead_code)]` on by default

warning: `es` (lib) generated 10 warnings (run `cargo fix --lib -p es` to apply 9 suggestions)
    Finished `release` profile [optimized] target(s) in 0.20s
     Running `target/release/examples/lineitem_benchmark_cli -n Exp6_RunGen8_Merge24_Mem2GB -i lineitem_sf500.csv --run-gen-threads 8 --merge-threads 24 --run-size-mb 256.00 --merge-fanin 1365 --warmup-runs 1 --benchmark-runs 3 --cooldown-seconds 30 --dir logs/lineitem_bench_2025-12-17_14-47-17/Exp6_RunGen8_Merge24_Mem2GB_tmp`
Using existing KVBin file: "./datasets/lineitem_sf500.k-8-9-13-14-15.v-0-3.kvbin"

=== BENCHMARK MODE ===
KVBin data: ./datasets/lineitem_sf500.k-8-9-13-14-15.v-0-3.kvbin, index: ./datasets/lineitem_sf500.k-8-9-13-14-15.v-0-3.kvbin.idx
Estimated data size: 199659.46 MB
Run generation threads: 8
Use OVC: true
Run size (MB): 256.00
Run generation memory (MB): 2048.0
Merge threads: 24
Merge fan-in: 1365
Merge memory (MB): 2047.5
Sketch type: kll
Sketch size: 200
Run indexing interval: 1000
Temporary directory: "logs/lineitem_bench_2025-12-17_14-47-17/Exp6_RunGen8_Merge24_Mem2GB_tmp"
Warmup runs: 1
Runs per configuration: 3
Cooldown between runs (s): 30
Verify output: false

Running benchmark for config: Exp6_RunGen8_Merge24_Mem2GB
Parameters: Run Gen Threads: 8, Use OVC: true, Run Size: 256.00 MB, Run Gen Memory: 2048.0 MB, Merge Threads: 24, Merge Fanin: 1365, Merge Memory: 2047.5 MB, Imbalance Factor: 1.0
================================================================================
  Performing 1 warmup run(s)...
    Warmup 1/1: Starting sort with 8 parallel scanners for run generation
Run gen thread 3 969564 ms, 44 runs generated
Run gen thread 4 992927 ms, 44 runs generated
Run gen thread 5 998817 ms, 44 runs generated
Run gen thread 7 1023994 ms, 44 runs generated
Run gen thread 1 1027559 ms, 44 runs generated
Run gen thread 2 1060410 ms, 44 runs generated
Run gen thread 6 1060987 ms, 44 runs generated
Run gen thread 0 1062085 ms, 44 runs generated
Generated 352 runs in 1062253 ms
Merging 352 runs using 24 threads
Merge phase took 234572 ms | Merged 3000028242 entries across 24 runs | Thread timing: min=201229 ms, max=234569 ms | Partition sizes: imbalance=1.13x
1296.82s
  Warmup complete.

  Run 1/3: Starting sort with 8 parallel scanners for run generation
Run gen thread 0 932276 ms, 44 runs generated
Run gen thread 6 938176 ms, 44 runs generated
Run gen thread 1 1014273 ms, 44 runs generated
Run gen thread 7 1016082 ms, 44 runs generated
Run gen thread 2 1023701 ms, 44 runs generated
Run gen thread 4 1074970 ms, 44 runs generated
Run gen thread 3 1075562 ms, 44 runs generated
Run gen thread 5 1077270 ms, 44 runs generated
Generated 352 runs in 1077569 ms
Merging 352 runs using 24 threads
Merge phase took 227741 ms | Merged 3000028242 entries across 24 runs | Thread timing: min=185174 ms, max=227734 ms | Partition sizes: imbalance=1.15x
SortStats:
  Number of runs: 352
  (R) time: 1077569 ms
  (R) breakdown: load=0 ms, sort=1019038 ms, store=0 ms
  (R) I/O stats: I/O Stats: Read Ops: 3194556, Read Bytes: 209358403429, Write Ops: 2006629, Write Bytes: 131506086912
  (M) time: 227741 ms
  Read amplification:
    Run generation writes: 131506086912 bytes (122.47 GB)
    Merge phase reads: 132235456000 bytes (123.15 GB)
    Read amplification factor: 1.01x
    Excess reads: 0.6% (sparse indexing overhead)
  Thread timing:
    Min thread time: 185174 ms
    Max thread time: 227734 ms
    Avg thread time: 212545 ms
    Time imbalance factor (max/avg): 1.07x
    Thread times: [198143, 221681, 224402, 217484, 216322, 226912, 225793, 197959, 227734, 185174, 214281, 211872, 221754, 193236, 218319, 197171, 218922, 207951, 212458, 217537, 207965, 199872, 214942, 223197]

1305.31s

  Cooling down for 30s before next run...
  Run 2/3: Starting sort with 8 parallel scanners for run generation
Run gen thread 0 956772 ms, 44 runs generated
Run gen thread 7 972442 ms, 44 runs generated
Run gen thread 3 1026770 ms, 44 runs generated
Run gen thread 1 1034939 ms, 44 runs generated
Run gen thread 2 1035777 ms, 44 runs generated
Run gen thread 4 1089064 ms, 44 runs generated
Run gen thread 5 1090908 ms, 44 runs generated
Run gen thread 6 1091382 ms, 44 runs generated
Generated 352 runs in 1091479 ms
Merging 352 runs using 24 threads
Merge phase took 231483 ms | Merged 3000028242 entries across 24 runs | Thread timing: min=190990 ms, max=231480 ms | Partition sizes: imbalance=1.16x
SortStats:
  Number of runs: 352
  (R) time: 1091479 ms
  (R) breakdown: load=0 ms, sort=1037256 ms, store=0 ms
  (R) I/O stats: I/O Stats: Read Ops: 3194556, Read Bytes: 209358403429, Write Ops: 2006629, Write Bytes: 131506086912
  (M) time: 231483 ms
  Read amplification:
    Run generation writes: 131506086912 bytes (122.47 GB)
    Merge phase reads: 132233408512 bytes (123.15 GB)
    Read amplification factor: 1.01x
    Excess reads: 0.6% (sparse indexing overhead)
  Thread timing:
    Min thread time: 190990 ms
    Max thread time: 231480 ms
    Avg thread time: 211905 ms
    Time imbalance factor (max/avg): 1.09x
    Thread times: [214340, 219618, 231480, 220020, 201980, 228995, 211916, 212572, 202561, 209543, 219112, 220816, 209488, 211222, 198813, 194672, 211855, 224983, 195379, 190990, 227613, 202498, 212800, 212463]

1322.96s

  Cooling down for 30s before next run...
  Run 3/3: Starting sort with 8 parallel scanners for run generation
Run gen thread 1 935375 ms, 44 runs generated
Run gen thread 2 969016 ms, 44 runs generated
Run gen thread 7 1027148 ms, 44 runs generated
Run gen thread 5 1031966 ms, 44 runs generated
Run gen thread 4 1033795 ms, 44 runs generated
Run gen thread 3 1038599 ms, 44 runs generated
Run gen thread 6 1088828 ms, 44 runs generated
Run gen thread 0 1104639 ms, 44 runs generated
Generated 352 runs in 1104934 ms
Merging 352 runs using 24 threads
Merge phase took 236421 ms | Merged 3000028242 entries across 24 runs | Thread timing: min=196968 ms, max=236418 ms | Partition sizes: imbalance=1.17x
SortStats:
  Number of runs: 352
  (R) time: 1104934 ms
  (R) breakdown: load=0 ms, sort=1028670 ms, store=0 ms
  (R) I/O stats: I/O Stats: Read Ops: 3194556, Read Bytes: 209358403429, Write Ops: 2006629, Write Bytes: 131506086912
  (M) time: 236421 ms
  Read amplification:
    Run generation writes: 131506086912 bytes (122.47 GB)
    Merge phase reads: 132238274048 bytes (123.16 GB)
    Read amplification factor: 1.01x
    Excess reads: 0.6% (sparse indexing overhead)
  Thread timing:
    Min thread time: 196968 ms
    Max thread time: 236418 ms
    Avg thread time: 219624 ms
    Time imbalance factor (max/avg): 1.08x
    Thread times: [220447, 229907, 234134, 225372, 218397, 236418, 217115, 222189, 198634, 235667, 217648, 204050, 206162, 230280, 225412, 196968, 226959, 213172, 208326, 224683, 213401, 223145, 235404, 207092]

1341.36s


================================================================================================================================================================
Benchmark Results Summary
================================================================================================================================================================
Config               Run Size   RG Runs    Gen Thr    Merge Thr  Total (s)  RunGen (s)   Merge (s)  Entries      Throughput       Read MB    Write MB  
                     (MB)                                                                                        (M entries/s)                         
----------------------------------------------------------------------------------------------------------------------------------------------------------------
Exp6_RunGen8_Merge24_Mem2GB[1] 256.0      352        8          24         1305.31      1077.57    227.74     3000028242   2.30             325769.3   216328.2  
Exp6_RunGen8_Merge24_Mem2GB[2] 256.0      352        8          24         1322.96      1091.48    231.48     3000028242   2.27             325767.3   216330.1  
Exp6_RunGen8_Merge24_Mem2GB[3] 256.0      352        8          24         1341.36      1104.93    236.42     3000028242   2.24             325772.0   216324.4  
Exp6_RunGen8_Merge24_Mem2GB[avg] 256.0      352        8          24         1323.21      1091.33    231.88     3000028242   2.27             325769.5   216327.6  
================================================================================================================================================================

================================================================================================================================================================
Merge Operations Summary (showing last 1 of 1 merge passes)
================================================================================================================================================================
Config               M1PAvg     M1PMax     M1Imbal    M1Slow       M1Fast      
----------------------------------------------------------------------------------------------------------------------------------------------------------------
Exp6_RunGen8_Merge24_Mem2GB[1] 125001176  143921334  1.15       227.74       227.74      
Exp6_RunGen8_Merge24_Mem2GB[2] 125001176  144580357  1.16       231.48       231.48      
Exp6_RunGen8_Merge24_Mem2GB[3] 125001176  145707690  1.17       236.42       236.42      
----------------------------------------------------------------------------------------------------------------------------------------------------------------
Exp6_RunGen8_Merge24_Mem2GB[avg] 125001176  144736460  1.16       236.42       227.74      
================================================================================================================================================================

================================================================================================================================================================
Detailed I/O Statistics
================================================================================================================================================================
Config               RG Read MB   RG Write MB  M1Read MB    M1Write MB  
----------------------------------------------------------------------------------------------------------------------------------------------------------------
Exp6_RunGen8_Merge24_Mem2GB[1] 199659.7     125414.0     126109.6     90914.2     
Exp6_RunGen8_Merge24_Mem2GB[2] 199659.7     125414.0     126107.6     90916.2     
Exp6_RunGen8_Merge24_Mem2GB[3] 199659.7     125414.0     126112.2     90910.4     
----------------------------------------------------------------------------------------------------------------------------------------------------------------
Exp6_RunGen8_Merge24_Mem2GB[avg] 199659.7     125414.0     126109.8     90913.6     
================================================================================================================================================================

====================================================================================================
Run Generation Time Breakdown
====================================================================================================
Config               RG Total s   Load s       Sort s       Store s     
----------------------------------------------------------------------------------------------------
Exp6_RunGen8_Merge24_Mem2GB[1] 1077.57      0            1019.038     0           
Exp6_RunGen8_Merge24_Mem2GB[2] 1091.48      0            1037.256     0           
Exp6_RunGen8_Merge24_Mem2GB[3] 1104.93      0            1028.67      0           
----------------------------------------------------------------------------------------------------
Exp6_RunGen8_Merge24_Mem2GB[avg] 1091.33      0.00         1028.32      0.00        
====================================================================================================
