warning: unused imports: `SeedableRng` and `rngs::SmallRng`
 --> src/fastzipf.rs:2:12
  |
2 | use rand::{SeedableRng, rngs::SmallRng};
  |            ^^^^^^^^^^^  ^^^^^^^^^^^^^^
  |
  = note: `#[warn(unused_imports)]` on by default

warning: unused import: `std::fmt`
 --> src/sketch/reservoir_sampler.rs:6:5
  |
6 | use std::fmt;
  |     ^^^^^^^^

warning: unused import: `crate::sketch::kll::KLL`
   --> src/sketch/reservoir_sampler.rs:190:9
    |
190 |     use crate::sketch::kll::KLL;
    |         ^^^^^^^^^^^^^^^^^^^^^^^

warning: unused import: `super::*`
   --> src/sketch/reservoir_sampler.rs:192:9
    |
192 |     use super::*;
    |         ^^^^^^^^

warning: unused import: `std::collections::HashMap`
   --> src/sketch/mod.rs:226:9
    |
226 |     use std::collections::HashMap;
    |         ^^^^^^^^^^^^^^^^^^^^^^^^^

warning: unused import: `super::kll::*`
   --> src/sketch/mod.rs:228:9
    |
228 |     use super::kll::*;
    |         ^^^^^^^^^^^^^

warning: unused import: `super::reservoir_sampler::*`
   --> src/sketch/mod.rs:229:9
    |
229 |     use super::reservoir_sampler::*;
    |         ^^^^^^^^^^^^^^^^^^^^^^^^^^^

warning: unused import: `super::*`
   --> src/sketch/mod.rs:230:9
    |
230 |     use super::*;
    |         ^^^^^^^^

warning: unused import: `Duration`
 --> src/sort/core/engine.rs:4:17
  |
4 | use std::time::{Duration, Instant, SystemTime, UNIX_EPOCH};
  |                 ^^^^^^^^

warning: function `compute_ovc_delta` is never used
    --> src/ovc/offset_value_coding.rs:1136:15
     |
1136 | pub(crate) fn compute_ovc_delta(prev_key: Option<&[u8]>, key: &[u8]) -> OVCU64 {
     |               ^^^^^^^^^^^^^^^^^
     |
     = note: `#[warn(dead_code)]` on by default

warning: `es` (lib) generated 10 warnings (run `cargo fix --lib -p es` to apply 9 suggestions)
    Finished `release` profile [optimized] target(s) in 0.20s
     Running `target/release/examples/lineitem_benchmark_cli -n Exp6_RunGen24_Merge4_Mem2GB -i lineitem_sf500.csv --run-gen-threads 24 --merge-threads 4 --run-size-mb 85.33 --merge-fanin 8192 --warmup-runs 1 --benchmark-runs 3 --cooldown-seconds 30 --dir logs/lineitem_bench_2025-12-17_14-47-17/Exp6_RunGen24_Merge4_Mem2GB_tmp`
Using existing KVBin file: "./datasets/lineitem_sf500.k-8-9-13-14-15.v-0-3.kvbin"

=== BENCHMARK MODE ===
KVBin data: ./datasets/lineitem_sf500.k-8-9-13-14-15.v-0-3.kvbin, index: ./datasets/lineitem_sf500.k-8-9-13-14-15.v-0-3.kvbin.idx
Estimated data size: 199659.46 MB
Run generation threads: 24
Use OVC: true
Run size (MB): 85.33
Run generation memory (MB): 2047.9
Merge threads: 4
Merge fan-in: 8192
Merge memory (MB): 2048.0
Sketch type: kll
Sketch size: 200
Run indexing interval: 1000
Temporary directory: "logs/lineitem_bench_2025-12-17_14-47-17/Exp6_RunGen24_Merge4_Mem2GB_tmp"
Warmup runs: 1
Runs per configuration: 3
Cooldown between runs (s): 30
Verify output: false

Running benchmark for config: Exp6_RunGen24_Merge4_Mem2GB
Parameters: Run Gen Threads: 24, Use OVC: true, Run Size: 85.33 MB, Run Gen Memory: 2047.9 MB, Merge Threads: 4, Merge Fanin: 8192, Merge Memory: 2048.0 MB, Imbalance Factor: 1.0
================================================================================
  Performing 1 warmup run(s)...
    Warmup 1/1: Starting sort with 24 parallel scanners for run generation
Run gen thread 21 455718 ms, 44 runs generated
Run gen thread 5 459137 ms, 44 runs generated
Run gen thread 4 459202 ms, 44 runs generated
Run gen thread 11 459286 ms, 44 runs generated
Run gen thread 10 460376 ms, 44 runs generated
Run gen thread 15 460846 ms, 44 runs generated
Run gen thread 3 460950 ms, 44 runs generated
Run gen thread 16 461006 ms, 44 runs generated
Run gen thread 19 462364 ms, 44 runs generated
Run gen thread 22 462520 ms, 44 runs generated
Run gen thread 0 463915 ms, 44 runs generated
Run gen thread 23 464106 ms, 44 runs generated
Run gen thread 18 464109 ms, 44 runs generated
Run gen thread 14 465521 ms, 44 runs generated
Run gen thread 17 465895 ms, 44 runs generated
Run gen thread 20 466629 ms, 44 runs generated
Run gen thread 6 467233 ms, 44 runs generated
Run gen thread 12 467855 ms, 44 runs generated
Run gen thread 1 467881 ms, 44 runs generated
Run gen thread 7 467911 ms, 44 runs generated
Run gen thread 13 467938 ms, 44 runs generated
Run gen thread 9 468614 ms, 44 runs generated
Run gen thread 8 468762 ms, 44 runs generated
Run gen thread 2 469517 ms, 44 runs generated
Generated 1056 runs in 469931 ms
Merging 1056 runs using 4 threads
Merge phase took 646640 ms | Merged 3000028242 entries across 4 runs | Thread timing: min=631495 ms, max=646639 ms | Partition sizes: imbalance=1.01x
1116.57s
  Warmup complete.

  Run 1/3: Starting sort with 24 parallel scanners for run generation
Run gen thread 7 456611 ms, 44 runs generated
Run gen thread 2 459385 ms, 44 runs generated
Run gen thread 14 459718 ms, 44 runs generated
Run gen thread 18 462546 ms, 44 runs generated
Run gen thread 9 462990 ms, 44 runs generated
Run gen thread 15 464008 ms, 44 runs generated
Run gen thread 3 464002 ms, 44 runs generated
Run gen thread 17 464288 ms, 44 runs generated
Run gen thread 5 464774 ms, 44 runs generated
Run gen thread 4 464846 ms, 44 runs generated
Run gen thread 19 464879 ms, 44 runs generated
Run gen thread 20 465336 ms, 44 runs generated
Run gen thread 16 465668 ms, 44 runs generated
Run gen thread 10 465710 ms, 44 runs generated
Run gen thread 23 466615 ms, 44 runs generated
Run gen thread 8 467205 ms, 44 runs generated
Run gen thread 13 467473 ms, 44 runs generated
Run gen thread 21 467866 ms, 44 runs generated
Run gen thread 1 468089 ms, 44 runs generated
Run gen thread 12 468206 ms, 44 runs generated
Run gen thread 22 468211 ms, 44 runs generated
Run gen thread 6 468527 ms, 44 runs generated
Run gen thread 11 469652 ms, 44 runs generated
Run gen thread 0 470740 ms, 44 runs generated
Generated 1056 runs in 471171 ms
Merging 1056 runs using 4 threads
Merge phase took 645412 ms | Merged 3000028242 entries across 4 runs | Thread timing: min=628490 ms, max=645411 ms | Partition sizes: imbalance=1.01x
SortStats:
  Number of runs: 1056
  (R) time: 471171 ms
  (R) breakdown: load=0 ms, sort=465306 ms, store=0 ms
  (R) I/O stats: I/O Stats: Read Ops: 3194572, Read Bytes: 209359434597, Write Ops: 2108831, Write Bytes: 138203491840
  (M) time: 645412 ms
  Read amplification:
    Run generation writes: 138203491840 bytes (128.71 GB)
    Merge phase reads: 138551898624 bytes (129.04 GB)
    Read amplification factor: 1.00x
    Excess reads: 0.3% (sparse indexing overhead)
  Thread timing:
    Min thread time: 628490 ms
    Max thread time: 645411 ms
    Avg thread time: 638825 ms
    Time imbalance factor (max/avg): 1.01x
    Thread times: [628490, 643871, 637528, 645411]

1116.58s

  Cooling down for 30s before next run...
  Run 2/3: Starting sort with 24 parallel scanners for run generation
Run gen thread 13 459458 ms, 44 runs generated
Run gen thread 15 461022 ms, 44 runs generated
Run gen thread 22 463450 ms, 44 runs generated
Run gen thread 21 464860 ms, 44 runs generated
Run gen thread 7 465591 ms, 44 runs generated
Run gen thread 0 465917 ms, 44 runs generated
Run gen thread 4 466332 ms, 44 runs generated
Run gen thread 20 466556 ms, 44 runs generated
Run gen thread 8 466659 ms, 44 runs generated
Run gen thread 23 467007 ms, 44 runs generated
Run gen thread 11 468046 ms, 44 runs generated
Run gen thread 19 468237 ms, 44 runs generated
Run gen thread 5 469066 ms, 44 runs generated
Run gen thread 12 469519 ms, 44 runs generated
Run gen thread 18 469662 ms, 44 runs generated
Run gen thread 2 469586 ms, 44 runs generated
Run gen thread 6 470310 ms, 44 runs generated
Run gen thread 3 472223 ms, 44 runs generated
Run gen thread 9 473030 ms, 44 runs generated
Run gen thread 10 473072 ms, 44 runs generated
Run gen thread 1 472972 ms, 44 runs generated
Run gen thread 14 473195 ms, 44 runs generated
Run gen thread 17 474295 ms, 44 runs generated
Run gen thread 16 475989 ms, 44 runs generated
Generated 1056 runs in 476323 ms
Merging 1056 runs using 4 threads
Merge phase took 648990 ms | Merged 3000028242 entries across 4 runs | Thread timing: min=621120 ms, max=648988 ms | Partition sizes: imbalance=1.01x
SortStats:
  Number of runs: 1056
  (R) time: 476323 ms
  (R) breakdown: load=0 ms, sort=468585 ms, store=0 ms
  (R) I/O stats: I/O Stats: Read Ops: 3194572, Read Bytes: 209359434597, Write Ops: 2108831, Write Bytes: 138203491840
  (M) time: 648990 ms
  Read amplification:
    Run generation writes: 138203491840 bytes (128.71 GB)
    Merge phase reads: 138555961856 bytes (129.04 GB)
    Read amplification factor: 1.00x
    Excess reads: 0.3% (sparse indexing overhead)
  Thread timing:
    Min thread time: 621120 ms
    Max thread time: 648988 ms
    Avg thread time: 631896 ms
    Time imbalance factor (max/avg): 1.03x
    Thread times: [648988, 626528, 630950, 621120]

1125.31s

  Cooling down for 30s before next run...
  Run 3/3: Starting sort with 24 parallel scanners for run generation
Run gen thread 12 464264 ms, 44 runs generated
Run gen thread 13 465314 ms, 44 runs generated
Run gen thread 1 465311 ms, 44 runs generated
Run gen thread 22 465953 ms, 44 runs generated
Run gen thread 11 467012 ms, 44 runs generated
Run gen thread 7 468250 ms, 44 runs generated
Run gen thread 8 470379 ms, 44 runs generated
Run gen thread 17 470474 ms, 44 runs generated
Run gen thread 19 471199 ms, 44 runs generated
Run gen thread 6 471317 ms, 44 runs generated
Run gen thread 0 472893 ms, 44 runs generated
Run gen thread 4 473006 ms, 44 runs generated
Run gen thread 2 473021 ms, 44 runs generated
Run gen thread 3 473361 ms, 44 runs generated
Run gen thread 14 474417 ms, 44 runs generated
Run gen thread 9 475345 ms, 44 runs generated
Run gen thread 23 475789 ms, 44 runs generated
Run gen thread 10 476177 ms, 44 runs generated
Run gen thread 5 476282 ms, 44 runs generated
Run gen thread 20 476424 ms, 44 runs generated
Run gen thread 18 477325 ms, 44 runs generated
Run gen thread 16 477695 ms, 44 runs generated
Run gen thread 15 479418 ms, 44 runs generated
Run gen thread 21 480251 ms, 44 runs generated
Generated 1056 runs in 480415 ms
Merging 1056 runs using 4 threads
Merge phase took 633850 ms | Merged 3000028242 entries across 4 runs | Thread timing: min=618839 ms, max=633849 ms | Partition sizes: imbalance=1.01x
SortStats:
  Number of runs: 1056
  (R) time: 480415 ms
  (R) breakdown: load=0 ms, sort=472536 ms, store=0 ms
  (R) I/O stats: I/O Stats: Read Ops: 3194572, Read Bytes: 209359434597, Write Ops: 2108831, Write Bytes: 138203491840
  (M) time: 633850 ms
  Read amplification:
    Run generation writes: 138203491840 bytes (128.71 GB)
    Merge phase reads: 138558255616 bytes (129.04 GB)
    Read amplification factor: 1.00x
    Excess reads: 0.3% (sparse indexing overhead)
  Thread timing:
    Min thread time: 618839 ms
    Max thread time: 633849 ms
    Avg thread time: 628751 ms
    Time imbalance factor (max/avg): 1.01x
    Thread times: [633849, 630636, 631679, 618839]

1114.27s


================================================================================================================================================================
Benchmark Results Summary
================================================================================================================================================================
Config               Run Size   RG Runs    Gen Thr    Merge Thr  Total (s)  RunGen (s)   Merge (s)  Entries      Throughput       Read MB    Write MB  
                     (MB)                                                                                        (M entries/s)                         
----------------------------------------------------------------------------------------------------------------------------------------------------------------
Exp6_RunGen24_Merge4_Mem2GB[1] 85.3       1056       24         4          1116.58      471.17     645.41     3000028242   2.69             331794.1   222741.4  
Exp6_RunGen24_Merge4_Mem2GB[2] 85.3       1056       24         4          1125.31      476.32     648.99     3000028242   2.67             331798.0   222742.3  
Exp6_RunGen24_Merge4_Mem2GB[3] 85.3       1056       24         4          1114.27      480.42     633.85     3000028242   2.69             331800.2   222742.5  
Exp6_RunGen24_Merge4_Mem2GB[avg] 85.3       1056       24         4          1118.72      475.97     642.75     3000028242   2.68             331797.4   222742.0  
================================================================================================================================================================

================================================================================================================================================================
Merge Operations Summary (showing last 1 of 1 merge passes)
================================================================================================================================================================
Config               M1PAvg     M1PMax     M1Imbal    M1Slow       M1Fast      
----------------------------------------------------------------------------------------------------------------------------------------------------------------
Exp6_RunGen24_Merge4_Mem2GB[1] 750007060  759070905  1.01       645.41       645.41      
Exp6_RunGen24_Merge4_Mem2GB[2] 750007060  755538611  1.01       648.99       648.99      
Exp6_RunGen24_Merge4_Mem2GB[3] 750007060  758768592  1.01       633.85       633.85      
----------------------------------------------------------------------------------------------------------------------------------------------------------------
Exp6_RunGen24_Merge4_Mem2GB[avg] 750007060  757792702  1.01       648.99       633.85      
================================================================================================================================================================

================================================================================================================================================================
Detailed I/O Statistics
================================================================================================================================================================
Config               RG Read MB   RG Write MB  M1Read MB    M1Write MB  
----------------------------------------------------------------------------------------------------------------------------------------------------------------
Exp6_RunGen24_Merge4_Mem2GB[1] 199660.7     131801.1     132133.4     90940.3     
Exp6_RunGen24_Merge4_Mem2GB[2] 199660.7     131801.1     132137.3     90941.2     
Exp6_RunGen24_Merge4_Mem2GB[3] 199660.7     131801.1     132139.4     90941.4     
----------------------------------------------------------------------------------------------------------------------------------------------------------------
Exp6_RunGen24_Merge4_Mem2GB[avg] 199660.7     131801.1     132136.7     90940.9     
================================================================================================================================================================

====================================================================================================
Run Generation Time Breakdown
====================================================================================================
Config               RG Total s   Load s       Sort s       Store s     
----------------------------------------------------------------------------------------------------
Exp6_RunGen24_Merge4_Mem2GB[1] 471.17       0            465.306      0           
Exp6_RunGen24_Merge4_Mem2GB[2] 476.32       0            468.585      0           
Exp6_RunGen24_Merge4_Mem2GB[3] 480.42       0            472.536      0           
----------------------------------------------------------------------------------------------------
Exp6_RunGen24_Merge4_Mem2GB[avg] 475.97       0.00         468.81       0.00        
====================================================================================================
