warning: unused imports: `SeedableRng` and `rngs::SmallRng`
 --> src/fastzipf.rs:2:12
  |
2 | use rand::{SeedableRng, rngs::SmallRng};
  |            ^^^^^^^^^^^  ^^^^^^^^^^^^^^
  |
  = note: `#[warn(unused_imports)]` on by default

warning: unused import: `std::fmt`
 --> src/sketch/reservoir_sampler.rs:6:5
  |
6 | use std::fmt;
  |     ^^^^^^^^

warning: unused import: `crate::sketch::kll::KLL`
   --> src/sketch/reservoir_sampler.rs:190:9
    |
190 |     use crate::sketch::kll::KLL;
    |         ^^^^^^^^^^^^^^^^^^^^^^^

warning: unused import: `super::*`
   --> src/sketch/reservoir_sampler.rs:192:9
    |
192 |     use super::*;
    |         ^^^^^^^^

warning: unused import: `std::collections::HashMap`
   --> src/sketch/mod.rs:226:9
    |
226 |     use std::collections::HashMap;
    |         ^^^^^^^^^^^^^^^^^^^^^^^^^

warning: unused import: `super::kll::*`
   --> src/sketch/mod.rs:228:9
    |
228 |     use super::kll::*;
    |         ^^^^^^^^^^^^^

warning: unused import: `super::reservoir_sampler::*`
   --> src/sketch/mod.rs:229:9
    |
229 |     use super::reservoir_sampler::*;
    |         ^^^^^^^^^^^^^^^^^^^^^^^^^^^

warning: unused import: `super::*`
   --> src/sketch/mod.rs:230:9
    |
230 |     use super::*;
    |         ^^^^^^^^

warning: unused import: `Duration`
 --> src/sort/core/engine.rs:4:17
  |
4 | use std::time::{Duration, Instant, SystemTime, UNIX_EPOCH};
  |                 ^^^^^^^^

warning: function `compute_ovc_delta` is never used
    --> src/ovc/offset_value_coding.rs:1136:15
     |
1136 | pub(crate) fn compute_ovc_delta(prev_key: Option<&[u8]>, key: &[u8]) -> OVCU64 {
     |               ^^^^^^^^^^^^^^^^^
     |
     = note: `#[warn(dead_code)]` on by default

warning: `es` (lib) generated 10 warnings (run `cargo fix --lib -p es` to apply 9 suggestions)
    Finished `release` profile [optimized] target(s) in 0.24s
     Running `target/release/examples/lineitem_benchmark_cli -n Exp6_RunGen16_Merge8_Mem2GB -i lineitem_sf500.csv --run-gen-threads 16 --merge-threads 8 --run-size-mb 128.00 --merge-fanin 4096 --warmup-runs 1 --benchmark-runs 3 --cooldown-seconds 30 --dir logs/lineitem_bench_2025-12-17_14-47-17/Exp6_RunGen16_Merge8_Mem2GB_tmp`
Using existing KVBin file: "./datasets/lineitem_sf500.k-8-9-13-14-15.v-0-3.kvbin"

=== BENCHMARK MODE ===
KVBin data: ./datasets/lineitem_sf500.k-8-9-13-14-15.v-0-3.kvbin, index: ./datasets/lineitem_sf500.k-8-9-13-14-15.v-0-3.kvbin.idx
Estimated data size: 199659.46 MB
Run generation threads: 16
Use OVC: true
Run size (MB): 128.00
Run generation memory (MB): 2048.0
Merge threads: 8
Merge fan-in: 4096
Merge memory (MB): 2048.0
Sketch type: kll
Sketch size: 200
Run indexing interval: 1000
Temporary directory: "logs/lineitem_bench_2025-12-17_14-47-17/Exp6_RunGen16_Merge8_Mem2GB_tmp"
Warmup runs: 1
Runs per configuration: 3
Cooldown between runs (s): 30
Verify output: false

Running benchmark for config: Exp6_RunGen16_Merge8_Mem2GB
Parameters: Run Gen Threads: 16, Use OVC: true, Run Size: 128.00 MB, Run Gen Memory: 2048.0 MB, Merge Threads: 8, Merge Fanin: 4096, Merge Memory: 2048.0 MB, Imbalance Factor: 1.0
================================================================================
  Performing 1 warmup run(s)...
    Warmup 1/1: Starting sort with 16 parallel scanners for run generation
Run gen thread 5 564846 ms, 44 runs generated
Run gen thread 10 566654 ms, 44 runs generated
Run gen thread 8 566857 ms, 44 runs generated
Run gen thread 9 568401 ms, 44 runs generated
Run gen thread 6 569848 ms, 44 runs generated
Run gen thread 12 569967 ms, 44 runs generated
Run gen thread 11 572211 ms, 44 runs generated
Run gen thread 1 572739 ms, 44 runs generated
Run gen thread 4 573098 ms, 44 runs generated
Run gen thread 2 574225 ms, 44 runs generated
Run gen thread 0 574279 ms, 44 runs generated
Run gen thread 13 574353 ms, 44 runs generated
Run gen thread 14 574988 ms, 44 runs generated
Run gen thread 15 578707 ms, 44 runs generated
Run gen thread 7 582309 ms, 44 runs generated
Run gen thread 3 584902 ms, 44 runs generated
Generated 704 runs in 585076 ms
Merging 704 runs using 8 threads
Merge phase took 398346 ms | Merged 3000028242 entries across 8 runs | Thread timing: min=363246 ms, max=398345 ms | Partition sizes: imbalance=1.06x
983.42s
  Warmup complete.

  Run 1/3: Starting sort with 16 parallel scanners for run generation
Run gen thread 14 557021 ms, 44 runs generated
Run gen thread 8 565662 ms, 44 runs generated
Run gen thread 5 567064 ms, 44 runs generated
Run gen thread 9 568041 ms, 44 runs generated
Run gen thread 10 569848 ms, 44 runs generated
Run gen thread 2 569991 ms, 44 runs generated
Run gen thread 3 572248 ms, 44 runs generated
Run gen thread 15 575571 ms, 44 runs generated
Run gen thread 0 576493 ms, 44 runs generated
Run gen thread 12 577818 ms, 44 runs generated
Run gen thread 4 577896 ms, 44 runs generated
Run gen thread 13 578241 ms, 44 runs generated
Run gen thread 7 583383 ms, 44 runs generated
Run gen thread 6 587508 ms, 44 runs generated
Run gen thread 1 588012 ms, 44 runs generated
Run gen thread 11 589289 ms, 44 runs generated
Generated 704 runs in 589652 ms
Merging 704 runs using 8 threads
Merge phase took 410958 ms | Merged 3000028242 entries across 8 runs | Thread timing: min=348596 ms, max=410956 ms | Partition sizes: imbalance=1.06x
SortStats:
  Number of runs: 704
  (R) time: 589652 ms
  (R) breakdown: load=0 ms, sort=575255 ms, store=0 ms
  (R) I/O stats: I/O Stats: Read Ops: 3194557, Read Bytes: 209358422373, Write Ops: 2071283, Write Bytes: 135743009280
  (M) time: 410958 ms
  Read amplification:
    Run generation writes: 135743009280 bytes (126.42 GB)
    Merge phase reads: 136222354944 bytes (126.87 GB)
    Read amplification factor: 1.00x
    Excess reads: 0.4% (sparse indexing overhead)
  Thread timing:
    Min thread time: 348596 ms
    Max thread time: 410956 ms
    Avg thread time: 369949 ms
    Time imbalance factor (max/avg): 1.11x
    Thread times: [368969, 385706, 348596, 410956, 366938, 353994, 367056, 357377]

1000.61s

  Cooling down for 30s before next run...
  Run 2/3: Starting sort with 16 parallel scanners for run generation
Run gen thread 15 556779 ms, 44 runs generated
Run gen thread 3 557032 ms, 44 runs generated
Run gen thread 4 559274 ms, 44 runs generated
Run gen thread 5 559404 ms, 44 runs generated
Run gen thread 12 562171 ms, 44 runs generated
Run gen thread 10 564290 ms, 44 runs generated
Run gen thread 6 566286 ms, 44 runs generated
Run gen thread 9 569250 ms, 44 runs generated
Run gen thread 2 569814 ms, 44 runs generated
Run gen thread 7 570435 ms, 44 runs generated
Run gen thread 8 570762 ms, 44 runs generated
Run gen thread 1 571792 ms, 44 runs generated
Run gen thread 11 572025 ms, 44 runs generated
Run gen thread 13 573821 ms, 44 runs generated
Run gen thread 14 576095 ms, 44 runs generated
Run gen thread 0 581141 ms, 44 runs generated
Generated 704 runs in 581858 ms
Merging 704 runs using 8 threads
Merge phase took 387170 ms | Merged 3000028242 entries across 8 runs | Thread timing: min=360605 ms, max=387168 ms | Partition sizes: imbalance=1.03x
SortStats:
  Number of runs: 704
  (R) time: 581858 ms
  (R) breakdown: load=0 ms, sort=567523 ms, store=0 ms
  (R) I/O stats: I/O Stats: Read Ops: 3194557, Read Bytes: 209358422373, Write Ops: 2071283, Write Bytes: 135743009280
  (M) time: 387170 ms
  Read amplification:
    Run generation writes: 135743009280 bytes (126.42 GB)
    Merge phase reads: 136225697280 bytes (126.87 GB)
    Read amplification factor: 1.00x
    Excess reads: 0.4% (sparse indexing overhead)
  Thread timing:
    Min thread time: 360605 ms
    Max thread time: 387168 ms
    Avg thread time: 376508 ms
    Time imbalance factor (max/avg): 1.03x
    Thread times: [380007, 384753, 382683, 360605, 376136, 361787, 387168, 378924]

969.03s

  Cooling down for 30s before next run...
  Run 3/3: Starting sort with 16 parallel scanners for run generation
Run gen thread 15 566801 ms, 44 runs generated
Run gen thread 14 573417 ms, 44 runs generated
Run gen thread 13 575136 ms, 44 runs generated
Run gen thread 12 575475 ms, 44 runs generated
Run gen thread 9 577215 ms, 44 runs generated
Run gen thread 5 577358 ms, 44 runs generated
Run gen thread 2 580783 ms, 44 runs generated
Run gen thread 4 581554 ms, 44 runs generated
Run gen thread 10 583252 ms, 44 runs generated
Run gen thread 11 584916 ms, 44 runs generated
Run gen thread 8 590282 ms, 44 runs generated
Run gen thread 1 590429 ms, 44 runs generated
Run gen thread 7 593335 ms, 44 runs generated
Run gen thread 6 595238 ms, 44 runs generated
Run gen thread 3 600995 ms, 44 runs generated
Run gen thread 0 607635 ms, 44 runs generated
Generated 704 runs in 608208 ms
Merging 704 runs using 8 threads
Merge phase took 396987 ms | Merged 3000028242 entries across 8 runs | Thread timing: min=362732 ms, max=396985 ms | Partition sizes: imbalance=1.02x
SortStats:
  Number of runs: 704
  (R) time: 608208 ms
  (R) breakdown: load=0 ms, sort=584613 ms, store=0 ms
  (R) I/O stats: I/O Stats: Read Ops: 3194557, Read Bytes: 209358422373, Write Ops: 2071283, Write Bytes: 135743009280
  (M) time: 396987 ms
  Read amplification:
    Run generation writes: 135743009280 bytes (126.42 GB)
    Merge phase reads: 136222486016 bytes (126.87 GB)
    Read amplification factor: 1.00x
    Excess reads: 0.4% (sparse indexing overhead)
  Thread timing:
    Min thread time: 362732 ms
    Max thread time: 396985 ms
    Avg thread time: 378450 ms
    Time imbalance factor (max/avg): 1.05x
    Thread times: [377268, 385324, 373781, 370442, 375830, 362732, 385234, 396985]

1005.19s


================================================================================================================================================================
Benchmark Results Summary
================================================================================================================================================================
Config               Run Size   RG Runs    Gen Thr    Merge Thr  Total (s)  RunGen (s)   Merge (s)  Entries      Throughput       Read MB    Write MB  
                     (MB)                                                                                        (M entries/s)                         
----------------------------------------------------------------------------------------------------------------------------------------------------------------
Exp6_RunGen16_Merge8_Mem2GB[1] 128.0      704        16         8          1000.61      589.65     410.96     3000028242   3.00             329571.5   220389.9  
Exp6_RunGen16_Merge8_Mem2GB[2] 128.0      704        16         8          969.03       581.86     387.17     3000028242   3.10             329574.7   220388.7  
Exp6_RunGen16_Merge8_Mem2GB[3] 128.0      704        16         8          1005.19      608.21     396.99     3000028242   2.98             329571.6   220389.5  
Exp6_RunGen16_Merge8_Mem2GB[avg] 128.0      704        16         8          991.61       593.24     398.37     3000028242   3.03             329572.6   220389.4  
================================================================================================================================================================

================================================================================================================================================================
Merge Operations Summary (showing last 1 of 1 merge passes)
================================================================================================================================================================
Config               M1PAvg     M1PMax     M1Imbal    M1Slow       M1Fast      
----------------------------------------------------------------------------------------------------------------------------------------------------------------
Exp6_RunGen16_Merge8_Mem2GB[1] 375003530  397681440  1.06       410.96       410.96      
Exp6_RunGen16_Merge8_Mem2GB[2] 375003530  386833956  1.03       387.17       387.17      
Exp6_RunGen16_Merge8_Mem2GB[3] 375003530  383439649  1.02       396.99       396.99      
----------------------------------------------------------------------------------------------------------------------------------------------------------------
Exp6_RunGen16_Merge8_Mem2GB[avg] 375003530  389318348  1.04       410.96       387.17      
================================================================================================================================================================

================================================================================================================================================================
Detailed I/O Statistics
================================================================================================================================================================
Config               RG Read MB   RG Write MB  M1Read MB    M1Write MB  
----------------------------------------------------------------------------------------------------------------------------------------------------------------
Exp6_RunGen16_Merge8_Mem2GB[1] 199659.8     129454.6     129911.8     90935.3     
Exp6_RunGen16_Merge8_Mem2GB[2] 199659.8     129454.6     129914.9     90934.0     
Exp6_RunGen16_Merge8_Mem2GB[3] 199659.8     129454.6     129911.9     90934.9     
----------------------------------------------------------------------------------------------------------------------------------------------------------------
Exp6_RunGen16_Merge8_Mem2GB[avg] 199659.8     129454.6     129912.9     90934.7     
================================================================================================================================================================

====================================================================================================
Run Generation Time Breakdown
====================================================================================================
Config               RG Total s   Load s       Sort s       Store s     
----------------------------------------------------------------------------------------------------
Exp6_RunGen16_Merge8_Mem2GB[1] 589.65       0            575.255      0           
Exp6_RunGen16_Merge8_Mem2GB[2] 581.86       0            567.523      0           
Exp6_RunGen16_Merge8_Mem2GB[3] 608.21       0            584.613      0           
----------------------------------------------------------------------------------------------------
Exp6_RunGen16_Merge8_Mem2GB[avg] 593.24       0.00         575.80       0.00        
====================================================================================================
