warning: unused imports: `SeedableRng` and `rngs::SmallRng`
 --> src/fastzipf.rs:2:12
  |
2 | use rand::{SeedableRng, rngs::SmallRng};
  |            ^^^^^^^^^^^  ^^^^^^^^^^^^^^
  |
  = note: `#[warn(unused_imports)]` on by default

warning: unused import: `std::fmt`
 --> src/sketch/reservoir_sampler.rs:6:5
  |
6 | use std::fmt;
  |     ^^^^^^^^

warning: unused import: `crate::sketch::kll::KLL`
   --> src/sketch/reservoir_sampler.rs:190:9
    |
190 |     use crate::sketch::kll::KLL;
    |         ^^^^^^^^^^^^^^^^^^^^^^^

warning: unused import: `super::*`
   --> src/sketch/reservoir_sampler.rs:192:9
    |
192 |     use super::*;
    |         ^^^^^^^^

warning: unused import: `std::collections::HashMap`
   --> src/sketch/mod.rs:226:9
    |
226 |     use std::collections::HashMap;
    |         ^^^^^^^^^^^^^^^^^^^^^^^^^

warning: unused import: `super::kll::*`
   --> src/sketch/mod.rs:228:9
    |
228 |     use super::kll::*;
    |         ^^^^^^^^^^^^^

warning: unused import: `super::reservoir_sampler::*`
   --> src/sketch/mod.rs:229:9
    |
229 |     use super::reservoir_sampler::*;
    |         ^^^^^^^^^^^^^^^^^^^^^^^^^^^

warning: unused import: `super::*`
   --> src/sketch/mod.rs:230:9
    |
230 |     use super::*;
    |         ^^^^^^^^

warning: unused import: `Duration`
 --> src/sort/core/engine.rs:4:17
  |
4 | use std::time::{Duration, Instant, SystemTime, UNIX_EPOCH};
  |                 ^^^^^^^^

warning: function `compute_ovc_delta` is never used
    --> src/ovc/offset_value_coding.rs:1136:15
     |
1136 | pub(crate) fn compute_ovc_delta(prev_key: Option<&[u8]>, key: &[u8]) -> OVCU64 {
     |               ^^^^^^^^^^^^^^^^^
     |
     = note: `#[warn(dead_code)]` on by default

warning: `es` (lib) generated 10 warnings (run `cargo fix --lib -p es` to apply 9 suggestions)
    Finished `release` profile [optimized] target(s) in 0.21s
     Running `target/release/examples/lineitem_benchmark_cli -n Exp6_RunGen8_Merge40_Mem2GB -i lineitem_sf500.csv --run-gen-threads 8 --merge-threads 40 --run-size-mb 256.00 --merge-fanin 819 --warmup-runs 1 --benchmark-runs 3 --cooldown-seconds 30 --dir logs/lineitem_bench_2025-12-17_14-47-17/Exp6_RunGen8_Merge40_Mem2GB_tmp`
Using existing KVBin file: "./datasets/lineitem_sf500.k-8-9-13-14-15.v-0-3.kvbin"

=== BENCHMARK MODE ===
KVBin data: ./datasets/lineitem_sf500.k-8-9-13-14-15.v-0-3.kvbin, index: ./datasets/lineitem_sf500.k-8-9-13-14-15.v-0-3.kvbin.idx
Estimated data size: 199659.46 MB
Run generation threads: 8
Use OVC: true
Run size (MB): 256.00
Run generation memory (MB): 2048.0
Merge threads: 40
Merge fan-in: 819
Merge memory (MB): 2047.5
Sketch type: kll
Sketch size: 200
Run indexing interval: 1000
Temporary directory: "logs/lineitem_bench_2025-12-17_14-47-17/Exp6_RunGen8_Merge40_Mem2GB_tmp"
Warmup runs: 1
Runs per configuration: 3
Cooldown between runs (s): 30
Verify output: false

Running benchmark for config: Exp6_RunGen8_Merge40_Mem2GB
Parameters: Run Gen Threads: 8, Use OVC: true, Run Size: 256.00 MB, Run Gen Memory: 2048.0 MB, Merge Threads: 40, Merge Fanin: 819, Merge Memory: 2047.5 MB, Imbalance Factor: 1.0
================================================================================
  Performing 1 warmup run(s)...
    Warmup 1/1: Starting sort with 8 parallel scanners for run generation
Run gen thread 6 949443 ms, 44 runs generated
Run gen thread 2 957888 ms, 44 runs generated
Run gen thread 4 1035650 ms, 44 runs generated
Run gen thread 3 1042798 ms, 44 runs generated
Run gen thread 1 1043479 ms, 44 runs generated
Run gen thread 5 1046653 ms, 44 runs generated
Run gen thread 0 1047121 ms, 44 runs generated
Run gen thread 7 1059062 ms, 44 runs generated
Generated 352 runs in 1059112 ms
Merging 352 runs using 40 threads
Merge phase took 215748 ms | Merged 3000028242 entries across 40 runs | Thread timing: min=154252 ms, max=215745 ms | Partition sizes: imbalance=1.31x
1274.86s
  Warmup complete.

  Run 1/3: Starting sort with 8 parallel scanners for run generation
Run gen thread 6 940922 ms, 44 runs generated
Run gen thread 2 951003 ms, 44 runs generated
Run gen thread 7 1038047 ms, 44 runs generated
Run gen thread 3 1039332 ms, 44 runs generated
Run gen thread 4 1042522 ms, 44 runs generated
Run gen thread 5 1043805 ms, 44 runs generated
Run gen thread 1 1048085 ms, 44 runs generated
Run gen thread 0 1084002 ms, 44 runs generated
Generated 352 runs in 1084475 ms
Merging 352 runs using 40 threads
Merge phase took 201736 ms | Merged 3000028242 entries across 40 runs | Thread timing: min=119548 ms, max=201727 ms | Partition sizes: imbalance=1.25x
SortStats:
  Number of runs: 352
  (R) time: 1084475 ms
  (R) breakdown: load=0 ms, sort=1023464 ms, store=0 ms
  (R) I/O stats: I/O Stats: Read Ops: 3194556, Read Bytes: 209358403429, Write Ops: 2006629, Write Bytes: 131506086912
  (M) time: 201736 ms
  Read amplification:
    Run generation writes: 131506086912 bytes (122.47 GB)
    Merge phase reads: 132737152000 bytes (123.62 GB)
    Read amplification factor: 1.01x
    Excess reads: 0.9% (sparse indexing overhead)
  Thread timing:
    Min thread time: 119548 ms
    Max thread time: 201727 ms
    Avg thread time: 179466 ms
    Time imbalance factor (max/avg): 1.12x

1286.21s

  Cooling down for 30s before next run...
  Run 2/3: Starting sort with 8 parallel scanners for run generation
Run gen thread 7 970971 ms, 44 runs generated
Run gen thread 0 1016401 ms, 44 runs generated
Run gen thread 5 1017605 ms, 44 runs generated
Run gen thread 1 1049128 ms, 44 runs generated
Run gen thread 6 1054681 ms, 44 runs generated
Run gen thread 3 1056483 ms, 44 runs generated
Run gen thread 4 1058138 ms, 44 runs generated
Run gen thread 2 1058746 ms, 44 runs generated
Generated 352 runs in 1059055 ms
Merging 352 runs using 40 threads
Merge phase took 203334 ms | Merged 3000028242 entries across 40 runs | Thread timing: min=139855 ms, max=203331 ms | Partition sizes: imbalance=1.25x
SortStats:
  Number of runs: 352
  (R) time: 1059055 ms
  (R) breakdown: load=0 ms, sort=1035269 ms, store=0 ms
  (R) I/O stats: I/O Stats: Read Ops: 3194556, Read Bytes: 209358403429, Write Ops: 2006629, Write Bytes: 131506086912
  (M) time: 203334 ms
  Read amplification:
    Run generation writes: 131506086912 bytes (122.47 GB)
    Merge phase reads: 132724831232 bytes (123.61 GB)
    Read amplification factor: 1.01x
    Excess reads: 0.9% (sparse indexing overhead)
  Thread timing:
    Min thread time: 139855 ms
    Max thread time: 203331 ms
    Avg thread time: 183923 ms
    Time imbalance factor (max/avg): 1.11x

1262.39s

  Cooling down for 30s before next run...
  Run 3/3: Starting sort with 8 parallel scanners for run generation
Run gen thread 1 958692 ms, 44 runs generated
Run gen thread 2 964237 ms, 44 runs generated
Run gen thread 6 1086322 ms, 44 runs generated
Run gen thread 3 1096332 ms, 44 runs generated
Run gen thread 7 1098591 ms, 44 runs generated
Run gen thread 0 1103405 ms, 44 runs generated
Run gen thread 4 1105845 ms, 44 runs generated
Run gen thread 5 1105986 ms, 44 runs generated
Generated 352 runs in 1106155 ms
Merging 352 runs using 40 threads
Merge phase took 211170 ms | Merged 3000028242 entries across 40 runs | Thread timing: min=125529 ms, max=211167 ms | Partition sizes: imbalance=1.34x
SortStats:
  Number of runs: 352
  (R) time: 1106155 ms
  (R) breakdown: load=0 ms, sort=1064926 ms, store=0 ms
  (R) I/O stats: I/O Stats: Read Ops: 3194556, Read Bytes: 209358403429, Write Ops: 2006629, Write Bytes: 131506086912
  (M) time: 211170 ms
  Read amplification:
    Run generation writes: 131506086912 bytes (122.47 GB)
    Merge phase reads: 132720948736 bytes (123.61 GB)
    Read amplification factor: 1.01x
    Excess reads: 0.9% (sparse indexing overhead)
  Thread timing:
    Min thread time: 125529 ms
    Max thread time: 211167 ms
    Avg thread time: 181351 ms
    Time imbalance factor (max/avg): 1.16x

1317.33s


================================================================================================================================================================
Benchmark Results Summary
================================================================================================================================================================
Config               Run Size   RG Runs    Gen Thr    Merge Thr  Total (s)  RunGen (s)   Merge (s)  Entries      Throughput       Read MB    Write MB  
                     (MB)                                                                                        (M entries/s)                         
----------------------------------------------------------------------------------------------------------------------------------------------------------------
Exp6_RunGen8_Merge40_Mem2GB[1] 256.0      352        8          40         1286.21      1084.47    201.74     3000028242   2.33             326247.7   216320.1  
Exp6_RunGen8_Merge40_Mem2GB[2] 256.0      352        8          40         1262.39      1059.06    203.33     3000028242   2.38             326236.0   216320.0  
Exp6_RunGen8_Merge40_Mem2GB[3] 256.0      352        8          40         1317.33      1106.15    211.17     3000028242   2.28             326232.3   216318.5  
Exp6_RunGen8_Merge40_Mem2GB[avg] 256.0      352        8          40         1288.64      1083.23    205.41     3000028242   2.33             326238.7   216319.6  
================================================================================================================================================================

================================================================================================================================================================
Merge Operations Summary (showing last 1 of 1 merge passes)
================================================================================================================================================================
Config               M1PAvg     M1PMax     M1Imbal    M1Slow       M1Fast      
----------------------------------------------------------------------------------------------------------------------------------------------------------------
Exp6_RunGen8_Merge40_Mem2GB[1] 75000706   93716835   1.25       201.74       201.74      
Exp6_RunGen8_Merge40_Mem2GB[2] 75000706   93694920   1.25       203.33       203.33      
Exp6_RunGen8_Merge40_Mem2GB[3] 75000706   100585838  1.34       211.17       211.17      
----------------------------------------------------------------------------------------------------------------------------------------------------------------
Exp6_RunGen8_Merge40_Mem2GB[avg] 75000706   95999197   1.28       211.17       201.74      
================================================================================================================================================================

================================================================================================================================================================
Detailed I/O Statistics
================================================================================================================================================================
Config               RG Read MB   RG Write MB  M1Read MB    M1Write MB  
----------------------------------------------------------------------------------------------------------------------------------------------------------------
Exp6_RunGen8_Merge40_Mem2GB[1] 199659.7     125414.0     126588.0     90906.1     
Exp6_RunGen8_Merge40_Mem2GB[2] 199659.7     125414.0     126576.3     90906.1     
Exp6_RunGen8_Merge40_Mem2GB[3] 199659.7     125414.0     126572.6     90904.6     
----------------------------------------------------------------------------------------------------------------------------------------------------------------
Exp6_RunGen8_Merge40_Mem2GB[avg] 199659.7     125414.0     126578.9     90905.6     
================================================================================================================================================================

====================================================================================================
Run Generation Time Breakdown
====================================================================================================
Config               RG Total s   Load s       Sort s       Store s     
----------------------------------------------------------------------------------------------------
Exp6_RunGen8_Merge40_Mem2GB[1] 1084.47      0            1023.464     0           
Exp6_RunGen8_Merge40_Mem2GB[2] 1059.06      0            1035.269     0           
Exp6_RunGen8_Merge40_Mem2GB[3] 1106.15      0            1064.926     0           
----------------------------------------------------------------------------------------------------
Exp6_RunGen8_Merge40_Mem2GB[avg] 1083.23      0.00         1041.22      0.00        
====================================================================================================
