warning: unused imports: `SeedableRng` and `rngs::SmallRng`
 --> src/fastzipf.rs:2:12
  |
2 | use rand::{SeedableRng, rngs::SmallRng};
  |            ^^^^^^^^^^^  ^^^^^^^^^^^^^^
  |
  = note: `#[warn(unused_imports)]` on by default

warning: unused import: `std::fmt`
 --> src/sketch/reservoir_sampler.rs:6:5
  |
6 | use std::fmt;
  |     ^^^^^^^^

warning: unused import: `crate::sketch::kll::KLL`
   --> src/sketch/reservoir_sampler.rs:190:9
    |
190 |     use crate::sketch::kll::KLL;
    |         ^^^^^^^^^^^^^^^^^^^^^^^

warning: unused import: `super::*`
   --> src/sketch/reservoir_sampler.rs:192:9
    |
192 |     use super::*;
    |         ^^^^^^^^

warning: unused import: `std::collections::HashMap`
   --> src/sketch/mod.rs:226:9
    |
226 |     use std::collections::HashMap;
    |         ^^^^^^^^^^^^^^^^^^^^^^^^^

warning: unused import: `super::kll::*`
   --> src/sketch/mod.rs:228:9
    |
228 |     use super::kll::*;
    |         ^^^^^^^^^^^^^

warning: unused import: `super::reservoir_sampler::*`
   --> src/sketch/mod.rs:229:9
    |
229 |     use super::reservoir_sampler::*;
    |         ^^^^^^^^^^^^^^^^^^^^^^^^^^^

warning: unused import: `super::*`
   --> src/sketch/mod.rs:230:9
    |
230 |     use super::*;
    |         ^^^^^^^^

warning: unused import: `Duration`
 --> src/sort/core/engine.rs:4:17
  |
4 | use std::time::{Duration, Instant, SystemTime, UNIX_EPOCH};
  |                 ^^^^^^^^

warning: function `compute_ovc_delta` is never used
    --> src/ovc/offset_value_coding.rs:1136:15
     |
1136 | pub(crate) fn compute_ovc_delta(prev_key: Option<&[u8]>, key: &[u8]) -> OVCU64 {
     |               ^^^^^^^^^^^^^^^^^
     |
     = note: `#[warn(dead_code)]` on by default

warning: `es` (lib) generated 10 warnings (run `cargo fix --lib -p es` to apply 9 suggestions)
    Finished `release` profile [optimized] target(s) in 0.21s
     Running `target/release/examples/lineitem_benchmark_cli -n Exp6_RunGen32_Merge16_Mem2GB -i lineitem_sf500.csv --run-gen-threads 32 --merge-threads 16 --run-size-mb 64.00 --merge-fanin 2048 --warmup-runs 1 --benchmark-runs 3 --cooldown-seconds 30 --dir logs/lineitem_bench_2025-12-17_14-47-17/Exp6_RunGen32_Merge16_Mem2GB_tmp`
Using existing KVBin file: "./datasets/lineitem_sf500.k-8-9-13-14-15.v-0-3.kvbin"

=== BENCHMARK MODE ===
KVBin data: ./datasets/lineitem_sf500.k-8-9-13-14-15.v-0-3.kvbin, index: ./datasets/lineitem_sf500.k-8-9-13-14-15.v-0-3.kvbin.idx
Estimated data size: 199659.46 MB
Run generation threads: 32
Use OVC: true
Run size (MB): 64.00
Run generation memory (MB): 2048.0
Merge threads: 16
Merge fan-in: 2048
Merge memory (MB): 2048.0
Sketch type: kll
Sketch size: 200
Run indexing interval: 1000
Temporary directory: "logs/lineitem_bench_2025-12-17_14-47-17/Exp6_RunGen32_Merge16_Mem2GB_tmp"
Warmup runs: 1
Runs per configuration: 3
Cooldown between runs (s): 30
Verify output: false

Running benchmark for config: Exp6_RunGen32_Merge16_Mem2GB
Parameters: Run Gen Threads: 32, Use OVC: true, Run Size: 64.00 MB, Run Gen Memory: 2048.0 MB, Merge Threads: 16, Merge Fanin: 2048, Merge Memory: 2048.0 MB, Imbalance Factor: 1.0
================================================================================
  Performing 1 warmup run(s)...
    Warmup 1/1: Starting sort with 32 parallel scanners for run generation
Run gen thread 5 409503 ms, 44 runs generated
Run gen thread 28 410734 ms, 44 runs generated
Run gen thread 3 411259 ms, 44 runs generated
Run gen thread 29 413847 ms, 44 runs generated
Run gen thread 6 413917 ms, 44 runs generated
Run gen thread 15 416972 ms, 44 runs generated
Run gen thread 24 417008 ms, 44 runs generated
Run gen thread 12 417220 ms, 44 runs generated
Run gen thread 25 417454 ms, 44 runs generated
Run gen thread 10 418044 ms, 44 runs generated
Run gen thread 2 418124 ms, 44 runs generated
Run gen thread 31 418320 ms, 44 runs generated
Run gen thread 16 418488 ms, 44 runs generated
Run gen thread 17 420620 ms, 44 runs generated
Run gen thread 27 420986 ms, 44 runs generated
Run gen thread 19 421244 ms, 44 runs generated
Run gen thread 8 421709 ms, 44 runs generated
Run gen thread 1 422095 ms, 44 runs generated
Run gen thread 30 422152 ms, 44 runs generated
Run gen thread 4 422527 ms, 44 runs generated
Run gen thread 23 422768 ms, 44 runs generated
Run gen thread 22 422825 ms, 44 runs generated
Run gen thread 14 422836 ms, 44 runs generated
Run gen thread 21 422960 ms, 44 runs generated
Run gen thread 7 423301 ms, 44 runs generated
Run gen thread 13 423530 ms, 44 runs generated
Run gen thread 26 423547 ms, 44 runs generated
Run gen thread 20 424124 ms, 44 runs generated
Run gen thread 0 424581 ms, 44 runs generated
Run gen thread 18 424990 ms, 44 runs generated
Run gen thread 9 425302 ms, 44 runs generated
Run gen thread 11 425396 ms, 44 runs generated
Generated 1408 runs in 425705 ms
Merging 1408 runs using 16 threads
Merge phase took 306111 ms | Merged 3000028242 entries across 16 runs | Thread timing: min=268500 ms, max=306110 ms | Partition sizes: imbalance=1.05x
731.82s
  Warmup complete.

  Run 1/3: Starting sort with 32 parallel scanners for run generation
Run gen thread 16 393019 ms, 44 runs generated
Run gen thread 20 393372 ms, 44 runs generated
Run gen thread 9 394518 ms, 44 runs generated
Run gen thread 8 396311 ms, 44 runs generated
Run gen thread 29 396598 ms, 44 runs generated
Run gen thread 28 396618 ms, 44 runs generated
Run gen thread 23 397602 ms, 44 runs generated
Run gen thread 15 397812 ms, 44 runs generated
Run gen thread 11 400161 ms, 44 runs generated
Run gen thread 21 401083 ms, 44 runs generated
Run gen thread 30 401673 ms, 44 runs generated
Run gen thread 0 402364 ms, 44 runs generated
Run gen thread 17 403202 ms, 44 runs generated
Run gen thread 7 403498 ms, 44 runs generated
Run gen thread 18 403697 ms, 44 runs generated
Run gen thread 14 404079 ms, 44 runs generated
Run gen thread 27 404737 ms, 44 runs generated
Run gen thread 10 404811 ms, 44 runs generated
Run gen thread 31 405576 ms, 44 runs generated
Run gen thread 22 405711 ms, 44 runs generated
Run gen thread 5 406384 ms, 44 runs generated
Run gen thread 4 407271 ms, 44 runs generated
Run gen thread 1 407303 ms, 44 runs generated
Run gen thread 25 407974 ms, 44 runs generated
Run gen thread 2 408013 ms, 44 runs generated
Run gen thread 19 409151 ms, 44 runs generated
Run gen thread 6 409274 ms, 44 runs generated
Run gen thread 24 410078 ms, 44 runs generated
Run gen thread 26 412798 ms, 44 runs generated
Run gen thread 3 413906 ms, 44 runs generated
Run gen thread 13 415748 ms, 44 runs generated
Run gen thread 12 420341 ms, 44 runs generated
Generated 1408 runs in 421338 ms
Merging 1408 runs using 16 threads
Merge phase took 305496 ms | Merged 3000028242 entries across 16 runs | Thread timing: min=275976 ms, max=305494 ms | Partition sizes: imbalance=1.06x
SortStats:
  Number of runs: 1408
  (R) time: 421338 ms
  (R) breakdown: load=0 ms, sort=404208 ms, store=0 ms
  (R) I/O stats: I/O Stats: Read Ops: 3194557, Read Bytes: 209358433125, Write Ops: 2135434, Write Bytes: 139946727936
  (M) time: 305496 ms
  Read amplification:
    Run generation writes: 139946727936 bytes (130.34 GB)
    Merge phase reads: 141920297472 bytes (132.17 GB)
    Read amplification factor: 1.01x
    Excess reads: 1.4% (sparse indexing overhead)
  Thread timing:
    Min thread time: 275976 ms
    Max thread time: 305494 ms
    Avg thread time: 290572 ms
    Time imbalance factor (max/avg): 1.05x
    Thread times: [296004, 299376, 288363, 303498, 288378, 275976, 278832, 302556, 281104, 282482, 303387, 300798, 282307, 305494, 279014, 281588]

726.83s

  Cooling down for 30s before next run...
  Run 2/3: Starting sort with 32 parallel scanners for run generation
Run gen thread 30 394499 ms, 44 runs generated
Run gen thread 0 394627 ms, 44 runs generated
Run gen thread 20 395299 ms, 44 runs generated
Run gen thread 15 396149 ms, 44 runs generated
Run gen thread 25 397447 ms, 44 runs generated
Run gen thread 6 397988 ms, 44 runs generated
Run gen thread 28 398009 ms, 44 runs generated
Run gen thread 22 398617 ms, 44 runs generated
Run gen thread 1 398870 ms, 44 runs generated
Run gen thread 14 398905 ms, 44 runs generated
Run gen thread 10 399001 ms, 44 runs generated
Run gen thread 13 399343 ms, 44 runs generated
Run gen thread 31 399565 ms, 44 runs generated
Run gen thread 18 399908 ms, 44 runs generated
Run gen thread 5 400593 ms, 44 runs generated
Run gen thread 26 400637 ms, 44 runs generated
Run gen thread 12 402431 ms, 44 runs generated
Run gen thread 4 403130 ms, 44 runs generated
Run gen thread 8 403665 ms, 44 runs generated
Run gen thread 17 403679 ms, 44 runs generated
Run gen thread 9 403908 ms, 44 runs generated
Run gen thread 3 403927 ms, 44 runs generated
Run gen thread 11 404183 ms, 44 runs generated
Run gen thread 2 405008 ms, 44 runs generated
Run gen thread 16 405033 ms, 44 runs generated
Run gen thread 27 405088 ms, 44 runs generated
Run gen thread 21 405549 ms, 44 runs generated
Run gen thread 7 406132 ms, 44 runs generated
Run gen thread 24 406240 ms, 44 runs generated
Run gen thread 29 406353 ms, 44 runs generated
Run gen thread 19 407775 ms, 44 runs generated
Run gen thread 23 408348 ms, 44 runs generated
Generated 1408 runs in 408723 ms
Merging 1408 runs using 16 threads
Merge phase took 317239 ms | Merged 3000028242 entries across 16 runs | Thread timing: min=276565 ms, max=317237 ms | Partition sizes: imbalance=1.09x
SortStats:
  Number of runs: 1408
  (R) time: 408723 ms
  (R) breakdown: load=0 ms, sort=401559 ms, store=0 ms
  (R) I/O stats: I/O Stats: Read Ops: 3194557, Read Bytes: 209358433125, Write Ops: 2135434, Write Bytes: 139946727936
  (M) time: 317239 ms
  Read amplification:
    Run generation writes: 139946727936 bytes (130.34 GB)
    Merge phase reads: 141912190976 bytes (132.17 GB)
    Read amplification factor: 1.01x
    Excess reads: 1.4% (sparse indexing overhead)
  Thread timing:
    Min thread time: 276565 ms
    Max thread time: 317237 ms
    Avg thread time: 301658 ms
    Time imbalance factor (max/avg): 1.05x
    Thread times: [300774, 309589, 291230, 314751, 298419, 301878, 307405, 298647, 293886, 309009, 276565, 317237, 303816, 294919, 310029, 298367]

725.96s

  Cooling down for 30s before next run...
  Run 3/3: Starting sort with 32 parallel scanners for run generation
Run gen thread 7 383242 ms, 44 runs generated
Run gen thread 21 385154 ms, 44 runs generated
Run gen thread 20 386204 ms, 44 runs generated
Run gen thread 26 387721 ms, 44 runs generated
Run gen thread 27 388027 ms, 44 runs generated
Run gen thread 23 388559 ms, 44 runs generated
Run gen thread 4 388838 ms, 44 runs generated
Run gen thread 1 389423 ms, 44 runs generated
Run gen thread 16 389502 ms, 44 runs generated
Run gen thread 19 389567 ms, 44 runs generated
Run gen thread 8 390842 ms, 44 runs generated
Run gen thread 3 391374 ms, 44 runs generated
Run gen thread 15 391565 ms, 44 runs generated
Run gen thread 0 391721 ms, 44 runs generated
Run gen thread 22 392024 ms, 44 runs generated
Run gen thread 31 392289 ms, 44 runs generated
Run gen thread 9 392956 ms, 44 runs generated
Run gen thread 24 393837 ms, 44 runs generated
Run gen thread 29 394617 ms, 44 runs generated
Run gen thread 10 394645 ms, 44 runs generated
Run gen thread 25 397270 ms, 44 runs generated
Run gen thread 17 398077 ms, 44 runs generated
Run gen thread 2 398359 ms, 44 runs generated
Run gen thread 11 398877 ms, 44 runs generated
Run gen thread 13 399227 ms, 44 runs generated
Run gen thread 14 399259 ms, 44 runs generated
Run gen thread 30 399485 ms, 44 runs generated
Run gen thread 28 399690 ms, 44 runs generated
Run gen thread 18 400065 ms, 44 runs generated
Run gen thread 5 400921 ms, 44 runs generated
Run gen thread 6 401791 ms, 44 runs generated
Run gen thread 12 403001 ms, 44 runs generated
Generated 1408 runs in 403593 ms
Merging 1408 runs using 16 threads
Merge phase took 312061 ms | Merged 3000028242 entries across 16 runs | Thread timing: min=274335 ms, max=312059 ms | Partition sizes: imbalance=1.07x
SortStats:
  Number of runs: 1408
  (R) time: 403593 ms
  (R) breakdown: load=0 ms, sort=393691 ms, store=0 ms
  (R) I/O stats: I/O Stats: Read Ops: 3194557, Read Bytes: 209358433125, Write Ops: 2135434, Write Bytes: 139946727936
  (M) time: 312061 ms
  Read amplification:
    Run generation writes: 139946727936 bytes (130.34 GB)
    Merge phase reads: 141917027328 bytes (132.17 GB)
    Read amplification factor: 1.01x
    Excess reads: 1.4% (sparse indexing overhead)
  Thread timing:
    Min thread time: 274335 ms
    Max thread time: 312059 ms
    Avg thread time: 301235 ms
    Time imbalance factor (max/avg): 1.04x
    Thread times: [291546, 307830, 309189, 311082, 306982, 297947, 309162, 297713, 293209, 298057, 300353, 299082, 274335, 303328, 307889, 312059]

715.65s


================================================================================================================================================================
Benchmark Results Summary
================================================================================================================================================================
Config               Run Size   RG Runs    Gen Thr    Merge Thr  Total (s)  RunGen (s)   Merge (s)  Entries      Throughput       Read MB    Write MB  
                     (MB)                                                                                        (M entries/s)                         
----------------------------------------------------------------------------------------------------------------------------------------------------------------
Exp6_RunGen32_Merge16_Mem2GB[1] 64.0       1408       32         16         726.83       421.34     305.50     3000028242   4.13             335005.5   224366.6  
Exp6_RunGen32_Merge16_Mem2GB[2] 64.0       1408       32         16         725.96       408.72     317.24     3000028242   4.13             334997.8   224366.7  
Exp6_RunGen32_Merge16_Mem2GB[3] 64.0       1408       32         16         715.65       403.59     312.06     3000028242   4.19             335002.4   224365.8  
Exp6_RunGen32_Merge16_Mem2GB[avg] 64.0       1408       32         16         722.82       411.22     311.60     3000028242   4.15             335001.9   224366.4  
================================================================================================================================================================

================================================================================================================================================================
Merge Operations Summary (showing last 1 of 1 merge passes)
================================================================================================================================================================
Config               M1PAvg     M1PMax     M1Imbal    M1Slow       M1Fast      
----------------------------------------------------------------------------------------------------------------------------------------------------------------
Exp6_RunGen32_Merge16_Mem2GB[1] 187501765  198229967  1.06       305.50       305.50      
Exp6_RunGen32_Merge16_Mem2GB[2] 187501765  204466710  1.09       317.24       317.24      
Exp6_RunGen32_Merge16_Mem2GB[3] 187501765  199748110  1.07       312.06       312.06      
----------------------------------------------------------------------------------------------------------------------------------------------------------------
Exp6_RunGen32_Merge16_Mem2GB[avg] 187501765  200814929  1.07       317.24       305.50      
================================================================================================================================================================

================================================================================================================================================================
Detailed I/O Statistics
================================================================================================================================================================
Config               RG Read MB   RG Write MB  M1Read MB    M1Write MB  
----------------------------------------------------------------------------------------------------------------------------------------------------------------
Exp6_RunGen32_Merge16_Mem2GB[1] 199659.8     133463.6     135345.7     90903.0     
Exp6_RunGen32_Merge16_Mem2GB[2] 199659.8     133463.6     135338.0     90903.1     
Exp6_RunGen32_Merge16_Mem2GB[3] 199659.8     133463.6     135342.6     90902.2     
----------------------------------------------------------------------------------------------------------------------------------------------------------------
Exp6_RunGen32_Merge16_Mem2GB[avg] 199659.8     133463.6     135342.1     90902.8     
================================================================================================================================================================

====================================================================================================
Run Generation Time Breakdown
====================================================================================================
Config               RG Total s   Load s       Sort s       Store s     
----------------------------------------------------------------------------------------------------
Exp6_RunGen32_Merge16_Mem2GB[1] 421.34       0            404.208      0           
Exp6_RunGen32_Merge16_Mem2GB[2] 408.72       0            401.559      0           
Exp6_RunGen32_Merge16_Mem2GB[3] 403.59       0            393.691      0           
----------------------------------------------------------------------------------------------------
Exp6_RunGen32_Merge16_Mem2GB[avg] 411.22       0.00         399.82       0.00        
====================================================================================================
