warning: unused imports: `SeedableRng` and `rngs::SmallRng`
 --> src/fastzipf.rs:2:12
  |
2 | use rand::{SeedableRng, rngs::SmallRng};
  |            ^^^^^^^^^^^  ^^^^^^^^^^^^^^
  |
  = note: `#[warn(unused_imports)]` on by default

warning: unused import: `std::fmt`
 --> src/sketch/reservoir_sampler.rs:6:5
  |
6 | use std::fmt;
  |     ^^^^^^^^

warning: unused import: `crate::sketch::kll::KLL`
   --> src/sketch/reservoir_sampler.rs:190:9
    |
190 |     use crate::sketch::kll::KLL;
    |         ^^^^^^^^^^^^^^^^^^^^^^^

warning: unused import: `super::*`
   --> src/sketch/reservoir_sampler.rs:192:9
    |
192 |     use super::*;
    |         ^^^^^^^^

warning: unused import: `std::collections::HashMap`
   --> src/sketch/mod.rs:226:9
    |
226 |     use std::collections::HashMap;
    |         ^^^^^^^^^^^^^^^^^^^^^^^^^

warning: unused import: `super::kll::*`
   --> src/sketch/mod.rs:228:9
    |
228 |     use super::kll::*;
    |         ^^^^^^^^^^^^^

warning: unused import: `super::reservoir_sampler::*`
   --> src/sketch/mod.rs:229:9
    |
229 |     use super::reservoir_sampler::*;
    |         ^^^^^^^^^^^^^^^^^^^^^^^^^^^

warning: unused import: `super::*`
   --> src/sketch/mod.rs:230:9
    |
230 |     use super::*;
    |         ^^^^^^^^

warning: unused import: `Duration`
 --> src/sort/core/engine.rs:4:17
  |
4 | use std::time::{Duration, Instant, SystemTime, UNIX_EPOCH};
  |                 ^^^^^^^^

warning: function `compute_ovc_delta` is never used
    --> src/ovc/offset_value_coding.rs:1136:15
     |
1136 | pub(crate) fn compute_ovc_delta(prev_key: Option<&[u8]>, key: &[u8]) -> OVCU64 {
     |               ^^^^^^^^^^^^^^^^^
     |
     = note: `#[warn(dead_code)]` on by default

warning: `es` (lib) generated 10 warnings (run `cargo fix --lib -p es` to apply 9 suggestions)
    Finished `release` profile [optimized] target(s) in 0.23s
     Running `target/release/examples/lineitem_benchmark_cli -n Exp6_RunGen8_Merge4_Mem2GB -i lineitem_sf500.csv --run-gen-threads 8 --merge-threads 4 --run-size-mb 256.00 --merge-fanin 8192 --warmup-runs 1 --benchmark-runs 3 --cooldown-seconds 30 --dir logs/lineitem_bench_2025-12-17_14-47-17/Exp6_RunGen8_Merge4_Mem2GB_tmp`
Using existing KVBin file: "./datasets/lineitem_sf500.k-8-9-13-14-15.v-0-3.kvbin"

=== BENCHMARK MODE ===
KVBin data: ./datasets/lineitem_sf500.k-8-9-13-14-15.v-0-3.kvbin, index: ./datasets/lineitem_sf500.k-8-9-13-14-15.v-0-3.kvbin.idx
Estimated data size: 199659.46 MB
Run generation threads: 8
Use OVC: true
Run size (MB): 256.00
Run generation memory (MB): 2048.0
Merge threads: 4
Merge fan-in: 8192
Merge memory (MB): 2048.0
Sketch type: kll
Sketch size: 200
Run indexing interval: 1000
Temporary directory: "logs/lineitem_bench_2025-12-17_14-47-17/Exp6_RunGen8_Merge4_Mem2GB_tmp"
Warmup runs: 1
Runs per configuration: 3
Cooldown between runs (s): 30
Verify output: false

Running benchmark for config: Exp6_RunGen8_Merge4_Mem2GB
Parameters: Run Gen Threads: 8, Use OVC: true, Run Size: 256.00 MB, Run Gen Memory: 2048.0 MB, Merge Threads: 4, Merge Fanin: 8192, Merge Memory: 2048.0 MB, Imbalance Factor: 1.0
================================================================================
  Performing 1 warmup run(s)...
    Warmup 1/1: Starting sort with 8 parallel scanners for run generation
Run gen thread 5 950456 ms, 44 runs generated
Run gen thread 0 968399 ms, 44 runs generated
Run gen thread 1 1027112 ms, 44 runs generated
Run gen thread 4 1028259 ms, 44 runs generated
Run gen thread 2 1031849 ms, 44 runs generated
Run gen thread 7 1032783 ms, 44 runs generated
Run gen thread 3 1033704 ms, 44 runs generated
Run gen thread 6 1059239 ms, 44 runs generated
Generated 352 runs in 1059328 ms
Merging 352 runs using 4 threads
Merge phase took 563833 ms | Merged 3000028242 entries across 4 runs | Thread timing: min=549907 ms, max=563832 ms | Partition sizes: imbalance=1.01x
1623.16s
  Warmup complete.

  Run 1/3: Starting sort with 8 parallel scanners for run generation
Run gen thread 1 937436 ms, 44 runs generated
Run gen thread 0 953401 ms, 44 runs generated
Run gen thread 3 1056748 ms, 44 runs generated
Run gen thread 7 1060589 ms, 44 runs generated
Run gen thread 6 1075247 ms, 44 runs generated
Run gen thread 5 1075441 ms, 44 runs generated
Run gen thread 4 1078081 ms, 44 runs generated
Run gen thread 2 1079945 ms, 44 runs generated
Generated 352 runs in 1080191 ms
Merging 352 runs using 4 threads
Merge phase took 568076 ms | Merged 3000028242 entries across 4 runs | Thread timing: min=542768 ms, max=568074 ms | Partition sizes: imbalance=1.03x
SortStats:
  Number of runs: 352
  (R) time: 1080191 ms
  (R) breakdown: load=0 ms, sort=1039611 ms, store=0 ms
  (R) I/O stats: I/O Stats: Read Ops: 3194556, Read Bytes: 209358403429, Write Ops: 2006629, Write Bytes: 131506086912
  (M) time: 568076 ms
  Read amplification:
    Run generation writes: 131506086912 bytes (122.47 GB)
    Merge phase reads: 131622513664 bytes (122.58 GB)
    Read amplification factor: 1.00x
    Excess reads: 0.1% (sparse indexing overhead)
  Thread timing:
    Min thread time: 542768 ms
    Max thread time: 568074 ms
    Avg thread time: 553330 ms
    Time imbalance factor (max/avg): 1.03x
    Thread times: [551253, 551225, 542768, 568074]

1648.27s

  Cooling down for 30s before next run...
  Run 2/3: Starting sort with 8 parallel scanners for run generation
Run gen thread 7 944278 ms, 44 runs generated
Run gen thread 0 946116 ms, 44 runs generated
Run gen thread 5 1030153 ms, 44 runs generated
Run gen thread 6 1032596 ms, 44 runs generated
Run gen thread 4 1063514 ms, 44 runs generated
Run gen thread 2 1084252 ms, 44 runs generated
Run gen thread 1 1084389 ms, 44 runs generated
Run gen thread 3 1088211 ms, 44 runs generated
Generated 352 runs in 1088620 ms
Merging 352 runs using 4 threads
Merge phase took 565255 ms | Merged 3000028242 entries across 4 runs | Thread timing: min=548067 ms, max=565254 ms | Partition sizes: imbalance=1.01x
SortStats:
  Number of runs: 352
  (R) time: 1088620 ms
  (R) breakdown: load=0 ms, sort=1034188 ms, store=0 ms
  (R) I/O stats: I/O Stats: Read Ops: 3194556, Read Bytes: 209358403429, Write Ops: 2006629, Write Bytes: 131506086912
  (M) time: 565255 ms
  Read amplification:
    Run generation writes: 131506086912 bytes (122.47 GB)
    Merge phase reads: 131623758848 bytes (122.58 GB)
    Read amplification factor: 1.00x
    Excess reads: 0.1% (sparse indexing overhead)
  Thread timing:
    Min thread time: 548067 ms
    Max thread time: 565254 ms
    Avg thread time: 557104 ms
    Time imbalance factor (max/avg): 1.01x
    Thread times: [565254, 552520, 562574, 548067]

1653.88s

  Cooling down for 30s before next run...
  Run 3/3: Starting sort with 8 parallel scanners for run generation
Run gen thread 6 940835 ms, 44 runs generated
Run gen thread 4 943752 ms, 44 runs generated
Run gen thread 5 1020839 ms, 44 runs generated
Run gen thread 3 1050585 ms, 44 runs generated
Run gen thread 7 1065711 ms, 44 runs generated
Run gen thread 1 1069212 ms, 44 runs generated
Run gen thread 2 1072246 ms, 44 runs generated
Run gen thread 0 1074843 ms, 44 runs generated
Generated 352 runs in 1075176 ms
Merging 352 runs using 4 threads
Merge phase took 556991 ms | Merged 3000028242 entries across 4 runs | Thread timing: min=536564 ms, max=556990 ms | Partition sizes: imbalance=1.03x
SortStats:
  Number of runs: 352
  (R) time: 1075176 ms
  (R) breakdown: load=0 ms, sort=1029752 ms, store=0 ms
  (R) I/O stats: I/O Stats: Read Ops: 3194556, Read Bytes: 209358403429, Write Ops: 2006629, Write Bytes: 131506086912
  (M) time: 556991 ms
  Read amplification:
    Run generation writes: 131506086912 bytes (122.47 GB)
    Merge phase reads: 131621989376 bytes (122.58 GB)
    Read amplification factor: 1.00x
    Excess reads: 0.1% (sparse indexing overhead)
  Thread timing:
    Min thread time: 536564 ms
    Max thread time: 556990 ms
    Avg thread time: 547300 ms
    Time imbalance factor (max/avg): 1.02x
    Thread times: [536564, 556990, 543833, 551815]

1632.17s


================================================================================================================================================================
Benchmark Results Summary
================================================================================================================================================================
Config               Run Size   RG Runs    Gen Thr    Merge Thr  Total (s)  RunGen (s)   Merge (s)  Entries      Throughput       Read MB    Write MB  
                     (MB)                                                                                        (M entries/s)                         
----------------------------------------------------------------------------------------------------------------------------------------------------------------
Exp6_RunGen8_Merge4_Mem2GB[1] 256.0      352        8          4          1648.27      1080.19    568.08     3000028242   1.82             325184.7   216369.4  
Exp6_RunGen8_Merge4_Mem2GB[2] 256.0      352        8          4          1653.88      1088.62    565.25     3000028242   1.81             325185.9   216370.8  
Exp6_RunGen8_Merge4_Mem2GB[3] 256.0      352        8          4          1632.17      1075.18    556.99     3000028242   1.84             325184.2   216369.0  
Exp6_RunGen8_Merge4_Mem2GB[avg] 256.0      352        8          4          1644.77      1081.33    563.44     3000028242   1.82             325185.0   216369.8  
================================================================================================================================================================

================================================================================================================================================================
Merge Operations Summary (showing last 1 of 1 merge passes)
================================================================================================================================================================
Config               M1PAvg     M1PMax     M1Imbal    M1Slow       M1Fast      
----------------------------------------------------------------------------------------------------------------------------------------------------------------
Exp6_RunGen8_Merge4_Mem2GB[1] 750007060  769786240  1.03       568.08       568.08      
Exp6_RunGen8_Merge4_Mem2GB[2] 750007060  756757374  1.01       565.25       565.25      
Exp6_RunGen8_Merge4_Mem2GB[3] 750007060  769105438  1.03       556.99       556.99      
----------------------------------------------------------------------------------------------------------------------------------------------------------------
Exp6_RunGen8_Merge4_Mem2GB[avg] 750007060  765216350  1.02       568.08       556.99      
================================================================================================================================================================

================================================================================================================================================================
Detailed I/O Statistics
================================================================================================================================================================
Config               RG Read MB   RG Write MB  M1Read MB    M1Write MB  
----------------------------------------------------------------------------------------------------------------------------------------------------------------
Exp6_RunGen8_Merge4_Mem2GB[1] 199659.7     125414.0     125525.0     90955.4     
Exp6_RunGen8_Merge4_Mem2GB[2] 199659.7     125414.0     125526.2     90956.9     
Exp6_RunGen8_Merge4_Mem2GB[3] 199659.7     125414.0     125524.5     90955.0     
----------------------------------------------------------------------------------------------------------------------------------------------------------------
Exp6_RunGen8_Merge4_Mem2GB[avg] 199659.7     125414.0     125525.2     90955.8     
================================================================================================================================================================

====================================================================================================
Run Generation Time Breakdown
====================================================================================================
Config               RG Total s   Load s       Sort s       Store s     
----------------------------------------------------------------------------------------------------
Exp6_RunGen8_Merge4_Mem2GB[1] 1080.19      0            1039.611     0           
Exp6_RunGen8_Merge4_Mem2GB[2] 1088.62      0            1034.188     0           
Exp6_RunGen8_Merge4_Mem2GB[3] 1075.18      0            1029.752     0           
----------------------------------------------------------------------------------------------------
Exp6_RunGen8_Merge4_Mem2GB[avg] 1081.33      0.00         1034.52      0.00        
====================================================================================================
