warning: unused imports: `SeedableRng` and `rngs::SmallRng`
 --> src/fastzipf.rs:2:12
  |
2 | use rand::{SeedableRng, rngs::SmallRng};
  |            ^^^^^^^^^^^  ^^^^^^^^^^^^^^
  |
  = note: `#[warn(unused_imports)]` on by default

warning: unused import: `std::fmt`
 --> src/sketch/reservoir_sampler.rs:6:5
  |
6 | use std::fmt;
  |     ^^^^^^^^

warning: unused import: `crate::sketch::kll::KLL`
   --> src/sketch/reservoir_sampler.rs:190:9
    |
190 |     use crate::sketch::kll::KLL;
    |         ^^^^^^^^^^^^^^^^^^^^^^^

warning: unused import: `super::*`
   --> src/sketch/reservoir_sampler.rs:192:9
    |
192 |     use super::*;
    |         ^^^^^^^^

warning: unused import: `std::collections::HashMap`
   --> src/sketch/mod.rs:226:9
    |
226 |     use std::collections::HashMap;
    |         ^^^^^^^^^^^^^^^^^^^^^^^^^

warning: unused import: `super::kll::*`
   --> src/sketch/mod.rs:228:9
    |
228 |     use super::kll::*;
    |         ^^^^^^^^^^^^^

warning: unused import: `super::reservoir_sampler::*`
   --> src/sketch/mod.rs:229:9
    |
229 |     use super::reservoir_sampler::*;
    |         ^^^^^^^^^^^^^^^^^^^^^^^^^^^

warning: unused import: `super::*`
   --> src/sketch/mod.rs:230:9
    |
230 |     use super::*;
    |         ^^^^^^^^

warning: unused import: `Duration`
 --> src/sort/core/engine.rs:4:17
  |
4 | use std::time::{Duration, Instant, SystemTime, UNIX_EPOCH};
  |                 ^^^^^^^^

warning: function `compute_ovc_delta` is never used
    --> src/ovc/offset_value_coding.rs:1136:15
     |
1136 | pub(crate) fn compute_ovc_delta(prev_key: Option<&[u8]>, key: &[u8]) -> OVCU64 {
     |               ^^^^^^^^^^^^^^^^^
     |
     = note: `#[warn(dead_code)]` on by default

warning: `es` (lib) generated 10 warnings (run `cargo fix --lib -p es` to apply 9 suggestions)
    Finished `release` profile [optimized] target(s) in 0.22s
     Running `target/release/examples/lineitem_benchmark_cli -n Exp6_RunGen4_Merge16_Mem2GB -i lineitem_sf500.csv --run-gen-threads 4 --merge-threads 16 --run-size-mb 512.00 --merge-fanin 2048 --warmup-runs 1 --benchmark-runs 3 --cooldown-seconds 30 --dir logs/lineitem_bench_2025-12-17_14-47-17/Exp6_RunGen4_Merge16_Mem2GB_tmp`
Using existing KVBin file: "./datasets/lineitem_sf500.k-8-9-13-14-15.v-0-3.kvbin"

=== BENCHMARK MODE ===
KVBin data: ./datasets/lineitem_sf500.k-8-9-13-14-15.v-0-3.kvbin, index: ./datasets/lineitem_sf500.k-8-9-13-14-15.v-0-3.kvbin.idx
Estimated data size: 199659.46 MB
Run generation threads: 4
Use OVC: true
Run size (MB): 512.00
Run generation memory (MB): 2048.0
Merge threads: 16
Merge fan-in: 2048
Merge memory (MB): 2048.0
Sketch type: kll
Sketch size: 200
Run indexing interval: 1000
Temporary directory: "logs/lineitem_bench_2025-12-17_14-47-17/Exp6_RunGen4_Merge16_Mem2GB_tmp"
Warmup runs: 1
Runs per configuration: 3
Cooldown between runs (s): 30
Verify output: false

Running benchmark for config: Exp6_RunGen4_Merge16_Mem2GB
Parameters: Run Gen Threads: 4, Use OVC: true, Run Size: 512.00 MB, Run Gen Memory: 2048.0 MB, Merge Threads: 16, Merge Fanin: 2048, Merge Memory: 2048.0 MB, Imbalance Factor: 1.0
================================================================================
  Performing 1 warmup run(s)...
    Warmup 1/1: Starting sort with 4 parallel scanners for run generation
Run gen thread 3 2050063 ms, 44 runs generated
Run gen thread 0 2060779 ms, 44 runs generated
Run gen thread 2 2061848 ms, 44 runs generated
Run gen thread 1 2061974 ms, 44 runs generated
Generated 176 runs in 2061994 ms
Merging 176 runs using 16 threads
Merge phase took 261449 ms | Merged 3000028242 entries across 16 runs | Thread timing: min=215773 ms, max=261436 ms | Partition sizes: imbalance=1.13x
2323.44s
  Warmup complete.

  Run 1/3: Starting sort with 4 parallel scanners for run generation
Run gen thread 1 2039885 ms, 44 runs generated
Run gen thread 3 2042004 ms, 44 runs generated
Run gen thread 0 2051182 ms, 44 runs generated
Run gen thread 2 2063037 ms, 44 runs generated
Generated 176 runs in 2063443 ms
Merging 176 runs using 16 threads
Merge phase took 255594 ms | Merged 3000028242 entries across 16 runs | Thread timing: min=216168 ms, max=255592 ms | Partition sizes: imbalance=1.08x
SortStats:
  Number of runs: 176
  (R) time: 2063443 ms
  (R) breakdown: load=0 ms, sort=2049027 ms, store=0 ms
  (R) I/O stats: I/O Stats: Read Ops: 3194553, Read Bytes: 209358163301, Write Ops: 1941471, Write Bytes: 127236121600
  (M) time: 255594 ms
  Read amplification:
    Run generation writes: 127236121600 bytes (118.50 GB)
    Merge phase reads: 127475530752 bytes (118.72 GB)
    Read amplification factor: 1.00x
    Excess reads: 0.2% (sparse indexing overhead)
  Thread timing:
    Min thread time: 216168 ms
    Max thread time: 255592 ms
    Avg thread time: 241874 ms
    Time imbalance factor (max/avg): 1.06x
    Thread times: [250736, 255592, 236791, 247530, 253159, 237411, 244108, 241716, 231443, 216168, 241267, 242659, 239763, 254063, 247620, 229958]

2319.04s

  Cooling down for 30s before next run...
  Run 2/3: Starting sort with 4 parallel scanners for run generation
Run gen thread 3 2083038 ms, 44 runs generated
Run gen thread 2 2098716 ms, 44 runs generated
Run gen thread 1 2102641 ms, 44 runs generated
Run gen thread 0 2107279 ms, 44 runs generated
Generated 176 runs in 2107457 ms
Merging 176 runs using 16 threads
Merge phase took 259836 ms | Merged 3000028242 entries across 16 runs | Thread timing: min=224579 ms, max=259834 ms | Partition sizes: imbalance=1.11x
SortStats:
  Number of runs: 176
  (R) time: 2107457 ms
  (R) breakdown: load=0 ms, sort=2097918 ms, store=0 ms
  (R) I/O stats: I/O Stats: Read Ops: 3194553, Read Bytes: 209358163301, Write Ops: 1941471, Write Bytes: 127236121600
  (M) time: 259836 ms
  Read amplification:
    Run generation writes: 127236121600 bytes (118.50 GB)
    Merge phase reads: 127477758976 bytes (118.72 GB)
    Read amplification factor: 1.00x
    Excess reads: 0.2% (sparse indexing overhead)
  Thread timing:
    Min thread time: 224579 ms
    Max thread time: 259834 ms
    Avg thread time: 242271 ms
    Time imbalance factor (max/avg): 1.07x
    Thread times: [227361, 241779, 256721, 256801, 230821, 238605, 245291, 249470, 229200, 245521, 224579, 250411, 231498, 256426, 232015, 259834]

2367.29s

  Cooling down for 30s before next run...
  Run 3/3: Starting sort with 4 parallel scanners for run generation
Run gen thread 3 2076173 ms, 44 runs generated
Run gen thread 2 2077232 ms, 44 runs generated
Run gen thread 1 2079018 ms, 44 runs generated
Run gen thread 0 2080861 ms, 44 runs generated
Generated 176 runs in 2081193 ms
Merging 176 runs using 16 threads
Merge phase took 252786 ms | Merged 3000028242 entries across 16 runs | Thread timing: min=215631 ms, max=252784 ms | Partition sizes: imbalance=1.08x
SortStats:
  Number of runs: 176
  (R) time: 2081193 ms
  (R) breakdown: load=0 ms, sort=2078321 ms, store=0 ms
  (R) I/O stats: I/O Stats: Read Ops: 3194553, Read Bytes: 209358163301, Write Ops: 1941471, Write Bytes: 127236121600
  (M) time: 252786 ms
  Read amplification:
    Run generation writes: 127236121600 bytes (118.50 GB)
    Merge phase reads: 127477103616 bytes (118.72 GB)
    Read amplification factor: 1.00x
    Excess reads: 0.2% (sparse indexing overhead)
  Thread timing:
    Min thread time: 215631 ms
    Max thread time: 252784 ms
    Avg thread time: 241312 ms
    Time imbalance factor (max/avg): 1.05x
    Thread times: [247579, 240405, 252784, 248529, 230699, 244675, 244622, 237699, 215631, 252214, 233847, 235193, 240058, 249831, 238487, 248742]

2333.98s


================================================================================================================================================================
Benchmark Results Summary
================================================================================================================================================================
Config               Run Size   RG Runs    Gen Thr    Merge Thr  Total (s)  RunGen (s)   Merge (s)  Entries      Throughput       Read MB    Write MB  
                     (MB)                                                                                        (M entries/s)                         
----------------------------------------------------------------------------------------------------------------------------------------------------------------
Exp6_RunGen4_Merge16_Mem2GB[1] 512.0      176        4          16         2319.04      2063.44    255.59     3000028242   1.29             321229.6   212240.7  
Exp6_RunGen4_Merge16_Mem2GB[2] 512.0      176        4          16         2367.29      2107.46    259.84     3000028242   1.27             321231.8   212240.7  
Exp6_RunGen4_Merge16_Mem2GB[3] 512.0      176        4          16         2333.98      2081.19    252.79     3000028242   1.29             321231.1   212240.7  
Exp6_RunGen4_Merge16_Mem2GB[avg] 512.0      176        4          16         2340.10      2084.03    256.07     3000028242   1.28             321230.9   212240.7  
================================================================================================================================================================

================================================================================================================================================================
Merge Operations Summary (showing last 1 of 1 merge passes)
================================================================================================================================================================
Config               M1PAvg     M1PMax     M1Imbal    M1Slow       M1Fast      
----------------------------------------------------------------------------------------------------------------------------------------------------------------
Exp6_RunGen4_Merge16_Mem2GB[1] 187501765  202973283  1.08       255.59       255.59      
Exp6_RunGen4_Merge16_Mem2GB[2] 187501765  207597304  1.11       259.84       259.84      
Exp6_RunGen4_Merge16_Mem2GB[3] 187501765  202707062  1.08       252.79       252.79      
----------------------------------------------------------------------------------------------------------------------------------------------------------------
Exp6_RunGen4_Merge16_Mem2GB[avg] 187501765  204425883  1.09       259.84       252.79      
================================================================================================================================================================

================================================================================================================================================================
Detailed I/O Statistics
================================================================================================================================================================
Config               RG Read MB   RG Write MB  M1Read MB    M1Write MB  
----------------------------------------------------------------------------------------------------------------------------------------------------------------
Exp6_RunGen4_Merge16_Mem2GB[1] 199659.5     121341.8     121570.1     90898.9     
Exp6_RunGen4_Merge16_Mem2GB[2] 199659.5     121341.8     121572.3     90898.9     
Exp6_RunGen4_Merge16_Mem2GB[3] 199659.5     121341.8     121571.6     90898.9     
----------------------------------------------------------------------------------------------------------------------------------------------------------------
Exp6_RunGen4_Merge16_Mem2GB[avg] 199659.5     121341.8     121571.3     90898.9     
================================================================================================================================================================

====================================================================================================
Run Generation Time Breakdown
====================================================================================================
Config               RG Total s   Load s       Sort s       Store s     
----------------------------------------------------------------------------------------------------
Exp6_RunGen4_Merge16_Mem2GB[1] 2063.44      0            2049.027     0           
Exp6_RunGen4_Merge16_Mem2GB[2] 2107.46      0            2097.918     0           
Exp6_RunGen4_Merge16_Mem2GB[3] 2081.19      0            2078.321     0           
----------------------------------------------------------------------------------------------------
Exp6_RunGen4_Merge16_Mem2GB[avg] 2084.03      0.00         2075.09      0.00        
====================================================================================================
