warning: unused imports: `SeedableRng` and `rngs::SmallRng`
 --> src/fastzipf.rs:2:12
  |
2 | use rand::{SeedableRng, rngs::SmallRng};
  |            ^^^^^^^^^^^  ^^^^^^^^^^^^^^
  |
  = note: `#[warn(unused_imports)]` (part of `#[warn(unused)]`) on by default

warning: unused import: `std::fmt`
 --> src/sketch/reservoir_sampler.rs:6:5
  |
6 | use std::fmt;
  |     ^^^^^^^^

warning: unused import: `crate::sketch::kll::KLL`
   --> src/sketch/reservoir_sampler.rs:190:9
    |
190 |     use crate::sketch::kll::KLL;
    |         ^^^^^^^^^^^^^^^^^^^^^^^

warning: unused import: `super::*`
   --> src/sketch/reservoir_sampler.rs:192:9
    |
192 |     use super::*;
    |         ^^^^^^^^

warning: unused import: `std::collections::HashMap`
   --> src/sketch/mod.rs:226:9
    |
226 |     use std::collections::HashMap;
    |         ^^^^^^^^^^^^^^^^^^^^^^^^^

warning: unused import: `super::kll::*`
   --> src/sketch/mod.rs:228:9
    |
228 |     use super::kll::*;
    |         ^^^^^^^^^^^^^

warning: unused import: `super::reservoir_sampler::*`
   --> src/sketch/mod.rs:229:9
    |
229 |     use super::reservoir_sampler::*;
    |         ^^^^^^^^^^^^^^^^^^^^^^^^^^^

warning: unused import: `super::*`
   --> src/sketch/mod.rs:230:9
    |
230 |     use super::*;
    |         ^^^^^^^^

warning: unused import: `Duration`
 --> src/sort/core/engine.rs:4:17
  |
4 | use std::time::{Duration, Instant, SystemTime, UNIX_EPOCH};
  |                 ^^^^^^^^

warning: function `compute_ovc_delta` is never used
    --> src/ovc/offset_value_coding.rs:1136:15
     |
1136 | pub(crate) fn compute_ovc_delta(prev_key: Option<&[u8]>, key: &[u8]) -> OVCU64 {
     |               ^^^^^^^^^^^^^^^^^
     |
     = note: `#[warn(dead_code)]` (part of `#[warn(unused)]`) on by default

warning: `es` (lib) generated 10 warnings (run `cargo fix --lib -p es` to apply 9 suggestions)
    Finished `release` profile [optimized] target(s) in 0.21s
     Running `target/release/examples/gen_sort_cli -n Exp1_Thr16_Mem2GB -i ./datasets/gensort_200GiB.data --run-gen-threads 16 --merge-threads 16 --run-size-mb 128.00 --merge-fanin 2048 --warmup-runs 1 --benchmark-runs 3 --cooldown-seconds 30 --dir logs/resource_bench_2025-12-21_13-02-56/Exp1_Thr16_Mem2GB_tmp`

=== BENCHMARK MODE ===
GenSort file: "./datasets/gensort_200GiB.data"
Total entries: 2147483648
Estimated data size: 204800.00 MB
Run generation threads: 16
Use OVC: true
Run size (MB): 128.00
Run generation memory (MB): 2048.0
Merge threads: 16
Merge fan-in: 2048
Merge memory (MB): 2048.0
Sketch type: kll
Sketch size: 200
Run indexing interval: 1000
Temporary directory: "logs/resource_bench_2025-12-21_13-02-56/Exp1_Thr16_Mem2GB_tmp"
Warmup runs: 1
Runs per configuration: 3
Cooldown between runs (s): 30
Verify output: false

Running benchmark for config: Exp1_Thr16_Mem2GB
Parameters: Run Gen Threads: 16, Use OVC: true, Run Size: 128.00 MB, Run Gen Memory: 2048.0 MB, Merge Threads: 16, Merge Fanin: 2048, Merge Memory: 2048.0 MB, Imbalance Factor: 1.0
================================================================================
  Performing 1 warmup run(s)...
    Warmup 1/1: Starting sort with 16 parallel scanners for run generation
Run gen thread 8 754251 ms, 51 runs generated
Run gen thread 4 756934 ms, 51 runs generated
Run gen thread 3 759346 ms, 51 runs generated
Run gen thread 11 759356 ms, 51 runs generated
Run gen thread 2 760418 ms, 51 runs generated
Run gen thread 5 765488 ms, 51 runs generated
Run gen thread 12 767532 ms, 51 runs generated
Run gen thread 15 767762 ms, 51 runs generated
Run gen thread 13 767800 ms, 51 runs generated
Run gen thread 10 770565 ms, 51 runs generated
Run gen thread 1 771220 ms, 51 runs generated
Run gen thread 6 771266 ms, 51 runs generated
Run gen thread 9 772690 ms, 51 runs generated
Run gen thread 0 773875 ms, 51 runs generated
Run gen thread 14 775329 ms, 51 runs generated
Run gen thread 7 775683 ms, 51 runs generated
Generated 816 runs in 775871 ms
Merging 816 runs using 16 threads
Merge phase took 597422 ms | Merged 2147483648 entries across 16 runs | Thread timing: min=564531 ms, max=597421 ms | Partition sizes: imbalance=1.03x
1373.29s
  Warmup complete.

  Run 1/3: Starting sort with 16 parallel scanners for run generation
Run gen thread 6 693199 ms, 51 runs generated
Run gen thread 5 704346 ms, 51 runs generated
Run gen thread 0 706873 ms, 51 runs generated
Run gen thread 7 707992 ms, 51 runs generated
Run gen thread 15 710550 ms, 51 runs generated
Run gen thread 10 713308 ms, 51 runs generated
Run gen thread 9 722081 ms, 51 runs generated
Run gen thread 11 722504 ms, 51 runs generated
Run gen thread 2 725423 ms, 51 runs generated
Run gen thread 8 726621 ms, 51 runs generated
Run gen thread 4 727768 ms, 51 runs generated
Run gen thread 12 728382 ms, 51 runs generated
Run gen thread 1 729065 ms, 51 runs generated
Run gen thread 13 734776 ms, 51 runs generated
Run gen thread 14 736892 ms, 51 runs generated
Run gen thread 3 740874 ms, 51 runs generated
Generated 816 runs in 741529 ms
Merging 816 runs using 16 threads
Merge phase took 590551 ms | Merged 2147483648 entries across 16 runs | Thread timing: min=518266 ms, max=590549 ms | Partition sizes: imbalance=1.10x
SortStats:
  Number of runs: 816
  (R) time: 741529 ms
  (R) breakdown: load=0 ms, sort=720665 ms, store=0 ms
  (R) I/O stats: I/O Stats: Read Ops: 3276800, Read Bytes: 214748364800, Write Ops: 3801088, Write Bytes: 249108103168
  (M) time: 590551 ms
  Read amplification:
    Run generation writes: 249108103168 bytes (232.00 GB)
    Merge phase reads: 250667401216 bytes (233.45 GB)
    Read amplification factor: 1.01x
    Excess reads: 0.6% (sparse indexing overhead)
  Thread timing:
    Min thread time: 518266 ms
    Max thread time: 590549 ms
    Avg thread time: 560420 ms
    Time imbalance factor (max/avg): 1.05x
    Thread times: [570553, 531941, 590549, 540089, 562163, 544637, 581602, 543044, 581177, 554394, 574961, 553433, 573583, 518266, 583875, 562458]

1332.08s

  Cooling down for 30s before next run...
  Run 2/3: Starting sort with 16 parallel scanners for run generation
Run gen thread 14 728500 ms, 51 runs generated
Run gen thread 7 729004 ms, 51 runs generated
Run gen thread 9 735579 ms, 51 runs generated
Run gen thread 6 736434 ms, 51 runs generated
Run gen thread 2 742939 ms, 51 runs generated
Run gen thread 12 745352 ms, 51 runs generated
Run gen thread 0 746381 ms, 51 runs generated
Run gen thread 5 752990 ms, 51 runs generated
Run gen thread 10 756884 ms, 51 runs generated
Run gen thread 11 758806 ms, 51 runs generated
Run gen thread 13 759027 ms, 51 runs generated
Run gen thread 1 759046 ms, 51 runs generated
Run gen thread 3 759722 ms, 51 runs generated
Run gen thread 4 760149 ms, 51 runs generated
Run gen thread 8 761519 ms, 51 runs generated
Run gen thread 15 761816 ms, 51 runs generated
Generated 816 runs in 761890 ms
Merging 816 runs using 16 threads
Merge phase took 584208 ms | Merged 2147483648 entries across 16 runs | Thread timing: min=514666 ms, max=584207 ms | Partition sizes: imbalance=1.06x
SortStats:
  Number of runs: 816
  (R) time: 761890 ms
  (R) breakdown: load=0 ms, sort=749634 ms, store=0 ms
  (R) I/O stats: I/O Stats: Read Ops: 3276800, Read Bytes: 214748364800, Write Ops: 3801088, Write Bytes: 249108103168
  (M) time: 584208 ms
  Read amplification:
    Run generation writes: 249108103168 bytes (232.00 GB)
    Merge phase reads: 250673233920 bytes (233.46 GB)
    Read amplification factor: 1.01x
    Excess reads: 0.6% (sparse indexing overhead)
  Thread timing:
    Min thread time: 514666 ms
    Max thread time: 584207 ms
    Avg thread time: 567952 ms
    Time imbalance factor (max/avg): 1.03x
    Thread times: [577872, 574257, 568917, 567738, 567175, 577351, 582542, 550032, 584207, 547889, 561218, 579395, 582778, 514666, 575713, 575489]

1346.10s

  Cooling down for 30s before next run...
  Run 3/3: Starting sort with 16 parallel scanners for run generation
Run gen thread 5 726315 ms, 51 runs generated
Run gen thread 8 736610 ms, 51 runs generated
Run gen thread 11 737299 ms, 51 runs generated
Run gen thread 14 743382 ms, 51 runs generated
Run gen thread 0 746223 ms, 51 runs generated
Run gen thread 9 750798 ms, 51 runs generated
Run gen thread 2 750865 ms, 51 runs generated
Run gen thread 13 751191 ms, 51 runs generated
Run gen thread 3 751477 ms, 51 runs generated
Run gen thread 15 758857 ms, 51 runs generated
Run gen thread 12 759379 ms, 51 runs generated
Run gen thread 4 764339 ms, 51 runs generated
Run gen thread 10 766908 ms, 51 runs generated
Run gen thread 7 767490 ms, 51 runs generated
Run gen thread 6 767733 ms, 51 runs generated
Run gen thread 1 768998 ms, 51 runs generated
Generated 816 runs in 769485 ms
Merging 816 runs using 16 threads
Merge phase took 580164 ms | Merged 2147483648 entries across 16 runs | Thread timing: min=533625 ms, max=580162 ms | Partition sizes: imbalance=1.08x
SortStats:
  Number of runs: 816
  (R) time: 769485 ms
  (R) breakdown: load=0 ms, sort=752991 ms, store=0 ms
  (R) I/O stats: I/O Stats: Read Ops: 3276800, Read Bytes: 214748364800, Write Ops: 3801088, Write Bytes: 249108103168
  (M) time: 580164 ms
  Read amplification:
    Run generation writes: 249108103168 bytes (232.00 GB)
    Merge phase reads: 250670219264 bytes (233.45 GB)
    Read amplification factor: 1.01x
    Excess reads: 0.6% (sparse indexing overhead)
  Thread timing:
    Min thread time: 533625 ms
    Max thread time: 580162 ms
    Avg thread time: 560872 ms
    Time imbalance factor (max/avg): 1.03x
    Thread times: [571419, 549351, 568859, 538075, 577773, 546778, 565475, 551963, 568780, 563872, 572278, 533625, 580162, 559188, 561398, 564948]

1349.65s


================================================================================================================================================================
Benchmark Results Summary
================================================================================================================================================================
Config               Run Size   RG Runs    Gen Thr    Merge Thr  Total (s)  RunGen (s)   Merge (s)  Entries      Throughput       Read MB    Write MB  
                     (MB)                                                                                        (M entries/s)                         
----------------------------------------------------------------------------------------------------------------------------------------------------------------
Exp1_Thr16_Mem2GB[1] 128.0      816        16         16         1332.08      741.53     590.55     2147483648   1.61             443855.1   475136.0  
Exp1_Thr16_Mem2GB[2] 128.0      816        16         16         1346.10      761.89     584.21     2147483648   1.60             443860.6   475136.0  
Exp1_Thr16_Mem2GB[3] 128.0      816        16         16         1349.65      769.49     580.16     2147483648   1.59             443857.8   475136.0  
Exp1_Thr16_Mem2GB[avg] 128.0      816        16         16         1342.61      757.63     584.97     2147483648   1.60             443857.8   475136.0  
================================================================================================================================================================

================================================================================================================================================================
Merge Operations Summary (showing last 1 of 1 merge passes)
================================================================================================================================================================
Config               M1PAvg     M1PMax     M1Imbal    M1Slow       M1Fast      
----------------------------------------------------------------------------------------------------------------------------------------------------------------
Exp1_Thr16_Mem2GB[1] 134217728  147628407  1.10       590.55       590.55      
Exp1_Thr16_Mem2GB[2] 134217728  141931827  1.06       584.21       584.21      
Exp1_Thr16_Mem2GB[3] 134217728  144702366  1.08       580.16       580.16      
----------------------------------------------------------------------------------------------------------------------------------------------------------------
Exp1_Thr16_Mem2GB[avg] 134217728  144754200  1.08       590.55       580.16      
================================================================================================================================================================

================================================================================================================================================================
Detailed I/O Statistics
================================================================================================================================================================
Config               RG Read MB   RG Write MB  M1Read MB    M1Write MB  
----------------------------------------------------------------------------------------------------------------------------------------------------------------
Exp1_Thr16_Mem2GB[1] 204800.0     237568.0     239055.1     237568.0    
Exp1_Thr16_Mem2GB[2] 204800.0     237568.0     239060.6     237568.0    
Exp1_Thr16_Mem2GB[3] 204800.0     237568.0     239057.8     237568.0    
----------------------------------------------------------------------------------------------------------------------------------------------------------------
Exp1_Thr16_Mem2GB[avg] 204800.0     237568.0     239057.8     237568.0    
================================================================================================================================================================

====================================================================================================
Run Generation Time Breakdown
====================================================================================================
Config               RG Total s   Load s       Sort s       Store s     
----------------------------------------------------------------------------------------------------
Exp1_Thr16_Mem2GB[1] 741.53       0            720.665      0           
Exp1_Thr16_Mem2GB[2] 761.89       0            749.634      0           
Exp1_Thr16_Mem2GB[3] 769.49       0            752.991      0           
----------------------------------------------------------------------------------------------------
Exp1_Thr16_Mem2GB[avg] 757.63       0.00         741.10       0.00        
====================================================================================================
