warning: unused imports: `SeedableRng` and `rngs::SmallRng`
 --> src/fastzipf.rs:2:12
  |
2 | use rand::{SeedableRng, rngs::SmallRng};
  |            ^^^^^^^^^^^  ^^^^^^^^^^^^^^
  |
  = note: `#[warn(unused_imports)]` (part of `#[warn(unused)]`) on by default

warning: unused import: `std::fmt`
 --> src/sketch/reservoir_sampler.rs:6:5
  |
6 | use std::fmt;
  |     ^^^^^^^^

warning: unused import: `crate::sketch::kll::KLL`
   --> src/sketch/reservoir_sampler.rs:190:9
    |
190 |     use crate::sketch::kll::KLL;
    |         ^^^^^^^^^^^^^^^^^^^^^^^

warning: unused import: `super::*`
   --> src/sketch/reservoir_sampler.rs:192:9
    |
192 |     use super::*;
    |         ^^^^^^^^

warning: unused import: `std::collections::HashMap`
   --> src/sketch/mod.rs:226:9
    |
226 |     use std::collections::HashMap;
    |         ^^^^^^^^^^^^^^^^^^^^^^^^^

warning: unused import: `super::kll::*`
   --> src/sketch/mod.rs:228:9
    |
228 |     use super::kll::*;
    |         ^^^^^^^^^^^^^

warning: unused import: `super::reservoir_sampler::*`
   --> src/sketch/mod.rs:229:9
    |
229 |     use super::reservoir_sampler::*;
    |         ^^^^^^^^^^^^^^^^^^^^^^^^^^^

warning: unused import: `super::*`
   --> src/sketch/mod.rs:230:9
    |
230 |     use super::*;
    |         ^^^^^^^^

warning: unused import: `Duration`
 --> src/sort/core/engine.rs:4:17
  |
4 | use std::time::{Duration, Instant, SystemTime, UNIX_EPOCH};
  |                 ^^^^^^^^

warning: function `compute_ovc_delta` is never used
    --> src/ovc/offset_value_coding.rs:1136:15
     |
1136 | pub(crate) fn compute_ovc_delta(prev_key: Option<&[u8]>, key: &[u8]) -> OVCU64 {
     |               ^^^^^^^^^^^^^^^^^
     |
     = note: `#[warn(dead_code)]` (part of `#[warn(unused)]`) on by default

warning: `es` (lib) generated 10 warnings (run `cargo fix --lib -p es` to apply 9 suggestions)
    Finished `release` profile [optimized] target(s) in 0.21s
     Running `target/release/examples/gen_sort_cli -n Exp1.2_RunGen32_Merge40_Mem2GB -i ./datasets/gensort_200GiB.data --run-gen-threads 32 --merge-threads 40 --run-size-mb 51.20 --merge-fanin 819 --warmup-runs 1 --benchmark-runs 3 --cooldown-seconds 30 --dir logs/resource_bench_2025-12-15_13-14-23/Exp1.2_RunGen32_Merge40_Mem2GB_tmp`

=== BENCHMARK MODE ===
GenSort file: "./datasets/gensort_200GiB.data"
Total entries: 2147483648
Estimated data size: 204800.00 MB
Run generation threads: 32
Use OVC: true
Run size (MB): 51.20
Run generation memory (MB): 1638.4
Merge threads: 40
Merge fan-in: 819
Merge memory (MB): 2047.5
Sketch type: kll
Sketch size: 200
Run indexing interval: 1000
Temporary directory: "logs/resource_bench_2025-12-15_13-14-23/Exp1.2_RunGen32_Merge40_Mem2GB_tmp"
Warmup runs: 1
Runs per configuration: 3
Cooldown between runs (s): 30
Verify output: false

Running benchmark for config: Exp1.2_RunGen32_Merge40_Mem2GB
Parameters: Run Gen Threads: 32, Use OVC: true, Run Size: 51.20 MB, Run Gen Memory: 1638.4 MB, Merge Threads: 40, Merge Fanin: 819, Merge Memory: 2047.5 MB, Imbalance Factor: 1.0
================================================================================
  Performing 1 warmup run(s)...
    Warmup 1/1: Starting sort with 32 parallel scanners for run generation
Run gen thread 28 511225 ms, 64 runs generated
Run gen thread 16 515069 ms, 64 runs generated
Run gen thread 6 516795 ms, 64 runs generated
Run gen thread 17 519675 ms, 64 runs generated
Run gen thread 24 520273 ms, 64 runs generated
Run gen thread 4 520328 ms, 64 runs generated
Run gen thread 22 521567 ms, 64 runs generated
Run gen thread 0 522845 ms, 64 runs generated
Run gen thread 8 523014 ms, 64 runs generated
Run gen thread 23 523353 ms, 64 runs generated
Run gen thread 19 523788 ms, 64 runs generated
Run gen thread 13 523804 ms, 64 runs generated
Run gen thread 10 524212 ms, 64 runs generated
Run gen thread 31 524232 ms, 64 runs generated
Run gen thread 5 524510 ms, 64 runs generated
Run gen thread 14 524512 ms, 64 runs generated
Run gen thread 21 525711 ms, 64 runs generated
Run gen thread 30 526031 ms, 64 runs generated
Run gen thread 9 526794 ms, 64 runs generated
Run gen thread 15 526808 ms, 64 runs generated
Run gen thread 12 527508 ms, 64 runs generated
Run gen thread 20 527549 ms, 64 runs generated
Run gen thread 11 528417 ms, 64 runs generated
Run gen thread 29 528459 ms, 64 runs generated
Run gen thread 2 528552 ms, 64 runs generated
Run gen thread 25 528601 ms, 64 runs generated
Run gen thread 7 528842 ms, 64 runs generated
Run gen thread 1 529834 ms, 64 runs generated
Run gen thread 26 530208 ms, 64 runs generated
Run gen thread 18 531665 ms, 64 runs generated
Run gen thread 3 533391 ms, 64 runs generated
Run gen thread 27 534257 ms, 64 runs generated
Generated 2048 runs in 534325 ms
Multi-level merge: 2455 runs (including 407 dummies), F=819, expected 3 merge operations
Merging 819 runs using 40 threads
Merge phase took 95880 ms | Merged 390581300 entries across 40 runs | Thread timing: min=72954 ms, max=95878 ms | Partition sizes: imbalance=1.20x
Merge 1/3: merging 819 shortest runs (390581300 total entries)
Merging 819 runs using 40 threads
Merge phase took 216736 ms | Merged 879147858 entries across 40 runs | Thread timing: min=175925 ms, max=216734 ms | Partition sizes: imbalance=1.20x
Merge 2/3: merging 819 shortest runs (879147858 total entries)
Merging 819 runs using 40 threads
Merge phase took 523602 ms | Merged 2147483648 entries across 40 runs | Thread timing: min=427360 ms, max=523600 ms | Partition sizes: imbalance=1.20x
Merge 3/3: merging 819 shortest runs (2147483648 total entries)
1370.54s
  Warmup complete.

  Run 1/3: Starting sort with 32 parallel scanners for run generation
Run gen thread 30 508441 ms, 64 runs generated
Run gen thread 22 509224 ms, 64 runs generated
Run gen thread 17 518472 ms, 64 runs generated
Run gen thread 26 521433 ms, 64 runs generated
Run gen thread 14 525370 ms, 64 runs generated
Run gen thread 5 525674 ms, 64 runs generated
Run gen thread 16 528492 ms, 64 runs generated
Run gen thread 9 534873 ms, 64 runs generated
Run gen thread 18 536386 ms, 64 runs generated
Run gen thread 23 536482 ms, 64 runs generated
Run gen thread 19 537756 ms, 64 runs generated
Run gen thread 28 542442 ms, 64 runs generated
Run gen thread 1 543131 ms, 64 runs generated
Run gen thread 24 544444 ms, 64 runs generated
Run gen thread 21 550297 ms, 64 runs generated
Run gen thread 0 552387 ms, 64 runs generated
Run gen thread 27 553057 ms, 64 runs generated
Run gen thread 7 553093 ms, 64 runs generated
Run gen thread 15 555224 ms, 64 runs generated
Run gen thread 10 556784 ms, 64 runs generated
Run gen thread 31 557207 ms, 64 runs generated
Run gen thread 12 557618 ms, 64 runs generated
Run gen thread 20 557973 ms, 64 runs generated
Run gen thread 25 559240 ms, 64 runs generated
Run gen thread 13 559791 ms, 64 runs generated
Run gen thread 11 560058 ms, 64 runs generated
Run gen thread 6 560267 ms, 64 runs generated
Run gen thread 2 560411 ms, 64 runs generated
Run gen thread 29 560623 ms, 64 runs generated
Run gen thread 4 562975 ms, 64 runs generated
Run gen thread 3 563354 ms, 64 runs generated
Run gen thread 8 563355 ms, 64 runs generated
Generated 2048 runs in 563889 ms
Multi-level merge: 2455 runs (including 407 dummies), F=819, expected 3 merge operations
Merging 819 runs using 40 threads
Merge phase took 159431 ms | Merged 390581300 entries across 40 runs | Thread timing: min=136154 ms, max=159429 ms | Partition sizes: imbalance=1.18x
Merge 1/3: merging 819 shortest runs (390581300 total entries)
Merging 819 runs using 40 threads
Merge phase took 413061 ms | Merged 879147858 entries across 40 runs | Thread timing: min=328296 ms, max=413058 ms | Partition sizes: imbalance=1.18x
Merge 2/3: merging 819 shortest runs (879147858 total entries)
Merging 819 runs using 40 threads
Merge phase took 794068 ms | Merged 2147483648 entries across 40 runs | Thread timing: min=658788 ms, max=794063 ms | Partition sizes: imbalance=1.18x
Merge 3/3: merging 819 shortest runs (2147483648 total entries)
SortStats:
  Number of runs: 2048
  (R) time: 563889 ms
  (R) breakdown: load=0 ms, sort=545510 ms, store=0 ms
  (R) I/O stats: I/O Stats: Read Ops: 3276800, Read Bytes: 214748364800, Write Ops: 3801088, Write Bytes: 249108103168
  (M) time: 1366560 ms
  Read amplification:
    Run generation writes: 249108103168 bytes (232.00 GB)
    Merge phase reads: 406442173440 bytes (378.53 GB)
    Read amplification factor: 1.63x
    Excess reads: 63.2% (sparse indexing overhead)
  Thread timing (merge pass 1):
    Min thread time: 136154 ms
    Max thread time: 159429 ms
    Avg thread time: 150523 ms
    Time imbalance factor (max/avg): 1.06x
  Thread timing (merge pass 2):
    Min thread time: 328296 ms
    Max thread time: 413058 ms
    Avg thread time: 384823 ms
    Time imbalance factor (max/avg): 1.07x
  Thread timing (merge pass 3):
    Min thread time: 658788 ms
    Max thread time: 794063 ms
    Avg thread time: 750171 ms
    Time imbalance factor (max/avg): 1.06x
  Multi-level merge details:
    Total merge passes: 3
    Merge pass 1:
      Time: 159431 ms
      Output runs: 40
      I/O: read=45096.31 MiB, write=43208.54 MiB
      Partitions: 40, imbalance: 1.18x
    Merge pass 2:
      Time: 413061 ms
      Output runs: 40
      I/O: read=101098.19 MiB, write=97256.81 MiB
      Partitions: 40, imbalance: 1.18x
    Merge pass 3:
      Time: 794068 ms
      Output runs: 40
      I/O: read=241418.96 MiB, write=237567.96 MiB
      Partitions: 40, imbalance: 1.18x

1930.45s

  Cooling down for 30s before next run...
  Run 2/3: Starting sort with 32 parallel scanners for run generation
Run gen thread 10 584627 ms, 64 runs generated
Run gen thread 9 592281 ms, 64 runs generated
Run gen thread 27 594305 ms, 64 runs generated
Run gen thread 24 595541 ms, 64 runs generated
Run gen thread 16 595709 ms, 64 runs generated
Run gen thread 14 596212 ms, 64 runs generated
Run gen thread 17 601992 ms, 64 runs generated
Run gen thread 6 602893 ms, 64 runs generated
Run gen thread 22 604311 ms, 64 runs generated
Run gen thread 31 604368 ms, 64 runs generated
Run gen thread 7 607751 ms, 64 runs generated
Run gen thread 15 609781 ms, 64 runs generated
Run gen thread 23 612343 ms, 64 runs generated
Run gen thread 4 613086 ms, 64 runs generated
Run gen thread 8 613352 ms, 64 runs generated
Run gen thread 13 614096 ms, 64 runs generated
Run gen thread 1 615160 ms, 64 runs generated
Run gen thread 19 615336 ms, 64 runs generated
Run gen thread 18 617620 ms, 64 runs generated
Run gen thread 21 619032 ms, 64 runs generated
Run gen thread 26 620260 ms, 64 runs generated
Run gen thread 2 621148 ms, 64 runs generated
Run gen thread 30 621745 ms, 64 runs generated
Run gen thread 29 624255 ms, 64 runs generated
Run gen thread 0 624361 ms, 64 runs generated
Run gen thread 12 624546 ms, 64 runs generated
Run gen thread 28 625327 ms, 64 runs generated
Run gen thread 25 626109 ms, 64 runs generated
Run gen thread 20 626560 ms, 64 runs generated
Run gen thread 3 626613 ms, 64 runs generated
Run gen thread 11 626727 ms, 64 runs generated
Run gen thread 5 627256 ms, 64 runs generated
Generated 2048 runs in 627669 ms
Multi-level merge: 2455 runs (including 407 dummies), F=819, expected 3 merge operations
Merging 819 runs using 40 threads
Merge phase took 167994 ms | Merged 390581300 entries across 40 runs | Thread timing: min=124341 ms, max=167992 ms | Partition sizes: imbalance=1.29x
Merge 1/3: merging 819 shortest runs (390581300 total entries)
Merging 819 runs using 40 threads
Merge phase took 270764 ms | Merged 879147858 entries across 40 runs | Thread timing: min=184993 ms, max=270762 ms | Partition sizes: imbalance=1.29x
Merge 2/3: merging 819 shortest runs (879147858 total entries)
Merging 819 runs using 40 threads
Merge phase took 571059 ms | Merged 2147483648 entries across 40 runs | Thread timing: min=381410 ms, max=571056 ms | Partition sizes: imbalance=1.29x
Merge 3/3: merging 819 shortest runs (2147483648 total entries)
SortStats:
  Number of runs: 2048
  (R) time: 627669 ms
  (R) breakdown: load=0 ms, sort=612646 ms, store=0 ms
  (R) I/O stats: I/O Stats: Read Ops: 3276800, Read Bytes: 214748364800, Write Ops: 3801088, Write Bytes: 249108103168
  (M) time: 1009817 ms
  Read amplification:
    Run generation writes: 249108103168 bytes (232.00 GB)
    Merge phase reads: 406399435776 bytes (378.49 GB)
    Read amplification factor: 1.63x
    Excess reads: 63.1% (sparse indexing overhead)
  Thread timing (merge pass 1):
    Min thread time: 124341 ms
    Max thread time: 167992 ms
    Avg thread time: 157830 ms
    Time imbalance factor (max/avg): 1.06x
  Thread timing (merge pass 2):
    Min thread time: 184993 ms
    Max thread time: 270762 ms
    Avg thread time: 250147 ms
    Time imbalance factor (max/avg): 1.08x
  Thread timing (merge pass 3):
    Min thread time: 381410 ms
    Max thread time: 571056 ms
    Avg thread time: 518466 ms
    Time imbalance factor (max/avg): 1.10x
  Multi-level merge details:
    Total merge passes: 3
    Merge pass 1:
      Time: 167994 ms
      Output runs: 40
      I/O: read=45090.44 MiB, write=43208.54 MiB
      Partitions: 40, imbalance: 1.29x
    Merge pass 2:
      Time: 270764 ms
      Output runs: 40
      I/O: read=101090.00 MiB, write=97256.81 MiB
      Partitions: 40, imbalance: 1.29x
    Merge pass 3:
      Time: 571059 ms
      Output runs: 40
      I/O: read=241392.27 MiB, write=237567.96 MiB
      Partitions: 40, imbalance: 1.29x

1637.49s

  Cooling down for 30s before next run...
  Run 3/3: Starting sort with 32 parallel scanners for run generation
Run gen thread 22 541706 ms, 64 runs generated
Run gen thread 11 545657 ms, 64 runs generated
Run gen thread 16 546480 ms, 64 runs generated
Run gen thread 7 547022 ms, 64 runs generated
Run gen thread 6 547825 ms, 64 runs generated
Run gen thread 13 548067 ms, 64 runs generated
Run gen thread 14 548120 ms, 64 runs generated
Run gen thread 24 549592 ms, 64 runs generated
Run gen thread 28 549689 ms, 64 runs generated
Run gen thread 26 550246 ms, 64 runs generated
Run gen thread 4 550308 ms, 64 runs generated
Run gen thread 5 550861 ms, 64 runs generated
Run gen thread 29 551305 ms, 64 runs generated
Run gen thread 19 551669 ms, 64 runs generated
Run gen thread 20 551762 ms, 64 runs generated
Run gen thread 2 552370 ms, 64 runs generated
Run gen thread 23 552387 ms, 64 runs generated
Run gen thread 30 552433 ms, 64 runs generated
Run gen thread 9 552579 ms, 64 runs generated
Run gen thread 12 553313 ms, 64 runs generated
Run gen thread 27 553468 ms, 64 runs generated
Run gen thread 21 553690 ms, 64 runs generated
Run gen thread 31 553794 ms, 64 runs generated
Run gen thread 25 553808 ms, 64 runs generated
Run gen thread 0 554041 ms, 64 runs generated
Run gen thread 10 554375 ms, 64 runs generated
Run gen thread 1 554413 ms, 64 runs generated
Run gen thread 3 554466 ms, 64 runs generated
Run gen thread 17 555179 ms, 64 runs generated
Run gen thread 8 557230 ms, 64 runs generated
Run gen thread 18 557417 ms, 64 runs generated
Run gen thread 15 557649 ms, 64 runs generated
Generated 2048 runs in 557905 ms
Multi-level merge: 2455 runs (including 407 dummies), F=819, expected 3 merge operations
Merging 819 runs using 40 threads
Merge phase took 100136 ms | Merged 390581300 entries across 40 runs | Thread timing: min=66200 ms, max=100131 ms | Partition sizes: imbalance=1.23x
Merge 1/3: merging 819 shortest runs (390581300 total entries)
Merging 819 runs using 40 threads
Merge phase took 229425 ms | Merged 879147858 entries across 40 runs | Thread timing: min=147005 ms, max=229423 ms | Partition sizes: imbalance=1.23x
Merge 2/3: merging 819 shortest runs (879147858 total entries)
Merging 819 runs using 40 threads
Merge phase took 537637 ms | Merged 2147483648 entries across 40 runs | Thread timing: min=342204 ms, max=537633 ms | Partition sizes: imbalance=1.23x
Merge 3/3: merging 819 shortest runs (2147483648 total entries)
SortStats:
  Number of runs: 2048
  (R) time: 557905 ms
  (R) breakdown: load=0 ms, sort=551653 ms, store=0 ms
  (R) I/O stats: I/O Stats: Read Ops: 3276800, Read Bytes: 214748364800, Write Ops: 3801088, Write Bytes: 249108103168
  (M) time: 867198 ms
  Read amplification:
    Run generation writes: 249108103168 bytes (232.00 GB)
    Merge phase reads: 406334559744 bytes (378.43 GB)
    Read amplification factor: 1.63x
    Excess reads: 63.1% (sparse indexing overhead)
  Thread timing (merge pass 1):
    Min thread time: 66200 ms
    Max thread time: 100131 ms
    Avg thread time: 93480 ms
    Time imbalance factor (max/avg): 1.07x
  Thread timing (merge pass 2):
    Min thread time: 147005 ms
    Max thread time: 229423 ms
    Avg thread time: 210537 ms
    Time imbalance factor (max/avg): 1.09x
  Thread timing (merge pass 3):
    Min thread time: 342204 ms
    Max thread time: 537633 ms
    Avg thread time: 495947 ms
    Time imbalance factor (max/avg): 1.08x
  Multi-level merge details:
    Total merge passes: 3
    Merge pass 1:
      Time: 100136 ms
      Output runs: 40
      I/O: read=45089.25 MiB, write=43208.54 MiB
      Partitions: 40, imbalance: 1.23x
    Merge pass 2:
      Time: 229425 ms
      Output runs: 40
      I/O: read=101060.38 MiB, write=97256.81 MiB
      Partitions: 40, imbalance: 1.23x
    Merge pass 3:
      Time: 537637 ms
      Output runs: 40
      I/O: read=241361.21 MiB, write=237567.96 MiB
      Partitions: 40, imbalance: 1.23x

1425.10s


================================================================================================================================================================
Benchmark Results Summary
================================================================================================================================================================
Config               Run Size   RG Runs    Gen Thr    Merge Thr  Total (s)  RunGen (s)   Merge (s)  Entries      Throughput       Read MB    Write MB  
                     (MB)                                                                                        (M entries/s)                         
----------------------------------------------------------------------------------------------------------------------------------------------------------------
Exp1.2_RunGen32_Merge40_Mem2GB[1] 51.2       2048       32         40         1930.45      563.89     1366.56    2147483648   1.11             592413.5   615601.3  
Exp1.2_RunGen32_Merge40_Mem2GB[2] 51.2       2048       32         40         1637.49      627.67     1009.82    2147483648   1.31             592372.7   615601.3  
Exp1.2_RunGen32_Merge40_Mem2GB[3] 51.2       2048       32         40         1425.10      557.90     867.20     2147483648   1.51             592310.8   615601.3  
Exp1.2_RunGen32_Merge40_Mem2GB[avg] 51.2       2048       32         40         1664.35      583.15     1081.19    2147483648   1.29             592365.7   615601.3  
================================================================================================================================================================

================================================================================================================================================================
Merge Operations Summary (showing last 3 of 3 merge passes)
================================================================================================================================================================
Config               M1PAvg     M1PMax     M1Imbal    M1Slow       M1Fast       M2PAvg     M2PMax     M2Imbal    M2Slow       M2Fast       M3PAvg     M3PMax     M3Imbal    M3Slow       M3Fast      
----------------------------------------------------------------------------------------------------------------------------------------------------------------
Exp1.2_RunGen32_Merge40_Mem2GB[1] 9764532    11569290   1.18       159.43       159.43       21978696   26040212   1.18       413.06       413.06       53687091   63606606   1.18       794.07       794.07      
Exp1.2_RunGen32_Merge40_Mem2GB[2] 9764532    12609623   1.29       167.99       167.99       21978696   28396924   1.29       270.76       270.76       53687091   69372694   1.29       571.06       571.06      
Exp1.2_RunGen32_Merge40_Mem2GB[3] 9764532    11985982   1.23       100.14       100.14       21978696   26969656   1.23       229.43       229.43       53687091   65868471   1.23       537.64       537.64      
----------------------------------------------------------------------------------------------------------------------------------------------------------------
Exp1.2_RunGen32_Merge40_Mem2GB[avg] 9764532    12054965   1.23       167.99       100.14       21978696   27135597   1.23       413.06       229.43       53687091   66282590   1.23       794.07       537.64      
================================================================================================================================================================

================================================================================================================================================================
Detailed I/O Statistics
================================================================================================================================================================
Config               RG Read MB   RG Write MB  M1Read MB    M1Write MB   M2Read MB    M2Write MB   M3Read MB    M3Write MB  
----------------------------------------------------------------------------------------------------------------------------------------------------------------
Exp1.2_RunGen32_Merge40_Mem2GB[1] 204800.0     237568.0     45096.3      43208.5      101098.2     97256.8      241419.0     237568.0    
Exp1.2_RunGen32_Merge40_Mem2GB[2] 204800.0     237568.0     45090.4      43208.5      101090.0     97256.8      241392.3     237568.0    
Exp1.2_RunGen32_Merge40_Mem2GB[3] 204800.0     237568.0     45089.2      43208.5      101060.4     97256.8      241361.2     237568.0    
----------------------------------------------------------------------------------------------------------------------------------------------------------------
Exp1.2_RunGen32_Merge40_Mem2GB[avg] 204800.0     237568.0     45092.0      43208.5      101082.9     97256.8      241390.8     237568.0    
================================================================================================================================================================

====================================================================================================
Run Generation Time Breakdown
====================================================================================================
Config               RG Total s   Load s       Sort s       Store s     
----------------------------------------------------------------------------------------------------
Exp1.2_RunGen32_Merge40_Mem2GB[1] 563.89       0            545.51       0           
Exp1.2_RunGen32_Merge40_Mem2GB[2] 627.67       0            612.646      0           
Exp1.2_RunGen32_Merge40_Mem2GB[3] 557.90       0            551.653      0           
----------------------------------------------------------------------------------------------------
Exp1.2_RunGen32_Merge40_Mem2GB[avg] 583.15       0.00         569.94       0.00        
====================================================================================================
