warning: unused imports: `SeedableRng` and `rngs::SmallRng`
 --> src/fastzipf.rs:2:12
  |
2 | use rand::{SeedableRng, rngs::SmallRng};
  |            ^^^^^^^^^^^  ^^^^^^^^^^^^^^
  |
  = note: `#[warn(unused_imports)]` (part of `#[warn(unused)]`) on by default

warning: unused import: `std::fmt`
 --> src/sketch/reservoir_sampler.rs:6:5
  |
6 | use std::fmt;
  |     ^^^^^^^^

warning: unused import: `crate::sketch::kll::KLL`
   --> src/sketch/reservoir_sampler.rs:190:9
    |
190 |     use crate::sketch::kll::KLL;
    |         ^^^^^^^^^^^^^^^^^^^^^^^

warning: unused import: `super::*`
   --> src/sketch/reservoir_sampler.rs:192:9
    |
192 |     use super::*;
    |         ^^^^^^^^

warning: unused import: `std::collections::HashMap`
   --> src/sketch/mod.rs:226:9
    |
226 |     use std::collections::HashMap;
    |         ^^^^^^^^^^^^^^^^^^^^^^^^^

warning: unused import: `super::kll::*`
   --> src/sketch/mod.rs:228:9
    |
228 |     use super::kll::*;
    |         ^^^^^^^^^^^^^

warning: unused import: `super::reservoir_sampler::*`
   --> src/sketch/mod.rs:229:9
    |
229 |     use super::reservoir_sampler::*;
    |         ^^^^^^^^^^^^^^^^^^^^^^^^^^^

warning: unused import: `super::*`
   --> src/sketch/mod.rs:230:9
    |
230 |     use super::*;
    |         ^^^^^^^^

warning: unused import: `Duration`
 --> src/sort/core/engine.rs:4:17
  |
4 | use std::time::{Duration, Instant, SystemTime, UNIX_EPOCH};
  |                 ^^^^^^^^

warning: function `compute_ovc_delta` is never used
    --> src/ovc/offset_value_coding.rs:1136:15
     |
1136 | pub(crate) fn compute_ovc_delta(prev_key: Option<&[u8]>, key: &[u8]) -> OVCU64 {
     |               ^^^^^^^^^^^^^^^^^
     |
     = note: `#[warn(dead_code)]` (part of `#[warn(unused)]`) on by default

warning: `es` (lib) generated 10 warnings (run `cargo fix --lib -p es` to apply 9 suggestions)
    Finished `release` profile [optimized] target(s) in 0.20s
     Running `target/release/examples/gen_sort_cli -n Exp1.1_RunGen40_Merge24_Mem2GB -i ./datasets/gensort_200GiB.data --run-gen-threads 40 --merge-threads 24 --run-size-mb 51.20 --merge-fanin 1365 --warmup-runs 1 --benchmark-runs 3 --cooldown-seconds 30 --dir logs/resource_bench_2025-12-15_13-14-23/Exp1.1_RunGen40_Merge24_Mem2GB_tmp`

=== BENCHMARK MODE ===
GenSort file: "./datasets/gensort_200GiB.data"
Total entries: 2147483648
Estimated data size: 204800.00 MB
Run generation threads: 40
Use OVC: true
Run size (MB): 51.20
Run generation memory (MB): 2048.0
Merge threads: 24
Merge fan-in: 1365
Merge memory (MB): 2047.5
Sketch type: kll
Sketch size: 200
Run indexing interval: 1000
Temporary directory: "logs/resource_bench_2025-12-15_13-14-23/Exp1.1_RunGen40_Merge24_Mem2GB_tmp"
Warmup runs: 1
Runs per configuration: 3
Cooldown between runs (s): 30
Verify output: false

Running benchmark for config: Exp1.1_RunGen40_Merge24_Mem2GB
Parameters: Run Gen Threads: 40, Use OVC: true, Run Size: 51.20 MB, Run Gen Memory: 2048.0 MB, Merge Threads: 24, Merge Fanin: 1365, Merge Memory: 2047.5 MB, Imbalance Factor: 1.0
================================================================================
  Performing 1 warmup run(s)...
    Warmup 1/1: Starting sort with 40 parallel scanners for run generation
Run gen thread 37 442415 ms, 51 runs generated
Run gen thread 0 442862 ms, 51 runs generated
Run gen thread 14 442891 ms, 51 runs generated
Run gen thread 21 443069 ms, 51 runs generated
Run gen thread 15 443386 ms, 51 runs generated
Run gen thread 24 443402 ms, 51 runs generated
Run gen thread 31 443829 ms, 51 runs generated
Run gen thread 36 444148 ms, 51 runs generated
Run gen thread 2 444406 ms, 51 runs generated
Run gen thread 38 444488 ms, 51 runs generated
Run gen thread 8 445068 ms, 51 runs generated
Run gen thread 12 445169 ms, 51 runs generated
Run gen thread 17 445265 ms, 51 runs generated
Run gen thread 18 445304 ms, 51 runs generated
Run gen thread 5 445599 ms, 51 runs generated
Run gen thread 35 445911 ms, 51 runs generated
Run gen thread 13 446191 ms, 51 runs generated
Run gen thread 25 446428 ms, 51 runs generated
Run gen thread 11 446920 ms, 51 runs generated
Run gen thread 20 446940 ms, 51 runs generated
Run gen thread 32 446963 ms, 51 runs generated
Run gen thread 34 447020 ms, 51 runs generated
Run gen thread 16 447131 ms, 51 runs generated
Run gen thread 9 447135 ms, 51 runs generated
Run gen thread 39 447525 ms, 51 runs generated
Run gen thread 19 447771 ms, 51 runs generated
Run gen thread 3 447882 ms, 51 runs generated
Run gen thread 26 447967 ms, 51 runs generated
Run gen thread 27 447968 ms, 51 runs generated
Run gen thread 33 448170 ms, 51 runs generated
Run gen thread 6 448283 ms, 51 runs generated
Run gen thread 7 448375 ms, 51 runs generated
Run gen thread 23 448382 ms, 51 runs generated
Run gen thread 1 449015 ms, 51 runs generated
Run gen thread 10 449344 ms, 51 runs generated
Run gen thread 4 449372 ms, 51 runs generated
Run gen thread 30 449483 ms, 51 runs generated
Run gen thread 28 449762 ms, 51 runs generated
Run gen thread 22 449779 ms, 51 runs generated
Run gen thread 29 449806 ms, 51 runs generated
Generated 2040 runs in 449938 ms
Multi-level merge: 2729 runs (including 689 dummies), F=1365, expected 2 merge operations
Merging 1365 runs using 24 threads
Merge phase took 146819 ms | Merged 682508037 entries across 24 runs | Thread timing: min=123705 ms, max=146816 ms | Partition sizes: imbalance=1.14x
Merge 1/2: merging 1365 shortest runs (682508037 total entries)
Merging 1365 runs using 24 threads
Merge phase took 465843 ms | Merged 2147483648 entries across 24 runs | Thread timing: min=389112 ms, max=465841 ms | Partition sizes: imbalance=1.14x
Merge 2/2: merging 1365 shortest runs (2147483648 total entries)
1062.60s
  Warmup complete.

  Run 1/3: Starting sort with 40 parallel scanners for run generation
Run gen thread 13 431530 ms, 51 runs generated
Run gen thread 8 433388 ms, 51 runs generated
Run gen thread 21 434113 ms, 51 runs generated
Run gen thread 36 434105 ms, 51 runs generated
Run gen thread 11 434756 ms, 51 runs generated
Run gen thread 9 435253 ms, 51 runs generated
Run gen thread 12 435633 ms, 51 runs generated
Run gen thread 22 435781 ms, 51 runs generated
Run gen thread 27 435871 ms, 51 runs generated
Run gen thread 2 436050 ms, 51 runs generated
Run gen thread 39 436766 ms, 51 runs generated
Run gen thread 24 436806 ms, 51 runs generated
Run gen thread 23 436999 ms, 51 runs generated
Run gen thread 37 437137 ms, 51 runs generated
Run gen thread 18 437427 ms, 51 runs generated
Run gen thread 33 438318 ms, 51 runs generated
Run gen thread 20 438639 ms, 51 runs generated
Run gen thread 15 438695 ms, 51 runs generated
Run gen thread 6 438708 ms, 51 runs generated
Run gen thread 5 438725 ms, 51 runs generated
Run gen thread 0 439025 ms, 51 runs generated
Run gen thread 7 439325 ms, 51 runs generated
Run gen thread 14 439404 ms, 51 runs generated
Run gen thread 1 439725 ms, 51 runs generated
Run gen thread 17 439731 ms, 51 runs generated
Run gen thread 26 439958 ms, 51 runs generated
Run gen thread 38 440093 ms, 51 runs generated
Run gen thread 28 440247 ms, 51 runs generated
Run gen thread 3 440289 ms, 51 runs generated
Run gen thread 19 440336 ms, 51 runs generated
Run gen thread 35 440388 ms, 51 runs generated
Run gen thread 10 440613 ms, 51 runs generated
Run gen thread 25 440649 ms, 51 runs generated
Run gen thread 31 440656 ms, 51 runs generated
Run gen thread 16 440760 ms, 51 runs generated
Run gen thread 29 440799 ms, 51 runs generated
Run gen thread 32 441346 ms, 51 runs generated
Run gen thread 4 441708 ms, 51 runs generated
Run gen thread 34 441742 ms, 51 runs generated
Run gen thread 30 441836 ms, 51 runs generated
Generated 2040 runs in 442982 ms
Multi-level merge: 2729 runs (including 689 dummies), F=1365, expected 2 merge operations
Merging 1365 runs using 24 threads
Merge phase took 150255 ms | Merged 682508037 entries across 24 runs | Thread timing: min=130006 ms, max=150254 ms | Partition sizes: imbalance=1.13x
Merge 1/2: merging 1365 shortest runs (682508037 total entries)
Merging 1365 runs using 24 threads
Merge phase took 466285 ms | Merged 2147483648 entries across 24 runs | Thread timing: min=404892 ms, max=466283 ms | Partition sizes: imbalance=1.13x
Merge 2/2: merging 1365 shortest runs (2147483648 total entries)
SortStats:
  Number of runs: 2040
  (R) time: 442982 ms
  (R) breakdown: load=0 ms, sort=438333 ms, store=0 ms
  (R) I/O stats: I/O Stats: Read Ops: 3276839, Read Bytes: 214750920704, Write Ops: 3801120, Write Bytes: 249108107776
  (M) time: 616540 ms
  Read amplification:
    Run generation writes: 249108107776 bytes (232.00 GB)
    Merge phase reads: 334247866880 bytes (311.29 GB)
    Read amplification factor: 1.34x
    Excess reads: 34.2% (sparse indexing overhead)
  Thread timing (merge pass 1):
    Min thread time: 130006 ms
    Max thread time: 150254 ms
    Avg thread time: 143408 ms
    Time imbalance factor (max/avg): 1.05x
    Thread times: [130006, 147835, 139639, 145034, 146361, 145462, 139210, 144034, 144951, 148164, 145711, 144043, 150254, 135666, 148663, 136945, 147928, 137284, 146683, 142839, 142786, 147080, 137463, 147744]
  Thread timing (merge pass 2):
    Min thread time: 404892 ms
    Max thread time: 466283 ms
    Avg thread time: 443669 ms
    Time imbalance factor (max/avg): 1.05x
    Thread times: [404892, 457262, 426174, 452196, 452598, 453236, 427049, 446424, 454254, 453898, 451805, 440304, 466283, 416661, 459560, 430388, 455521, 428989, 455446, 442847, 435368, 450014, 431240, 455657]
  Multi-level merge details:
    Total merge passes: 2
    Merge pass 1:
      Time: 150255 ms
      Output runs: 24
      I/O: read=77385.79 MiB, write=75503.29 MiB
      Partitions: 24, imbalance: 1.13x
    Merge pass 2:
      Time: 466285 ms
      Output runs: 24
      I/O: read=241377.82 MiB, write=237567.96 MiB
      Partitions: 24, imbalance: 1.13x

1059.52s

  Cooling down for 30s before next run...
  Run 2/3: Starting sort with 40 parallel scanners for run generation
Run gen thread 23 424781 ms, 51 runs generated
Run gen thread 14 425626 ms, 51 runs generated
Run gen thread 22 426046 ms, 51 runs generated
Run gen thread 10 426217 ms, 51 runs generated
Run gen thread 18 427296 ms, 51 runs generated
Run gen thread 17 428557 ms, 51 runs generated
Run gen thread 33 429010 ms, 51 runs generated
Run gen thread 4 429024 ms, 51 runs generated
Run gen thread 15 429298 ms, 51 runs generated
Run gen thread 28 429777 ms, 51 runs generated
Run gen thread 2 429830 ms, 51 runs generated
Run gen thread 21 430150 ms, 51 runs generated
Run gen thread 39 431038 ms, 51 runs generated
Run gen thread 7 431079 ms, 51 runs generated
Run gen thread 8 431253 ms, 51 runs generated
Run gen thread 31 431421 ms, 51 runs generated
Run gen thread 24 431556 ms, 51 runs generated
Run gen thread 5 431558 ms, 51 runs generated
Run gen thread 1 431742 ms, 51 runs generated
Run gen thread 25 431787 ms, 51 runs generated
Run gen thread 16 432229 ms, 51 runs generated
Run gen thread 20 432407 ms, 51 runs generated
Run gen thread 35 432409 ms, 51 runs generated
Run gen thread 30 432901 ms, 51 runs generated
Run gen thread 9 433105 ms, 51 runs generated
Run gen thread 3 433504 ms, 51 runs generated
Run gen thread 12 433529 ms, 51 runs generated
Run gen thread 37 433684 ms, 51 runs generated
Run gen thread 13 433700 ms, 51 runs generated
Run gen thread 29 433739 ms, 51 runs generated
Run gen thread 11 433758 ms, 51 runs generated
Run gen thread 32 433847 ms, 51 runs generated
Run gen thread 6 433902 ms, 51 runs generated
Run gen thread 34 434013 ms, 51 runs generated
Run gen thread 0 434051 ms, 51 runs generated
Run gen thread 19 434254 ms, 51 runs generated
Run gen thread 38 434360 ms, 51 runs generated
Run gen thread 26 434481 ms, 51 runs generated
Run gen thread 27 434678 ms, 51 runs generated
Run gen thread 36 434863 ms, 51 runs generated
Generated 2040 runs in 434981 ms
Multi-level merge: 2729 runs (including 689 dummies), F=1365, expected 2 merge operations
Merging 1365 runs using 24 threads
Merge phase took 159392 ms | Merged 682508037 entries across 24 runs | Thread timing: min=143040 ms, max=159391 ms | Partition sizes: imbalance=1.09x
Merge 1/2: merging 1365 shortest runs (682508037 total entries)
Merging 1365 runs using 24 threads
Merge phase took 460731 ms | Merged 2147483648 entries across 24 runs | Thread timing: min=406736 ms, max=460728 ms | Partition sizes: imbalance=1.09x
Merge 2/2: merging 1365 shortest runs (2147483648 total entries)
SortStats:
  Number of runs: 2040
  (R) time: 434981 ms
  (R) breakdown: load=0 ms, sort=431511 ms, store=0 ms
  (R) I/O stats: I/O Stats: Read Ops: 3276839, Read Bytes: 214750920704, Write Ops: 3801120, Write Bytes: 249108107776
  (M) time: 620123 ms
  Read amplification:
    Run generation writes: 249108107776 bytes (232.00 GB)
    Merge phase reads: 334223601152 bytes (311.27 GB)
    Read amplification factor: 1.34x
    Excess reads: 34.2% (sparse indexing overhead)
  Thread timing (merge pass 1):
    Min thread time: 143040 ms
    Max thread time: 159391 ms
    Avg thread time: 153988 ms
    Time imbalance factor (max/avg): 1.04x
    Thread times: [143040, 155555, 155693, 155360, 157238, 153710, 157427, 145681, 149103, 159391, 152866, 155252, 152624, 157837, 154596, 152900, 157591, 155952, 150395, 158069, 146162, 156982, 157844, 154441]
  Thread timing (merge pass 2):
    Min thread time: 406736 ms
    Max thread time: 460728 ms
    Avg thread time: 444984 ms
    Time imbalance factor (max/avg): 1.04x
    Thread times: [406736, 453099, 448586, 445519, 447822, 438052, 457227, 424315, 434122, 460728, 451379, 449469, 443757, 457280, 444582, 443649, 458397, 452624, 435327, 458025, 413662, 454373, 458333, 442543]
  Multi-level merge details:
    Total merge passes: 2
    Merge pass 1:
      Time: 159392 ms
      Output runs: 24
      I/O: read=77373.41 MiB, write=75503.28 MiB
      Partitions: 24, imbalance: 1.09x
    Merge pass 2:
      Time: 460731 ms
      Output runs: 24
      I/O: read=241367.05 MiB, write=237567.96 MiB
      Partitions: 24, imbalance: 1.09x

1055.10s

  Cooling down for 30s before next run...
  Run 3/3: Starting sort with 40 parallel scanners for run generation
Run gen thread 35 419942 ms, 51 runs generated
Run gen thread 37 420953 ms, 51 runs generated
Run gen thread 23 421677 ms, 51 runs generated
Run gen thread 34 423284 ms, 51 runs generated
Run gen thread 36 424115 ms, 51 runs generated
Run gen thread 22 424406 ms, 51 runs generated
Run gen thread 6 424707 ms, 51 runs generated
Run gen thread 33 425135 ms, 51 runs generated
Run gen thread 21 426399 ms, 51 runs generated
Run gen thread 9 426566 ms, 51 runs generated
Run gen thread 1 426795 ms, 51 runs generated
Run gen thread 20 426920 ms, 51 runs generated
Run gen thread 27 427235 ms, 51 runs generated
Run gen thread 39 427400 ms, 51 runs generated
Run gen thread 8 427676 ms, 51 runs generated
Run gen thread 28 427916 ms, 51 runs generated
Run gen thread 13 428290 ms, 51 runs generated
Run gen thread 25 428475 ms, 51 runs generated
Run gen thread 29 428477 ms, 51 runs generated
Run gen thread 18 428766 ms, 51 runs generated
Run gen thread 10 428887 ms, 51 runs generated
Run gen thread 15 429032 ms, 51 runs generated
Run gen thread 12 429104 ms, 51 runs generated
Run gen thread 11 429187 ms, 51 runs generated
Run gen thread 31 429377 ms, 51 runs generated
Run gen thread 19 429853 ms, 51 runs generated
Run gen thread 38 429924 ms, 51 runs generated
Run gen thread 16 430126 ms, 51 runs generated
Run gen thread 26 430186 ms, 51 runs generated
Run gen thread 24 430707 ms, 51 runs generated
Run gen thread 30 431088 ms, 51 runs generated
Run gen thread 7 431148 ms, 51 runs generated
Run gen thread 3 431289 ms, 51 runs generated
Run gen thread 0 431473 ms, 51 runs generated
Run gen thread 5 431566 ms, 51 runs generated
Run gen thread 4 431695 ms, 51 runs generated
Run gen thread 17 431752 ms, 51 runs generated
Run gen thread 14 432069 ms, 51 runs generated
Run gen thread 2 432248 ms, 51 runs generated
Run gen thread 32 432345 ms, 51 runs generated
Generated 2040 runs in 432676 ms
Multi-level merge: 2729 runs (including 689 dummies), F=1365, expected 2 merge operations
Merging 1365 runs using 24 threads
Merge phase took 149598 ms | Merged 682508037 entries across 24 runs | Thread timing: min=127110 ms, max=149596 ms | Partition sizes: imbalance=1.14x
Merge 1/2: merging 1365 shortest runs (682508037 total entries)
Merging 1365 runs using 24 threads
Merge phase took 471602 ms | Merged 2147483648 entries across 24 runs | Thread timing: min=398058 ms, max=471597 ms | Partition sizes: imbalance=1.14x
Merge 2/2: merging 1365 shortest runs (2147483648 total entries)
SortStats:
  Number of runs: 2040
  (R) time: 432676 ms
  (R) breakdown: load=0 ms, sort=428204 ms, store=0 ms
  (R) I/O stats: I/O Stats: Read Ops: 3276839, Read Bytes: 214750920704, Write Ops: 3801120, Write Bytes: 249108107776
  (M) time: 621200 ms
  Read amplification:
    Run generation writes: 249108107776 bytes (232.00 GB)
    Merge phase reads: 334238490112 bytes (311.28 GB)
    Read amplification factor: 1.34x
    Excess reads: 34.2% (sparse indexing overhead)
  Thread timing (merge pass 1):
    Min thread time: 127110 ms
    Max thread time: 149596 ms
    Avg thread time: 141388 ms
    Time imbalance factor (max/avg): 1.06x
    Thread times: [142802, 147219, 127110, 144455, 148958, 128107, 143064, 147830, 132759, 146801, 136541, 147427, 143568, 142550, 139663, 144290, 137296, 149596, 137412, 140207, 143343, 141755, 148297, 132265]
  Thread timing (merge pass 2):
    Min thread time: 398058 ms
    Max thread time: 471597 ms
    Avg thread time: 444379 ms
    Time imbalance factor (max/avg): 1.06x
    Thread times: [454468, 459810, 398058, 449880, 468041, 409690, 451225, 462107, 411208, 463825, 427820, 465297, 455796, 447498, 438195, 450266, 432552, 471597, 433737, 439201, 451289, 440733, 467035, 415769]
  Multi-level merge details:
    Total merge passes: 2
    Merge pass 1:
      Time: 149598 ms
      Output runs: 24
      I/O: read=77380.23 MiB, write=75503.29 MiB
      Partitions: 24, imbalance: 1.14x
    Merge pass 2:
      Time: 471602 ms
      Output runs: 24
      I/O: read=241374.44 MiB, write=237567.96 MiB
      Partitions: 24, imbalance: 1.14x

1053.88s


================================================================================================================================================================
Benchmark Results Summary
================================================================================================================================================================
Config               Run Size   RG Runs    Gen Thr    Merge Thr  Total (s)  RunGen (s)   Merge (s)  Entries      Throughput       Read MB    Write MB  
                     (MB)                                                                                        (M entries/s)                         
----------------------------------------------------------------------------------------------------------------------------------------------------------------
Exp1.1_RunGen40_Merge24_Mem2GB[1] 51.2       2040       40         24         1059.52      442.98     616.54     2147483648   2.03             523566.0   550639.2  
Exp1.1_RunGen40_Merge24_Mem2GB[2] 51.2       2040       40         24         1055.10      434.98     620.12     2147483648   2.04             523542.9   550639.2  
Exp1.1_RunGen40_Merge24_Mem2GB[3] 51.2       2040       40         24         1053.88      432.68     621.20     2147483648   2.04             523557.1   550639.2  
Exp1.1_RunGen40_Merge24_Mem2GB[avg] 51.2       2040       40         24         1056.17      436.88     619.29     2147483648   2.03             523555.3   550639.2  
================================================================================================================================================================

================================================================================================================================================================
Merge Operations Summary (showing last 2 of 2 merge passes)
================================================================================================================================================================
Config               M1PAvg     M1PMax     M1Imbal    M1Slow       M1Fast       M2PAvg     M2PMax     M2Imbal    M2Slow       M2Fast      
----------------------------------------------------------------------------------------------------------------------------------------------------------------
Exp1.1_RunGen40_Merge24_Mem2GB[1] 28437834   32143545   1.13       150.25       150.25       89478485   101129696  1.13       466.29       466.29      
Exp1.1_RunGen40_Merge24_Mem2GB[2] 28437834   31096334   1.09       159.39       159.39       89478485   97847682   1.09       460.73       460.73      
Exp1.1_RunGen40_Merge24_Mem2GB[3] 28437834   32378460   1.14       149.60       149.60       89478485   101869250  1.14       471.60       471.60      
----------------------------------------------------------------------------------------------------------------------------------------------------------------
Exp1.1_RunGen40_Merge24_Mem2GB[avg] 28437834   31872779   1.12       159.39       149.60       89478485   100282209  1.12       471.60       460.73      
================================================================================================================================================================

================================================================================================================================================================
Detailed I/O Statistics
================================================================================================================================================================
Config               RG Read MB   RG Write MB  M1Read MB    M1Write MB   M2Read MB    M2Write MB  
----------------------------------------------------------------------------------------------------------------------------------------------------------------
Exp1.1_RunGen40_Merge24_Mem2GB[1] 204802.4     237568.0     77385.8      75503.3      241377.8     237568.0    
Exp1.1_RunGen40_Merge24_Mem2GB[2] 204802.4     237568.0     77373.4      75503.3      241367.0     237568.0    
Exp1.1_RunGen40_Merge24_Mem2GB[3] 204802.4     237568.0     77380.2      75503.3      241374.4     237568.0    
----------------------------------------------------------------------------------------------------------------------------------------------------------------
Exp1.1_RunGen40_Merge24_Mem2GB[avg] 204802.4     237568.0     77379.8      75503.3      241373.1     237568.0    
================================================================================================================================================================

====================================================================================================
Run Generation Time Breakdown
====================================================================================================
Config               RG Total s   Load s       Sort s       Store s     
----------------------------------------------------------------------------------------------------
Exp1.1_RunGen40_Merge24_Mem2GB[1] 442.98       0            438.333      0           
Exp1.1_RunGen40_Merge24_Mem2GB[2] 434.98       0            431.511      0           
Exp1.1_RunGen40_Merge24_Mem2GB[3] 432.68       0            428.204      0           
----------------------------------------------------------------------------------------------------
Exp1.1_RunGen40_Merge24_Mem2GB[avg] 436.88       0.00         432.68       0.00        
====================================================================================================
