warning: unused imports: `SeedableRng` and `rngs::SmallRng`
 --> src/fastzipf.rs:2:12
  |
2 | use rand::{SeedableRng, rngs::SmallRng};
  |            ^^^^^^^^^^^  ^^^^^^^^^^^^^^
  |
  = note: `#[warn(unused_imports)]` (part of `#[warn(unused)]`) on by default

warning: unused import: `std::fmt`
 --> src/sketch/reservoir_sampler.rs:6:5
  |
6 | use std::fmt;
  |     ^^^^^^^^

warning: unused import: `crate::sketch::kll::KLL`
   --> src/sketch/reservoir_sampler.rs:190:9
    |
190 |     use crate::sketch::kll::KLL;
    |         ^^^^^^^^^^^^^^^^^^^^^^^

warning: unused import: `super::*`
   --> src/sketch/reservoir_sampler.rs:192:9
    |
192 |     use super::*;
    |         ^^^^^^^^

warning: unused import: `std::collections::HashMap`
   --> src/sketch/mod.rs:226:9
    |
226 |     use std::collections::HashMap;
    |         ^^^^^^^^^^^^^^^^^^^^^^^^^

warning: unused import: `super::kll::*`
   --> src/sketch/mod.rs:228:9
    |
228 |     use super::kll::*;
    |         ^^^^^^^^^^^^^

warning: unused import: `super::reservoir_sampler::*`
   --> src/sketch/mod.rs:229:9
    |
229 |     use super::reservoir_sampler::*;
    |         ^^^^^^^^^^^^^^^^^^^^^^^^^^^

warning: unused import: `super::*`
   --> src/sketch/mod.rs:230:9
    |
230 |     use super::*;
    |         ^^^^^^^^

warning: unused import: `Duration`
 --> src/sort/core/engine.rs:4:17
  |
4 | use std::time::{Duration, Instant, SystemTime, UNIX_EPOCH};
  |                 ^^^^^^^^

warning: function `compute_ovc_delta` is never used
    --> src/ovc/offset_value_coding.rs:1136:15
     |
1136 | pub(crate) fn compute_ovc_delta(prev_key: Option<&[u8]>, key: &[u8]) -> OVCU64 {
     |               ^^^^^^^^^^^^^^^^^
     |
     = note: `#[warn(dead_code)]` (part of `#[warn(unused)]`) on by default

warning: `es` (lib) generated 10 warnings (run `cargo fix --lib -p es` to apply 9 suggestions)
    Finished `release` profile [optimized] target(s) in 0.20s
     Running `target/release/examples/gen_sort_cli -n Exp1.2_RunGen4_Merge40_Mem2GB -i ./datasets/gensort_200GiB.data --run-gen-threads 4 --merge-threads 40 --run-size-mb 51.20 --merge-fanin 819 --warmup-runs 1 --benchmark-runs 3 --cooldown-seconds 30 --dir logs/resource_bench_2025-12-15_13-14-23/Exp1.2_RunGen4_Merge40_Mem2GB_tmp`

=== BENCHMARK MODE ===
GenSort file: "./datasets/gensort_200GiB.data"
Total entries: 2147483648
Estimated data size: 204800.00 MB
Run generation threads: 4
Use OVC: true
Run size (MB): 51.20
Run generation memory (MB): 204.8
Merge threads: 40
Merge fan-in: 819
Merge memory (MB): 2047.5
Sketch type: kll
Sketch size: 200
Run indexing interval: 1000
Temporary directory: "logs/resource_bench_2025-12-15_13-14-23/Exp1.2_RunGen4_Merge40_Mem2GB_tmp"
Warmup runs: 1
Runs per configuration: 3
Cooldown between runs (s): 30
Verify output: false

Running benchmark for config: Exp1.2_RunGen4_Merge40_Mem2GB
Parameters: Run Gen Threads: 4, Use OVC: true, Run Size: 51.20 MB, Run Gen Memory: 204.8 MB, Merge Threads: 40, Merge Fanin: 819, Merge Memory: 2047.5 MB, Imbalance Factor: 1.0
================================================================================
  Performing 1 warmup run(s)...
    Warmup 1/1: Starting sort with 4 parallel scanners for run generation
Run gen thread 2 1187088 ms, 501 runs generated
Run gen thread 3 1201712 ms, 501 runs generated
Run gen thread 0 1203624 ms, 501 runs generated
Run gen thread 1 1204622 ms, 501 runs generated
Generated 2004 runs in 1204630 ms
Multi-level merge: 2455 runs (including 451 dummies), F=819, expected 3 merge operations
Merging 819 runs using 40 threads
Merge phase took 84023 ms | Merged 390499286 entries across 40 runs | Thread timing: min=46057 ms, max=84021 ms | Partition sizes: imbalance=1.46x
Merge 1/3: merging 819 shortest runs (390499286 total entries)
Merging 819 runs using 40 threads
Merge phase took 203207 ms | Merged 879200647 entries across 40 runs | Thread timing: min=121288 ms, max=203206 ms | Partition sizes: imbalance=1.46x
Merge 2/3: merging 819 shortest runs (879200647 total entries)
Merging 819 runs using 40 threads
Merge phase took 470412 ms | Merged 2147483648 entries across 40 runs | Thread timing: min=255642 ms, max=470406 ms | Partition sizes: imbalance=1.46x
Merge 3/3: merging 819 shortest runs (2147483648 total entries)
1962.27s
  Warmup complete.

  Run 1/3: Starting sort with 4 parallel scanners for run generation
Run gen thread 2 1181225 ms, 501 runs generated
Run gen thread 1 1192107 ms, 501 runs generated
Run gen thread 3 1194389 ms, 501 runs generated
Run gen thread 0 1227402 ms, 501 runs generated
Generated 2004 runs in 1227438 ms
Multi-level merge: 2455 runs (including 451 dummies), F=819, expected 3 merge operations
Merging 819 runs using 40 threads
Merge phase took 82120 ms | Merged 390499286 entries across 40 runs | Thread timing: min=61309 ms, max=82118 ms | Partition sizes: imbalance=1.23x
Merge 1/3: merging 819 shortest runs (390499286 total entries)
Merging 819 runs using 40 threads
Merge phase took 199957 ms | Merged 879200647 entries across 40 runs | Thread timing: min=154563 ms, max=199955 ms | Partition sizes: imbalance=1.23x
Merge 2/3: merging 819 shortest runs (879200647 total entries)
Merging 819 runs using 40 threads
Merge phase took 453497 ms | Merged 2147483648 entries across 40 runs | Thread timing: min=339898 ms, max=453490 ms | Partition sizes: imbalance=1.23x
Merge 3/3: merging 819 shortest runs (2147483648 total entries)
SortStats:
  Number of runs: 2004
  (R) time: 1227438 ms
  (R) breakdown: load=0 ms, sort=1198780 ms, store=0 ms
  (R) I/O stats: I/O Stats: Read Ops: 3276800, Read Bytes: 214748364800, Write Ops: 3801088, Write Bytes: 249108103168
  (M) time: 735574 ms
  Read amplification:
    Run generation writes: 249108103168 bytes (232.00 GB)
    Merge phase reads: 406149804032 bytes (378.26 GB)
    Read amplification factor: 1.63x
    Excess reads: 63.0% (sparse indexing overhead)
  Thread timing (merge pass 1):
    Min thread time: 61309 ms
    Max thread time: 82118 ms
    Avg thread time: 75972 ms
    Time imbalance factor (max/avg): 1.08x
  Thread timing (merge pass 2):
    Min thread time: 154563 ms
    Max thread time: 199955 ms
    Avg thread time: 185793 ms
    Time imbalance factor (max/avg): 1.08x
  Thread timing (merge pass 3):
    Min thread time: 339898 ms
    Max thread time: 453490 ms
    Avg thread time: 419844 ms
    Time imbalance factor (max/avg): 1.08x
  Multi-level merge details:
    Total merge passes: 3
    Merge pass 1:
      Time: 82120 ms
      Output runs: 40
      I/O: read=44911.62 MiB, write=43199.47 MiB
      Partitions: 40, imbalance: 1.23x
    Merge pass 2:
      Time: 199957 ms
      Output runs: 40
      I/O: read=101063.69 MiB, write=97262.65 MiB
      Partitions: 40, imbalance: 1.23x
    Merge pass 3:
      Time: 453497 ms
      Output runs: 40
      I/O: read=241359.32 MiB, write=237567.96 MiB
      Partitions: 40, imbalance: 1.23x

1963.01s

  Cooling down for 30s before next run...
  Run 2/3: Starting sort with 4 parallel scanners for run generation
Run gen thread 1 1127655 ms, 501 runs generated
Run gen thread 3 1127669 ms, 501 runs generated
Run gen thread 0 1131950 ms, 501 runs generated
Run gen thread 2 1150868 ms, 501 runs generated
Generated 2004 runs in 1150931 ms
Multi-level merge: 2455 runs (including 451 dummies), F=819, expected 3 merge operations
Merging 819 runs using 40 threads
Merge phase took 81541 ms | Merged 390499286 entries across 40 runs | Thread timing: min=56447 ms, max=81530 ms | Partition sizes: imbalance=1.29x
Merge 1/3: merging 819 shortest runs (390499286 total entries)
Merging 819 runs using 40 threads
Merge phase took 197096 ms | Merged 879200647 entries across 40 runs | Thread timing: min=139263 ms, max=197094 ms | Partition sizes: imbalance=1.29x
Merge 2/3: merging 819 shortest runs (879200647 total entries)
Merging 819 runs using 40 threads
Merge phase took 455112 ms | Merged 2147483648 entries across 40 runs | Thread timing: min=318066 ms, max=455105 ms | Partition sizes: imbalance=1.29x
Merge 3/3: merging 819 shortest runs (2147483648 total entries)
SortStats:
  Number of runs: 2004
  (R) time: 1150931 ms
  (R) breakdown: load=0 ms, sort=1134535 ms, store=0 ms
  (R) I/O stats: I/O Stats: Read Ops: 3276800, Read Bytes: 214748364800, Write Ops: 3801088, Write Bytes: 249108103168
  (M) time: 733749 ms
  Read amplification:
    Run generation writes: 249108103168 bytes (232.00 GB)
    Merge phase reads: 406245707776 bytes (378.35 GB)
    Read amplification factor: 1.63x
    Excess reads: 63.1% (sparse indexing overhead)
  Thread timing (merge pass 1):
    Min thread time: 56447 ms
    Max thread time: 81530 ms
    Avg thread time: 74413 ms
    Time imbalance factor (max/avg): 1.10x
  Thread timing (merge pass 2):
    Min thread time: 139263 ms
    Max thread time: 197094 ms
    Avg thread time: 180222 ms
    Time imbalance factor (max/avg): 1.09x
  Thread timing (merge pass 3):
    Min thread time: 318066 ms
    Max thread time: 455105 ms
    Avg thread time: 415998 ms
    Time imbalance factor (max/avg): 1.09x
  Multi-level merge details:
    Total merge passes: 3
    Merge pass 1:
      Time: 81541 ms
      Output runs: 40
      I/O: read=44926.44 MiB, write=43199.47 MiB
      Partitions: 40, imbalance: 1.29x
    Merge pass 2:
      Time: 197096 ms
      Output runs: 40
      I/O: read=101101.38 MiB, write=97262.65 MiB
      Partitions: 40, imbalance: 1.29x
    Merge pass 3:
      Time: 455112 ms
      Output runs: 40
      I/O: read=241398.29 MiB, write=237567.96 MiB
      Partitions: 40, imbalance: 1.29x

1884.68s

  Cooling down for 30s before next run...
  Run 3/3: Starting sort with 4 parallel scanners for run generation
Run gen thread 0 1193722 ms, 501 runs generated
Run gen thread 2 1194135 ms, 501 runs generated
Run gen thread 1 1202380 ms, 501 runs generated
Run gen thread 3 1218025 ms, 501 runs generated
Generated 2004 runs in 1218045 ms
Multi-level merge: 2455 runs (including 451 dummies), F=819, expected 3 merge operations
Merging 819 runs using 40 threads
Merge phase took 88783 ms | Merged 390499286 entries across 40 runs | Thread timing: min=61063 ms, max=88779 ms | Partition sizes: imbalance=1.22x
Merge 1/3: merging 819 shortest runs (390499286 total entries)
Merging 819 runs using 40 threads
Merge phase took 194510 ms | Merged 879200647 entries across 40 runs | Thread timing: min=131525 ms, max=194504 ms | Partition sizes: imbalance=1.23x
Merge 2/3: merging 819 shortest runs (879200647 total entries)
Merging 819 runs using 40 threads
Merge phase took 453948 ms | Merged 2147483648 entries across 40 runs | Thread timing: min=300045 ms, max=453939 ms | Partition sizes: imbalance=1.23x
Merge 3/3: merging 819 shortest runs (2147483648 total entries)
SortStats:
  Number of runs: 2004
  (R) time: 1218045 ms
  (R) breakdown: load=0 ms, sort=1202065 ms, store=0 ms
  (R) I/O stats: I/O Stats: Read Ops: 3276800, Read Bytes: 214748364800, Write Ops: 3801088, Write Bytes: 249108103168
  (M) time: 737241 ms
  Read amplification:
    Run generation writes: 249108103168 bytes (232.00 GB)
    Merge phase reads: 406147039232 bytes (378.25 GB)
    Read amplification factor: 1.63x
    Excess reads: 63.0% (sparse indexing overhead)
  Thread timing (merge pass 1):
    Min thread time: 61063 ms
    Max thread time: 88779 ms
    Avg thread time: 82441 ms
    Time imbalance factor (max/avg): 1.08x
  Thread timing (merge pass 2):
    Min thread time: 131525 ms
    Max thread time: 194504 ms
    Avg thread time: 180005 ms
    Time imbalance factor (max/avg): 1.08x
  Thread timing (merge pass 3):
    Min thread time: 300045 ms
    Max thread time: 453939 ms
    Avg thread time: 418594 ms
    Time imbalance factor (max/avg): 1.08x
  Multi-level merge details:
    Total merge passes: 3
    Merge pass 1:
      Time: 88783 ms
      Output runs: 40
      I/O: read=44913.94 MiB, write=43199.47 MiB
      Partitions: 40, imbalance: 1.22x
    Merge pass 2:
      Time: 194510 ms
      Output runs: 40
      I/O: read=101053.12 MiB, write=97262.65 MiB
      Partitions: 40, imbalance: 1.23x
    Merge pass 3:
      Time: 453948 ms
      Output runs: 40
      I/O: read=241364.94 MiB, write=237567.96 MiB
      Partitions: 40, imbalance: 1.23x

1955.29s


================================================================================================================================================================
Benchmark Results Summary
================================================================================================================================================================
Config               Run Size   RG Runs    Gen Thr    Merge Thr  Total (s)  RunGen (s)   Merge (s)  Entries      Throughput       Read MB    Write MB  
                     (MB)                                                                                        (M entries/s)                         
----------------------------------------------------------------------------------------------------------------------------------------------------------------
Exp1.2_RunGen4_Merge40_Mem2GB[1] 51.2       2004       4          40         1963.01      1227.44    735.57     2147483648   1.09             592134.6   615598.1  
Exp1.2_RunGen4_Merge40_Mem2GB[2] 51.2       2004       4          40         1884.68      1150.93    733.75     2147483648   1.14             592226.1   615598.1  
Exp1.2_RunGen4_Merge40_Mem2GB[3] 51.2       2004       4          40         1955.29      1218.05    737.24     2147483648   1.10             592132.0   615598.1  
Exp1.2_RunGen4_Merge40_Mem2GB[avg] 51.2       2004       4          40         1934.33      1198.80    735.52     2147483648   1.11             592164.2   615598.1  
================================================================================================================================================================

================================================================================================================================================================
Merge Operations Summary (showing last 3 of 3 merge passes)
================================================================================================================================================================
Config               M1PAvg     M1PMax     M1Imbal    M1Slow       M1Fast       M2PAvg     M2PMax     M2Imbal    M2Slow       M2Fast       M3PAvg     M3PMax     M3Imbal    M3Slow       M3Fast      
----------------------------------------------------------------------------------------------------------------------------------------------------------------
Exp1.2_RunGen4_Merge40_Mem2GB[1] 9762482    12052555   1.23       82.12        82.12        21980016   27139493   1.23       199.96       199.96       53687091   66293782   1.23       453.50       453.50      
Exp1.2_RunGen4_Merge40_Mem2GB[2] 9762482    12619250   1.29       81.54        81.54        21980016   28414237   1.29       197.10       197.10       53687091   69409219   1.29       455.11       455.11      
Exp1.2_RunGen4_Merge40_Mem2GB[3] 9762482    11953531   1.22       88.78        88.78        21980016   26927472   1.23       194.51       194.51       53687091   65772073   1.23       453.95       453.95      
----------------------------------------------------------------------------------------------------------------------------------------------------------------
Exp1.2_RunGen4_Merge40_Mem2GB[avg] 9762482    12208445   1.25       88.78        81.54        21980016   27493734   1.25       199.96       194.51       53687091   67158358   1.25       455.11       453.50      
================================================================================================================================================================

================================================================================================================================================================
Detailed I/O Statistics
================================================================================================================================================================
Config               RG Read MB   RG Write MB  M1Read MB    M1Write MB   M2Read MB    M2Write MB   M3Read MB    M3Write MB  
----------------------------------------------------------------------------------------------------------------------------------------------------------------
Exp1.2_RunGen4_Merge40_Mem2GB[1] 204800.0     237568.0     44911.6      43199.5      101063.7     97262.6      241359.3     237568.0    
Exp1.2_RunGen4_Merge40_Mem2GB[2] 204800.0     237568.0     44926.4      43199.5      101101.4     97262.6      241398.3     237568.0    
Exp1.2_RunGen4_Merge40_Mem2GB[3] 204800.0     237568.0     44913.9      43199.5      101053.1     97262.6      241364.9     237568.0    
----------------------------------------------------------------------------------------------------------------------------------------------------------------
Exp1.2_RunGen4_Merge40_Mem2GB[avg] 204800.0     237568.0     44917.3      43199.5      101072.7     97262.6      241374.2     237568.0    
================================================================================================================================================================

====================================================================================================
Run Generation Time Breakdown
====================================================================================================
Config               RG Total s   Load s       Sort s       Store s     
----------------------------------------------------------------------------------------------------
Exp1.2_RunGen4_Merge40_Mem2GB[1] 1227.44      0            1198.78      0           
Exp1.2_RunGen4_Merge40_Mem2GB[2] 1150.93      0            1134.535     0           
Exp1.2_RunGen4_Merge40_Mem2GB[3] 1218.05      0            1202.065     0           
----------------------------------------------------------------------------------------------------
Exp1.2_RunGen4_Merge40_Mem2GB[avg] 1198.80      0.00         1178.46      0.00        
====================================================================================================
