warning: unused imports: `SeedableRng` and `rngs::SmallRng`
 --> src/fastzipf.rs:2:12
  |
2 | use rand::{SeedableRng, rngs::SmallRng};
  |            ^^^^^^^^^^^  ^^^^^^^^^^^^^^
  |
  = note: `#[warn(unused_imports)]` (part of `#[warn(unused)]`) on by default

warning: unused import: `std::fmt`
 --> src/sketch/reservoir_sampler.rs:6:5
  |
6 | use std::fmt;
  |     ^^^^^^^^

warning: unused import: `crate::sketch::kll::KLL`
   --> src/sketch/reservoir_sampler.rs:190:9
    |
190 |     use crate::sketch::kll::KLL;
    |         ^^^^^^^^^^^^^^^^^^^^^^^

warning: unused import: `super::*`
   --> src/sketch/reservoir_sampler.rs:192:9
    |
192 |     use super::*;
    |         ^^^^^^^^

warning: unused import: `std::collections::HashMap`
   --> src/sketch/mod.rs:226:9
    |
226 |     use std::collections::HashMap;
    |         ^^^^^^^^^^^^^^^^^^^^^^^^^

warning: unused import: `super::kll::*`
   --> src/sketch/mod.rs:228:9
    |
228 |     use super::kll::*;
    |         ^^^^^^^^^^^^^

warning: unused import: `super::reservoir_sampler::*`
   --> src/sketch/mod.rs:229:9
    |
229 |     use super::reservoir_sampler::*;
    |         ^^^^^^^^^^^^^^^^^^^^^^^^^^^

warning: unused import: `super::*`
   --> src/sketch/mod.rs:230:9
    |
230 |     use super::*;
    |         ^^^^^^^^

warning: unused import: `Duration`
 --> src/sort/core/engine.rs:4:17
  |
4 | use std::time::{Duration, Instant, SystemTime, UNIX_EPOCH};
  |                 ^^^^^^^^

warning: function `compute_ovc_delta` is never used
    --> src/ovc/offset_value_coding.rs:1136:15
     |
1136 | pub(crate) fn compute_ovc_delta(prev_key: Option<&[u8]>, key: &[u8]) -> OVCU64 {
     |               ^^^^^^^^^^^^^^^^^
     |
     = note: `#[warn(dead_code)]` (part of `#[warn(unused)]`) on by default

warning: `es` (lib) generated 10 warnings (run `cargo fix --lib -p es` to apply 9 suggestions)
    Finished `release` profile [optimized] target(s) in 0.21s
     Running `target/release/examples/gen_sort_cli -n Exp1.1_RunGen40_Merge16_Mem2GB -i ./datasets/gensort_200GiB.data --run-gen-threads 40 --merge-threads 16 --run-size-mb 51.20 --merge-fanin 2048 --warmup-runs 1 --benchmark-runs 3 --cooldown-seconds 30 --dir logs/resource_bench_2025-12-15_13-14-23/Exp1.1_RunGen40_Merge16_Mem2GB_tmp`

=== BENCHMARK MODE ===
GenSort file: "./datasets/gensort_200GiB.data"
Total entries: 2147483648
Estimated data size: 204800.00 MB
Run generation threads: 40
Use OVC: true
Run size (MB): 51.20
Run generation memory (MB): 2048.0
Merge threads: 16
Merge fan-in: 2048
Merge memory (MB): 2048.0
Sketch type: kll
Sketch size: 200
Run indexing interval: 1000
Temporary directory: "logs/resource_bench_2025-12-15_13-14-23/Exp1.1_RunGen40_Merge16_Mem2GB_tmp"
Warmup runs: 1
Runs per configuration: 3
Cooldown between runs (s): 30
Verify output: false

Running benchmark for config: Exp1.1_RunGen40_Merge16_Mem2GB
Parameters: Run Gen Threads: 40, Use OVC: true, Run Size: 51.20 MB, Run Gen Memory: 2048.0 MB, Merge Threads: 16, Merge Fanin: 2048, Merge Memory: 2048.0 MB, Imbalance Factor: 1.0
================================================================================
  Performing 1 warmup run(s)...
    Warmup 1/1: Starting sort with 40 parallel scanners for run generation
Run gen thread 31 440872 ms, 51 runs generated
Run gen thread 21 442190 ms, 51 runs generated
Run gen thread 38 442224 ms, 51 runs generated
Run gen thread 36 442961 ms, 51 runs generated
Run gen thread 13 443154 ms, 51 runs generated
Run gen thread 25 444062 ms, 51 runs generated
Run gen thread 14 444064 ms, 51 runs generated
Run gen thread 15 444469 ms, 51 runs generated
Run gen thread 23 444776 ms, 51 runs generated
Run gen thread 20 444831 ms, 51 runs generated
Run gen thread 12 444883 ms, 51 runs generated
Run gen thread 24 445378 ms, 51 runs generated
Run gen thread 19 445665 ms, 51 runs generated
Run gen thread 39 445790 ms, 51 runs generated
Run gen thread 2 446374 ms, 51 runs generated
Run gen thread 37 446631 ms, 51 runs generated
Run gen thread 16 446743 ms, 51 runs generated
Run gen thread 30 447292 ms, 51 runs generated
Run gen thread 5 447374 ms, 51 runs generated
Run gen thread 7 447401 ms, 51 runs generated
Run gen thread 18 447509 ms, 51 runs generated
Run gen thread 10 447537 ms, 51 runs generated
Run gen thread 29 447674 ms, 51 runs generated
Run gen thread 9 447812 ms, 51 runs generated
Run gen thread 22 447984 ms, 51 runs generated
Run gen thread 28 448217 ms, 51 runs generated
Run gen thread 6 448234 ms, 51 runs generated
Run gen thread 35 448258 ms, 51 runs generated
Run gen thread 0 448687 ms, 51 runs generated
Run gen thread 4 448692 ms, 51 runs generated
Run gen thread 3 448845 ms, 51 runs generated
Run gen thread 17 449118 ms, 51 runs generated
Run gen thread 11 449151 ms, 51 runs generated
Run gen thread 1 449240 ms, 51 runs generated
Run gen thread 8 449843 ms, 51 runs generated
Run gen thread 32 449874 ms, 51 runs generated
Run gen thread 27 450034 ms, 51 runs generated
Run gen thread 33 450134 ms, 51 runs generated
Run gen thread 26 450482 ms, 51 runs generated
Run gen thread 34 450617 ms, 51 runs generated
Generated 2040 runs in 450691 ms
Merging 2040 runs using 16 threads
Merge phase took 503310 ms | Merged 2147483648 entries across 16 runs | Thread timing: min=451009 ms, max=503309 ms | Partition sizes: imbalance=1.08x
954.00s
  Warmup complete.

  Run 1/3: Starting sort with 40 parallel scanners for run generation
Run gen thread 38 424688 ms, 51 runs generated
Run gen thread 36 428816 ms, 51 runs generated
Run gen thread 7 429337 ms, 51 runs generated
Run gen thread 34 429627 ms, 51 runs generated
Run gen thread 27 429964 ms, 51 runs generated
Run gen thread 22 429971 ms, 51 runs generated
Run gen thread 37 430346 ms, 51 runs generated
Run gen thread 39 431950 ms, 51 runs generated
Run gen thread 31 432065 ms, 51 runs generated
Run gen thread 32 433405 ms, 51 runs generated
Run gen thread 26 433835 ms, 51 runs generated
Run gen thread 21 434145 ms, 51 runs generated
Run gen thread 16 434310 ms, 51 runs generated
Run gen thread 12 434447 ms, 51 runs generated
Run gen thread 29 434777 ms, 51 runs generated
Run gen thread 3 435046 ms, 51 runs generated
Run gen thread 13 435221 ms, 51 runs generated
Run gen thread 24 435347 ms, 51 runs generated
Run gen thread 17 435375 ms, 51 runs generated
Run gen thread 35 435429 ms, 51 runs generated
Run gen thread 0 435435 ms, 51 runs generated
Run gen thread 4 435466 ms, 51 runs generated
Run gen thread 15 436099 ms, 51 runs generated
Run gen thread 11 436568 ms, 51 runs generated
Run gen thread 9 436580 ms, 51 runs generated
Run gen thread 1 436750 ms, 51 runs generated
Run gen thread 30 436834 ms, 51 runs generated
Run gen thread 5 436847 ms, 51 runs generated
Run gen thread 19 437058 ms, 51 runs generated
Run gen thread 6 437232 ms, 51 runs generated
Run gen thread 14 437382 ms, 51 runs generated
Run gen thread 18 437413 ms, 51 runs generated
Run gen thread 28 437506 ms, 51 runs generated
Run gen thread 8 437988 ms, 51 runs generated
Run gen thread 10 437995 ms, 51 runs generated
Run gen thread 23 438279 ms, 51 runs generated
Run gen thread 20 438383 ms, 51 runs generated
Run gen thread 33 438449 ms, 51 runs generated
Run gen thread 2 439160 ms, 51 runs generated
Run gen thread 25 439706 ms, 51 runs generated
Generated 2040 runs in 440198 ms
Merging 2040 runs using 16 threads
Merge phase took 505047 ms | Merged 2147483648 entries across 16 runs | Thread timing: min=469127 ms, max=505046 ms | Partition sizes: imbalance=1.07x
SortStats:
  Number of runs: 2040
  (R) time: 440198 ms
  (R) breakdown: load=0 ms, sort=434880 ms, store=0 ms
  (R) I/O stats: I/O Stats: Read Ops: 3276839, Read Bytes: 214750920704, Write Ops: 3801120, Write Bytes: 249108107776
  (M) time: 505047 ms
  Read amplification:
    Run generation writes: 249108107776 bytes (232.00 GB)
    Merge phase reads: 253009357824 bytes (235.63 GB)
    Read amplification factor: 1.02x
    Excess reads: 1.6% (sparse indexing overhead)
  Thread timing:
    Min thread time: 469127 ms
    Max thread time: 505046 ms
    Avg thread time: 487441 ms
    Time imbalance factor (max/avg): 1.04x
    Thread times: [494679, 473390, 489630, 469127, 495568, 481363, 505046, 484522, 500407, 488317, 484052, 483461, 489871, 501818, 476309, 481494]

945.25s

  Cooling down for 30s before next run...
  Run 2/3: Starting sort with 40 parallel scanners for run generation
Run gen thread 22 424104 ms, 51 runs generated
Run gen thread 39 426290 ms, 51 runs generated
Run gen thread 27 427010 ms, 51 runs generated
Run gen thread 35 427497 ms, 51 runs generated
Run gen thread 21 428041 ms, 51 runs generated
Run gen thread 12 428146 ms, 51 runs generated
Run gen thread 33 428486 ms, 51 runs generated
Run gen thread 7 428932 ms, 51 runs generated
Run gen thread 24 429088 ms, 51 runs generated
Run gen thread 38 429350 ms, 51 runs generated
Run gen thread 18 430634 ms, 51 runs generated
Run gen thread 5 431475 ms, 51 runs generated
Run gen thread 31 431562 ms, 51 runs generated
Run gen thread 13 431717 ms, 51 runs generated
Run gen thread 1 431846 ms, 51 runs generated
Run gen thread 11 432377 ms, 51 runs generated
Run gen thread 36 432534 ms, 51 runs generated
Run gen thread 8 432581 ms, 51 runs generated
Run gen thread 34 432628 ms, 51 runs generated
Run gen thread 20 432648 ms, 51 runs generated
Run gen thread 15 432708 ms, 51 runs generated
Run gen thread 32 433051 ms, 51 runs generated
Run gen thread 16 433115 ms, 51 runs generated
Run gen thread 30 433489 ms, 51 runs generated
Run gen thread 25 433518 ms, 51 runs generated
Run gen thread 19 433733 ms, 51 runs generated
Run gen thread 10 433758 ms, 51 runs generated
Run gen thread 26 433849 ms, 51 runs generated
Run gen thread 2 433933 ms, 51 runs generated
Run gen thread 23 434384 ms, 51 runs generated
Run gen thread 17 434437 ms, 51 runs generated
Run gen thread 3 434685 ms, 51 runs generated
Run gen thread 37 434682 ms, 51 runs generated
Run gen thread 9 434698 ms, 51 runs generated
Run gen thread 28 435050 ms, 51 runs generated
Run gen thread 14 435091 ms, 51 runs generated
Run gen thread 6 435260 ms, 51 runs generated
Run gen thread 4 435368 ms, 51 runs generated
Run gen thread 0 435503 ms, 51 runs generated
Run gen thread 29 436207 ms, 51 runs generated
Generated 2040 runs in 436470 ms
Merging 2040 runs using 16 threads
Merge phase took 504905 ms | Merged 2147483648 entries across 16 runs | Thread timing: min=468616 ms, max=504904 ms | Partition sizes: imbalance=1.08x
SortStats:
  Number of runs: 2040
  (R) time: 436470 ms
  (R) breakdown: load=0 ms, sort=432086 ms, store=0 ms
  (R) I/O stats: I/O Stats: Read Ops: 3276839, Read Bytes: 214750920704, Write Ops: 3801120, Write Bytes: 249108107776
  (M) time: 504905 ms
  Read amplification:
    Run generation writes: 249108107776 bytes (232.00 GB)
    Merge phase reads: 253007784960 bytes (235.63 GB)
    Read amplification factor: 1.02x
    Excess reads: 1.6% (sparse indexing overhead)
  Thread timing:
    Min thread time: 468616 ms
    Max thread time: 504904 ms
    Avg thread time: 486966 ms
    Time imbalance factor (max/avg): 1.04x
    Thread times: [468616, 491713, 504904, 472845, 488136, 477863, 473113, 495597, 489287, 495068, 495731, 471011, 490551, 494021, 485641, 497354]

941.38s

  Cooling down for 30s before next run...
  Run 3/3: Starting sort with 40 parallel scanners for run generation
Run gen thread 17 427124 ms, 51 runs generated
Run gen thread 7 429829 ms, 51 runs generated
Run gen thread 16 430566 ms, 51 runs generated
Run gen thread 8 432037 ms, 51 runs generated
Run gen thread 14 432327 ms, 51 runs generated
Run gen thread 21 432465 ms, 51 runs generated
Run gen thread 11 432925 ms, 51 runs generated
Run gen thread 5 433208 ms, 51 runs generated
Run gen thread 20 433521 ms, 51 runs generated
Run gen thread 35 433565 ms, 51 runs generated
Run gen thread 12 433569 ms, 51 runs generated
Run gen thread 24 434012 ms, 51 runs generated
Run gen thread 38 434489 ms, 51 runs generated
Run gen thread 10 434518 ms, 51 runs generated
Run gen thread 36 435246 ms, 51 runs generated
Run gen thread 28 435377 ms, 51 runs generated
Run gen thread 26 435406 ms, 51 runs generated
Run gen thread 23 435450 ms, 51 runs generated
Run gen thread 25 435520 ms, 51 runs generated
Run gen thread 1 435977 ms, 51 runs generated
Run gen thread 37 436068 ms, 51 runs generated
Run gen thread 31 436442 ms, 51 runs generated
Run gen thread 9 436503 ms, 51 runs generated
Run gen thread 0 436847 ms, 51 runs generated
Run gen thread 22 436949 ms, 51 runs generated
Run gen thread 18 436987 ms, 51 runs generated
Run gen thread 3 437111 ms, 51 runs generated
Run gen thread 34 437131 ms, 51 runs generated
Run gen thread 39 437239 ms, 51 runs generated
Run gen thread 6 437251 ms, 51 runs generated
Run gen thread 33 437271 ms, 51 runs generated
Run gen thread 32 437367 ms, 51 runs generated
Run gen thread 2 437615 ms, 51 runs generated
Run gen thread 13 437640 ms, 51 runs generated
Run gen thread 19 437651 ms, 51 runs generated
Run gen thread 27 437836 ms, 51 runs generated
Run gen thread 29 437883 ms, 51 runs generated
Run gen thread 4 438240 ms, 51 runs generated
Run gen thread 15 438730 ms, 51 runs generated
Run gen thread 30 438915 ms, 51 runs generated
Generated 2040 runs in 439098 ms
Merging 2040 runs using 16 threads
Merge phase took 495566 ms | Merged 2147483648 entries across 16 runs | Thread timing: min=456886 ms, max=495565 ms | Partition sizes: imbalance=1.08x
SortStats:
  Number of runs: 2040
  (R) time: 439098 ms
  (R) breakdown: load=0 ms, sort=435370 ms, store=0 ms
  (R) I/O stats: I/O Stats: Read Ops: 3276839, Read Bytes: 214750920704, Write Ops: 3801120, Write Bytes: 249108107776
  (M) time: 495566 ms
  Read amplification:
    Run generation writes: 249108107776 bytes (232.00 GB)
    Merge phase reads: 253006539776 bytes (235.63 GB)
    Read amplification factor: 1.02x
    Excess reads: 1.6% (sparse indexing overhead)
  Thread timing:
    Min thread time: 456886 ms
    Max thread time: 495565 ms
    Avg thread time: 482968 ms
    Time imbalance factor (max/avg): 1.03x
    Thread times: [492845, 456886, 490831, 473261, 492822, 477250, 494071, 464281, 488162, 489403, 481954, 495565, 484273, 480750, 483576, 481559]

934.66s


================================================================================================================================================================
Benchmark Results Summary
================================================================================================================================================================
Config               Run Size   RG Runs    Gen Thr    Merge Thr  Total (s)  RunGen (s)   Merge (s)  Entries      Throughput       Read MB    Write MB  
                     (MB)                                                                                        (M entries/s)                         
----------------------------------------------------------------------------------------------------------------------------------------------------------------
Exp1.1_RunGen40_Merge16_Mem2GB[1] 51.2       2040       40         16         945.25       440.20     505.05     2147483648   2.27             446091.0   475136.0  
Exp1.1_RunGen40_Merge16_Mem2GB[2] 51.2       2040       40         16         941.38       436.47     504.90     2147483648   2.28             446089.5   475136.0  
Exp1.1_RunGen40_Merge16_Mem2GB[3] 51.2       2040       40         16         934.66       439.10     495.57     2147483648   2.30             446088.3   475136.0  
Exp1.1_RunGen40_Merge16_Mem2GB[avg] 51.2       2040       40         16         940.43       438.59     501.84     2147483648   2.28             446089.6   475136.0  
================================================================================================================================================================

================================================================================================================================================================
Merge Operations Summary (showing last 1 of 1 merge passes)
================================================================================================================================================================
Config               M1PAvg     M1PMax     M1Imbal    M1Slow       M1Fast      
----------------------------------------------------------------------------------------------------------------------------------------------------------------
Exp1.1_RunGen40_Merge16_Mem2GB[1] 134217728  143349872  1.07       505.05       505.05      
Exp1.1_RunGen40_Merge16_Mem2GB[2] 134217728  144644936  1.08       504.90       504.90      
Exp1.1_RunGen40_Merge16_Mem2GB[3] 134217728  145355080  1.08       495.57       495.57      
----------------------------------------------------------------------------------------------------------------------------------------------------------------
Exp1.1_RunGen40_Merge16_Mem2GB[avg] 134217728  144449962  1.08       505.05       495.57      
================================================================================================================================================================

================================================================================================================================================================
Detailed I/O Statistics
================================================================================================================================================================
Config               RG Read MB   RG Write MB  M1Read MB    M1Write MB  
----------------------------------------------------------------------------------------------------------------------------------------------------------------
Exp1.1_RunGen40_Merge16_Mem2GB[1] 204802.4     237568.0     241288.5     237568.0    
Exp1.1_RunGen40_Merge16_Mem2GB[2] 204802.4     237568.0     241287.0     237568.0    
Exp1.1_RunGen40_Merge16_Mem2GB[3] 204802.4     237568.0     241285.8     237568.0    
----------------------------------------------------------------------------------------------------------------------------------------------------------------
Exp1.1_RunGen40_Merge16_Mem2GB[avg] 204802.4     237568.0     241287.1     237568.0    
================================================================================================================================================================

====================================================================================================
Run Generation Time Breakdown
====================================================================================================
Config               RG Total s   Load s       Sort s       Store s     
----------------------------------------------------------------------------------------------------
Exp1.1_RunGen40_Merge16_Mem2GB[1] 440.20       0            434.88       0           
Exp1.1_RunGen40_Merge16_Mem2GB[2] 436.47       0            432.086      0           
Exp1.1_RunGen40_Merge16_Mem2GB[3] 439.10       0            435.37       0           
----------------------------------------------------------------------------------------------------
Exp1.1_RunGen40_Merge16_Mem2GB[avg] 438.59       0.00         434.11       0.00        
====================================================================================================
