warning: unused imports: `SeedableRng` and `rngs::SmallRng`
 --> src/fastzipf.rs:2:12
  |
2 | use rand::{SeedableRng, rngs::SmallRng};
  |            ^^^^^^^^^^^  ^^^^^^^^^^^^^^
  |
  = note: `#[warn(unused_imports)]` (part of `#[warn(unused)]`) on by default

warning: unused import: `std::fmt`
 --> src/sketch/reservoir_sampler.rs:6:5
  |
6 | use std::fmt;
  |     ^^^^^^^^

warning: unused import: `crate::sketch::kll::KLL`
   --> src/sketch/reservoir_sampler.rs:190:9
    |
190 |     use crate::sketch::kll::KLL;
    |         ^^^^^^^^^^^^^^^^^^^^^^^

warning: unused import: `super::*`
   --> src/sketch/reservoir_sampler.rs:192:9
    |
192 |     use super::*;
    |         ^^^^^^^^

warning: unused import: `std::collections::HashMap`
   --> src/sketch/mod.rs:226:9
    |
226 |     use std::collections::HashMap;
    |         ^^^^^^^^^^^^^^^^^^^^^^^^^

warning: unused import: `super::kll::*`
   --> src/sketch/mod.rs:228:9
    |
228 |     use super::kll::*;
    |         ^^^^^^^^^^^^^

warning: unused import: `super::reservoir_sampler::*`
   --> src/sketch/mod.rs:229:9
    |
229 |     use super::reservoir_sampler::*;
    |         ^^^^^^^^^^^^^^^^^^^^^^^^^^^

warning: unused import: `super::*`
   --> src/sketch/mod.rs:230:9
    |
230 |     use super::*;
    |         ^^^^^^^^

warning: unused import: `Duration`
 --> src/sort/core/engine.rs:4:17
  |
4 | use std::time::{Duration, Instant, SystemTime, UNIX_EPOCH};
  |                 ^^^^^^^^

warning: function `compute_ovc_delta` is never used
    --> src/ovc/offset_value_coding.rs:1136:15
     |
1136 | pub(crate) fn compute_ovc_delta(prev_key: Option<&[u8]>, key: &[u8]) -> OVCU64 {
     |               ^^^^^^^^^^^^^^^^^
     |
     = note: `#[warn(dead_code)]` (part of `#[warn(unused)]`) on by default

warning: `es` (lib) generated 10 warnings (run `cargo fix --lib -p es` to apply 9 suggestions)
    Finished `release` profile [optimized] target(s) in 0.21s
     Running `target/release/examples/gen_sort_cli -n Exp1.1_RunGen40_Merge40_Mem2GB -i ./datasets/gensort_200GiB.data --run-gen-threads 40 --merge-threads 40 --run-size-mb 51.20 --merge-fanin 819 --warmup-runs 1 --benchmark-runs 3 --cooldown-seconds 30 --dir logs/resource_bench_2025-12-15_13-14-23/Exp1.1_RunGen40_Merge40_Mem2GB_tmp`

=== BENCHMARK MODE ===
GenSort file: "./datasets/gensort_200GiB.data"
Total entries: 2147483648
Estimated data size: 204800.00 MB
Run generation threads: 40
Use OVC: true
Run size (MB): 51.20
Run generation memory (MB): 2048.0
Merge threads: 40
Merge fan-in: 819
Merge memory (MB): 2047.5
Sketch type: kll
Sketch size: 200
Run indexing interval: 1000
Temporary directory: "logs/resource_bench_2025-12-15_13-14-23/Exp1.1_RunGen40_Merge40_Mem2GB_tmp"
Warmup runs: 1
Runs per configuration: 3
Cooldown between runs (s): 30
Verify output: false

Running benchmark for config: Exp1.1_RunGen40_Merge40_Mem2GB
Parameters: Run Gen Threads: 40, Use OVC: true, Run Size: 51.20 MB, Run Gen Memory: 2048.0 MB, Merge Threads: 40, Merge Fanin: 819, Merge Memory: 2047.5 MB, Imbalance Factor: 1.0
================================================================================
  Performing 1 warmup run(s)...
    Warmup 1/1: Starting sort with 40 parallel scanners for run generation
Run gen thread 33 446908 ms, 51 runs generated
Run gen thread 39 446954 ms, 51 runs generated
Run gen thread 18 448345 ms, 51 runs generated
Run gen thread 11 449310 ms, 51 runs generated
Run gen thread 32 449701 ms, 51 runs generated
Run gen thread 16 449966 ms, 51 runs generated
Run gen thread 0 450298 ms, 51 runs generated
Run gen thread 6 450404 ms, 51 runs generated
Run gen thread 24 450814 ms, 51 runs generated
Run gen thread 4 451247 ms, 51 runs generated
Run gen thread 8 451435 ms, 51 runs generated
Run gen thread 12 451691 ms, 51 runs generated
Run gen thread 9 452236 ms, 51 runs generated
Run gen thread 5 452367 ms, 51 runs generated
Run gen thread 15 452371 ms, 51 runs generated
Run gen thread 25 452405 ms, 51 runs generated
Run gen thread 3 452680 ms, 51 runs generated
Run gen thread 28 452894 ms, 51 runs generated
Run gen thread 27 452960 ms, 51 runs generated
Run gen thread 7 453258 ms, 51 runs generated
Run gen thread 35 453350 ms, 51 runs generated
Run gen thread 26 453485 ms, 51 runs generated
Run gen thread 10 453660 ms, 51 runs generated
Run gen thread 30 454060 ms, 51 runs generated
Run gen thread 37 454230 ms, 51 runs generated
Run gen thread 36 454271 ms, 51 runs generated
Run gen thread 31 454299 ms, 51 runs generated
Run gen thread 17 454329 ms, 51 runs generated
Run gen thread 22 454493 ms, 51 runs generated
Run gen thread 38 454586 ms, 51 runs generated
Run gen thread 19 454932 ms, 51 runs generated
Run gen thread 20 455214 ms, 51 runs generated
Run gen thread 14 455355 ms, 51 runs generated
Run gen thread 29 455422 ms, 51 runs generated
Run gen thread 2 455607 ms, 51 runs generated
Run gen thread 34 455713 ms, 51 runs generated
Run gen thread 21 455771 ms, 51 runs generated
Run gen thread 23 456106 ms, 51 runs generated
Run gen thread 1 456194 ms, 51 runs generated
Run gen thread 13 456378 ms, 51 runs generated
Generated 2040 runs in 456999 ms
Multi-level merge: 2455 runs (including 415 dummies), F=819, expected 3 merge operations
Merging 819 runs using 40 threads
Merge phase took 84655 ms | Merged 390623678 entries across 40 runs | Thread timing: min=55379 ms, max=84654 ms | Partition sizes: imbalance=1.25x
Merge 1/3: merging 819 shortest runs (390623678 total entries)
Merging 819 runs using 40 threads
Merge phase took 185831 ms | Merged 879117447 entries across 40 runs | Thread timing: min=118356 ms, max=185830 ms | Partition sizes: imbalance=1.25x
Merge 2/3: merging 819 shortest runs (879117447 total entries)
Merging 819 runs using 40 threads
Merge phase took 461050 ms | Merged 2147483648 entries across 40 runs | Thread timing: min=296280 ms, max=461048 ms | Partition sizes: imbalance=1.25x
Merge 3/3: merging 819 shortest runs (2147483648 total entries)
1188.53s
  Warmup complete.

  Run 1/3: Starting sort with 40 parallel scanners for run generation
Run gen thread 27 439598 ms, 51 runs generated
Run gen thread 19 440761 ms, 51 runs generated
Run gen thread 5 441177 ms, 51 runs generated
Run gen thread 7 442062 ms, 51 runs generated
Run gen thread 30 442614 ms, 51 runs generated
Run gen thread 14 443786 ms, 51 runs generated
Run gen thread 35 444003 ms, 51 runs generated
Run gen thread 10 444432 ms, 51 runs generated
Run gen thread 22 445304 ms, 51 runs generated
Run gen thread 8 445387 ms, 51 runs generated
Run gen thread 18 445491 ms, 51 runs generated
Run gen thread 21 445727 ms, 51 runs generated
Run gen thread 39 446016 ms, 51 runs generated
Run gen thread 6 446107 ms, 51 runs generated
Run gen thread 31 446184 ms, 51 runs generated
Run gen thread 38 446930 ms, 51 runs generated
Run gen thread 17 447213 ms, 51 runs generated
Run gen thread 33 447224 ms, 51 runs generated
Run gen thread 12 447643 ms, 51 runs generated
Run gen thread 34 447703 ms, 51 runs generated
Run gen thread 11 447870 ms, 51 runs generated
Run gen thread 26 448048 ms, 51 runs generated
Run gen thread 0 448068 ms, 51 runs generated
Run gen thread 15 448082 ms, 51 runs generated
Run gen thread 24 448331 ms, 51 runs generated
Run gen thread 2 448476 ms, 51 runs generated
Run gen thread 23 448570 ms, 51 runs generated
Run gen thread 16 448666 ms, 51 runs generated
Run gen thread 4 448701 ms, 51 runs generated
Run gen thread 28 448792 ms, 51 runs generated
Run gen thread 13 448996 ms, 51 runs generated
Run gen thread 9 449108 ms, 51 runs generated
Run gen thread 37 449117 ms, 51 runs generated
Run gen thread 25 449430 ms, 51 runs generated
Run gen thread 32 449480 ms, 51 runs generated
Run gen thread 29 449761 ms, 51 runs generated
Run gen thread 1 449785 ms, 51 runs generated
Run gen thread 36 449809 ms, 51 runs generated
Run gen thread 20 449850 ms, 51 runs generated
Run gen thread 3 451951 ms, 51 runs generated
Generated 2040 runs in 452823 ms
Multi-level merge: 2455 runs (including 415 dummies), F=819, expected 3 merge operations
Merging 819 runs using 40 threads
Merge phase took 83120 ms | Merged 390623678 entries across 40 runs | Thread timing: min=64127 ms, max=83116 ms | Partition sizes: imbalance=1.13x
Merge 1/3: merging 819 shortest runs (390623678 total entries)
Merging 819 runs using 40 threads
Merge phase took 190141 ms | Merged 879117447 entries across 40 runs | Thread timing: min=149652 ms, max=190140 ms | Partition sizes: imbalance=1.13x
Merge 2/3: merging 819 shortest runs (879117447 total entries)
Merging 819 runs using 40 threads
Merge phase took 447238 ms | Merged 2147483648 entries across 40 runs | Thread timing: min=343641 ms, max=447233 ms | Partition sizes: imbalance=1.13x
Merge 3/3: merging 819 shortest runs (2147483648 total entries)
SortStats:
  Number of runs: 2040
  (R) time: 452823 ms
  (R) breakdown: load=0 ms, sort=446906 ms, store=0 ms
  (R) I/O stats: I/O Stats: Read Ops: 3276839, Read Bytes: 214750920704, Write Ops: 3801120, Write Bytes: 249108107776
  (M) time: 720499 ms
  Read amplification:
    Run generation writes: 249108107776 bytes (232.00 GB)
    Merge phase reads: 406341585408 bytes (378.44 GB)
    Read amplification factor: 1.63x
    Excess reads: 63.1% (sparse indexing overhead)
  Thread timing (merge pass 1):
    Min thread time: 64127 ms
    Max thread time: 83116 ms
    Avg thread time: 78238 ms
    Time imbalance factor (max/avg): 1.06x
  Thread timing (merge pass 2):
    Min thread time: 149652 ms
    Max thread time: 190140 ms
    Avg thread time: 179542 ms
    Time imbalance factor (max/avg): 1.06x
  Thread timing (merge pass 3):
    Min thread time: 343641 ms
    Max thread time: 447233 ms
    Avg thread time: 421067 ms
    Time imbalance factor (max/avg): 1.06x
  Multi-level merge details:
    Total merge passes: 3
    Merge pass 1:
      Time: 83120 ms
      Output runs: 40
      I/O: read=45076.43 MiB, write=43213.23 MiB
      Partitions: 40, imbalance: 1.13x
    Merge pass 2:
      Time: 190141 ms
      Output runs: 40
      I/O: read=101072.81 MiB, write=97253.44 MiB
      Partitions: 40, imbalance: 1.13x
    Merge pass 3:
      Time: 447238 ms
      Output runs: 40
      I/O: read=241368.29 MiB, write=237567.96 MiB
      Partitions: 40, imbalance: 1.13x

1173.32s

  Cooling down for 30s before next run...
  Run 2/3: Starting sort with 40 parallel scanners for run generation
Run gen thread 37 436919 ms, 51 runs generated
Run gen thread 21 437736 ms, 51 runs generated
Run gen thread 0 438201 ms, 51 runs generated
Run gen thread 12 438407 ms, 51 runs generated
Run gen thread 8 439280 ms, 51 runs generated
Run gen thread 2 439532 ms, 51 runs generated
Run gen thread 38 440249 ms, 51 runs generated
Run gen thread 18 440293 ms, 51 runs generated
Run gen thread 1 440833 ms, 51 runs generated
Run gen thread 35 440836 ms, 51 runs generated
Run gen thread 6 441439 ms, 51 runs generated
Run gen thread 33 442112 ms, 51 runs generated
Run gen thread 5 442526 ms, 51 runs generated
Run gen thread 11 442967 ms, 51 runs generated
Run gen thread 26 442973 ms, 51 runs generated
Run gen thread 24 443104 ms, 51 runs generated
Run gen thread 20 443156 ms, 51 runs generated
Run gen thread 22 443226 ms, 51 runs generated
Run gen thread 15 443923 ms, 51 runs generated
Run gen thread 39 443938 ms, 51 runs generated
Run gen thread 31 443996 ms, 51 runs generated
Run gen thread 17 444149 ms, 51 runs generated
Run gen thread 23 444549 ms, 51 runs generated
Run gen thread 30 444574 ms, 51 runs generated
Run gen thread 9 444630 ms, 51 runs generated
Run gen thread 19 444737 ms, 51 runs generated
Run gen thread 28 444988 ms, 51 runs generated
Run gen thread 25 445018 ms, 51 runs generated
Run gen thread 36 445082 ms, 51 runs generated
Run gen thread 4 445363 ms, 51 runs generated
Run gen thread 7 445533 ms, 51 runs generated
Run gen thread 14 445534 ms, 51 runs generated
Run gen thread 16 445619 ms, 51 runs generated
Run gen thread 10 445645 ms, 51 runs generated
Run gen thread 27 445691 ms, 51 runs generated
Run gen thread 32 445871 ms, 51 runs generated
Run gen thread 13 446258 ms, 51 runs generated
Run gen thread 3 446318 ms, 51 runs generated
Run gen thread 29 446617 ms, 51 runs generated
Run gen thread 34 446930 ms, 51 runs generated
Generated 2040 runs in 447128 ms
Multi-level merge: 2455 runs (including 415 dummies), F=819, expected 3 merge operations
Merging 819 runs using 40 threads
Merge phase took 85354 ms | Merged 390623678 entries across 40 runs | Thread timing: min=63558 ms, max=85352 ms | Partition sizes: imbalance=1.21x
Merge 1/3: merging 819 shortest runs (390623678 total entries)
Merging 819 runs using 40 threads
Merge phase took 184577 ms | Merged 879117447 entries across 40 runs | Thread timing: min=133980 ms, max=184575 ms | Partition sizes: imbalance=1.21x
Merge 2/3: merging 819 shortest runs (879117447 total entries)
Merging 819 runs using 40 threads
Merge phase took 462852 ms | Merged 2147483648 entries across 40 runs | Thread timing: min=338423 ms, max=462850 ms | Partition sizes: imbalance=1.21x
Merge 3/3: merging 819 shortest runs (2147483648 total entries)
SortStats:
  Number of runs: 2040
  (R) time: 447128 ms
  (R) breakdown: load=0 ms, sort=443218 ms, store=0 ms
  (R) I/O stats: I/O Stats: Read Ops: 3276839, Read Bytes: 214750920704, Write Ops: 3801120, Write Bytes: 249108107776
  (M) time: 732783 ms
  Read amplification:
    Run generation writes: 249108107776 bytes (232.00 GB)
    Merge phase reads: 406390140416 bytes (378.48 GB)
    Read amplification factor: 1.63x
    Excess reads: 63.1% (sparse indexing overhead)
  Thread timing (merge pass 1):
    Min thread time: 63558 ms
    Max thread time: 85352 ms
    Avg thread time: 79457 ms
    Time imbalance factor (max/avg): 1.07x
  Thread timing (merge pass 2):
    Min thread time: 133980 ms
    Max thread time: 184575 ms
    Avg thread time: 171213 ms
    Time imbalance factor (max/avg): 1.08x
  Thread timing (merge pass 3):
    Min thread time: 338423 ms
    Max thread time: 462850 ms
    Avg thread time: 431145 ms
    Time imbalance factor (max/avg): 1.07x
  Multi-level merge details:
    Total merge passes: 3
    Merge pass 1:
      Time: 85354 ms
      Output runs: 40
      I/O: read=45071.40 MiB, write=43213.23 MiB
      Partitions: 40, imbalance: 1.21x
    Merge pass 2:
      Time: 184577 ms
      Output runs: 40
      I/O: read=101080.38 MiB, write=97253.44 MiB
      Partitions: 40, imbalance: 1.21x
    Merge pass 3:
      Time: 462852 ms
      Output runs: 40
      I/O: read=241412.06 MiB, write=237567.96 MiB
      Partitions: 40, imbalance: 1.21x

1179.91s

  Cooling down for 30s before next run...
  Run 3/3: Starting sort with 40 parallel scanners for run generation
Run gen thread 24 438907 ms, 51 runs generated
Run gen thread 14 439368 ms, 51 runs generated
Run gen thread 17 440136 ms, 51 runs generated
Run gen thread 15 440897 ms, 51 runs generated
Run gen thread 28 442185 ms, 51 runs generated
Run gen thread 13 442242 ms, 51 runs generated
Run gen thread 27 442485 ms, 51 runs generated
Run gen thread 19 442614 ms, 51 runs generated
Run gen thread 9 444354 ms, 51 runs generated
Run gen thread 23 444456 ms, 51 runs generated
Run gen thread 20 444459 ms, 51 runs generated
Run gen thread 36 444834 ms, 51 runs generated
Run gen thread 8 445028 ms, 51 runs generated
Run gen thread 11 445968 ms, 51 runs generated
Run gen thread 10 445977 ms, 51 runs generated
Run gen thread 32 446063 ms, 51 runs generated
Run gen thread 34 446287 ms, 51 runs generated
Run gen thread 22 446565 ms, 51 runs generated
Run gen thread 26 446782 ms, 51 runs generated
Run gen thread 16 446815 ms, 51 runs generated
Run gen thread 0 447018 ms, 51 runs generated
Run gen thread 12 447191 ms, 51 runs generated
Run gen thread 4 447309 ms, 51 runs generated
Run gen thread 37 447328 ms, 51 runs generated
Run gen thread 33 447479 ms, 51 runs generated
Run gen thread 30 447612 ms, 51 runs generated
Run gen thread 1 447724 ms, 51 runs generated
Run gen thread 39 447897 ms, 51 runs generated
Run gen thread 7 448150 ms, 51 runs generated
Run gen thread 18 448372 ms, 51 runs generated
Run gen thread 2 448551 ms, 51 runs generated
Run gen thread 5 448924 ms, 51 runs generated
Run gen thread 21 449143 ms, 51 runs generated
Run gen thread 29 449146 ms, 51 runs generated
Run gen thread 6 449242 ms, 51 runs generated
Run gen thread 35 449686 ms, 51 runs generated
Run gen thread 31 449751 ms, 51 runs generated
Run gen thread 25 449869 ms, 51 runs generated
Run gen thread 3 450142 ms, 51 runs generated
Run gen thread 38 450203 ms, 51 runs generated
Generated 2040 runs in 450967 ms
Multi-level merge: 2455 runs (including 415 dummies), F=819, expected 3 merge operations
Merging 819 runs using 40 threads
Merge phase took 91998 ms | Merged 390623678 entries across 40 runs | Thread timing: min=74457 ms, max=91996 ms | Partition sizes: imbalance=1.17x
Merge 1/3: merging 819 shortest runs (390623678 total entries)
Merging 819 runs using 40 threads
Merge phase took 183466 ms | Merged 879117447 entries across 40 runs | Thread timing: min=143275 ms, max=183461 ms | Partition sizes: imbalance=1.17x
Merge 2/3: merging 819 shortest runs (879117447 total entries)
Merging 819 runs using 40 threads
Merge phase took 448793 ms | Merged 2147483648 entries across 40 runs | Thread timing: min=346667 ms, max=448791 ms | Partition sizes: imbalance=1.17x
Merge 3/3: merging 819 shortest runs (2147483648 total entries)
SortStats:
  Number of runs: 2040
  (R) time: 450967 ms
  (R) breakdown: load=0 ms, sort=446178 ms, store=0 ms
  (R) I/O stats: I/O Stats: Read Ops: 3276839, Read Bytes: 214750920704, Write Ops: 3801120, Write Bytes: 249108107776
  (M) time: 724257 ms
  Read amplification:
    Run generation writes: 249108107776 bytes (232.00 GB)
    Merge phase reads: 406295646208 bytes (378.39 GB)
    Read amplification factor: 1.63x
    Excess reads: 63.1% (sparse indexing overhead)
  Thread timing (merge pass 1):
    Min thread time: 74457 ms
    Max thread time: 91996 ms
    Avg thread time: 86632 ms
    Time imbalance factor (max/avg): 1.06x
  Thread timing (merge pass 2):
    Min thread time: 143275 ms
    Max thread time: 183461 ms
    Avg thread time: 171313 ms
    Time imbalance factor (max/avg): 1.07x
  Thread timing (merge pass 3):
    Min thread time: 346667 ms
    Max thread time: 448791 ms
    Avg thread time: 419688 ms
    Time imbalance factor (max/avg): 1.07x
  Multi-level merge details:
    Total merge passes: 3
    Merge pass 1:
      Time: 91998 ms
      Output runs: 40
      I/O: read=45072.11 MiB, write=43213.23 MiB
      Partitions: 40, imbalance: 1.17x
    Merge pass 2:
      Time: 183466 ms
      Output runs: 40
      I/O: read=101044.31 MiB, write=97253.44 MiB
      Partitions: 40, imbalance: 1.17x
    Merge pass 3:
      Time: 448793 ms
      Output runs: 40
      I/O: read=241357.30 MiB, write=237567.96 MiB
      Partitions: 40, imbalance: 1.17x

1175.22s


================================================================================================================================================================
Benchmark Results Summary
================================================================================================================================================================
Config               Run Size   RG Runs    Gen Thr    Merge Thr  Total (s)  RunGen (s)   Merge (s)  Entries      Throughput       Read MB    Write MB  
                     (MB)                                                                                        (M entries/s)                         
----------------------------------------------------------------------------------------------------------------------------------------------------------------
Exp1.1_RunGen40_Merge40_Mem2GB[1] 51.2       2040       40         40         1173.32      452.82     720.50     2147483648   1.83             592320.0   615602.6  
Exp1.1_RunGen40_Merge40_Mem2GB[2] 51.2       2040       40         40         1179.91      447.13     732.78     2147483648   1.82             592366.3   615602.6  
Exp1.1_RunGen40_Merge40_Mem2GB[3] 51.2       2040       40         40         1175.22      450.97     724.26     2147483648   1.83             592276.2   615602.6  
Exp1.1_RunGen40_Merge40_Mem2GB[avg] 51.2       2040       40         40         1176.15      450.31     725.85     2147483648   1.83             592320.8   615602.6  
================================================================================================================================================================

================================================================================================================================================================
Merge Operations Summary (showing last 3 of 3 merge passes)
================================================================================================================================================================
Config               M1PAvg     M1PMax     M1Imbal    M1Slow       M1Fast       M2PAvg     M2PMax     M2Imbal    M2Slow       M2Fast       M3PAvg     M3PMax     M3Imbal    M3Slow       M3Fast      
----------------------------------------------------------------------------------------------------------------------------------------------------------------
Exp1.1_RunGen40_Merge40_Mem2GB[1] 9765591    10992653   1.13       83.12        83.12        21977936   24733819   1.13       190.14       190.14       53687091   60414551   1.13       447.24       447.24      
Exp1.1_RunGen40_Merge40_Mem2GB[2] 9765591    11852718   1.21       85.35        85.35        21977936   26663055   1.21       184.58       184.58       53687091   65143413   1.21       462.85       462.85      
Exp1.1_RunGen40_Merge40_Mem2GB[3] 9765591    11436221   1.17       92.00        92.00        21977936   25743938   1.17       183.47       183.47       53687091   62873017   1.17       448.79       448.79      
----------------------------------------------------------------------------------------------------------------------------------------------------------------
Exp1.1_RunGen40_Merge40_Mem2GB[avg] 9765591    11427197   1.17       92.00        83.12        21977936   25713604   1.17       190.14       183.47       53687091   62810327   1.17       462.85       447.24      
================================================================================================================================================================

================================================================================================================================================================
Detailed I/O Statistics
================================================================================================================================================================
Config               RG Read MB   RG Write MB  M1Read MB    M1Write MB   M2Read MB    M2Write MB   M3Read MB    M3Write MB  
----------------------------------------------------------------------------------------------------------------------------------------------------------------
Exp1.1_RunGen40_Merge40_Mem2GB[1] 204802.4     237568.0     45076.4      43213.2      101072.8     97253.4      241368.3     237568.0    
Exp1.1_RunGen40_Merge40_Mem2GB[2] 204802.4     237568.0     45071.4      43213.2      101080.4     97253.4      241412.1     237568.0    
Exp1.1_RunGen40_Merge40_Mem2GB[3] 204802.4     237568.0     45072.1      43213.2      101044.3     97253.4      241357.3     237568.0    
----------------------------------------------------------------------------------------------------------------------------------------------------------------
Exp1.1_RunGen40_Merge40_Mem2GB[avg] 204802.4     237568.0     45073.3      43213.2      101065.8     97253.4      241379.2     237568.0    
================================================================================================================================================================

====================================================================================================
Run Generation Time Breakdown
====================================================================================================
Config               RG Total s   Load s       Sort s       Store s     
----------------------------------------------------------------------------------------------------
Exp1.1_RunGen40_Merge40_Mem2GB[1] 452.82       0            446.906      0           
Exp1.1_RunGen40_Merge40_Mem2GB[2] 447.13       0            443.218      0           
Exp1.1_RunGen40_Merge40_Mem2GB[3] 450.97       0            446.178      0           
----------------------------------------------------------------------------------------------------
Exp1.1_RunGen40_Merge40_Mem2GB[avg] 450.31       0.00         445.43       0.00        
====================================================================================================
