warning: unused imports: `SeedableRng` and `rngs::SmallRng`
 --> src/fastzipf.rs:2:12
  |
2 | use rand::{SeedableRng, rngs::SmallRng};
  |            ^^^^^^^^^^^  ^^^^^^^^^^^^^^
  |
  = note: `#[warn(unused_imports)]` (part of `#[warn(unused)]`) on by default

warning: unused import: `std::fmt`
 --> src/sketch/reservoir_sampler.rs:6:5
  |
6 | use std::fmt;
  |     ^^^^^^^^

warning: unused import: `crate::sketch::kll::KLL`
   --> src/sketch/reservoir_sampler.rs:190:9
    |
190 |     use crate::sketch::kll::KLL;
    |         ^^^^^^^^^^^^^^^^^^^^^^^

warning: unused import: `super::*`
   --> src/sketch/reservoir_sampler.rs:192:9
    |
192 |     use super::*;
    |         ^^^^^^^^

warning: unused import: `std::collections::HashMap`
   --> src/sketch/mod.rs:226:9
    |
226 |     use std::collections::HashMap;
    |         ^^^^^^^^^^^^^^^^^^^^^^^^^

warning: unused import: `super::kll::*`
   --> src/sketch/mod.rs:228:9
    |
228 |     use super::kll::*;
    |         ^^^^^^^^^^^^^

warning: unused import: `super::reservoir_sampler::*`
   --> src/sketch/mod.rs:229:9
    |
229 |     use super::reservoir_sampler::*;
    |         ^^^^^^^^^^^^^^^^^^^^^^^^^^^

warning: unused import: `super::*`
   --> src/sketch/mod.rs:230:9
    |
230 |     use super::*;
    |         ^^^^^^^^

warning: unused import: `Duration`
 --> src/sort/core/engine.rs:4:17
  |
4 | use std::time::{Duration, Instant, SystemTime, UNIX_EPOCH};
  |                 ^^^^^^^^

warning: function `compute_ovc_delta` is never used
    --> src/ovc/offset_value_coding.rs:1136:15
     |
1136 | pub(crate) fn compute_ovc_delta(prev_key: Option<&[u8]>, key: &[u8]) -> OVCU64 {
     |               ^^^^^^^^^^^^^^^^^
     |
     = note: `#[warn(dead_code)]` (part of `#[warn(unused)]`) on by default

warning: `es` (lib) generated 10 warnings (run `cargo fix --lib -p es` to apply 9 suggestions)
    Finished `release` profile [optimized] target(s) in 0.22s
     Running `target/release/examples/gen_sort_cli -n Exp2_Thr40_Mem16GB -i ./datasets/gensort_200GiB.data --run-gen-threads 40 --merge-threads 40 --run-size-mb 409.60 --merge-fanin 6553 --warmup-runs 1 --benchmark-runs 3 --cooldown-seconds 30 --dir logs/resource_bench_2025-12-07_23-55-15/Exp2_Thr40_Mem16GB_tmp`

=== BENCHMARK MODE ===
GenSort file: "./datasets/gensort_200GiB.data"
Total entries: 2147483648
Estimated data size: 204800.00 MB
Run generation threads: 40
Use OVC: true
Run size (MB): 409.60
Run generation memory (MB): 16384.0
Merge threads: 40
Merge fan-in: 6553
Merge memory (MB): 16382.5
Sketch type: kll
Sketch size: 200
Run indexing interval: 1000
Temporary directory: "logs/resource_bench_2025-12-07_23-55-15/Exp2_Thr40_Mem16GB_tmp"
Warmup runs: 1
Runs per configuration: 3
Cooldown between runs (s): 30
Verify output: false

Running benchmark for config: Exp2_Thr40_Mem16GB
Parameters: Run Gen Threads: 40, Use OVC: true, Run Size: 409.60 MB, Run Gen Memory: 16384.0 MB, Merge Threads: 40, Merge Fanin: 6553, Merge Memory: 16382.5 MB, Imbalance Factor: 1.0
================================================================================
  Performing 1 warmup run(s)...
    Warmup 1/1: Starting sort with 40 parallel scanners for run generation
Run gen thread 8 540729 ms, 7 runs generated
Run gen thread 20 541419 ms, 7 runs generated
Run gen thread 29 543678 ms, 7 runs generated
Run gen thread 33 546765 ms, 7 runs generated
Run gen thread 19 547387 ms, 7 runs generated
Run gen thread 1 547440 ms, 7 runs generated
Run gen thread 11 547546 ms, 7 runs generated
Run gen thread 17 547760 ms, 7 runs generated
Run gen thread 26 547835 ms, 7 runs generated
Run gen thread 39 548943 ms, 7 runs generated
Run gen thread 6 550096 ms, 7 runs generated
Run gen thread 34 562671 ms, 7 runs generated
Run gen thread 13 565123 ms, 7 runs generated
Run gen thread 10 569450 ms, 7 runs generated
Run gen thread 18 570086 ms, 7 runs generated
Run gen thread 36 570731 ms, 7 runs generated
Run gen thread 38 570860 ms, 7 runs generated
Run gen thread 21 570985 ms, 7 runs generated
Run gen thread 24 571278 ms, 7 runs generated
Run gen thread 23 572089 ms, 7 runs generated
Run gen thread 12 572238 ms, 7 runs generated
Run gen thread 16 572561 ms, 7 runs generated
Run gen thread 0 572636 ms, 7 runs generated
Run gen thread 35 572703 ms, 7 runs generated
Run gen thread 9 572913 ms, 7 runs generated
Run gen thread 27 572969 ms, 7 runs generated
Run gen thread 15 573262 ms, 7 runs generated
Run gen thread 32 573336 ms, 7 runs generated
Run gen thread 25 573463 ms, 7 runs generated
Run gen thread 30 573532 ms, 7 runs generated
Run gen thread 22 573562 ms, 7 runs generated
Run gen thread 14 573714 ms, 7 runs generated
Run gen thread 2 573973 ms, 7 runs generated
Run gen thread 4 574012 ms, 7 runs generated
Run gen thread 31 574273 ms, 7 runs generated
Run gen thread 28 574477 ms, 7 runs generated
Run gen thread 37 574511 ms, 7 runs generated
Run gen thread 5 574575 ms, 7 runs generated
Run gen thread 3 574766 ms, 7 runs generated
Run gen thread 7 577191 ms, 7 runs generated
Generated 280 runs in 578049 ms
Merging 280 runs using 40 threads
Merge phase took 446611 ms | Merged 2147483648 entries across 40 runs | Thread timing: min=349125 ms, max=446564 ms | Partition sizes: imbalance=1.13x
1024.66s
  Warmup complete.

  Run 1/3: Starting sort with 40 parallel scanners for run generation
Run gen thread 5 422979 ms, 7 runs generated
Run gen thread 33 429089 ms, 7 runs generated
Run gen thread 30 429832 ms, 7 runs generated
Run gen thread 20 431362 ms, 7 runs generated
Run gen thread 32 431683 ms, 7 runs generated
Run gen thread 24 433562 ms, 7 runs generated
Run gen thread 22 434716 ms, 7 runs generated
Run gen thread 35 435264 ms, 7 runs generated
Run gen thread 31 436925 ms, 7 runs generated
Run gen thread 17 436964 ms, 7 runs generated
Run gen thread 25 437309 ms, 7 runs generated
Run gen thread 9 438427 ms, 7 runs generated
Run gen thread 29 439715 ms, 7 runs generated
Run gen thread 8 440244 ms, 7 runs generated
Run gen thread 26 440523 ms, 7 runs generated
Run gen thread 11 441238 ms, 7 runs generated
Run gen thread 38 441380 ms, 7 runs generated
Run gen thread 16 442535 ms, 7 runs generated
Run gen thread 0 443855 ms, 7 runs generated
Run gen thread 27 444898 ms, 7 runs generated
Run gen thread 13 444800 ms, 7 runs generated
Run gen thread 2 446029 ms, 7 runs generated
Run gen thread 34 446000 ms, 7 runs generated
Run gen thread 28 446472 ms, 7 runs generated
Run gen thread 37 446405 ms, 7 runs generated
Run gen thread 12 447123 ms, 7 runs generated
Run gen thread 1 447270 ms, 7 runs generated
Run gen thread 18 448494 ms, 7 runs generated
Run gen thread 15 448662 ms, 7 runs generated
Run gen thread 14 448708 ms, 7 runs generated
Run gen thread 21 448977 ms, 7 runs generated
Run gen thread 4 449132 ms, 7 runs generated
Run gen thread 10 449519 ms, 7 runs generated
Run gen thread 19 450275 ms, 7 runs generated
Run gen thread 36 450612 ms, 7 runs generated
Run gen thread 7 456379 ms, 7 runs generated
Run gen thread 3 456519 ms, 7 runs generated
Run gen thread 23 456660 ms, 7 runs generated
Run gen thread 39 456687 ms, 7 runs generated
Run gen thread 6 457394 ms, 7 runs generated
Generated 280 runs in 458719 ms
Merging 280 runs using 40 threads
Merge phase took 449447 ms | Merged 2147483648 entries across 40 runs | Thread timing: min=329794 ms, max=449424 ms | Partition sizes: imbalance=1.16x
SortStats:
  Number of runs: 280
  (R) time: 458719 ms
  (R) breakdown: load=0 ms, sort=443365 ms, store=0 ms
  (R) I/O stats: I/O Stats: Read Ops: 3276839, Read Bytes: 214750920704, Write Ops: 3801120, Write Bytes: 249108107776
  (M) time: 449447 ms
  Read amplification:
    Run generation writes: 249108107776 bytes (232.00 GB)
    Merge phase reads: 250472450048 bytes (233.27 GB)
    Read amplification factor: 1.01x
    Excess reads: 0.5% (sparse indexing overhead)
  Thread timing:
    Min thread time: 329794 ms
    Max thread time: 449424 ms
    Avg thread time: 421950 ms
    Time imbalance factor (max/avg): 1.07x

908.17s

  Cooling down for 30s before next run...
  Run 2/3: Starting sort with 40 parallel scanners for run generation
Run gen thread 9 453162 ms, 7 runs generated
Run gen thread 13 459056 ms, 7 runs generated
Run gen thread 7 461363 ms, 7 runs generated
Run gen thread 34 467564 ms, 7 runs generated
Run gen thread 8 467744 ms, 7 runs generated
Run gen thread 22 470009 ms, 7 runs generated
Run gen thread 14 470278 ms, 7 runs generated
Run gen thread 15 470733 ms, 7 runs generated
Run gen thread 18 471173 ms, 7 runs generated
Run gen thread 24 471329 ms, 7 runs generated
Run gen thread 32 472330 ms, 7 runs generated
Run gen thread 37 473681 ms, 7 runs generated
Run gen thread 26 474804 ms, 7 runs generated
Run gen thread 29 475129 ms, 7 runs generated
Run gen thread 23 475340 ms, 7 runs generated
Run gen thread 21 475613 ms, 7 runs generated
Run gen thread 0 476632 ms, 7 runs generated
Run gen thread 19 476938 ms, 7 runs generated
Run gen thread 12 477222 ms, 7 runs generated
Run gen thread 3 477726 ms, 7 runs generated
Run gen thread 6 477757 ms, 7 runs generated
Run gen thread 27 479222 ms, 7 runs generated
Run gen thread 17 479566 ms, 7 runs generated
Run gen thread 11 479739 ms, 7 runs generated
Run gen thread 33 479993 ms, 7 runs generated
Run gen thread 4 480226 ms, 7 runs generated
Run gen thread 20 481095 ms, 7 runs generated
Run gen thread 35 481297 ms, 7 runs generated
Run gen thread 38 481617 ms, 7 runs generated
Run gen thread 39 481971 ms, 7 runs generated
Run gen thread 25 482271 ms, 7 runs generated
Run gen thread 30 482305 ms, 7 runs generated
Run gen thread 1 482337 ms, 7 runs generated
Run gen thread 10 482422 ms, 7 runs generated
Run gen thread 36 482748 ms, 7 runs generated
Run gen thread 28 482917 ms, 7 runs generated
Run gen thread 5 483172 ms, 7 runs generated
Run gen thread 31 483251 ms, 7 runs generated
Run gen thread 2 484505 ms, 7 runs generated
Run gen thread 16 484682 ms, 7 runs generated
Generated 280 runs in 485841 ms
Merging 280 runs using 40 threads
Merge phase took 447366 ms | Merged 2147483648 entries across 40 runs | Thread timing: min=343932 ms, max=447266 ms | Partition sizes: imbalance=1.13x
SortStats:
  Number of runs: 280
  (R) time: 485841 ms
  (R) breakdown: load=0 ms, sort=476272 ms, store=0 ms
  (R) I/O stats: I/O Stats: Read Ops: 3276839, Read Bytes: 214750920704, Write Ops: 3801120, Write Bytes: 249108107776
  (M) time: 447366 ms
  Read amplification:
    Run generation writes: 249108107776 bytes (232.00 GB)
    Merge phase reads: 250478282752 bytes (233.28 GB)
    Read amplification factor: 1.01x
    Excess reads: 0.6% (sparse indexing overhead)
  Thread timing:
    Min thread time: 343932 ms
    Max thread time: 447266 ms
    Avg thread time: 425469 ms
    Time imbalance factor (max/avg): 1.05x

933.21s

  Cooling down for 30s before next run...
  Run 3/3: Starting sort with 40 parallel scanners for run generation
Run gen thread 4 451676 ms, 7 runs generated
Run gen thread 1 453699 ms, 7 runs generated
Run gen thread 36 456828 ms, 7 runs generated
Run gen thread 25 459052 ms, 7 runs generated
Run gen thread 16 459083 ms, 7 runs generated
Run gen thread 2 463343 ms, 7 runs generated
Run gen thread 32 463630 ms, 7 runs generated
Run gen thread 35 463764 ms, 7 runs generated
Run gen thread 22 463867 ms, 7 runs generated
Run gen thread 30 465091 ms, 7 runs generated
Run gen thread 28 465334 ms, 7 runs generated
Run gen thread 6 466459 ms, 7 runs generated
Run gen thread 24 467302 ms, 7 runs generated
Run gen thread 34 470400 ms, 7 runs generated
Run gen thread 23 471458 ms, 7 runs generated
Run gen thread 38 471460 ms, 7 runs generated
Run gen thread 20 472228 ms, 7 runs generated
Run gen thread 19 472281 ms, 7 runs generated
Run gen thread 39 472758 ms, 7 runs generated
Run gen thread 9 473109 ms, 7 runs generated
Run gen thread 7 473395 ms, 7 runs generated
Run gen thread 27 473734 ms, 7 runs generated
Run gen thread 15 475158 ms, 7 runs generated
Run gen thread 31 475208 ms, 7 runs generated
Run gen thread 11 475253 ms, 7 runs generated
Run gen thread 13 475585 ms, 7 runs generated
Run gen thread 37 475721 ms, 7 runs generated
Run gen thread 8 476121 ms, 7 runs generated
Run gen thread 33 476405 ms, 7 runs generated
Run gen thread 18 476441 ms, 7 runs generated
Run gen thread 10 476577 ms, 7 runs generated
Run gen thread 29 476709 ms, 7 runs generated
Run gen thread 0 477153 ms, 7 runs generated
Run gen thread 26 477539 ms, 7 runs generated
Run gen thread 12 477673 ms, 7 runs generated
Run gen thread 17 477906 ms, 7 runs generated
Run gen thread 5 478237 ms, 7 runs generated
Run gen thread 3 478499 ms, 7 runs generated
Run gen thread 14 478610 ms, 7 runs generated
Run gen thread 21 478780 ms, 7 runs generated
Generated 280 runs in 479287 ms
Merging 280 runs using 40 threads
Merge phase took 461961 ms | Merged 2147483648 entries across 40 runs | Thread timing: min=372561 ms, max=461948 ms | Partition sizes: imbalance=1.20x
SortStats:
  Number of runs: 280
  (R) time: 479287 ms
  (R) breakdown: load=0 ms, sort=470838 ms, store=0 ms
  (R) I/O stats: I/O Stats: Read Ops: 3276839, Read Bytes: 214750920704, Write Ops: 3801120, Write Bytes: 249108107776
  (M) time: 461961 ms
  Read amplification:
    Run generation writes: 249108107776 bytes (232.00 GB)
    Merge phase reads: 250475005952 bytes (233.27 GB)
    Read amplification factor: 1.01x
    Excess reads: 0.5% (sparse indexing overhead)
  Thread timing:
    Min thread time: 372561 ms
    Max thread time: 461948 ms
    Avg thread time: 430894 ms
    Time imbalance factor (max/avg): 1.07x

941.25s


================================================================================================================================================================
Benchmark Results Summary
================================================================================================================================================================
Config               Run Size   RG Runs    Gen Thr    Merge Thr  Total (s)  RunGen (s)   Merge (s)  Entries      Throughput       Read MB    Write MB  
                     (MB)                                                                                        (M entries/s)                         
----------------------------------------------------------------------------------------------------------------------------------------------------------------
Exp2_Thr40_Mem16GB[1] 409.6      280        40         40         908.17       458.72     449.45     2147483648   2.36             443671.6   475136.0  
Exp2_Thr40_Mem16GB[2] 409.6      280        40         40         933.21       485.84     447.37     2147483648   2.30             443677.1   475136.0  
Exp2_Thr40_Mem16GB[3] 409.6      280        40         40         941.25       479.29     461.96     2147483648   2.28             443674.0   475136.0  
Exp2_Thr40_Mem16GB[avg] 409.6      280        40         40         927.54       474.62     452.92     2147483648   2.32             443674.2   475136.0  
================================================================================================================================================================

================================================================================================================================================================
Merge Operations Summary (showing last 1 of 1 merge passes)
================================================================================================================================================================
Config               M1PAvg     M1PMax     M1Imbal    M1Slow       M1Fast      
----------------------------------------------------------------------------------------------------------------------------------------------------------------
Exp2_Thr40_Mem16GB[1] 53687091   62109571   1.16       449.45       449.45      
Exp2_Thr40_Mem16GB[2] 53687091   60692020   1.13       447.37       447.37      
Exp2_Thr40_Mem16GB[3] 53687091   64258887   1.20       461.96       461.96      
----------------------------------------------------------------------------------------------------------------------------------------------------------------
Exp2_Thr40_Mem16GB[avg] 53687091   62353492   1.16       461.96       447.37      
================================================================================================================================================================

================================================================================================================================================================
Detailed I/O Statistics
================================================================================================================================================================
Config               RG Read MB   RG Write MB  M1Read MB    M1Write MB  
----------------------------------------------------------------------------------------------------------------------------------------------------------------
Exp2_Thr40_Mem16GB[1] 204802.4     237568.0     238869.1     237568.0    
Exp2_Thr40_Mem16GB[2] 204802.4     237568.0     238874.7     237568.0    
Exp2_Thr40_Mem16GB[3] 204802.4     237568.0     238871.6     237568.0    
----------------------------------------------------------------------------------------------------------------------------------------------------------------
Exp2_Thr40_Mem16GB[avg] 204802.4     237568.0     238871.8     237568.0    
================================================================================================================================================================

====================================================================================================
Run Generation Time Breakdown
====================================================================================================
Config               RG Total s   Load s       Sort s       Store s     
----------------------------------------------------------------------------------------------------
Exp2_Thr40_Mem16GB[1] 458.72       0            443.365      0           
Exp2_Thr40_Mem16GB[2] 485.84       0            476.272      0           
Exp2_Thr40_Mem16GB[3] 479.29       0            470.838      0           
----------------------------------------------------------------------------------------------------
Exp2_Thr40_Mem16GB[avg] 474.62       0.00         463.49       0.00        
====================================================================================================
