warning: unused imports: `SeedableRng` and `rngs::SmallRng`
 --> src/fastzipf.rs:2:12
  |
2 | use rand::{SeedableRng, rngs::SmallRng};
  |            ^^^^^^^^^^^  ^^^^^^^^^^^^^^
  |
  = note: `#[warn(unused_imports)]` (part of `#[warn(unused)]`) on by default

warning: unused import: `std::fmt`
 --> src/sketch/reservoir_sampler.rs:6:5
  |
6 | use std::fmt;
  |     ^^^^^^^^

warning: unused import: `crate::sketch::kll::KLL`
   --> src/sketch/reservoir_sampler.rs:190:9
    |
190 |     use crate::sketch::kll::KLL;
    |         ^^^^^^^^^^^^^^^^^^^^^^^

warning: unused import: `super::*`
   --> src/sketch/reservoir_sampler.rs:192:9
    |
192 |     use super::*;
    |         ^^^^^^^^

warning: unused import: `std::collections::HashMap`
   --> src/sketch/mod.rs:226:9
    |
226 |     use std::collections::HashMap;
    |         ^^^^^^^^^^^^^^^^^^^^^^^^^

warning: unused import: `super::kll::*`
   --> src/sketch/mod.rs:228:9
    |
228 |     use super::kll::*;
    |         ^^^^^^^^^^^^^

warning: unused import: `super::reservoir_sampler::*`
   --> src/sketch/mod.rs:229:9
    |
229 |     use super::reservoir_sampler::*;
    |         ^^^^^^^^^^^^^^^^^^^^^^^^^^^

warning: unused import: `super::*`
   --> src/sketch/mod.rs:230:9
    |
230 |     use super::*;
    |         ^^^^^^^^

warning: unused import: `Duration`
 --> src/sort/core/engine.rs:4:17
  |
4 | use std::time::{Duration, Instant, SystemTime, UNIX_EPOCH};
  |                 ^^^^^^^^

warning: function `compute_ovc_delta` is never used
    --> src/ovc/offset_value_coding.rs:1136:15
     |
1136 | pub(crate) fn compute_ovc_delta(prev_key: Option<&[u8]>, key: &[u8]) -> OVCU64 {
     |               ^^^^^^^^^^^^^^^^^
     |
     = note: `#[warn(dead_code)]` (part of `#[warn(unused)]`) on by default

warning: `es` (lib) generated 10 warnings (run `cargo fix --lib -p es` to apply 9 suggestions)
    Finished `release` profile [optimized] target(s) in 0.25s
     Running `target/release/examples/gen_sort_cli -n Exp3_Thr40_Mem24GB -i ./datasets/gensort_200GiB.data --run-gen-threads 40 --merge-threads 40 --run-size-mb 614.40 --merge-fanin 9830 --warmup-runs 1 --benchmark-runs 3 --cooldown-seconds 30 --dir logs/resource_bench_2025-12-08_23-27-52/Exp3_Thr40_Mem24GB_tmp --ovc=false`

=== BENCHMARK MODE ===
GenSort file: "./datasets/gensort_200GiB.data"
Total entries: 2147483648
Estimated data size: 204800.00 MB
Run generation threads: 40
Use OVC: false
Run size (MB): 614.40
Run generation memory (MB): 24576.0
Merge threads: 40
Merge fan-in: 9830
Merge memory (MB): 24575.0
Sketch type: kll
Sketch size: 200
Run indexing interval: 1000
Temporary directory: "logs/resource_bench_2025-12-08_23-27-52/Exp3_Thr40_Mem24GB_tmp"
Warmup runs: 1
Runs per configuration: 3
Cooldown between runs (s): 30
Verify output: false

Running benchmark for config: Exp3_Thr40_Mem24GB
Parameters: Run Gen Threads: 40, Use OVC: false, Run Size: 614.40 MB, Run Gen Memory: 24576.0 MB, Merge Threads: 40, Merge Fanin: 9830, Merge Memory: 24575.0 MB, Imbalance Factor: 1.0
================================================================================
  Performing 1 warmup run(s)...
    Warmup 1/1: Starting sort with 40 parallel scanners for run generation
Run gen thread 29 665219 ms, 5 runs generated
Run gen thread 39 665312 ms, 5 runs generated
Run gen thread 9 665668 ms, 5 runs generated
Run gen thread 28 666739 ms, 5 runs generated
Run gen thread 8 667106 ms, 5 runs generated
Run gen thread 32 667593 ms, 5 runs generated
Run gen thread 27 669191 ms, 5 runs generated
Run gen thread 36 669267 ms, 5 runs generated
Run gen thread 16 670226 ms, 5 runs generated
Run gen thread 12 670229 ms, 5 runs generated
Run gen thread 33 671010 ms, 5 runs generated
Run gen thread 34 671226 ms, 5 runs generated
Run gen thread 14 671461 ms, 5 runs generated
Run gen thread 1 671516 ms, 5 runs generated
Run gen thread 11 675136 ms, 5 runs generated
Run gen thread 21 675749 ms, 5 runs generated
Run gen thread 6 676639 ms, 5 runs generated
Run gen thread 0 676916 ms, 5 runs generated
Run gen thread 25 677717 ms, 5 runs generated
Run gen thread 10 677825 ms, 5 runs generated
Run gen thread 3 678457 ms, 5 runs generated
Run gen thread 37 679081 ms, 5 runs generated
Run gen thread 19 679151 ms, 5 runs generated
Run gen thread 5 679203 ms, 5 runs generated
Run gen thread 7 679504 ms, 5 runs generated
Run gen thread 22 679738 ms, 5 runs generated
Run gen thread 38 680675 ms, 5 runs generated
Run gen thread 35 680692 ms, 5 runs generated
Run gen thread 26 680996 ms, 5 runs generated
Run gen thread 20 681050 ms, 5 runs generated
Run gen thread 24 682318 ms, 5 runs generated
Run gen thread 4 682394 ms, 5 runs generated
Run gen thread 23 682656 ms, 5 runs generated
Run gen thread 31 683802 ms, 5 runs generated
Run gen thread 17 683954 ms, 5 runs generated
Run gen thread 2 684144 ms, 5 runs generated
Run gen thread 15 684412 ms, 5 runs generated
Run gen thread 30 684960 ms, 5 runs generated
Run gen thread 13 685202 ms, 5 runs generated
Run gen thread 18 690152 ms, 5 runs generated
Generated 200 runs in 690633 ms
Merging 200 runs using 40 threads
Merge phase took 440970 ms | Merged 2147483648 entries across 40 runs | Thread timing: min=333528 ms, max=440898 ms | Partition sizes: imbalance=1.16x
1131.60s
  Warmup complete.

  Run 1/3: Starting sort with 40 parallel scanners for run generation
Run gen thread 5 496296 ms, 5 runs generated
Run gen thread 26 497721 ms, 5 runs generated
Run gen thread 24 498427 ms, 5 runs generated
Run gen thread 27 499426 ms, 5 runs generated
Run gen thread 10 502291 ms, 5 runs generated
Run gen thread 33 502923 ms, 5 runs generated
Run gen thread 31 503598 ms, 5 runs generated
Run gen thread 20 504473 ms, 5 runs generated
Run gen thread 30 507606 ms, 5 runs generated
Run gen thread 38 507829 ms, 5 runs generated
Run gen thread 9 507967 ms, 5 runs generated
Run gen thread 8 508024 ms, 5 runs generated
Run gen thread 29 508169 ms, 5 runs generated
Run gen thread 13 508288 ms, 5 runs generated
Run gen thread 37 508803 ms, 5 runs generated
Run gen thread 36 508992 ms, 5 runs generated
Run gen thread 19 509419 ms, 5 runs generated
Run gen thread 35 509437 ms, 5 runs generated
Run gen thread 3 510821 ms, 5 runs generated
Run gen thread 23 510926 ms, 5 runs generated
Run gen thread 39 512755 ms, 5 runs generated
Run gen thread 21 513031 ms, 5 runs generated
Run gen thread 28 513813 ms, 5 runs generated
Run gen thread 12 514037 ms, 5 runs generated
Run gen thread 1 514364 ms, 5 runs generated
Run gen thread 16 514663 ms, 5 runs generated
Run gen thread 22 514889 ms, 5 runs generated
Run gen thread 11 514876 ms, 5 runs generated
Run gen thread 25 515630 ms, 5 runs generated
Run gen thread 18 515790 ms, 5 runs generated
Run gen thread 4 515818 ms, 5 runs generated
Run gen thread 0 516306 ms, 5 runs generated
Run gen thread 15 516408 ms, 5 runs generated
Run gen thread 14 516634 ms, 5 runs generated
Run gen thread 34 516775 ms, 5 runs generated
Run gen thread 7 517314 ms, 5 runs generated
Run gen thread 2 518045 ms, 5 runs generated
Run gen thread 17 518668 ms, 5 runs generated
Run gen thread 6 519167 ms, 5 runs generated
Run gen thread 32 520249 ms, 5 runs generated
Generated 200 runs in 520727 ms
Merging 200 runs using 40 threads
Merge phase took 436593 ms | Merged 2147483648 entries across 40 runs | Thread timing: min=329249 ms, max=436536 ms | Partition sizes: imbalance=1.20x
SortStats:
  Number of runs: 200
  (R) time: 520727 ms
  (R) breakdown: load=0 ms, sort=510766 ms, store=0 ms
  (R) I/O stats: I/O Stats: Read Ops: 3276839, Read Bytes: 214750920704, Write Ops: 3538960, Write Bytes: 231928235008
  (M) time: 436593 ms
  Read amplification:
    Run generation writes: 231928235008 bytes (216.00 GB)
    Merge phase reads: 232860359680 bytes (216.87 GB)
    Read amplification factor: 1.00x
    Excess reads: 0.4% (sparse indexing overhead)
  Thread timing:
    Min thread time: 329249 ms
    Max thread time: 436536 ms
    Avg thread time: 408161 ms
    Time imbalance factor (max/avg): 1.07x

957.32s

  Cooling down for 30s before next run...
  Run 2/3: Starting sort with 40 parallel scanners for run generation
Run gen thread 18 548596 ms, 5 runs generated
Run gen thread 29 555165 ms, 5 runs generated
Run gen thread 11 557905 ms, 5 runs generated
Run gen thread 0 558404 ms, 5 runs generated
Run gen thread 32 559154 ms, 5 runs generated
Run gen thread 14 563172 ms, 5 runs generated
Run gen thread 19 564974 ms, 5 runs generated
Run gen thread 15 565034 ms, 5 runs generated
Run gen thread 31 565122 ms, 5 runs generated
Run gen thread 38 566215 ms, 5 runs generated
Run gen thread 12 567070 ms, 5 runs generated
Run gen thread 33 571309 ms, 5 runs generated
Run gen thread 39 572055 ms, 5 runs generated
Run gen thread 9 572763 ms, 5 runs generated
Run gen thread 10 573743 ms, 5 runs generated
Run gen thread 1 574233 ms, 5 runs generated
Run gen thread 8 574241 ms, 5 runs generated
Run gen thread 24 574487 ms, 5 runs generated
Run gen thread 28 574775 ms, 5 runs generated
Run gen thread 27 574881 ms, 5 runs generated
Run gen thread 17 575556 ms, 5 runs generated
Run gen thread 2 576887 ms, 5 runs generated
Run gen thread 16 577435 ms, 5 runs generated
Run gen thread 37 577612 ms, 5 runs generated
Run gen thread 22 578294 ms, 5 runs generated
Run gen thread 34 578702 ms, 5 runs generated
Run gen thread 25 579386 ms, 5 runs generated
Run gen thread 13 579752 ms, 5 runs generated
Run gen thread 30 580154 ms, 5 runs generated
Run gen thread 36 580270 ms, 5 runs generated
Run gen thread 5 580558 ms, 5 runs generated
Run gen thread 26 581252 ms, 5 runs generated
Run gen thread 6 581305 ms, 5 runs generated
Run gen thread 20 581872 ms, 5 runs generated
Run gen thread 7 582330 ms, 5 runs generated
Run gen thread 23 582367 ms, 5 runs generated
Run gen thread 35 583025 ms, 5 runs generated
Run gen thread 21 583523 ms, 5 runs generated
Run gen thread 3 583938 ms, 5 runs generated
Run gen thread 4 584688 ms, 5 runs generated
Generated 200 runs in 585448 ms
Merging 200 runs using 40 threads
Merge phase took 449545 ms | Merged 2147483648 entries across 40 runs | Thread timing: min=351458 ms, max=449465 ms | Partition sizes: imbalance=1.19x
SortStats:
  Number of runs: 200
  (R) time: 585448 ms
  (R) breakdown: load=0 ms, sort=573555 ms, store=0 ms
  (R) I/O stats: I/O Stats: Read Ops: 3276839, Read Bytes: 214750920704, Write Ops: 3538960, Write Bytes: 231928235008
  (M) time: 449545 ms
  Read amplification:
    Run generation writes: 231928235008 bytes (216.00 GB)
    Merge phase reads: 232860163072 bytes (216.87 GB)
    Read amplification factor: 1.00x
    Excess reads: 0.4% (sparse indexing overhead)
  Thread timing:
    Min thread time: 351458 ms
    Max thread time: 449465 ms
    Avg thread time: 419994 ms
    Time imbalance factor (max/avg): 1.07x

1034.99s

  Cooling down for 30s before next run...
  Run 3/3: Starting sort with 40 parallel scanners for run generation
Run gen thread 16 523574 ms, 5 runs generated
Run gen thread 36 528312 ms, 5 runs generated
Run gen thread 12 535015 ms, 5 runs generated
Run gen thread 37 535469 ms, 5 runs generated
Run gen thread 1 537883 ms, 5 runs generated
Run gen thread 34 546923 ms, 5 runs generated
Run gen thread 18 548921 ms, 5 runs generated
Run gen thread 39 549655 ms, 5 runs generated
Run gen thread 38 549916 ms, 5 runs generated
Run gen thread 2 550830 ms, 5 runs generated
Run gen thread 27 551792 ms, 5 runs generated
Run gen thread 8 552432 ms, 5 runs generated
Run gen thread 3 553032 ms, 5 runs generated
Run gen thread 23 554258 ms, 5 runs generated
Run gen thread 5 555409 ms, 5 runs generated
Run gen thread 9 555463 ms, 5 runs generated
Run gen thread 33 555549 ms, 5 runs generated
Run gen thread 26 555834 ms, 5 runs generated
Run gen thread 21 557010 ms, 5 runs generated
Run gen thread 4 557177 ms, 5 runs generated
Run gen thread 15 558156 ms, 5 runs generated
Run gen thread 29 558197 ms, 5 runs generated
Run gen thread 25 558278 ms, 5 runs generated
Run gen thread 17 558542 ms, 5 runs generated
Run gen thread 19 558762 ms, 5 runs generated
Run gen thread 14 559238 ms, 5 runs generated
Run gen thread 7 560272 ms, 5 runs generated
Run gen thread 30 560317 ms, 5 runs generated
Run gen thread 28 560398 ms, 5 runs generated
Run gen thread 10 561307 ms, 5 runs generated
Run gen thread 22 561473 ms, 5 runs generated
Run gen thread 13 561753 ms, 5 runs generated
Run gen thread 11 562265 ms, 5 runs generated
Run gen thread 6 562491 ms, 5 runs generated
Run gen thread 35 562897 ms, 5 runs generated
Run gen thread 31 563344 ms, 5 runs generated
Run gen thread 32 563637 ms, 5 runs generated
Run gen thread 24 563698 ms, 5 runs generated
Run gen thread 0 563742 ms, 5 runs generated
Run gen thread 20 565609 ms, 5 runs generated
Generated 200 runs in 565980 ms
Merging 200 runs using 40 threads
Merge phase took 439754 ms | Merged 2147483648 entries across 40 runs | Thread timing: min=344363 ms, max=439688 ms | Partition sizes: imbalance=1.20x
SortStats:
  Number of runs: 200
  (R) time: 565980 ms
  (R) breakdown: load=0 ms, sort=554470 ms, store=0 ms
  (R) I/O stats: I/O Stats: Read Ops: 3276839, Read Bytes: 214750920704, Write Ops: 3538960, Write Bytes: 231928235008
  (M) time: 439754 ms
  Read amplification:
    Run generation writes: 231928235008 bytes (216.00 GB)
    Merge phase reads: 232855537152 bytes (216.86 GB)
    Read amplification factor: 1.00x
    Excess reads: 0.4% (sparse indexing overhead)
  Thread timing:
    Min thread time: 344363 ms
    Max thread time: 439688 ms
    Avg thread time: 407067 ms
    Time imbalance factor (max/avg): 1.08x

1005.73s


================================================================================================================================================================
Benchmark Results Summary
================================================================================================================================================================
Config               Run Size   RG Runs    Gen Thr    Merge Thr  Total (s)  RunGen (s)   Merge (s)  Entries      Throughput       Read MB    Write MB  
                     (MB)                                                                                        (M entries/s)                         
----------------------------------------------------------------------------------------------------------------------------------------------------------------
Exp3_Thr40_Mem24GB[1] 614.4      200        40         40         957.32       520.73     436.59     2147483648   2.24             426875.4   442368.0  
Exp3_Thr40_Mem24GB[2] 614.4      200        40         40         1034.99      585.45     449.55     2147483648   2.07             426875.2   442368.0  
Exp3_Thr40_Mem24GB[3] 614.4      200        40         40         1005.73      565.98     439.75     2147483648   2.14             426870.8   442368.0  
Exp3_Thr40_Mem24GB[avg] 614.4      200        40         40         999.35       557.38     441.96     2147483648   2.15             426873.8   442368.0  
================================================================================================================================================================

================================================================================================================================================================
Merge Operations Summary (showing last 1 of 1 merge passes)
================================================================================================================================================================
Config               M1PAvg     M1PMax     M1Imbal    M1Slow       M1Fast      
----------------------------------------------------------------------------------------------------------------------------------------------------------------
Exp3_Thr40_Mem24GB[1] 53687091   64213034   1.20       436.59       436.59      
Exp3_Thr40_Mem24GB[2] 53687091   63813483   1.19       449.55       449.55      
Exp3_Thr40_Mem24GB[3] 53687091   64493134   1.20       439.75       439.75      
----------------------------------------------------------------------------------------------------------------------------------------------------------------
Exp3_Thr40_Mem24GB[avg] 53687091   64173217   1.20       449.55       436.59      
================================================================================================================================================================

================================================================================================================================================================
Detailed I/O Statistics
================================================================================================================================================================
Config               RG Read MB   RG Write MB  M1Read MB    M1Write MB  
----------------------------------------------------------------------------------------------------------------------------------------------------------------
Exp3_Thr40_Mem24GB[1] 204802.4     221184.0     222072.9     221184.0    
Exp3_Thr40_Mem24GB[2] 204802.4     221184.0     222072.8     221184.0    
Exp3_Thr40_Mem24GB[3] 204802.4     221184.0     222068.3     221184.0    
----------------------------------------------------------------------------------------------------------------------------------------------------------------
Exp3_Thr40_Mem24GB[avg] 204802.4     221184.0     222071.3     221184.0    
================================================================================================================================================================

====================================================================================================
Run Generation Time Breakdown
====================================================================================================
Config               RG Total s   Load s       Sort s       Store s     
----------------------------------------------------------------------------------------------------
Exp3_Thr40_Mem24GB[1] 520.73       0            510.766      0           
Exp3_Thr40_Mem24GB[2] 585.45       0            573.555      0           
Exp3_Thr40_Mem24GB[3] 565.98       0            554.47       0           
----------------------------------------------------------------------------------------------------
Exp3_Thr40_Mem24GB[avg] 557.38       0.00         546.26       0.00        
====================================================================================================
