warning: unused imports: `SeedableRng` and `rngs::SmallRng`
 --> src/fastzipf.rs:2:12
  |
2 | use rand::{SeedableRng, rngs::SmallRng};
  |            ^^^^^^^^^^^  ^^^^^^^^^^^^^^
  |
  = note: `#[warn(unused_imports)]` (part of `#[warn(unused)]`) on by default

warning: unused import: `std::fmt`
 --> src/sketch/reservoir_sampler.rs:6:5
  |
6 | use std::fmt;
  |     ^^^^^^^^

warning: unused import: `crate::sketch::kll::KLL`
   --> src/sketch/reservoir_sampler.rs:190:9
    |
190 |     use crate::sketch::kll::KLL;
    |         ^^^^^^^^^^^^^^^^^^^^^^^

warning: unused import: `super::*`
   --> src/sketch/reservoir_sampler.rs:192:9
    |
192 |     use super::*;
    |         ^^^^^^^^

warning: unused import: `std::collections::HashMap`
   --> src/sketch/mod.rs:226:9
    |
226 |     use std::collections::HashMap;
    |         ^^^^^^^^^^^^^^^^^^^^^^^^^

warning: unused import: `super::kll::*`
   --> src/sketch/mod.rs:228:9
    |
228 |     use super::kll::*;
    |         ^^^^^^^^^^^^^

warning: unused import: `super::reservoir_sampler::*`
   --> src/sketch/mod.rs:229:9
    |
229 |     use super::reservoir_sampler::*;
    |         ^^^^^^^^^^^^^^^^^^^^^^^^^^^

warning: unused import: `super::*`
   --> src/sketch/mod.rs:230:9
    |
230 |     use super::*;
    |         ^^^^^^^^

warning: unused import: `Duration`
 --> src/sort/core/engine.rs:4:17
  |
4 | use std::time::{Duration, Instant, SystemTime, UNIX_EPOCH};
  |                 ^^^^^^^^

warning: function `compute_ovc_delta` is never used
    --> src/ovc/offset_value_coding.rs:1136:15
     |
1136 | pub(crate) fn compute_ovc_delta(prev_key: Option<&[u8]>, key: &[u8]) -> OVCU64 {
     |               ^^^^^^^^^^^^^^^^^
     |
     = note: `#[warn(dead_code)]` (part of `#[warn(unused)]`) on by default

warning: `es` (lib) generated 10 warnings (run `cargo fix --lib -p es` to apply 9 suggestions)
    Finished `release` profile [optimized] target(s) in 0.09s
     Running `target/release/examples/gen_sort_cli -n Exp3_Thr40_Mem32GB -i ./datasets/gensort_200GiB.data --run-gen-threads 40 --merge-threads 40 --run-size-mb 819.20 --merge-fanin 13107 --warmup-runs 1 --benchmark-runs 3 --cooldown-seconds 30 --dir logs/resource_bench_2025-12-08_23-27-52/Exp3_Thr40_Mem32GB_tmp --ovc=false`

=== BENCHMARK MODE ===
GenSort file: "./datasets/gensort_200GiB.data"
Total entries: 2147483648
Estimated data size: 204800.00 MB
Run generation threads: 40
Use OVC: false
Run size (MB): 819.20
Run generation memory (MB): 32768.0
Merge threads: 40
Merge fan-in: 13107
Merge memory (MB): 32767.5
Sketch type: kll
Sketch size: 200
Run indexing interval: 1000
Temporary directory: "logs/resource_bench_2025-12-08_23-27-52/Exp3_Thr40_Mem32GB_tmp"
Warmup runs: 1
Runs per configuration: 3
Cooldown between runs (s): 30
Verify output: false

Running benchmark for config: Exp3_Thr40_Mem32GB
Parameters: Run Gen Threads: 40, Use OVC: false, Run Size: 819.20 MB, Run Gen Memory: 32768.0 MB, Merge Threads: 40, Merge Fanin: 13107, Merge Memory: 32767.5 MB, Imbalance Factor: 1.0
================================================================================
  Performing 1 warmup run(s)...
    Warmup 1/1: Starting sort with 40 parallel scanners for run generation
Run gen thread 17 712078 ms, 4 runs generated
Run gen thread 2 715343 ms, 4 runs generated
Run gen thread 14 715764 ms, 4 runs generated
Run gen thread 20 716693 ms, 4 runs generated
Run gen thread 11 718085 ms, 4 runs generated
Run gen thread 31 719204 ms, 4 runs generated
Run gen thread 21 720535 ms, 4 runs generated
Run gen thread 3 721287 ms, 4 runs generated
Run gen thread 5 723193 ms, 4 runs generated
Run gen thread 39 723331 ms, 4 runs generated
Run gen thread 4 723577 ms, 4 runs generated
Run gen thread 25 724509 ms, 4 runs generated
Run gen thread 32 724824 ms, 4 runs generated
Run gen thread 38 725491 ms, 4 runs generated
Run gen thread 28 725827 ms, 4 runs generated
Run gen thread 0 726061 ms, 4 runs generated
Run gen thread 23 726376 ms, 4 runs generated
Run gen thread 37 726438 ms, 4 runs generated
Run gen thread 18 726800 ms, 4 runs generated
Run gen thread 30 726987 ms, 4 runs generated
Run gen thread 9 728016 ms, 4 runs generated
Run gen thread 33 728930 ms, 4 runs generated
Run gen thread 27 729103 ms, 4 runs generated
Run gen thread 35 729436 ms, 4 runs generated
Run gen thread 22 731895 ms, 4 runs generated
Run gen thread 15 731988 ms, 4 runs generated
Run gen thread 10 732029 ms, 4 runs generated
Run gen thread 24 732405 ms, 4 runs generated
Run gen thread 8 732477 ms, 4 runs generated
Run gen thread 12 733041 ms, 4 runs generated
Run gen thread 36 733123 ms, 4 runs generated
Run gen thread 7 733422 ms, 4 runs generated
Run gen thread 19 733570 ms, 4 runs generated
Run gen thread 1 734275 ms, 4 runs generated
Run gen thread 29 734450 ms, 4 runs generated
Run gen thread 26 735533 ms, 4 runs generated
Run gen thread 6 735627 ms, 4 runs generated
Run gen thread 16 735850 ms, 4 runs generated
Run gen thread 13 737426 ms, 4 runs generated
Run gen thread 34 739671 ms, 4 runs generated
Generated 160 runs in 739880 ms
Merging 160 runs using 40 threads
Merge phase took 447201 ms | Merged 2147483648 entries across 40 runs | Thread timing: min=348089 ms, max=447111 ms | Partition sizes: imbalance=1.17x
1187.08s
  Warmup complete.

  Run 1/3: Starting sort with 40 parallel scanners for run generation
Run gen thread 22 509890 ms, 4 runs generated
Run gen thread 26 511769 ms, 4 runs generated
Run gen thread 34 526134 ms, 4 runs generated
Run gen thread 11 527540 ms, 4 runs generated
Run gen thread 23 527758 ms, 4 runs generated
Run gen thread 16 530369 ms, 4 runs generated
Run gen thread 32 530444 ms, 4 runs generated
Run gen thread 27 531445 ms, 4 runs generated
Run gen thread 1 534019 ms, 4 runs generated
Run gen thread 20 535045 ms, 4 runs generated
Run gen thread 38 536420 ms, 4 runs generated
Run gen thread 30 536782 ms, 4 runs generated
Run gen thread 36 537884 ms, 4 runs generated
Run gen thread 39 537967 ms, 4 runs generated
Run gen thread 37 541401 ms, 4 runs generated
Run gen thread 2 546557 ms, 4 runs generated
Run gen thread 7 547335 ms, 4 runs generated
Run gen thread 21 548365 ms, 4 runs generated
Run gen thread 29 549658 ms, 4 runs generated
Run gen thread 24 549625 ms, 4 runs generated
Run gen thread 35 550017 ms, 4 runs generated
Run gen thread 3 550341 ms, 4 runs generated
Run gen thread 19 550470 ms, 4 runs generated
Run gen thread 5 550464 ms, 4 runs generated
Run gen thread 17 550384 ms, 4 runs generated
Run gen thread 14 550779 ms, 4 runs generated
Run gen thread 12 551338 ms, 4 runs generated
Run gen thread 28 552054 ms, 4 runs generated
Run gen thread 18 552096 ms, 4 runs generated
Run gen thread 0 552541 ms, 4 runs generated
Run gen thread 13 552706 ms, 4 runs generated
Run gen thread 4 553339 ms, 4 runs generated
Run gen thread 6 553667 ms, 4 runs generated
Run gen thread 33 553977 ms, 4 runs generated
Run gen thread 10 554135 ms, 4 runs generated
Run gen thread 25 555486 ms, 4 runs generated
Run gen thread 8 556023 ms, 4 runs generated
Run gen thread 9 556952 ms, 4 runs generated
Run gen thread 15 557273 ms, 4 runs generated
Run gen thread 31 559268 ms, 4 runs generated
Generated 160 runs in 559698 ms
Merging 160 runs using 40 threads
Merge phase took 520337 ms | Merged 2147483648 entries across 40 runs | Thread timing: min=411543 ms, max=520271 ms | Partition sizes: imbalance=1.23x
SortStats:
  Number of runs: 160
  (R) time: 559698 ms
  (R) breakdown: load=0 ms, sort=543992 ms, store=0 ms
  (R) I/O stats: I/O Stats: Read Ops: 3276839, Read Bytes: 214750920704, Write Ops: 3538960, Write Bytes: 231928235008
  (M) time: 520337 ms
  Read amplification:
    Run generation writes: 231928235008 bytes (216.00 GB)
    Merge phase reads: 232665392128 bytes (216.69 GB)
    Read amplification factor: 1.00x
    Excess reads: 0.3% (sparse indexing overhead)
  Thread timing:
    Min thread time: 411543 ms
    Max thread time: 520271 ms
    Avg thread time: 482738 ms
    Time imbalance factor (max/avg): 1.08x

1080.03s

  Cooling down for 30s before next run...
  Run 2/3: Starting sort with 40 parallel scanners for run generation
Run gen thread 2 593916 ms, 4 runs generated
Run gen thread 22 597717 ms, 4 runs generated
Run gen thread 9 599274 ms, 4 runs generated
Run gen thread 16 599887 ms, 4 runs generated
Run gen thread 14 600615 ms, 4 runs generated
Run gen thread 21 602341 ms, 4 runs generated
Run gen thread 4 605384 ms, 4 runs generated
Run gen thread 35 606163 ms, 4 runs generated
Run gen thread 1 608268 ms, 4 runs generated
Run gen thread 24 610151 ms, 4 runs generated
Run gen thread 27 610951 ms, 4 runs generated
Run gen thread 25 611002 ms, 4 runs generated
Run gen thread 39 611528 ms, 4 runs generated
Run gen thread 17 612755 ms, 4 runs generated
Run gen thread 28 613977 ms, 4 runs generated
Run gen thread 5 614071 ms, 4 runs generated
Run gen thread 10 614504 ms, 4 runs generated
Run gen thread 3 614632 ms, 4 runs generated
Run gen thread 23 615100 ms, 4 runs generated
Run gen thread 19 616257 ms, 4 runs generated
Run gen thread 20 616868 ms, 4 runs generated
Run gen thread 11 617423 ms, 4 runs generated
Run gen thread 18 617636 ms, 4 runs generated
Run gen thread 29 618245 ms, 4 runs generated
Run gen thread 36 618987 ms, 4 runs generated
Run gen thread 32 619761 ms, 4 runs generated
Run gen thread 34 622097 ms, 4 runs generated
Run gen thread 6 622439 ms, 4 runs generated
Run gen thread 0 623059 ms, 4 runs generated
Run gen thread 38 623491 ms, 4 runs generated
Run gen thread 31 624375 ms, 4 runs generated
Run gen thread 26 624494 ms, 4 runs generated
Run gen thread 37 624831 ms, 4 runs generated
Run gen thread 33 625009 ms, 4 runs generated
Run gen thread 7 625202 ms, 4 runs generated
Run gen thread 12 625325 ms, 4 runs generated
Run gen thread 30 625657 ms, 4 runs generated
Run gen thread 13 625891 ms, 4 runs generated
Run gen thread 15 626219 ms, 4 runs generated
Run gen thread 8 629586 ms, 4 runs generated
Generated 160 runs in 630253 ms
Merging 160 runs using 40 threads
Merge phase took 444140 ms | Merged 2147483648 entries across 40 runs | Thread timing: min=352534 ms, max=443788 ms | Partition sizes: imbalance=1.18x
SortStats:
  Number of runs: 160
  (R) time: 630253 ms
  (R) breakdown: load=0 ms, sort=615377 ms, store=0 ms
  (R) I/O stats: I/O Stats: Read Ops: 3276839, Read Bytes: 214750920704, Write Ops: 3538960, Write Bytes: 231928235008
  (M) time: 444140 ms
  Read amplification:
    Run generation writes: 231928235008 bytes (216.00 GB)
    Merge phase reads: 232668406784 bytes (216.69 GB)
    Read amplification factor: 1.00x
    Excess reads: 0.3% (sparse indexing overhead)
  Thread timing:
    Min thread time: 352534 ms
    Max thread time: 443788 ms
    Avg thread time: 417726 ms
    Time imbalance factor (max/avg): 1.06x

1074.39s

  Cooling down for 30s before next run...
  Run 3/3: Starting sort with 40 parallel scanners for run generation
Run gen thread 29 591197 ms, 4 runs generated
Run gen thread 30 595650 ms, 4 runs generated
Run gen thread 32 595821 ms, 4 runs generated
Run gen thread 31 597130 ms, 4 runs generated
Run gen thread 37 597155 ms, 4 runs generated
Run gen thread 24 599726 ms, 4 runs generated
Run gen thread 34 602112 ms, 4 runs generated
Run gen thread 25 602160 ms, 4 runs generated
Run gen thread 39 602595 ms, 4 runs generated
Run gen thread 17 606414 ms, 4 runs generated
Run gen thread 18 610098 ms, 4 runs generated
Run gen thread 5 611120 ms, 4 runs generated
Run gen thread 21 611841 ms, 4 runs generated
Run gen thread 27 611940 ms, 4 runs generated
Run gen thread 16 612782 ms, 4 runs generated
Run gen thread 22 612868 ms, 4 runs generated
Run gen thread 14 612929 ms, 4 runs generated
Run gen thread 15 613152 ms, 4 runs generated
Run gen thread 33 613568 ms, 4 runs generated
Run gen thread 2 614142 ms, 4 runs generated
Run gen thread 35 615054 ms, 4 runs generated
Run gen thread 7 615331 ms, 4 runs generated
Run gen thread 28 616023 ms, 4 runs generated
Run gen thread 36 616112 ms, 4 runs generated
Run gen thread 23 618701 ms, 4 runs generated
Run gen thread 8 618876 ms, 4 runs generated
Run gen thread 1 618952 ms, 4 runs generated
Run gen thread 26 619052 ms, 4 runs generated
Run gen thread 0 619438 ms, 4 runs generated
Run gen thread 19 619826 ms, 4 runs generated
Run gen thread 4 620160 ms, 4 runs generated
Run gen thread 38 621256 ms, 4 runs generated
Run gen thread 12 621447 ms, 4 runs generated
Run gen thread 6 621624 ms, 4 runs generated
Run gen thread 10 621768 ms, 4 runs generated
Run gen thread 3 622427 ms, 4 runs generated
Run gen thread 11 625075 ms, 4 runs generated
Run gen thread 20 625715 ms, 4 runs generated
Run gen thread 13 626903 ms, 4 runs generated
Run gen thread 9 628380 ms, 4 runs generated
Generated 160 runs in 629153 ms
Merging 160 runs using 40 threads
Merge phase took 438062 ms | Merged 2147483648 entries across 40 runs | Thread timing: min=372011 ms, max=437878 ms | Partition sizes: imbalance=1.16x
SortStats:
  Number of runs: 160
  (R) time: 629153 ms
  (R) breakdown: load=0 ms, sort=613163 ms, store=0 ms
  (R) I/O stats: I/O Stats: Read Ops: 3276839, Read Bytes: 214750920704, Write Ops: 3538960, Write Bytes: 231928235008
  (M) time: 438062 ms
  Read amplification:
    Run generation writes: 231928235008 bytes (216.00 GB)
    Merge phase reads: 232668800000 bytes (216.69 GB)
    Read amplification factor: 1.00x
    Excess reads: 0.3% (sparse indexing overhead)
  Thread timing:
    Min thread time: 372011 ms
    Max thread time: 437878 ms
    Avg thread time: 417937 ms
    Time imbalance factor (max/avg): 1.05x

1067.22s


================================================================================================================================================================
Benchmark Results Summary
================================================================================================================================================================
Config               Run Size   RG Runs    Gen Thr    Merge Thr  Total (s)  RunGen (s)   Merge (s)  Entries      Throughput       Read MB    Write MB  
                     (MB)                                                                                        (M entries/s)                         
----------------------------------------------------------------------------------------------------------------------------------------------------------------
Exp3_Thr40_Mem32GB[1] 819.2      160        40         40         1080.03      559.70     520.34     2147483648   1.99             426689.4   442368.0  
Exp3_Thr40_Mem32GB[2] 819.2      160        40         40         1074.39      630.25     444.14     2147483648   2.00             426692.3   442368.0  
Exp3_Thr40_Mem32GB[3] 819.2      160        40         40         1067.22      629.15     438.06     2147483648   2.01             426692.7   442368.0  
Exp3_Thr40_Mem32GB[avg] 819.2      160        40         40         1073.88      606.37     467.51     2147483648   2.00             426691.5   442368.0  
================================================================================================================================================================

================================================================================================================================================================
Merge Operations Summary (showing last 1 of 1 merge passes)
================================================================================================================================================================
Config               M1PAvg     M1PMax     M1Imbal    M1Slow       M1Fast      
----------------------------------------------------------------------------------------------------------------------------------------------------------------
Exp3_Thr40_Mem32GB[1] 53687091   66181364   1.23       520.34       520.34      
Exp3_Thr40_Mem32GB[2] 53687091   63166018   1.18       444.14       444.14      
Exp3_Thr40_Mem32GB[3] 53687091   62044903   1.16       438.06       438.06      
----------------------------------------------------------------------------------------------------------------------------------------------------------------
Exp3_Thr40_Mem32GB[avg] 53687091   63797428   1.19       520.34       438.06      
================================================================================================================================================================

================================================================================================================================================================
Detailed I/O Statistics
================================================================================================================================================================
Config               RG Read MB   RG Write MB  M1Read MB    M1Write MB  
----------------------------------------------------------------------------------------------------------------------------------------------------------------
Exp3_Thr40_Mem32GB[1] 204802.4     221184.0     221887.0     221184.0    
Exp3_Thr40_Mem32GB[2] 204802.4     221184.0     221889.9     221184.0    
Exp3_Thr40_Mem32GB[3] 204802.4     221184.0     221890.3     221184.0    
----------------------------------------------------------------------------------------------------------------------------------------------------------------
Exp3_Thr40_Mem32GB[avg] 204802.4     221184.0     221889.1     221184.0    
================================================================================================================================================================

====================================================================================================
Run Generation Time Breakdown
====================================================================================================
Config               RG Total s   Load s       Sort s       Store s     
----------------------------------------------------------------------------------------------------
Exp3_Thr40_Mem32GB[1] 559.70       0            543.992      0           
Exp3_Thr40_Mem32GB[2] 630.25       0            615.377      0           
Exp3_Thr40_Mem32GB[3] 629.15       0            613.163      0           
----------------------------------------------------------------------------------------------------
Exp3_Thr40_Mem32GB[avg] 606.37       0.00         590.84       0.00        
====================================================================================================
