warning: unused imports: `SeedableRng` and `rngs::SmallRng`
 --> src/fastzipf.rs:2:12
  |
2 | use rand::{SeedableRng, rngs::SmallRng};
  |            ^^^^^^^^^^^  ^^^^^^^^^^^^^^
  |
  = note: `#[warn(unused_imports)]` (part of `#[warn(unused)]`) on by default

warning: unused import: `std::fmt`
 --> src/sketch/reservoir_sampler.rs:6:5
  |
6 | use std::fmt;
  |     ^^^^^^^^

warning: unused import: `crate::sketch::kll::KLL`
   --> src/sketch/reservoir_sampler.rs:190:9
    |
190 |     use crate::sketch::kll::KLL;
    |         ^^^^^^^^^^^^^^^^^^^^^^^

warning: unused import: `super::*`
   --> src/sketch/reservoir_sampler.rs:192:9
    |
192 |     use super::*;
    |         ^^^^^^^^

warning: unused import: `std::collections::HashMap`
   --> src/sketch/mod.rs:226:9
    |
226 |     use std::collections::HashMap;
    |         ^^^^^^^^^^^^^^^^^^^^^^^^^

warning: unused import: `super::kll::*`
   --> src/sketch/mod.rs:228:9
    |
228 |     use super::kll::*;
    |         ^^^^^^^^^^^^^

warning: unused import: `super::reservoir_sampler::*`
   --> src/sketch/mod.rs:229:9
    |
229 |     use super::reservoir_sampler::*;
    |         ^^^^^^^^^^^^^^^^^^^^^^^^^^^

warning: unused import: `super::*`
   --> src/sketch/mod.rs:230:9
    |
230 |     use super::*;
    |         ^^^^^^^^

warning: unused import: `Duration`
 --> src/sort/core/engine.rs:4:17
  |
4 | use std::time::{Duration, Instant, SystemTime, UNIX_EPOCH};
  |                 ^^^^^^^^

warning: function `compute_ovc_delta` is never used
    --> src/ovc/offset_value_coding.rs:1136:15
     |
1136 | pub(crate) fn compute_ovc_delta(prev_key: Option<&[u8]>, key: &[u8]) -> OVCU64 {
     |               ^^^^^^^^^^^^^^^^^
     |
     = note: `#[warn(dead_code)]` (part of `#[warn(unused)]`) on by default

warning: `es` (lib) generated 10 warnings (run `cargo fix --lib -p es` to apply 9 suggestions)
    Finished `release` profile [optimized] target(s) in 0.20s
     Running `target/release/examples/gen_sort_cli -n Exp3.1_Thr24_Mem2GB -i ./datasets/gensort_200GiB.data --run-gen-threads 24 --merge-threads 24 --run-size-mb 85.33 --merge-fanin 1365 --warmup-runs 1 --benchmark-runs 3 --cooldown-seconds 30 --dir logs/resource_bench_2025-12-12_13-20-11/Exp3.1_Thr24_Mem2GB_tmp --ovc=false`

=== BENCHMARK MODE ===
GenSort file: "./datasets/gensort_200GiB.data"
Total entries: 2147483648
Estimated data size: 204800.00 MB
Run generation threads: 24
Use OVC: false
Run size (MB): 85.33
Run generation memory (MB): 2047.9
Merge threads: 24
Merge fan-in: 1365
Merge memory (MB): 2047.5
Sketch type: kll
Sketch size: 200
Run indexing interval: 1000
Temporary directory: "logs/resource_bench_2025-12-12_13-20-11/Exp3.1_Thr24_Mem2GB_tmp"
Warmup runs: 1
Runs per configuration: 3
Cooldown between runs (s): 30
Verify output: false

Running benchmark for config: Exp3.1_Thr24_Mem2GB
Parameters: Run Gen Threads: 24, Use OVC: false, Run Size: 85.33 MB, Run Gen Memory: 2047.9 MB, Merge Threads: 24, Merge Fanin: 1365, Merge Memory: 2047.5 MB, Imbalance Factor: 1.0
================================================================================
  Performing 1 warmup run(s)...
    Warmup 1/1: Starting sort with 24 parallel scanners for run generation
Run gen thread 22 601931 ms, 51 runs generated
Run gen thread 8 602883 ms, 51 runs generated
Run gen thread 10 603600 ms, 51 runs generated
Run gen thread 17 604933 ms, 51 runs generated
Run gen thread 21 606984 ms, 51 runs generated
Run gen thread 12 610200 ms, 51 runs generated
Run gen thread 20 610532 ms, 51 runs generated
Run gen thread 13 611076 ms, 51 runs generated
Run gen thread 15 612502 ms, 51 runs generated
Run gen thread 5 613622 ms, 51 runs generated
Run gen thread 19 619172 ms, 51 runs generated
Run gen thread 0 620069 ms, 51 runs generated
Run gen thread 14 621611 ms, 51 runs generated
Run gen thread 9 622345 ms, 51 runs generated
Run gen thread 7 623721 ms, 51 runs generated
Run gen thread 11 623801 ms, 51 runs generated
Run gen thread 6 624250 ms, 51 runs generated
Run gen thread 18 624673 ms, 51 runs generated
Run gen thread 3 625323 ms, 51 runs generated
Run gen thread 23 626261 ms, 51 runs generated
Run gen thread 4 626488 ms, 51 runs generated
Run gen thread 1 626996 ms, 51 runs generated
Run gen thread 2 627409 ms, 51 runs generated
Run gen thread 16 628261 ms, 51 runs generated
Generated 1224 runs in 628454 ms
Merging 1224 runs using 24 threads
Merge phase took 490944 ms | Merged 2147483648 entries across 24 runs | Thread timing: min=427240 ms, max=490942 ms | Partition sizes: imbalance=1.11x
1119.40s
  Warmup complete.

  Run 1/3: Starting sort with 24 parallel scanners for run generation
Run gen thread 0 556603 ms, 51 runs generated
Run gen thread 18 560835 ms, 51 runs generated
Run gen thread 9 563008 ms, 51 runs generated
Run gen thread 17 567905 ms, 51 runs generated
Run gen thread 12 568472 ms, 51 runs generated
Run gen thread 3 568617 ms, 51 runs generated
Run gen thread 1 569410 ms, 51 runs generated
Run gen thread 13 569486 ms, 51 runs generated
Run gen thread 7 569576 ms, 51 runs generated
Run gen thread 15 569701 ms, 51 runs generated
Run gen thread 11 570682 ms, 51 runs generated
Run gen thread 16 571152 ms, 51 runs generated
Run gen thread 21 571549 ms, 51 runs generated
Run gen thread 8 572377 ms, 51 runs generated
Run gen thread 23 572507 ms, 51 runs generated
Run gen thread 14 572582 ms, 51 runs generated
Run gen thread 19 572606 ms, 51 runs generated
Run gen thread 22 574821 ms, 51 runs generated
Run gen thread 2 575512 ms, 51 runs generated
Run gen thread 5 576064 ms, 51 runs generated
Run gen thread 20 576917 ms, 51 runs generated
Run gen thread 4 577266 ms, 51 runs generated
Run gen thread 6 581775 ms, 51 runs generated
Run gen thread 10 581877 ms, 51 runs generated
Generated 1224 runs in 582558 ms
Merging 1224 runs using 24 threads
Merge phase took 487679 ms | Merged 2147483648 entries across 24 runs | Thread timing: min=411855 ms, max=487678 ms | Partition sizes: imbalance=1.15x
SortStats:
  Number of runs: 1224
  (R) time: 582558 ms
  (R) breakdown: load=0 ms, sort=571304 ms, store=0 ms
  (R) I/O stats: I/O Stats: Read Ops: 3276823, Read Bytes: 214749872128, Write Ops: 3538967, Write Bytes: 231928244224
  (M) time: 487679 ms
  Read amplification:
    Run generation writes: 231928244224 bytes (216.00 GB)
    Merge phase reads: 235375707136 bytes (219.21 GB)
    Read amplification factor: 1.01x
    Excess reads: 1.5% (sparse indexing overhead)
  Thread timing:
    Min thread time: 411855 ms
    Max thread time: 487678 ms
    Avg thread time: 459107 ms
    Time imbalance factor (max/avg): 1.06x
    Thread times: [426134, 481898, 464779, 472484, 411855, 487678, 425189, 465230, 476851, 466656, 452705, 473407, 423627, 478365, 453230, 478512, 438344, 474981, 460949, 476724, 471097, 436381, 434388, 487114]

1070.24s

  Cooling down for 30s before next run...
  Run 2/3: Starting sort with 24 parallel scanners for run generation
Run gen thread 19 580454 ms, 51 runs generated
Run gen thread 13 582751 ms, 51 runs generated
Run gen thread 4 582973 ms, 51 runs generated
Run gen thread 18 584941 ms, 51 runs generated
Run gen thread 22 586983 ms, 51 runs generated
Run gen thread 6 587349 ms, 51 runs generated
Run gen thread 20 588129 ms, 51 runs generated
Run gen thread 0 588663 ms, 51 runs generated
Run gen thread 21 588727 ms, 51 runs generated
Run gen thread 7 589952 ms, 51 runs generated
Run gen thread 5 590747 ms, 51 runs generated
Run gen thread 23 590802 ms, 51 runs generated
Run gen thread 2 591152 ms, 51 runs generated
Run gen thread 9 591598 ms, 51 runs generated
Run gen thread 1 592594 ms, 51 runs generated
Run gen thread 17 592608 ms, 51 runs generated
Run gen thread 3 592911 ms, 51 runs generated
Run gen thread 14 593513 ms, 51 runs generated
Run gen thread 8 593985 ms, 51 runs generated
Run gen thread 10 594465 ms, 51 runs generated
Run gen thread 15 594496 ms, 51 runs generated
Run gen thread 11 594568 ms, 51 runs generated
Run gen thread 12 595491 ms, 51 runs generated
Run gen thread 16 597302 ms, 51 runs generated
Generated 1224 runs in 597492 ms
Merging 1224 runs using 24 threads
Merge phase took 491627 ms | Merged 2147483648 entries across 24 runs | Thread timing: min=388519 ms, max=491624 ms | Partition sizes: imbalance=1.13x
SortStats:
  Number of runs: 1224
  (R) time: 597492 ms
  (R) breakdown: load=0 ms, sort=590298 ms, store=0 ms
  (R) I/O stats: I/O Stats: Read Ops: 3276823, Read Bytes: 214749872128, Write Ops: 3538967, Write Bytes: 231928244224
  (M) time: 491627 ms
  Read amplification:
    Run generation writes: 231928244224 bytes (216.00 GB)
    Merge phase reads: 235364301824 bytes (219.20 GB)
    Read amplification factor: 1.01x
    Excess reads: 1.5% (sparse indexing overhead)
  Thread timing:
    Min thread time: 388519 ms
    Max thread time: 491624 ms
    Avg thread time: 464731 ms
    Time imbalance factor (max/avg): 1.06x
    Thread times: [450344, 482000, 423802, 460971, 476957, 464442, 481009, 491002, 388519, 491410, 467769, 476154, 437318, 458918, 471225, 462892, 473486, 487536, 472996, 451118, 452283, 490443, 449335, 491624]

1089.12s

  Cooling down for 30s before next run...
  Run 3/3: Starting sort with 24 parallel scanners for run generation
Run gen thread 6 556329 ms, 51 runs generated
Run gen thread 19 556428 ms, 51 runs generated
Run gen thread 21 556462 ms, 51 runs generated
Run gen thread 5 556841 ms, 51 runs generated
Run gen thread 17 559392 ms, 51 runs generated
Run gen thread 10 563062 ms, 51 runs generated
Run gen thread 7 563392 ms, 51 runs generated
Run gen thread 20 565925 ms, 51 runs generated
Run gen thread 22 568686 ms, 51 runs generated
Run gen thread 8 569119 ms, 51 runs generated
Run gen thread 0 569337 ms, 51 runs generated
Run gen thread 12 569470 ms, 51 runs generated
Run gen thread 4 572982 ms, 51 runs generated
Run gen thread 11 574288 ms, 51 runs generated
Run gen thread 9 574895 ms, 51 runs generated
Run gen thread 13 575137 ms, 51 runs generated
Run gen thread 14 577504 ms, 51 runs generated
Run gen thread 18 578467 ms, 51 runs generated
Run gen thread 3 579058 ms, 51 runs generated
Run gen thread 2 579920 ms, 51 runs generated
Run gen thread 1 580668 ms, 51 runs generated
Run gen thread 16 581127 ms, 51 runs generated
Run gen thread 23 581780 ms, 51 runs generated
Run gen thread 15 583777 ms, 51 runs generated
Generated 1224 runs in 583958 ms
Merging 1224 runs using 24 threads
Merge phase took 480896 ms | Merged 2147483648 entries across 24 runs | Thread timing: min=391754 ms, max=480891 ms | Partition sizes: imbalance=1.10x
SortStats:
  Number of runs: 1224
  (R) time: 583958 ms
  (R) breakdown: load=0 ms, sort=570585 ms, store=0 ms
  (R) I/O stats: I/O Stats: Read Ops: 3276823, Read Bytes: 214749872128, Write Ops: 3538967, Write Bytes: 231928244224
  (M) time: 480896 ms
  Read amplification:
    Run generation writes: 231928244224 bytes (216.00 GB)
    Merge phase reads: 235381740544 bytes (219.22 GB)
    Read amplification factor: 1.01x
    Excess reads: 1.5% (sparse indexing overhead)
  Thread timing:
    Min thread time: 391754 ms
    Max thread time: 480891 ms
    Avg thread time: 457498 ms
    Time imbalance factor (max/avg): 1.05x
    Thread times: [468428, 471221, 447670, 441491, 475198, 468230, 441393, 480797, 442062, 478301, 422218, 439634, 468361, 478094, 446919, 451628, 480149, 466254, 472236, 425606, 468004, 480891, 391754, 473421]

1064.85s


================================================================================================================================================================
Benchmark Results Summary
================================================================================================================================================================
Config               Run Size   RG Runs    Gen Thr    Merge Thr  Total (s)  RunGen (s)   Merge (s)  Entries      Throughput       Read MB    Write MB  
                     (MB)                                                                                        (M entries/s)                         
----------------------------------------------------------------------------------------------------------------------------------------------------------------
Exp3.1_Thr24_Mem2GB[1] 85.3       1224       24         24         1070.24      582.56     487.68     2147483648   2.01             429273.2   442368.0  
Exp3.1_Thr24_Mem2GB[2] 85.3       1224       24         24         1089.12      597.49     491.63     2147483648   1.97             429262.3   442368.0  
Exp3.1_Thr24_Mem2GB[3] 85.3       1224       24         24         1064.85      583.96     480.90     2147483648   2.02             429279.0   442368.0  
Exp3.1_Thr24_Mem2GB[avg] 85.3       1224       24         24         1074.74      588.00     486.73     2147483648   2.00             429271.5   442368.0  
================================================================================================================================================================

================================================================================================================================================================
Merge Operations Summary (showing last 1 of 1 merge passes)
================================================================================================================================================================
Config               M1PAvg     M1PMax     M1Imbal    M1Slow       M1Fast      
----------------------------------------------------------------------------------------------------------------------------------------------------------------
Exp3.1_Thr24_Mem2GB[1] 89478485   102694964  1.15       487.68       487.68      
Exp3.1_Thr24_Mem2GB[2] 89478485   100958230  1.13       491.63       491.63      
Exp3.1_Thr24_Mem2GB[3] 89478485   98122463   1.10       480.90       480.90      
----------------------------------------------------------------------------------------------------------------------------------------------------------------
Exp3.1_Thr24_Mem2GB[avg] 89478485   100591885  1.12       491.63       480.90      
================================================================================================================================================================

================================================================================================================================================================
Detailed I/O Statistics
================================================================================================================================================================
Config               RG Read MB   RG Write MB  M1Read MB    M1Write MB  
----------------------------------------------------------------------------------------------------------------------------------------------------------------
Exp3.1_Thr24_Mem2GB[1] 204801.4     221184.0     224471.8     221184.0    
Exp3.1_Thr24_Mem2GB[2] 204801.4     221184.0     224460.9     221184.0    
Exp3.1_Thr24_Mem2GB[3] 204801.4     221184.0     224477.5     221184.0    
----------------------------------------------------------------------------------------------------------------------------------------------------------------
Exp3.1_Thr24_Mem2GB[avg] 204801.4     221184.0     224470.1     221184.0    
================================================================================================================================================================

====================================================================================================
Run Generation Time Breakdown
====================================================================================================
Config               RG Total s   Load s       Sort s       Store s     
----------------------------------------------------------------------------------------------------
Exp3.1_Thr24_Mem2GB[1] 582.56       0            571.304      0           
Exp3.1_Thr24_Mem2GB[2] 597.49       0            590.298      0           
Exp3.1_Thr24_Mem2GB[3] 583.96       0            570.585      0           
----------------------------------------------------------------------------------------------------
Exp3.1_Thr24_Mem2GB[avg] 588.00       0.00         577.40       0.00        
====================================================================================================
