warning: unused imports: `SeedableRng` and `rngs::SmallRng`
 --> src/fastzipf.rs:2:12
  |
2 | use rand::{SeedableRng, rngs::SmallRng};
  |            ^^^^^^^^^^^  ^^^^^^^^^^^^^^
  |
  = note: `#[warn(unused_imports)]` (part of `#[warn(unused)]`) on by default

warning: unused import: `std::fmt`
 --> src/sketch/reservoir_sampler.rs:6:5
  |
6 | use std::fmt;
  |     ^^^^^^^^

warning: unused import: `crate::sketch::kll::KLL`
   --> src/sketch/reservoir_sampler.rs:190:9
    |
190 |     use crate::sketch::kll::KLL;
    |         ^^^^^^^^^^^^^^^^^^^^^^^

warning: unused import: `super::*`
   --> src/sketch/reservoir_sampler.rs:192:9
    |
192 |     use super::*;
    |         ^^^^^^^^

warning: unused import: `std::collections::HashMap`
   --> src/sketch/mod.rs:226:9
    |
226 |     use std::collections::HashMap;
    |         ^^^^^^^^^^^^^^^^^^^^^^^^^

warning: unused import: `super::kll::*`
   --> src/sketch/mod.rs:228:9
    |
228 |     use super::kll::*;
    |         ^^^^^^^^^^^^^

warning: unused import: `super::reservoir_sampler::*`
   --> src/sketch/mod.rs:229:9
    |
229 |     use super::reservoir_sampler::*;
    |         ^^^^^^^^^^^^^^^^^^^^^^^^^^^

warning: unused import: `super::*`
   --> src/sketch/mod.rs:230:9
    |
230 |     use super::*;
    |         ^^^^^^^^

warning: unused import: `Duration`
 --> src/sort/core/engine.rs:4:17
  |
4 | use std::time::{Duration, Instant, SystemTime, UNIX_EPOCH};
  |                 ^^^^^^^^

warning: function `compute_ovc_delta` is never used
    --> src/ovc/offset_value_coding.rs:1136:15
     |
1136 | pub(crate) fn compute_ovc_delta(prev_key: Option<&[u8]>, key: &[u8]) -> OVCU64 {
     |               ^^^^^^^^^^^^^^^^^
     |
     = note: `#[warn(dead_code)]` (part of `#[warn(unused)]`) on by default

warning: `es` (lib) generated 10 warnings (run `cargo fix --lib -p es` to apply 9 suggestions)
    Finished `release` profile [optimized] target(s) in 0.21s
     Running `target/release/examples/gen_sort_cli -n Exp3.1_Thr40_Mem2GB -i ./datasets/gensort_200GiB.data --run-gen-threads 40 --merge-threads 40 --run-size-mb 51.20 --merge-fanin 819 --warmup-runs 1 --benchmark-runs 3 --cooldown-seconds 30 --dir logs/resource_bench_2025-12-12_13-20-11/Exp3.1_Thr40_Mem2GB_tmp --ovc=false`

=== BENCHMARK MODE ===
GenSort file: "./datasets/gensort_200GiB.data"
Total entries: 2147483648
Estimated data size: 204800.00 MB
Run generation threads: 40
Use OVC: false
Run size (MB): 51.20
Run generation memory (MB): 2048.0
Merge threads: 40
Merge fan-in: 819
Merge memory (MB): 2047.5
Sketch type: kll
Sketch size: 200
Run indexing interval: 1000
Temporary directory: "logs/resource_bench_2025-12-12_13-20-11/Exp3.1_Thr40_Mem2GB_tmp"
Warmup runs: 1
Runs per configuration: 3
Cooldown between runs (s): 30
Verify output: false

Running benchmark for config: Exp3.1_Thr40_Mem2GB
Parameters: Run Gen Threads: 40, Use OVC: false, Run Size: 51.20 MB, Run Gen Memory: 2048.0 MB, Merge Threads: 40, Merge Fanin: 819, Merge Memory: 2047.5 MB, Imbalance Factor: 1.0
================================================================================
  Performing 1 warmup run(s)...
    Warmup 1/1: Starting sort with 40 parallel scanners for run generation
Run gen thread 11 532176 ms, 51 runs generated
Run gen thread 33 532464 ms, 51 runs generated
Run gen thread 31 532673 ms, 51 runs generated
Run gen thread 0 532709 ms, 51 runs generated
Run gen thread 39 533367 ms, 51 runs generated
Run gen thread 21 536239 ms, 51 runs generated
Run gen thread 1 538781 ms, 51 runs generated
Run gen thread 22 538806 ms, 51 runs generated
Run gen thread 37 539633 ms, 51 runs generated
Run gen thread 12 540954 ms, 51 runs generated
Run gen thread 5 541084 ms, 51 runs generated
Run gen thread 32 541265 ms, 51 runs generated
Run gen thread 13 541292 ms, 51 runs generated
Run gen thread 3 541454 ms, 51 runs generated
Run gen thread 35 541536 ms, 51 runs generated
Run gen thread 28 542596 ms, 51 runs generated
Run gen thread 38 542702 ms, 51 runs generated
Run gen thread 10 542965 ms, 51 runs generated
Run gen thread 36 543047 ms, 51 runs generated
Run gen thread 16 543537 ms, 51 runs generated
Run gen thread 25 543633 ms, 51 runs generated
Run gen thread 4 543819 ms, 51 runs generated
Run gen thread 8 543994 ms, 51 runs generated
Run gen thread 7 544011 ms, 51 runs generated
Run gen thread 6 544459 ms, 51 runs generated
Run gen thread 23 544471 ms, 51 runs generated
Run gen thread 9 544602 ms, 51 runs generated
Run gen thread 29 544873 ms, 51 runs generated
Run gen thread 18 545185 ms, 51 runs generated
Run gen thread 24 545830 ms, 51 runs generated
Run gen thread 34 545912 ms, 51 runs generated
Run gen thread 20 546211 ms, 51 runs generated
Run gen thread 17 546333 ms, 51 runs generated
Run gen thread 15 546520 ms, 51 runs generated
Run gen thread 2 547291 ms, 51 runs generated
Run gen thread 19 548165 ms, 51 runs generated
Run gen thread 26 548448 ms, 51 runs generated
Run gen thread 27 548499 ms, 51 runs generated
Run gen thread 30 548896 ms, 51 runs generated
Run gen thread 14 549244 ms, 51 runs generated
Generated 2040 runs in 549495 ms
Multi-level merge: 2455 runs (including 415 dummies), F=819, expected 3 merge operations
Merging 819 runs using 40 threads
Merge phase took 129587 ms | Merged 390623678 entries across 40 runs | Thread timing: min=107020 ms, max=129585 ms | Partition sizes: imbalance=1.19x
Merge 1/3: merging 819 shortest runs (390623678 total entries)
Merging 819 runs using 40 threads
Merge phase took 297751 ms | Merged 879117447 entries across 40 runs | Thread timing: min=270471 ms, max=297733 ms | Partition sizes: imbalance=1.20x
Merge 2/3: merging 819 shortest runs (879117447 total entries)
Merging 819 runs using 40 threads
Merge phase took 478408 ms | Merged 2147483648 entries across 40 runs | Thread timing: min=394413 ms, max=478405 ms | Partition sizes: imbalance=1.20x
Merge 3/3: merging 819 shortest runs (2147483648 total entries)
1455.24s
  Warmup complete.

  Run 1/3: Starting sort with 40 parallel scanners for run generation
Run gen thread 1 514822 ms, 51 runs generated
Run gen thread 8 517175 ms, 51 runs generated
Run gen thread 22 517181 ms, 51 runs generated
Run gen thread 38 517587 ms, 51 runs generated
Run gen thread 14 517705 ms, 51 runs generated
Run gen thread 11 517887 ms, 51 runs generated
Run gen thread 6 519712 ms, 51 runs generated
Run gen thread 0 520711 ms, 51 runs generated
Run gen thread 16 520765 ms, 51 runs generated
Run gen thread 21 521050 ms, 51 runs generated
Run gen thread 35 521351 ms, 51 runs generated
Run gen thread 5 522459 ms, 51 runs generated
Run gen thread 10 522493 ms, 51 runs generated
Run gen thread 30 522616 ms, 51 runs generated
Run gen thread 9 522654 ms, 51 runs generated
Run gen thread 26 522895 ms, 51 runs generated
Run gen thread 24 523187 ms, 51 runs generated
Run gen thread 2 523395 ms, 51 runs generated
Run gen thread 23 523602 ms, 51 runs generated
Run gen thread 34 523785 ms, 51 runs generated
Run gen thread 27 523873 ms, 51 runs generated
Run gen thread 13 524032 ms, 51 runs generated
Run gen thread 7 524165 ms, 51 runs generated
Run gen thread 39 524173 ms, 51 runs generated
Run gen thread 19 524210 ms, 51 runs generated
Run gen thread 36 525083 ms, 51 runs generated
Run gen thread 3 525504 ms, 51 runs generated
Run gen thread 33 525598 ms, 51 runs generated
Run gen thread 20 526295 ms, 51 runs generated
Run gen thread 15 526560 ms, 51 runs generated
Run gen thread 31 526827 ms, 51 runs generated
Run gen thread 18 527608 ms, 51 runs generated
Run gen thread 17 527608 ms, 51 runs generated
Run gen thread 28 527754 ms, 51 runs generated
Run gen thread 25 527903 ms, 51 runs generated
Run gen thread 32 527935 ms, 51 runs generated
Run gen thread 4 528125 ms, 51 runs generated
Run gen thread 12 528417 ms, 51 runs generated
Run gen thread 37 529189 ms, 51 runs generated
Run gen thread 29 529244 ms, 51 runs generated
Generated 2040 runs in 529587 ms
Multi-level merge: 2455 runs (including 415 dummies), F=819, expected 3 merge operations
Merging 819 runs using 40 threads
Merge phase took 118747 ms | Merged 390623678 entries across 40 runs | Thread timing: min=81694 ms, max=118737 ms | Partition sizes: imbalance=1.19x
Merge 1/3: merging 819 shortest runs (390623678 total entries)
Merging 819 runs using 40 threads
Merge phase took 210523 ms | Merged 879117447 entries across 40 runs | Thread timing: min=154861 ms, max=210516 ms | Partition sizes: imbalance=1.19x
Merge 2/3: merging 819 shortest runs (879117447 total entries)
Merging 819 runs using 40 threads
Merge phase took 481786 ms | Merged 2147483648 entries across 40 runs | Thread timing: min=358531 ms, max=481781 ms | Partition sizes: imbalance=1.19x
Merge 3/3: merging 819 shortest runs (2147483648 total entries)
SortStats:
  Number of runs: 2040
  (R) time: 529587 ms
  (R) breakdown: load=0 ms, sort=523578 ms, store=0 ms
  (R) I/O stats: I/O Stats: Read Ops: 3276839, Read Bytes: 214750920704, Write Ops: 3538960, Write Bytes: 231928235008
  (M) time: 811056 ms
  Read amplification:
    Run generation writes: 231928235008 bytes (216.00 GB)
    Merge phase reads: 378742723072 bytes (352.73 GB)
    Read amplification factor: 1.63x
    Excess reads: 63.3% (sparse indexing overhead)
  Thread timing (merge pass 1):
    Min thread time: 81694 ms
    Max thread time: 118737 ms
    Avg thread time: 108394 ms
    Time imbalance factor (max/avg): 1.10x
  Thread timing (merge pass 2):
    Min thread time: 154861 ms
    Max thread time: 210516 ms
    Avg thread time: 195897 ms
    Time imbalance factor (max/avg): 1.07x
  Thread timing (merge pass 3):
    Min thread time: 358531 ms
    Max thread time: 481781 ms
    Avg thread time: 448267 ms
    Time imbalance factor (max/avg): 1.07x
  Multi-level merge details:
    Total merge passes: 3
    Merge pass 1:
      Time: 118747 ms
      Output runs: 40
      I/O: read=42039.76 MiB, write=40233.01 MiB
      Partitions: 40, imbalance: 1.19x
    Merge pass 2:
      Time: 210523 ms
      Output runs: 40
      I/O: read=94265.81 MiB, write=90546.32 MiB
      Partitions: 40, imbalance: 1.19x
    Merge pass 3:
      Time: 481786 ms
      Output runs: 40
      I/O: read=224891.63 MiB, write=221184.01 MiB
      Partitions: 40, imbalance: 1.19x

1340.64s

  Cooling down for 30s before next run...
  Run 2/3: Starting sort with 40 parallel scanners for run generation
Run gen thread 37 490374 ms, 51 runs generated
Run gen thread 14 490698 ms, 51 runs generated
Run gen thread 32 492702 ms, 51 runs generated
Run gen thread 34 495010 ms, 51 runs generated
Run gen thread 23 495877 ms, 51 runs generated
Run gen thread 20 496144 ms, 51 runs generated
Run gen thread 7 496844 ms, 51 runs generated
Run gen thread 27 497026 ms, 51 runs generated
Run gen thread 11 497308 ms, 51 runs generated
Run gen thread 5 498363 ms, 51 runs generated
Run gen thread 29 498440 ms, 51 runs generated
Run gen thread 22 498551 ms, 51 runs generated
Run gen thread 25 498610 ms, 51 runs generated
Run gen thread 6 498789 ms, 51 runs generated
Run gen thread 8 499020 ms, 51 runs generated
Run gen thread 30 499071 ms, 51 runs generated
Run gen thread 21 500517 ms, 51 runs generated
Run gen thread 39 500674 ms, 51 runs generated
Run gen thread 15 501193 ms, 51 runs generated
Run gen thread 36 501295 ms, 51 runs generated
Run gen thread 0 501312 ms, 51 runs generated
Run gen thread 38 501692 ms, 51 runs generated
Run gen thread 17 501810 ms, 51 runs generated
Run gen thread 9 502376 ms, 51 runs generated
Run gen thread 31 502440 ms, 51 runs generated
Run gen thread 16 502694 ms, 51 runs generated
Run gen thread 24 502753 ms, 51 runs generated
Run gen thread 19 502947 ms, 51 runs generated
Run gen thread 18 502961 ms, 51 runs generated
Run gen thread 2 503096 ms, 51 runs generated
Run gen thread 4 503216 ms, 51 runs generated
Run gen thread 10 503766 ms, 51 runs generated
Run gen thread 13 503983 ms, 51 runs generated
Run gen thread 12 504255 ms, 51 runs generated
Run gen thread 26 504483 ms, 51 runs generated
Run gen thread 3 504587 ms, 51 runs generated
Run gen thread 35 505157 ms, 51 runs generated
Run gen thread 1 505322 ms, 51 runs generated
Run gen thread 28 505349 ms, 51 runs generated
Run gen thread 33 505357 ms, 51 runs generated
Generated 2040 runs in 506351 ms
Multi-level merge: 2455 runs (including 415 dummies), F=819, expected 3 merge operations
Merging 819 runs using 40 threads
Merge phase took 88044 ms | Merged 390623678 entries across 40 runs | Thread timing: min=70823 ms, max=88038 ms | Partition sizes: imbalance=1.20x
Merge 1/3: merging 819 shortest runs (390623678 total entries)
Merging 819 runs using 40 threads
Merge phase took 203377 ms | Merged 879117447 entries across 40 runs | Thread timing: min=158381 ms, max=203375 ms | Partition sizes: imbalance=1.20x
Merge 2/3: merging 819 shortest runs (879117447 total entries)
Merging 819 runs using 40 threads
Merge phase took 478337 ms | Merged 2147483648 entries across 40 runs | Thread timing: min=364298 ms, max=478334 ms | Partition sizes: imbalance=1.20x
Merge 3/3: merging 819 shortest runs (2147483648 total entries)
SortStats:
  Number of runs: 2040
  (R) time: 506351 ms
  (R) breakdown: load=0 ms, sort=500401 ms, store=0 ms
  (R) I/O stats: I/O Stats: Read Ops: 3276839, Read Bytes: 214750920704, Write Ops: 3538960, Write Bytes: 231928235008
  (M) time: 769758 ms
  Read amplification:
    Run generation writes: 231928235008 bytes (216.00 GB)
    Merge phase reads: 378743317504 bytes (352.73 GB)
    Read amplification factor: 1.63x
    Excess reads: 63.3% (sparse indexing overhead)
  Thread timing (merge pass 1):
    Min thread time: 70823 ms
    Max thread time: 88038 ms
    Avg thread time: 83373 ms
    Time imbalance factor (max/avg): 1.06x
  Thread timing (merge pass 2):
    Min thread time: 158381 ms
    Max thread time: 203375 ms
    Avg thread time: 192222 ms
    Time imbalance factor (max/avg): 1.06x
  Thread timing (merge pass 3):
    Min thread time: 364298 ms
    Max thread time: 478334 ms
    Avg thread time: 449715 ms
    Time imbalance factor (max/avg): 1.06x
  Multi-level merge details:
    Total merge passes: 3
    Merge pass 1:
      Time: 88044 ms
      Output runs: 40
      I/O: read=42039.23 MiB, write=40233.01 MiB
      Partitions: 40, imbalance: 1.20x
    Merge pass 2:
      Time: 203377 ms
      Output runs: 40
      I/O: read=94259.06 MiB, write=90546.32 MiB
      Partitions: 40, imbalance: 1.20x
    Merge pass 3:
      Time: 478337 ms
      Output runs: 40
      I/O: read=224899.48 MiB, write=221184.01 MiB
      Partitions: 40, imbalance: 1.20x

1276.11s

  Cooling down for 30s before next run...
  Run 3/3: Starting sort with 40 parallel scanners for run generation
Run gen thread 24 474793 ms, 51 runs generated
Run gen thread 16 475067 ms, 51 runs generated
Run gen thread 21 478637 ms, 51 runs generated
Run gen thread 11 478852 ms, 51 runs generated
Run gen thread 27 479465 ms, 51 runs generated
Run gen thread 10 479612 ms, 51 runs generated
Run gen thread 22 479647 ms, 51 runs generated
Run gen thread 9 479790 ms, 51 runs generated
Run gen thread 12 479818 ms, 51 runs generated
Run gen thread 33 480303 ms, 51 runs generated
Run gen thread 34 480453 ms, 51 runs generated
Run gen thread 25 480530 ms, 51 runs generated
Run gen thread 30 481383 ms, 51 runs generated
Run gen thread 39 481614 ms, 51 runs generated
Run gen thread 26 481710 ms, 51 runs generated
Run gen thread 38 482065 ms, 51 runs generated
Run gen thread 31 482207 ms, 51 runs generated
Run gen thread 28 482663 ms, 51 runs generated
Run gen thread 19 482753 ms, 51 runs generated
Run gen thread 7 482885 ms, 51 runs generated
Run gen thread 32 482985 ms, 51 runs generated
Run gen thread 20 483246 ms, 51 runs generated
Run gen thread 6 483368 ms, 51 runs generated
Run gen thread 14 483635 ms, 51 runs generated
Run gen thread 5 483725 ms, 51 runs generated
Run gen thread 23 483985 ms, 51 runs generated
Run gen thread 13 484260 ms, 51 runs generated
Run gen thread 4 484426 ms, 51 runs generated
Run gen thread 29 484522 ms, 51 runs generated
Run gen thread 0 484899 ms, 51 runs generated
Run gen thread 3 485153 ms, 51 runs generated
Run gen thread 35 485218 ms, 51 runs generated
Run gen thread 15 485346 ms, 51 runs generated
Run gen thread 2 485674 ms, 51 runs generated
Run gen thread 8 486016 ms, 51 runs generated
Run gen thread 17 486023 ms, 51 runs generated
Run gen thread 18 486044 ms, 51 runs generated
Run gen thread 1 486162 ms, 51 runs generated
Run gen thread 37 486403 ms, 51 runs generated
Run gen thread 36 486823 ms, 51 runs generated
Generated 2040 runs in 487040 ms
Multi-level merge: 2455 runs (including 415 dummies), F=819, expected 3 merge operations
Merging 819 runs using 40 threads
Merge phase took 89630 ms | Merged 390623678 entries across 40 runs | Thread timing: min=61212 ms, max=89627 ms | Partition sizes: imbalance=1.26x
Merge 1/3: merging 819 shortest runs (390623678 total entries)
Merging 819 runs using 40 threads
Merge phase took 199919 ms | Merged 879117447 entries across 40 runs | Thread timing: min=140991 ms, max=199912 ms | Partition sizes: imbalance=1.26x
Merge 2/3: merging 819 shortest runs (879117447 total entries)
Merging 819 runs using 40 threads
Merge phase took 477909 ms | Merged 2147483648 entries across 40 runs | Thread timing: min=328569 ms, max=477903 ms | Partition sizes: imbalance=1.26x
Merge 3/3: merging 819 shortest runs (2147483648 total entries)
SortStats:
  Number of runs: 2040
  (R) time: 487040 ms
  (R) breakdown: load=0 ms, sort=482554 ms, store=0 ms
  (R) I/O stats: I/O Stats: Read Ops: 3276839, Read Bytes: 214750920704, Write Ops: 3538960, Write Bytes: 231928235008
  (M) time: 767458 ms
  Read amplification:
    Run generation writes: 231928235008 bytes (216.00 GB)
    Merge phase reads: 378729393152 bytes (352.72 GB)
    Read amplification factor: 1.63x
    Excess reads: 63.3% (sparse indexing overhead)
  Thread timing (merge pass 1):
    Min thread time: 61212 ms
    Max thread time: 89627 ms
    Avg thread time: 83459 ms
    Time imbalance factor (max/avg): 1.07x
  Thread timing (merge pass 2):
    Min thread time: 140991 ms
    Max thread time: 199912 ms
    Avg thread time: 185674 ms
    Time imbalance factor (max/avg): 1.08x
  Thread timing (merge pass 3):
    Min thread time: 328569 ms
    Max thread time: 477903 ms
    Avg thread time: 441345 ms
    Time imbalance factor (max/avg): 1.08x
  Multi-level merge details:
    Total merge passes: 3
    Merge pass 1:
      Time: 89630 ms
      Output runs: 40
      I/O: read=42041.14 MiB, write=40233.01 MiB
      Partitions: 40, imbalance: 1.26x
    Merge pass 2:
      Time: 199919 ms
      Output runs: 40
      I/O: read=94245.88 MiB, write=90546.32 MiB
      Partitions: 40, imbalance: 1.26x
    Merge pass 3:
      Time: 477909 ms
      Output runs: 40
      I/O: read=224897.48 MiB, write=221184.01 MiB
      Partitions: 40, imbalance: 1.26x

1254.50s


================================================================================================================================================================
Benchmark Results Summary
================================================================================================================================================================
Config               Run Size   RG Runs    Gen Thr    Merge Thr  Total (s)  RunGen (s)   Merge (s)  Entries      Throughput       Read MB    Write MB  
                     (MB)                                                                                        (M entries/s)                         
----------------------------------------------------------------------------------------------------------------------------------------------------------------
Exp3.1_Thr40_Mem2GB[1] 51.2       2040       40         40         1340.64      529.59     811.06     2147483648   1.60             565999.6   573147.3  
Exp3.1_Thr40_Mem2GB[2] 51.2       2040       40         40         1276.11      506.35     769.76     2147483648   1.68             566000.2   573147.3  
Exp3.1_Thr40_Mem2GB[3] 51.2       2040       40         40         1254.50      487.04     767.46     2147483648   1.71             565986.9   573147.3  
Exp3.1_Thr40_Mem2GB[avg] 51.2       2040       40         40         1290.42      507.66     782.76     2147483648   1.66             565995.6   573147.3  
================================================================================================================================================================

================================================================================================================================================================
Merge Operations Summary (showing last 3 of 3 merge passes)
================================================================================================================================================================
Config               M1PAvg     M1PMax     M1Imbal    M1Slow       M1Fast       M2PAvg     M2PMax     M2Imbal    M2Slow       M2Fast       M3PAvg     M3PMax     M3Imbal    M3Slow       M3Fast      
----------------------------------------------------------------------------------------------------------------------------------------------------------------
Exp3.1_Thr40_Mem2GB[1] 9765591    11668725   1.19       118.75       118.75       21977936   26249046   1.19       210.52       210.52       53687091   64138281   1.19       481.79       481.79      
Exp3.1_Thr40_Mem2GB[2] 9765591    11701867   1.20       88.04        88.04        21977936   26341534   1.20       203.38       203.38       53687091   64332144   1.20       478.34       478.34      
Exp3.1_Thr40_Mem2GB[3] 9765591    12318771   1.26       89.63        89.63        21977936   27715208   1.26       199.92       199.92       53687091   67716130   1.26       477.91       477.91      
----------------------------------------------------------------------------------------------------------------------------------------------------------------
Exp3.1_Thr40_Mem2GB[avg] 9765591    11896454   1.22       118.75       88.04        21977936   26768596   1.22       210.52       199.92       53687091   65395518   1.22       481.79       477.91      
================================================================================================================================================================

================================================================================================================================================================
Detailed I/O Statistics
================================================================================================================================================================
Config               RG Read MB   RG Write MB  M1Read MB    M1Write MB   M2Read MB    M2Write MB   M3Read MB    M3Write MB  
----------------------------------------------------------------------------------------------------------------------------------------------------------------
Exp3.1_Thr40_Mem2GB[1] 204802.4     221184.0     42039.8      40233.0      94265.8      90546.3      224891.6     221184.0    
Exp3.1_Thr40_Mem2GB[2] 204802.4     221184.0     42039.2      40233.0      94259.1      90546.3      224899.5     221184.0    
Exp3.1_Thr40_Mem2GB[3] 204802.4     221184.0     42041.1      40233.0      94245.9      90546.3      224897.5     221184.0    
----------------------------------------------------------------------------------------------------------------------------------------------------------------
Exp3.1_Thr40_Mem2GB[avg] 204802.4     221184.0     42040.0      40233.0      94256.9      90546.3      224896.2     221184.0    
================================================================================================================================================================

====================================================================================================
Run Generation Time Breakdown
====================================================================================================
Config               RG Total s   Load s       Sort s       Store s     
----------------------------------------------------------------------------------------------------
Exp3.1_Thr40_Mem2GB[1] 529.59       0            523.578      0           
Exp3.1_Thr40_Mem2GB[2] 506.35       0            500.401      0           
Exp3.1_Thr40_Mem2GB[3] 487.04       0            482.554      0           
----------------------------------------------------------------------------------------------------
Exp3.1_Thr40_Mem2GB[avg] 507.66       0.00         502.18       0.00        
====================================================================================================
