warning: unused imports: `SeedableRng` and `rngs::SmallRng`
 --> src/fastzipf.rs:2:12
  |
2 | use rand::{SeedableRng, rngs::SmallRng};
  |            ^^^^^^^^^^^  ^^^^^^^^^^^^^^
  |
  = note: `#[warn(unused_imports)]` (part of `#[warn(unused)]`) on by default

warning: unused import: `std::fmt`
 --> src/sketch/reservoir_sampler.rs:6:5
  |
6 | use std::fmt;
  |     ^^^^^^^^

warning: unused import: `crate::sketch::kll::KLL`
   --> src/sketch/reservoir_sampler.rs:190:9
    |
190 |     use crate::sketch::kll::KLL;
    |         ^^^^^^^^^^^^^^^^^^^^^^^

warning: unused import: `super::*`
   --> src/sketch/reservoir_sampler.rs:192:9
    |
192 |     use super::*;
    |         ^^^^^^^^

warning: unused import: `std::collections::HashMap`
   --> src/sketch/mod.rs:226:9
    |
226 |     use std::collections::HashMap;
    |         ^^^^^^^^^^^^^^^^^^^^^^^^^

warning: unused import: `super::kll::*`
   --> src/sketch/mod.rs:228:9
    |
228 |     use super::kll::*;
    |         ^^^^^^^^^^^^^

warning: unused import: `super::reservoir_sampler::*`
   --> src/sketch/mod.rs:229:9
    |
229 |     use super::reservoir_sampler::*;
    |         ^^^^^^^^^^^^^^^^^^^^^^^^^^^

warning: unused import: `super::*`
   --> src/sketch/mod.rs:230:9
    |
230 |     use super::*;
    |         ^^^^^^^^

warning: unused import: `Duration`
 --> src/sort/core/engine.rs:4:17
  |
4 | use std::time::{Duration, Instant, SystemTime, UNIX_EPOCH};
  |                 ^^^^^^^^

warning: function `compute_ovc_delta` is never used
    --> src/ovc/offset_value_coding.rs:1136:15
     |
1136 | pub(crate) fn compute_ovc_delta(prev_key: Option<&[u8]>, key: &[u8]) -> OVCU64 {
     |               ^^^^^^^^^^^^^^^^^
     |
     = note: `#[warn(dead_code)]` (part of `#[warn(unused)]`) on by default

warning: `es` (lib) generated 10 warnings (run `cargo fix --lib -p es` to apply 9 suggestions)
    Finished `release` profile [optimized] target(s) in 0.21s
     Running `target/release/examples/gen_sort_cli -n Exp3_Thr40_Mem6GB -i ./datasets/gensort_200GiB.data --run-gen-threads 40 --merge-threads 40 --run-size-mb 153.60 --merge-fanin 2457 --warmup-runs 1 --benchmark-runs 3 --cooldown-seconds 30 --dir logs/resource_bench_2025-12-08_23-27-52/Exp3_Thr40_Mem6GB_tmp --ovc=false`

=== BENCHMARK MODE ===
GenSort file: "./datasets/gensort_200GiB.data"
Total entries: 2147483648
Estimated data size: 204800.00 MB
Run generation threads: 40
Use OVC: false
Run size (MB): 153.60
Run generation memory (MB): 6144.0
Merge threads: 40
Merge fan-in: 2457
Merge memory (MB): 6142.5
Sketch type: kll
Sketch size: 200
Run indexing interval: 1000
Temporary directory: "logs/resource_bench_2025-12-08_23-27-52/Exp3_Thr40_Mem6GB_tmp"
Warmup runs: 1
Runs per configuration: 3
Cooldown between runs (s): 30
Verify output: false

Running benchmark for config: Exp3_Thr40_Mem6GB
Parameters: Run Gen Threads: 40, Use OVC: false, Run Size: 153.60 MB, Run Gen Memory: 6144.0 MB, Merge Threads: 40, Merge Fanin: 2457, Merge Memory: 6142.5 MB, Imbalance Factor: 1.0
================================================================================
  Performing 1 warmup run(s)...
    Warmup 1/1: Starting sort with 40 parallel scanners for run generation
Run gen thread 17 508098 ms, 18 runs generated
Run gen thread 31 510144 ms, 18 runs generated
Run gen thread 8 510899 ms, 18 runs generated
Run gen thread 35 511832 ms, 18 runs generated
Run gen thread 32 512394 ms, 18 runs generated
Run gen thread 20 512571 ms, 18 runs generated
Run gen thread 0 512715 ms, 18 runs generated
Run gen thread 15 513606 ms, 18 runs generated
Run gen thread 7 514659 ms, 18 runs generated
Run gen thread 18 514895 ms, 18 runs generated
Run gen thread 28 517027 ms, 18 runs generated
Run gen thread 29 517889 ms, 18 runs generated
Run gen thread 30 518225 ms, 18 runs generated
Run gen thread 10 518617 ms, 18 runs generated
Run gen thread 36 524255 ms, 18 runs generated
Run gen thread 24 524309 ms, 18 runs generated
Run gen thread 5 527700 ms, 18 runs generated
Run gen thread 34 527759 ms, 18 runs generated
Run gen thread 38 527781 ms, 18 runs generated
Run gen thread 11 528123 ms, 18 runs generated
Run gen thread 22 528201 ms, 18 runs generated
Run gen thread 2 529186 ms, 18 runs generated
Run gen thread 37 529698 ms, 18 runs generated
Run gen thread 3 529836 ms, 18 runs generated
Run gen thread 12 530186 ms, 18 runs generated
Run gen thread 6 530449 ms, 18 runs generated
Run gen thread 13 530568 ms, 18 runs generated
Run gen thread 21 530707 ms, 18 runs generated
Run gen thread 39 530944 ms, 18 runs generated
Run gen thread 4 531062 ms, 18 runs generated
Run gen thread 25 531106 ms, 18 runs generated
Run gen thread 33 531179 ms, 18 runs generated
Run gen thread 1 531885 ms, 18 runs generated
Run gen thread 16 532894 ms, 18 runs generated
Run gen thread 9 533929 ms, 18 runs generated
Run gen thread 14 534028 ms, 18 runs generated
Run gen thread 27 534516 ms, 18 runs generated
Run gen thread 23 534559 ms, 18 runs generated
Run gen thread 19 535148 ms, 18 runs generated
Run gen thread 26 535169 ms, 18 runs generated
Generated 720 runs in 535702 ms
Merging 720 runs using 40 threads
Merge phase took 437685 ms | Merged 2147483648 entries across 40 runs | Thread timing: min=319700 ms, max=437649 ms | Partition sizes: imbalance=1.27x
973.39s
  Warmup complete.

  Run 1/3: Starting sort with 40 parallel scanners for run generation
Run gen thread 29 453914 ms, 18 runs generated
Run gen thread 31 454262 ms, 18 runs generated
Run gen thread 7 456832 ms, 18 runs generated
Run gen thread 17 467881 ms, 18 runs generated
Run gen thread 39 469773 ms, 18 runs generated
Run gen thread 34 469805 ms, 18 runs generated
Run gen thread 14 469889 ms, 18 runs generated
Run gen thread 19 470534 ms, 18 runs generated
Run gen thread 5 472622 ms, 18 runs generated
Run gen thread 16 474067 ms, 18 runs generated
Run gen thread 11 474904 ms, 18 runs generated
Run gen thread 18 476537 ms, 18 runs generated
Run gen thread 4 476621 ms, 18 runs generated
Run gen thread 9 476647 ms, 18 runs generated
Run gen thread 38 477096 ms, 18 runs generated
Run gen thread 8 477138 ms, 18 runs generated
Run gen thread 28 477336 ms, 18 runs generated
Run gen thread 25 477609 ms, 18 runs generated
Run gen thread 15 478357 ms, 18 runs generated
Run gen thread 32 478526 ms, 18 runs generated
Run gen thread 12 479137 ms, 18 runs generated
Run gen thread 13 479441 ms, 18 runs generated
Run gen thread 21 479851 ms, 18 runs generated
Run gen thread 27 480108 ms, 18 runs generated
Run gen thread 30 480524 ms, 18 runs generated
Run gen thread 26 480987 ms, 18 runs generated
Run gen thread 20 481134 ms, 18 runs generated
Run gen thread 35 481516 ms, 18 runs generated
Run gen thread 10 481746 ms, 18 runs generated
Run gen thread 0 481907 ms, 18 runs generated
Run gen thread 1 482076 ms, 18 runs generated
Run gen thread 3 482316 ms, 18 runs generated
Run gen thread 23 483208 ms, 18 runs generated
Run gen thread 2 483733 ms, 18 runs generated
Run gen thread 22 483930 ms, 18 runs generated
Run gen thread 24 484067 ms, 18 runs generated
Run gen thread 6 484105 ms, 18 runs generated
Run gen thread 36 484765 ms, 18 runs generated
Run gen thread 33 485567 ms, 18 runs generated
Run gen thread 37 486642 ms, 18 runs generated
Generated 720 runs in 487132 ms
Merging 720 runs using 40 threads
Merge phase took 431408 ms | Merged 2147483648 entries across 40 runs | Thread timing: min=345217 ms, max=431380 ms | Partition sizes: imbalance=1.18x
SortStats:
  Number of runs: 720
  (R) time: 487132 ms
  (R) breakdown: load=0 ms, sort=476927 ms, store=0 ms
  (R) I/O stats: I/O Stats: Read Ops: 3276839, Read Bytes: 214750920704, Write Ops: 3538960, Write Bytes: 231928235008
  (M) time: 431408 ms
  Read amplification:
    Run generation writes: 231928235008 bytes (216.00 GB)
    Merge phase reads: 235300679680 bytes (219.14 GB)
    Read amplification factor: 1.01x
    Excess reads: 1.5% (sparse indexing overhead)
  Thread timing:
    Min thread time: 345217 ms
    Max thread time: 431380 ms
    Avg thread time: 406615 ms
    Time imbalance factor (max/avg): 1.06x

918.54s

  Cooling down for 30s before next run...
  Run 2/3: Starting sort with 40 parallel scanners for run generation
Run gen thread 29 462010 ms, 18 runs generated
Run gen thread 37 478627 ms, 18 runs generated
Run gen thread 11 479807 ms, 18 runs generated
Run gen thread 27 480110 ms, 18 runs generated
Run gen thread 13 481862 ms, 18 runs generated
Run gen thread 31 482862 ms, 18 runs generated
Run gen thread 7 484177 ms, 18 runs generated
Run gen thread 10 485172 ms, 18 runs generated
Run gen thread 21 485252 ms, 18 runs generated
Run gen thread 18 485620 ms, 18 runs generated
Run gen thread 1 486220 ms, 18 runs generated
Run gen thread 34 488753 ms, 18 runs generated
Run gen thread 15 489133 ms, 18 runs generated
Run gen thread 0 489144 ms, 18 runs generated
Run gen thread 20 489190 ms, 18 runs generated
Run gen thread 4 489396 ms, 18 runs generated
Run gen thread 35 489500 ms, 18 runs generated
Run gen thread 36 489671 ms, 18 runs generated
Run gen thread 39 489866 ms, 18 runs generated
Run gen thread 9 490170 ms, 18 runs generated
Run gen thread 28 490620 ms, 18 runs generated
Run gen thread 32 491122 ms, 18 runs generated
Run gen thread 30 491334 ms, 18 runs generated
Run gen thread 8 491701 ms, 18 runs generated
Run gen thread 19 492037 ms, 18 runs generated
Run gen thread 25 492929 ms, 18 runs generated
Run gen thread 23 493427 ms, 18 runs generated
Run gen thread 5 493451 ms, 18 runs generated
Run gen thread 6 493888 ms, 18 runs generated
Run gen thread 3 493987 ms, 18 runs generated
Run gen thread 33 494333 ms, 18 runs generated
Run gen thread 38 494602 ms, 18 runs generated
Run gen thread 14 494664 ms, 18 runs generated
Run gen thread 24 494878 ms, 18 runs generated
Run gen thread 16 495861 ms, 18 runs generated
Run gen thread 26 495868 ms, 18 runs generated
Run gen thread 12 495925 ms, 18 runs generated
Run gen thread 2 496438 ms, 18 runs generated
Run gen thread 22 497169 ms, 18 runs generated
Run gen thread 17 497246 ms, 18 runs generated
Generated 720 runs in 498049 ms
Merging 720 runs using 40 threads
Merge phase took 443544 ms | Merged 2147483648 entries across 40 runs | Thread timing: min=366314 ms, max=443522 ms | Partition sizes: imbalance=1.15x
SortStats:
  Number of runs: 720
  (R) time: 498049 ms
  (R) breakdown: load=0 ms, sort=489450 ms, store=0 ms
  (R) I/O stats: I/O Stats: Read Ops: 3276839, Read Bytes: 214750920704, Write Ops: 3538960, Write Bytes: 231928235008
  (M) time: 443544 ms
  Read amplification:
    Run generation writes: 231928235008 bytes (216.00 GB)
    Merge phase reads: 235299041280 bytes (219.14 GB)
    Read amplification factor: 1.01x
    Excess reads: 1.5% (sparse indexing overhead)
  Thread timing:
    Min thread time: 366314 ms
    Max thread time: 443522 ms
    Avg thread time: 418726 ms
    Time imbalance factor (max/avg): 1.06x

941.59s

  Cooling down for 30s before next run...
  Run 3/3: Starting sort with 40 parallel scanners for run generation
Run gen thread 0 459540 ms, 18 runs generated
Run gen thread 30 471778 ms, 18 runs generated
Run gen thread 31 471895 ms, 18 runs generated
Run gen thread 3 472504 ms, 18 runs generated
Run gen thread 15 473177 ms, 18 runs generated
Run gen thread 24 474748 ms, 18 runs generated
Run gen thread 8 475681 ms, 18 runs generated
Run gen thread 34 477605 ms, 18 runs generated
Run gen thread 2 478725 ms, 18 runs generated
Run gen thread 5 481592 ms, 18 runs generated
Run gen thread 14 482284 ms, 18 runs generated
Run gen thread 13 484607 ms, 18 runs generated
Run gen thread 35 485046 ms, 18 runs generated
Run gen thread 12 485494 ms, 18 runs generated
Run gen thread 22 485641 ms, 18 runs generated
Run gen thread 21 485747 ms, 18 runs generated
Run gen thread 23 486214 ms, 18 runs generated
Run gen thread 33 486795 ms, 18 runs generated
Run gen thread 7 487229 ms, 18 runs generated
Run gen thread 6 487707 ms, 18 runs generated
Run gen thread 26 488035 ms, 18 runs generated
Run gen thread 4 488230 ms, 18 runs generated
Run gen thread 29 488296 ms, 18 runs generated
Run gen thread 27 488539 ms, 18 runs generated
Run gen thread 17 488599 ms, 18 runs generated
Run gen thread 28 489542 ms, 18 runs generated
Run gen thread 37 490332 ms, 18 runs generated
Run gen thread 25 490910 ms, 18 runs generated
Run gen thread 9 491445 ms, 18 runs generated
Run gen thread 1 491562 ms, 18 runs generated
Run gen thread 36 492112 ms, 18 runs generated
Run gen thread 39 492741 ms, 18 runs generated
Run gen thread 11 493798 ms, 18 runs generated
Run gen thread 18 494116 ms, 18 runs generated
Run gen thread 10 494545 ms, 18 runs generated
Run gen thread 19 494968 ms, 18 runs generated
Run gen thread 38 495029 ms, 18 runs generated
Run gen thread 32 496333 ms, 18 runs generated
Run gen thread 20 497036 ms, 18 runs generated
Run gen thread 16 497767 ms, 18 runs generated
Generated 720 runs in 498744 ms
Merging 720 runs using 40 threads
Merge phase took 431633 ms | Merged 2147483648 entries across 40 runs | Thread timing: min=333364 ms, max=431590 ms | Partition sizes: imbalance=1.18x
SortStats:
  Number of runs: 720
  (R) time: 498744 ms
  (R) breakdown: load=0 ms, sort=485948 ms, store=0 ms
  (R) I/O stats: I/O Stats: Read Ops: 3276839, Read Bytes: 214750920704, Write Ops: 3538960, Write Bytes: 231928235008
  (M) time: 431633 ms
  Read amplification:
    Run generation writes: 231928235008 bytes (216.00 GB)
    Merge phase reads: 235298123776 bytes (219.14 GB)
    Read amplification factor: 1.01x
    Excess reads: 1.5% (sparse indexing overhead)
  Thread timing:
    Min thread time: 333364 ms
    Max thread time: 431590 ms
    Avg thread time: 402391 ms
    Time imbalance factor (max/avg): 1.07x

930.38s


================================================================================================================================================================
Benchmark Results Summary
================================================================================================================================================================
Config               Run Size   RG Runs    Gen Thr    Merge Thr  Total (s)  RunGen (s)   Merge (s)  Entries      Throughput       Read MB    Write MB  
                     (MB)                                                                                        (M entries/s)                         
----------------------------------------------------------------------------------------------------------------------------------------------------------------
Exp3_Thr40_Mem6GB[1] 153.6      720        40         40         918.54       487.13     431.41     2147483648   2.34             429202.7   442368.0  
Exp3_Thr40_Mem6GB[2] 153.6      720        40         40         941.59       498.05     443.54     2147483648   2.28             429201.1   442368.0  
Exp3_Thr40_Mem6GB[3] 153.6      720        40         40         930.38       498.74     431.63     2147483648   2.31             429200.2   442368.0  
Exp3_Thr40_Mem6GB[avg] 153.6      720        40         40         930.17       494.64     435.53     2147483648   2.31             429201.3   442368.0  
================================================================================================================================================================

================================================================================================================================================================
Merge Operations Summary (showing last 1 of 1 merge passes)
================================================================================================================================================================
Config               M1PAvg     M1PMax     M1Imbal    M1Slow       M1Fast      
----------------------------------------------------------------------------------------------------------------------------------------------------------------
Exp3_Thr40_Mem6GB[1] 53687091   63327801   1.18       431.41       431.41      
Exp3_Thr40_Mem6GB[2] 53687091   61680796   1.15       443.54       443.54      
Exp3_Thr40_Mem6GB[3] 53687091   63236955   1.18       431.63       431.63      
----------------------------------------------------------------------------------------------------------------------------------------------------------------
Exp3_Thr40_Mem6GB[avg] 53687091   62748517   1.17       443.54       431.41      
================================================================================================================================================================

================================================================================================================================================================
Detailed I/O Statistics
================================================================================================================================================================
Config               RG Read MB   RG Write MB  M1Read MB    M1Write MB  
----------------------------------------------------------------------------------------------------------------------------------------------------------------
Exp3_Thr40_Mem6GB[1] 204802.4     221184.0     224400.2     221184.0    
Exp3_Thr40_Mem6GB[2] 204802.4     221184.0     224398.7     221184.0    
Exp3_Thr40_Mem6GB[3] 204802.4     221184.0     224397.8     221184.0    
----------------------------------------------------------------------------------------------------------------------------------------------------------------
Exp3_Thr40_Mem6GB[avg] 204802.4     221184.0     224398.9     221184.0    
================================================================================================================================================================

====================================================================================================
Run Generation Time Breakdown
====================================================================================================
Config               RG Total s   Load s       Sort s       Store s     
----------------------------------------------------------------------------------------------------
Exp3_Thr40_Mem6GB[1] 487.13       0            476.927      0           
Exp3_Thr40_Mem6GB[2] 498.05       0            489.45       0           
Exp3_Thr40_Mem6GB[3] 498.74       0            485.948      0           
----------------------------------------------------------------------------------------------------
Exp3_Thr40_Mem6GB[avg] 494.64       0.00         484.11       0.00        
====================================================================================================
