warning: unused imports: `SeedableRng` and `rngs::SmallRng`
 --> src/fastzipf.rs:2:12
  |
2 | use rand::{SeedableRng, rngs::SmallRng};
  |            ^^^^^^^^^^^  ^^^^^^^^^^^^^^
  |
  = note: `#[warn(unused_imports)]` (part of `#[warn(unused)]`) on by default

warning: unused import: `std::fmt`
 --> src/sketch/reservoir_sampler.rs:6:5
  |
6 | use std::fmt;
  |     ^^^^^^^^

warning: unused import: `crate::sketch::kll::KLL`
   --> src/sketch/reservoir_sampler.rs:190:9
    |
190 |     use crate::sketch::kll::KLL;
    |         ^^^^^^^^^^^^^^^^^^^^^^^

warning: unused import: `super::*`
   --> src/sketch/reservoir_sampler.rs:192:9
    |
192 |     use super::*;
    |         ^^^^^^^^

warning: unused import: `std::collections::HashMap`
   --> src/sketch/mod.rs:226:9
    |
226 |     use std::collections::HashMap;
    |         ^^^^^^^^^^^^^^^^^^^^^^^^^

warning: unused import: `super::kll::*`
   --> src/sketch/mod.rs:228:9
    |
228 |     use super::kll::*;
    |         ^^^^^^^^^^^^^

warning: unused import: `super::reservoir_sampler::*`
   --> src/sketch/mod.rs:229:9
    |
229 |     use super::reservoir_sampler::*;
    |         ^^^^^^^^^^^^^^^^^^^^^^^^^^^

warning: unused import: `super::*`
   --> src/sketch/mod.rs:230:9
    |
230 |     use super::*;
    |         ^^^^^^^^

warning: unused import: `Duration`
 --> src/sort/core/engine.rs:4:17
  |
4 | use std::time::{Duration, Instant, SystemTime, UNIX_EPOCH};
  |                 ^^^^^^^^

warning: function `compute_ovc_delta` is never used
    --> src/ovc/offset_value_coding.rs:1136:15
     |
1136 | pub(crate) fn compute_ovc_delta(prev_key: Option<&[u8]>, key: &[u8]) -> OVCU64 {
     |               ^^^^^^^^^^^^^^^^^
     |
     = note: `#[warn(dead_code)]` (part of `#[warn(unused)]`) on by default

warning: `es` (lib) generated 10 warnings (run `cargo fix --lib -p es` to apply 9 suggestions)
    Finished `release` profile [optimized] target(s) in 0.22s
     Running `target/release/examples/gen_sort_cli -n Exp4_Thr40_Mem2GB -i ./datasets/gensort_200GiB.data --run-gen-threads 40 --merge-threads 40 --run-size-mb 51.20 --merge-fanin 819 --warmup-runs 1 --benchmark-runs 3 --cooldown-seconds 30 --dir logs/resource_bench_2025-12-26_02-02-31/Exp4_Thr40_Mem2GB_tmp --sketch-type reservoir-sampling`

=== BENCHMARK MODE ===
GenSort file: "./datasets/gensort_200GiB.data"
Total entries: 2147483648
Estimated data size: 204800.00 MB
Run generation threads: 40
Use OVC: true
Run size (MB): 51.20
Run generation memory (MB): 2048.0
Merge threads: 40
Merge fan-in: 819
Merge memory (MB): 2047.5
Sketch type: reservoir-sampling
Sketch size: 200
Run indexing interval: 1000
Temporary directory: "logs/resource_bench_2025-12-26_02-02-31/Exp4_Thr40_Mem2GB_tmp"
Warmup runs: 1
Runs per configuration: 3
Cooldown between runs (s): 30
Verify output: false

Running benchmark for config: Exp4_Thr40_Mem2GB
Parameters: Run Gen Threads: 40, Use OVC: true, Run Size: 51.20 MB, Run Gen Memory: 2048.0 MB, Merge Threads: 40, Merge Fanin: 819, Merge Memory: 2047.5 MB, Imbalance Factor: 1.0
================================================================================
  Performing 1 warmup run(s)...
    Warmup 1/1: Starting sort with 40 parallel scanners for run generation
Run gen thread 9 458665 ms, 51 runs generated
Run gen thread 32 459250 ms, 51 runs generated
Run gen thread 25 459992 ms, 51 runs generated
Run gen thread 37 460353 ms, 51 runs generated
Run gen thread 14 460559 ms, 51 runs generated
Run gen thread 27 461214 ms, 51 runs generated
Run gen thread 31 461396 ms, 51 runs generated
Run gen thread 12 462060 ms, 51 runs generated
Run gen thread 8 462120 ms, 51 runs generated
Run gen thread 35 462289 ms, 51 runs generated
Run gen thread 38 462501 ms, 51 runs generated
Run gen thread 39 463276 ms, 51 runs generated
Run gen thread 21 463314 ms, 51 runs generated
Run gen thread 2 463890 ms, 51 runs generated
Run gen thread 29 464235 ms, 51 runs generated
Run gen thread 6 464259 ms, 51 runs generated
Run gen thread 26 464308 ms, 51 runs generated
Run gen thread 4 464591 ms, 51 runs generated
Run gen thread 15 464656 ms, 51 runs generated
Run gen thread 23 465031 ms, 51 runs generated
Run gen thread 0 465272 ms, 51 runs generated
Run gen thread 36 465649 ms, 51 runs generated
Run gen thread 30 465914 ms, 51 runs generated
Run gen thread 22 466029 ms, 51 runs generated
Run gen thread 11 466450 ms, 51 runs generated
Run gen thread 34 466598 ms, 51 runs generated
Run gen thread 1 466695 ms, 51 runs generated
Run gen thread 13 466784 ms, 51 runs generated
Run gen thread 10 466895 ms, 51 runs generated
Run gen thread 24 467009 ms, 51 runs generated
Run gen thread 7 467143 ms, 51 runs generated
Run gen thread 18 467214 ms, 51 runs generated
Run gen thread 5 467787 ms, 51 runs generated
Run gen thread 16 467819 ms, 51 runs generated
Run gen thread 17 467944 ms, 51 runs generated
Run gen thread 3 468150 ms, 51 runs generated
Run gen thread 33 468506 ms, 51 runs generated
Run gen thread 19 468952 ms, 51 runs generated
Run gen thread 28 469098 ms, 51 runs generated
Run gen thread 20 469107 ms, 51 runs generated
Generated 2040 runs in 469188 ms
Multi-level merge: 2455 runs (including 415 dummies), F=819, expected 3 merge operations
Merging 819 runs using 40 threads
Merge phase took 103491 ms | Merged 390623678 entries across 40 runs | Thread timing: min=23771 ms, max=103479 ms | Partition sizes: imbalance=2.84x
Merge 1/3: merging 819 shortest runs (390623678 total entries)
Merging 819 runs using 40 threads
Merge phase took 225491 ms | Merged 879117447 entries across 40 runs | Thread timing: min=52670 ms, max=225487 ms | Partition sizes: imbalance=2.84x
Merge 2/3: merging 819 shortest runs (879117447 total entries)
Merging 819 runs using 40 threads
Merge phase took 522655 ms | Merged 2147483648 entries across 40 runs | Thread timing: min=119255 ms, max=522652 ms | Partition sizes: imbalance=2.84x
Merge 3/3: merging 819 shortest runs (2147483648 total entries)
1320.82s
  Warmup complete.

  Run 1/3: Starting sort with 40 parallel scanners for run generation
Run gen thread 36 456017 ms, 51 runs generated
Run gen thread 26 458648 ms, 51 runs generated
Run gen thread 21 459402 ms, 51 runs generated
Run gen thread 19 460162 ms, 51 runs generated
Run gen thread 27 460992 ms, 51 runs generated
Run gen thread 31 462025 ms, 51 runs generated
Run gen thread 10 462248 ms, 51 runs generated
Run gen thread 35 462257 ms, 51 runs generated
Run gen thread 2 462499 ms, 51 runs generated
Run gen thread 9 462701 ms, 51 runs generated
Run gen thread 16 463100 ms, 51 runs generated
Run gen thread 39 463572 ms, 51 runs generated
Run gen thread 8 463863 ms, 51 runs generated
Run gen thread 6 463877 ms, 51 runs generated
Run gen thread 37 464563 ms, 51 runs generated
Run gen thread 17 464894 ms, 51 runs generated
Run gen thread 13 465194 ms, 51 runs generated
Run gen thread 11 465388 ms, 51 runs generated
Run gen thread 3 465568 ms, 51 runs generated
Run gen thread 15 465579 ms, 51 runs generated
Run gen thread 33 465620 ms, 51 runs generated
Run gen thread 25 465646 ms, 51 runs generated
Run gen thread 1 465828 ms, 51 runs generated
Run gen thread 34 466437 ms, 51 runs generated
Run gen thread 23 466675 ms, 51 runs generated
Run gen thread 12 467226 ms, 51 runs generated
Run gen thread 30 467590 ms, 51 runs generated
Run gen thread 20 467656 ms, 51 runs generated
Run gen thread 38 467620 ms, 51 runs generated
Run gen thread 14 468088 ms, 51 runs generated
Run gen thread 32 468071 ms, 51 runs generated
Run gen thread 24 468437 ms, 51 runs generated
Run gen thread 18 468438 ms, 51 runs generated
Run gen thread 4 468551 ms, 51 runs generated
Run gen thread 0 468657 ms, 51 runs generated
Run gen thread 7 468811 ms, 51 runs generated
Run gen thread 28 469445 ms, 51 runs generated
Run gen thread 5 469505 ms, 51 runs generated
Run gen thread 22 469672 ms, 51 runs generated
Run gen thread 29 469708 ms, 51 runs generated
Generated 2040 runs in 470128 ms
Multi-level merge: 2455 runs (including 415 dummies), F=819, expected 3 merge operations
Merging 819 runs using 40 threads
Merge phase took 97443 ms | Merged 390623678 entries across 40 runs | Thread timing: min=29069 ms, max=97367 ms | Partition sizes: imbalance=2.54x
Merge 1/3: merging 819 shortest runs (390623678 total entries)
Merging 819 runs using 40 threads
Merge phase took 225887 ms | Merged 879117447 entries across 40 runs | Thread timing: min=71895 ms, max=225879 ms | Partition sizes: imbalance=2.54x
Merge 2/3: merging 819 shortest runs (879117447 total entries)
Merging 819 runs using 40 threads
Merge phase took 516728 ms | Merged 2147483648 entries across 40 runs | Thread timing: min=166106 ms, max=516720 ms | Partition sizes: imbalance=2.54x
Merge 3/3: merging 819 shortest runs (2147483648 total entries)
SortStats:
  Number of runs: 2040
  (R) time: 470128 ms
  (R) breakdown: load=0 ms, sort=465255 ms, store=0 ms
  (R) I/O stats: I/O Stats: Read Ops: 3276839, Read Bytes: 214750920704, Write Ops: 3801120, Write Bytes: 249108107776
  (M) time: 840058 ms
  Read amplification:
    Run generation writes: 249108107776 bytes (232.00 GB)
    Merge phase reads: 406351221248 bytes (378.44 GB)
    Read amplification factor: 1.63x
    Excess reads: 63.1% (sparse indexing overhead)
  Thread timing (merge pass 1):
    Min thread time: 29069 ms
    Max thread time: 97367 ms
    Avg thread time: 66326 ms
    Time imbalance factor (max/avg): 1.47x
  Thread timing (merge pass 2):
    Min thread time: 71895 ms
    Max thread time: 225879 ms
    Avg thread time: 155638 ms
    Time imbalance factor (max/avg): 1.45x
  Thread timing (merge pass 3):
    Min thread time: 166106 ms
    Max thread time: 516720 ms
    Avg thread time: 352596 ms
    Time imbalance factor (max/avg): 1.47x
  Multi-level merge details:
    Total merge passes: 3
    Merge pass 1:
      Time: 97443 ms
      Output runs: 40
      I/O: read=45088.18 MiB, write=43213.23 MiB
      Partitions: 40, imbalance: 2.54x
    Merge pass 2:
      Time: 225887 ms
      Output runs: 40
      I/O: read=101049.94 MiB, write=97253.44 MiB
      Partitions: 40, imbalance: 2.54x
    Merge pass 3:
      Time: 516728 ms
      Output runs: 40
      I/O: read=241388.61 MiB, write=237567.96 MiB
      Partitions: 40, imbalance: 2.54x

1310.19s

  Cooling down for 30s before next run...
  Run 2/3: Starting sort with 40 parallel scanners for run generation
Run gen thread 38 447187 ms, 51 runs generated
Run gen thread 20 447982 ms, 51 runs generated
Run gen thread 23 448725 ms, 51 runs generated
Run gen thread 35 449959 ms, 51 runs generated
Run gen thread 4 452524 ms, 51 runs generated
Run gen thread 33 452719 ms, 51 runs generated
Run gen thread 24 453209 ms, 51 runs generated
Run gen thread 26 453851 ms, 51 runs generated
Run gen thread 1 454778 ms, 51 runs generated
Run gen thread 31 454899 ms, 51 runs generated
Run gen thread 8 455126 ms, 51 runs generated
Run gen thread 32 455165 ms, 51 runs generated
Run gen thread 3 455985 ms, 51 runs generated
Run gen thread 39 456033 ms, 51 runs generated
Run gen thread 27 456164 ms, 51 runs generated
Run gen thread 16 456584 ms, 51 runs generated
Run gen thread 18 456685 ms, 51 runs generated
Run gen thread 28 456824 ms, 51 runs generated
Run gen thread 6 457091 ms, 51 runs generated
Run gen thread 29 457216 ms, 51 runs generated
Run gen thread 36 457743 ms, 51 runs generated
Run gen thread 2 457909 ms, 51 runs generated
Run gen thread 9 458465 ms, 51 runs generated
Run gen thread 21 458497 ms, 51 runs generated
Run gen thread 17 458758 ms, 51 runs generated
Run gen thread 11 458802 ms, 51 runs generated
Run gen thread 12 459321 ms, 51 runs generated
Run gen thread 19 459520 ms, 51 runs generated
Run gen thread 7 459673 ms, 51 runs generated
Run gen thread 30 459678 ms, 51 runs generated
Run gen thread 25 460369 ms, 51 runs generated
Run gen thread 0 460372 ms, 51 runs generated
Run gen thread 22 460456 ms, 51 runs generated
Run gen thread 5 460523 ms, 51 runs generated
Run gen thread 10 460695 ms, 51 runs generated
Run gen thread 37 460824 ms, 51 runs generated
Run gen thread 13 460919 ms, 51 runs generated
Run gen thread 15 461139 ms, 51 runs generated
Run gen thread 14 461215 ms, 51 runs generated
Run gen thread 34 462609 ms, 51 runs generated
Generated 2040 runs in 462743 ms
Multi-level merge: 2455 runs (including 415 dummies), F=819, expected 3 merge operations
Merging 819 runs using 40 threads
Merge phase took 105812 ms | Merged 390623678 entries across 40 runs | Thread timing: min=45398 ms, max=105655 ms | Partition sizes: imbalance=2.36x
Merge 1/3: merging 819 shortest runs (390623678 total entries)
Merging 819 runs using 40 threads
Merge phase took 211791 ms | Merged 879117447 entries across 40 runs | Thread timing: min=90209 ms, max=211788 ms | Partition sizes: imbalance=2.36x
Merge 2/3: merging 819 shortest runs (879117447 total entries)
Merging 819 runs using 40 threads
Merge phase took 509957 ms | Merged 2147483648 entries across 40 runs | Thread timing: min=210669 ms, max=509954 ms | Partition sizes: imbalance=2.36x
Merge 3/3: merging 819 shortest runs (2147483648 total entries)
SortStats:
  Number of runs: 2040
  (R) time: 462743 ms
  (R) breakdown: load=0 ms, sort=456904 ms, store=0 ms
  (R) I/O stats: I/O Stats: Read Ops: 3276839, Read Bytes: 214750920704, Write Ops: 3801120, Write Bytes: 249108107776
  (M) time: 827560 ms
  Read amplification:
    Run generation writes: 249108107776 bytes (232.00 GB)
    Merge phase reads: 406400125952 bytes (378.49 GB)
    Read amplification factor: 1.63x
    Excess reads: 63.1% (sparse indexing overhead)
  Thread timing (merge pass 1):
    Min thread time: 45398 ms
    Max thread time: 105655 ms
    Avg thread time: 75983 ms
    Time imbalance factor (max/avg): 1.39x
  Thread timing (merge pass 2):
    Min thread time: 90209 ms
    Max thread time: 211788 ms
    Avg thread time: 152275 ms
    Time imbalance factor (max/avg): 1.39x
  Thread timing (merge pass 3):
    Min thread time: 210669 ms
    Max thread time: 509954 ms
    Avg thread time: 366143 ms
    Time imbalance factor (max/avg): 1.39x
  Multi-level merge details:
    Total merge passes: 3
    Merge pass 1:
      Time: 105812 ms
      Output runs: 40
      I/O: read=45076.69 MiB, write=43213.23 MiB
      Partitions: 40, imbalance: 2.36x
    Merge pass 2:
      Time: 211791 ms
      Output runs: 40
      I/O: read=101093.44 MiB, write=97253.44 MiB
      Partitions: 40, imbalance: 2.36x
    Merge pass 3:
      Time: 509957 ms
      Output runs: 40
      I/O: read=241403.23 MiB, write=237567.96 MiB
      Partitions: 40, imbalance: 2.36x

1290.30s

  Cooling down for 30s before next run...
  Run 3/3: Starting sort with 40 parallel scanners for run generation
Run gen thread 7 443997 ms, 51 runs generated
Run gen thread 9 444653 ms, 51 runs generated
Run gen thread 24 451870 ms, 51 runs generated
Run gen thread 21 452143 ms, 51 runs generated
Run gen thread 2 454697 ms, 51 runs generated
Run gen thread 19 455817 ms, 51 runs generated
Run gen thread 32 456301 ms, 51 runs generated
Run gen thread 29 456486 ms, 51 runs generated
Run gen thread 30 458695 ms, 51 runs generated
Run gen thread 27 460390 ms, 51 runs generated
Run gen thread 36 460867 ms, 51 runs generated
Run gen thread 38 461204 ms, 51 runs generated
Run gen thread 25 461900 ms, 51 runs generated
Run gen thread 13 462705 ms, 51 runs generated
Run gen thread 35 462778 ms, 51 runs generated
Run gen thread 39 462986 ms, 51 runs generated
Run gen thread 10 463477 ms, 51 runs generated
Run gen thread 8 463905 ms, 51 runs generated
Run gen thread 6 464470 ms, 51 runs generated
Run gen thread 26 464988 ms, 51 runs generated
Run gen thread 16 465063 ms, 51 runs generated
Run gen thread 34 465157 ms, 51 runs generated
Run gen thread 31 465625 ms, 51 runs generated
Run gen thread 37 465666 ms, 51 runs generated
Run gen thread 12 465795 ms, 51 runs generated
Run gen thread 33 465828 ms, 51 runs generated
Run gen thread 4 466058 ms, 51 runs generated
Run gen thread 23 466315 ms, 51 runs generated
Run gen thread 20 466514 ms, 51 runs generated
Run gen thread 14 467316 ms, 51 runs generated
Run gen thread 17 467337 ms, 51 runs generated
Run gen thread 18 467471 ms, 51 runs generated
Run gen thread 28 467555 ms, 51 runs generated
Run gen thread 0 467634 ms, 51 runs generated
Run gen thread 1 467767 ms, 51 runs generated
Run gen thread 22 467930 ms, 51 runs generated
Run gen thread 3 468423 ms, 51 runs generated
Run gen thread 5 468489 ms, 51 runs generated
Run gen thread 15 468514 ms, 51 runs generated
Run gen thread 11 468555 ms, 51 runs generated
Generated 2040 runs in 468763 ms
Multi-level merge: 2455 runs (including 415 dummies), F=819, expected 3 merge operations
Merging 819 runs using 40 threads
Merge phase took 97500 ms | Merged 390623678 entries across 40 runs | Thread timing: min=33335 ms, max=97404 ms | Partition sizes: imbalance=2.09x
Merge 1/3: merging 819 shortest runs (390623678 total entries)
Merging 819 runs using 40 threads
Merge phase took 205830 ms | Merged 879117447 entries across 40 runs | Thread timing: min=74134 ms, max=205822 ms | Partition sizes: imbalance=2.09x
Merge 2/3: merging 819 shortest runs (879117447 total entries)
Merging 819 runs using 40 threads
Merge phase took 496627 ms | Merged 2147483648 entries across 40 runs | Thread timing: min=170748 ms, max=496620 ms | Partition sizes: imbalance=2.09x
Merge 3/3: merging 819 shortest runs (2147483648 total entries)
SortStats:
  Number of runs: 2040
  (R) time: 468763 ms
  (R) breakdown: load=0 ms, sort=462583 ms, store=0 ms
  (R) I/O stats: I/O Stats: Read Ops: 3276839, Read Bytes: 214750920704, Write Ops: 3801120, Write Bytes: 249108107776
  (M) time: 799957 ms
  Read amplification:
    Run generation writes: 249108107776 bytes (232.00 GB)
    Merge phase reads: 406444515328 bytes (378.53 GB)
    Read amplification factor: 1.63x
    Excess reads: 63.2% (sparse indexing overhead)
  Thread timing (merge pass 1):
    Min thread time: 33335 ms
    Max thread time: 97404 ms
    Avg thread time: 71074 ms
    Time imbalance factor (max/avg): 1.37x
  Thread timing (merge pass 2):
    Min thread time: 74134 ms
    Max thread time: 205822 ms
    Avg thread time: 151683 ms
    Time imbalance factor (max/avg): 1.36x
  Thread timing (merge pass 3):
    Min thread time: 170748 ms
    Max thread time: 496620 ms
    Avg thread time: 363978 ms
    Time imbalance factor (max/avg): 1.36x
  Multi-level merge details:
    Total merge passes: 3
    Merge pass 1:
      Time: 97500 ms
      Output runs: 40
      I/O: read=45097.35 MiB, write=43213.23 MiB
      Partitions: 40, imbalance: 2.09x
    Merge pass 2:
      Time: 205830 ms
      Output runs: 40
      I/O: read=101088.19 MiB, write=97253.44 MiB
      Partitions: 40, imbalance: 2.09x
    Merge pass 3:
      Time: 496627 ms
      Output runs: 40
      I/O: read=241430.16 MiB, write=237567.96 MiB
      Partitions: 40, imbalance: 2.09x

1268.72s


================================================================================================================================================================
Benchmark Results Summary
================================================================================================================================================================
Config               Run Size   RG Runs    Gen Thr    Merge Thr  Total (s)  RunGen (s)   Merge (s)  Entries      Throughput       Read MB    Write MB  
                     (MB)                                                                                        (M entries/s)                         
----------------------------------------------------------------------------------------------------------------------------------------------------------------
Exp4_Thr40_Mem2GB[1] 51.2       2040       40         40         1310.19      470.13     840.06     2147483648   1.64             592329.2   615602.6  
Exp4_Thr40_Mem2GB[2] 51.2       2040       40         40         1290.30      462.74     827.56     2147483648   1.66             592375.8   615602.6  
Exp4_Thr40_Mem2GB[3] 51.2       2040       40         40         1268.72      468.76     799.96     2147483648   1.69             592418.1   615602.6  
Exp4_Thr40_Mem2GB[avg] 51.2       2040       40         40         1289.74      467.21     822.52     2147483648   1.67             592374.4   615602.6  
================================================================================================================================================================

================================================================================================================================================================
Merge Operations Summary (showing last 3 of 3 merge passes)
================================================================================================================================================================
Config               M1PAvg     M1PMax     M1Imbal    M1Slow       M1Fast       M2PAvg     M2PMax     M2Imbal    M2Slow       M2Fast       M3PAvg     M3PMax     M3Imbal    M3Slow       M3Fast      
----------------------------------------------------------------------------------------------------------------------------------------------------------------
Exp4_Thr40_Mem2GB[1] 9765591    24843577   2.54       97.44        97.44        21977936   55889591   2.54       225.89       225.89       53687091   136536916  2.54       516.73       516.73      
Exp4_Thr40_Mem2GB[2] 9765591    23068367   2.36       105.81       105.81       21977936   51916866   2.36       211.79       211.79       53687091   126836377  2.36       509.96       509.96      
Exp4_Thr40_Mem2GB[3] 9765591    20376004   2.09       97.50        97.50        21977936   45857513   2.09       205.83       205.83       53687091   111986625  2.09       496.63       496.63      
----------------------------------------------------------------------------------------------------------------------------------------------------------------
Exp4_Thr40_Mem2GB[avg] 9765591    22762649   2.33       105.81       97.44        21977936   51221323   2.33       225.89       205.83       53687091   125119972  2.33       516.73       496.63      
================================================================================================================================================================

================================================================================================================================================================
Detailed I/O Statistics
================================================================================================================================================================
Config               RG Read MB   RG Write MB  M1Read MB    M1Write MB   M2Read MB    M2Write MB   M3Read MB    M3Write MB  
----------------------------------------------------------------------------------------------------------------------------------------------------------------
Exp4_Thr40_Mem2GB[1] 204802.4     237568.0     45088.2      43213.2      101049.9     97253.4      241388.6     237568.0    
Exp4_Thr40_Mem2GB[2] 204802.4     237568.0     45076.7      43213.2      101093.4     97253.4      241403.2     237568.0    
Exp4_Thr40_Mem2GB[3] 204802.4     237568.0     45097.3      43213.2      101088.2     97253.4      241430.2     237568.0    
----------------------------------------------------------------------------------------------------------------------------------------------------------------
Exp4_Thr40_Mem2GB[avg] 204802.4     237568.0     45087.4      43213.2      101077.2     97253.4      241407.3     237568.0    
================================================================================================================================================================

====================================================================================================
Run Generation Time Breakdown
====================================================================================================
Config               RG Total s   Load s       Sort s       Store s     
----------------------------------------------------------------------------------------------------
Exp4_Thr40_Mem2GB[1] 470.13       0            465.255      0           
Exp4_Thr40_Mem2GB[2] 462.74       0            456.904      0           
Exp4_Thr40_Mem2GB[3] 468.76       0            462.583      0           
----------------------------------------------------------------------------------------------------
Exp4_Thr40_Mem2GB[avg] 467.21       0.00         461.58       0.00        
====================================================================================================
