warning: unused imports: `SeedableRng` and `rngs::SmallRng`
 --> src/fastzipf.rs:2:12
  |
2 | use rand::{SeedableRng, rngs::SmallRng};
  |            ^^^^^^^^^^^  ^^^^^^^^^^^^^^
  |
  = note: `#[warn(unused_imports)]` (part of `#[warn(unused)]`) on by default

warning: unused import: `std::fmt`
 --> src/sketch/reservoir_sampler.rs:6:5
  |
6 | use std::fmt;
  |     ^^^^^^^^

warning: unused import: `crate::sketch::kll::KLL`
   --> src/sketch/reservoir_sampler.rs:190:9
    |
190 |     use crate::sketch::kll::KLL;
    |         ^^^^^^^^^^^^^^^^^^^^^^^

warning: unused import: `super::*`
   --> src/sketch/reservoir_sampler.rs:192:9
    |
192 |     use super::*;
    |         ^^^^^^^^

warning: unused import: `std::collections::HashMap`
   --> src/sketch/mod.rs:226:9
    |
226 |     use std::collections::HashMap;
    |         ^^^^^^^^^^^^^^^^^^^^^^^^^

warning: unused import: `super::kll::*`
   --> src/sketch/mod.rs:228:9
    |
228 |     use super::kll::*;
    |         ^^^^^^^^^^^^^

warning: unused import: `super::reservoir_sampler::*`
   --> src/sketch/mod.rs:229:9
    |
229 |     use super::reservoir_sampler::*;
    |         ^^^^^^^^^^^^^^^^^^^^^^^^^^^

warning: unused import: `super::*`
   --> src/sketch/mod.rs:230:9
    |
230 |     use super::*;
    |         ^^^^^^^^

warning: unused import: `Duration`
 --> src/sort/core/engine.rs:4:17
  |
4 | use std::time::{Duration, Instant, SystemTime, UNIX_EPOCH};
  |                 ^^^^^^^^

warning: function `compute_ovc_delta` is never used
    --> src/ovc/offset_value_coding.rs:1136:15
     |
1136 | pub(crate) fn compute_ovc_delta(prev_key: Option<&[u8]>, key: &[u8]) -> OVCU64 {
     |               ^^^^^^^^^^^^^^^^^
     |
     = note: `#[warn(dead_code)]` (part of `#[warn(unused)]`) on by default

warning: `es` (lib) generated 10 warnings (run `cargo fix --lib -p es` to apply 9 suggestions)
    Finished `release` profile [optimized] target(s) in 0.11s
     Running `target/release/examples/gen_sort_cli -n Exp4_Thr4_Mem2GB -i ./datasets/gensort_200GiB.data --run-gen-threads 4 --merge-threads 4 --run-size-mb 512.00 --merge-fanin 8192 --warmup-runs 1 --benchmark-runs 3 --cooldown-seconds 30 --dir logs/resource_bench_2025-12-26_02-02-31/Exp4_Thr4_Mem2GB_tmp --sketch-type reservoir-sampling`

=== BENCHMARK MODE ===
GenSort file: "./datasets/gensort_200GiB.data"
Total entries: 2147483648
Estimated data size: 204800.00 MB
Run generation threads: 4
Use OVC: true
Run size (MB): 512.00
Run generation memory (MB): 2048.0
Merge threads: 4
Merge fan-in: 8192
Merge memory (MB): 2048.0
Sketch type: reservoir-sampling
Sketch size: 200
Run indexing interval: 1000
Temporary directory: "logs/resource_bench_2025-12-26_02-02-31/Exp4_Thr4_Mem2GB_tmp"
Warmup runs: 1
Runs per configuration: 3
Cooldown between runs (s): 30
Verify output: false

Running benchmark for config: Exp4_Thr4_Mem2GB
Parameters: Run Gen Threads: 4, Use OVC: true, Run Size: 512.00 MB, Run Gen Memory: 2048.0 MB, Merge Threads: 4, Merge Fanin: 8192, Merge Memory: 2048.0 MB, Imbalance Factor: 1.0
================================================================================
  Performing 1 warmup run(s)...
    Warmup 1/1: Starting sort with 4 parallel scanners for run generation
Run gen thread 3 1455598 ms, 51 runs generated
Run gen thread 1 1465696 ms, 51 runs generated
Run gen thread 2 1475989 ms, 51 runs generated
Run gen thread 0 1489539 ms, 51 runs generated
Generated 204 runs in 1489544 ms
Merging 204 runs using 4 threads
Merge phase took 882961 ms | Merged 2147483648 entries across 4 runs | Thread timing: min=706236 ms, max=882941 ms | Partition sizes: imbalance=1.20x
2372.51s
  Warmup complete.

  Run 1/3: Starting sort with 4 parallel scanners for run generation
Run gen thread 1 1637975 ms, 51 runs generated
Run gen thread 2 1642505 ms, 51 runs generated
Run gen thread 3 1661553 ms, 51 runs generated
Run gen thread 0 1664421 ms, 51 runs generated
Generated 204 runs in 1664705 ms
Merging 204 runs using 4 threads
Merge phase took 923493 ms | Merged 2147483648 entries across 4 runs | Thread timing: min=733250 ms, max=923484 ms | Partition sizes: imbalance=1.19x
SortStats:
  Number of runs: 204
  (R) time: 1664705 ms
  (R) breakdown: load=0 ms, sort=1651613 ms, store=0 ms
  (R) I/O stats: I/O Stats: Read Ops: 3276800, Read Bytes: 214748364800, Write Ops: 3801088, Write Bytes: 249108103168
  (M) time: 923493 ms
  Read amplification:
    Run generation writes: 249108103168 bytes (232.00 GB)
    Merge phase reads: 249196707840 bytes (232.08 GB)
    Read amplification factor: 1.00x
    Excess reads: 0.0% (sparse indexing overhead)
  Thread timing:
    Min thread time: 733250 ms
    Max thread time: 923484 ms
    Avg thread time: 818821 ms
    Time imbalance factor (max/avg): 1.13x
    Thread times: [923484, 830956, 787593, 733250]

2588.20s

  Cooling down for 30s before next run...
  Run 2/3: Starting sort with 4 parallel scanners for run generation
Run gen thread 0 1347287 ms, 51 runs generated
Run gen thread 2 1358694 ms, 51 runs generated
Run gen thread 3 1364474 ms, 51 runs generated
Run gen thread 1 1373074 ms, 51 runs generated
Generated 204 runs in 1373079 ms
Merging 204 runs using 4 threads
Merge phase took 849570 ms | Merged 2147483648 entries across 4 runs | Thread timing: min=725056 ms, max=849519 ms | Partition sizes: imbalance=1.12x
SortStats:
  Number of runs: 204
  (R) time: 1373079 ms
  (R) breakdown: load=0 ms, sort=1360882 ms, store=0 ms
  (R) I/O stats: I/O Stats: Read Ops: 3276800, Read Bytes: 214748364800, Write Ops: 3801088, Write Bytes: 249108103168
  (M) time: 849570 ms
  Read amplification:
    Run generation writes: 249108103168 bytes (232.00 GB)
    Merge phase reads: 249197494272 bytes (232.08 GB)
    Read amplification factor: 1.00x
    Excess reads: 0.0% (sparse indexing overhead)
  Thread timing:
    Min thread time: 725056 ms
    Max thread time: 849519 ms
    Avg thread time: 784366 ms
    Time imbalance factor (max/avg): 1.08x
    Thread times: [725056, 751313, 811576, 849519]

2222.65s

  Cooling down for 30s before next run...
  Run 3/3: Starting sort with 4 parallel scanners for run generation
Run gen thread 2 1419579 ms, 51 runs generated
Run gen thread 0 1440200 ms, 51 runs generated
Run gen thread 3 1447185 ms, 51 runs generated
Run gen thread 1 1457979 ms, 51 runs generated
Generated 204 runs in 1458044 ms
Merging 204 runs using 4 threads
Merge phase took 881668 ms | Merged 2147483648 entries across 4 runs | Thread timing: min=662237 ms, max=881653 ms | Partition sizes: imbalance=1.20x
SortStats:
  Number of runs: 204
  (R) time: 1458044 ms
  (R) breakdown: load=0 ms, sort=1441235 ms, store=0 ms
  (R) I/O stats: I/O Stats: Read Ops: 3276800, Read Bytes: 214748364800, Write Ops: 3801088, Write Bytes: 249108103168
  (M) time: 881668 ms
  Read amplification:
    Run generation writes: 249108103168 bytes (232.00 GB)
    Merge phase reads: 249197166592 bytes (232.08 GB)
    Read amplification factor: 1.00x
    Excess reads: 0.0% (sparse indexing overhead)
  Thread timing:
    Min thread time: 662237 ms
    Max thread time: 881653 ms
    Avg thread time: 768470 ms
    Time imbalance factor (max/avg): 1.15x
    Thread times: [768345, 881653, 662237, 761646]

2339.71s


================================================================================================================================================================
Benchmark Results Summary
================================================================================================================================================================
Config               Run Size   RG Runs    Gen Thr    Merge Thr  Total (s)  RunGen (s)   Merge (s)  Entries      Throughput       Read MB    Write MB  
                     (MB)                                                                                        (M entries/s)                         
----------------------------------------------------------------------------------------------------------------------------------------------------------------
Exp4_Thr4_Mem2GB[1]  512.0      204        4          4          2588.20      1664.70    923.49     2147483648   0.83             442452.5   475136.0  
Exp4_Thr4_Mem2GB[2]  512.0      204        4          4          2222.65      1373.08    849.57     2147483648   0.97             442453.2   475136.0  
Exp4_Thr4_Mem2GB[3]  512.0      204        4          4          2339.71      1458.04    881.67     2147483648   0.92             442452.9   475136.0  
Exp4_Thr4_Mem2GB[avg] 512.0      204        4          4          2383.52      1498.61    884.91     2147483648   0.90             442452.9   475136.0  
================================================================================================================================================================

================================================================================================================================================================
Merge Operations Summary (showing last 1 of 1 merge passes)
================================================================================================================================================================
Config               M1PAvg     M1PMax     M1Imbal    M1Slow       M1Fast      
----------------------------------------------------------------------------------------------------------------------------------------------------------------
Exp4_Thr4_Mem2GB[1]  536870912  638261017  1.19       923.49       923.49      
Exp4_Thr4_Mem2GB[2]  536870912  601036592  1.12       849.57       849.57      
Exp4_Thr4_Mem2GB[3]  536870912  642252075  1.20       881.67       881.67      
----------------------------------------------------------------------------------------------------------------------------------------------------------------
Exp4_Thr4_Mem2GB[avg] 536870912  627183228  1.17       923.49       849.57      
================================================================================================================================================================

================================================================================================================================================================
Detailed I/O Statistics
================================================================================================================================================================
Config               RG Read MB   RG Write MB  M1Read MB    M1Write MB  
----------------------------------------------------------------------------------------------------------------------------------------------------------------
Exp4_Thr4_Mem2GB[1]  204800.0     237568.0     237652.5     237568.0    
Exp4_Thr4_Mem2GB[2]  204800.0     237568.0     237653.2     237568.0    
Exp4_Thr4_Mem2GB[3]  204800.0     237568.0     237652.9     237568.0    
----------------------------------------------------------------------------------------------------------------------------------------------------------------
Exp4_Thr4_Mem2GB[avg] 204800.0     237568.0     237652.9     237568.0    
================================================================================================================================================================

====================================================================================================
Run Generation Time Breakdown
====================================================================================================
Config               RG Total s   Load s       Sort s       Store s     
----------------------------------------------------------------------------------------------------
Exp4_Thr4_Mem2GB[1]  1664.70      0            1651.613     0           
Exp4_Thr4_Mem2GB[2]  1373.08      0            1360.882     0           
Exp4_Thr4_Mem2GB[3]  1458.04      0            1441.235     0           
----------------------------------------------------------------------------------------------------
Exp4_Thr4_Mem2GB[avg] 1498.61      0.00         1484.58      0.00        
====================================================================================================
