warning: unused imports: `SeedableRng` and `rngs::SmallRng`
 --> src/fastzipf.rs:2:12
  |
2 | use rand::{SeedableRng, rngs::SmallRng};
  |            ^^^^^^^^^^^  ^^^^^^^^^^^^^^
  |
  = note: `#[warn(unused_imports)]` (part of `#[warn(unused)]`) on by default

warning: unused import: `std::fmt`
 --> src/sketch/reservoir_sampler.rs:6:5
  |
6 | use std::fmt;
  |     ^^^^^^^^

warning: unused import: `crate::sketch::kll::KLL`
   --> src/sketch/reservoir_sampler.rs:190:9
    |
190 |     use crate::sketch::kll::KLL;
    |         ^^^^^^^^^^^^^^^^^^^^^^^

warning: unused import: `super::*`
   --> src/sketch/reservoir_sampler.rs:192:9
    |
192 |     use super::*;
    |         ^^^^^^^^

warning: unused import: `std::collections::HashMap`
   --> src/sketch/mod.rs:226:9
    |
226 |     use std::collections::HashMap;
    |         ^^^^^^^^^^^^^^^^^^^^^^^^^

warning: unused import: `super::kll::*`
   --> src/sketch/mod.rs:228:9
    |
228 |     use super::kll::*;
    |         ^^^^^^^^^^^^^

warning: unused import: `super::reservoir_sampler::*`
   --> src/sketch/mod.rs:229:9
    |
229 |     use super::reservoir_sampler::*;
    |         ^^^^^^^^^^^^^^^^^^^^^^^^^^^

warning: unused import: `super::*`
   --> src/sketch/mod.rs:230:9
    |
230 |     use super::*;
    |         ^^^^^^^^

warning: unused import: `Duration`
 --> src/sort/core/engine.rs:4:17
  |
4 | use std::time::{Duration, Instant, SystemTime, UNIX_EPOCH};
  |                 ^^^^^^^^

warning: function `compute_ovc_delta` is never used
    --> src/ovc/offset_value_coding.rs:1136:15
     |
1136 | pub(crate) fn compute_ovc_delta(prev_key: Option<&[u8]>, key: &[u8]) -> OVCU64 {
     |               ^^^^^^^^^^^^^^^^^
     |
     = note: `#[warn(dead_code)]` (part of `#[warn(unused)]`) on by default

warning: `es` (lib) generated 10 warnings (run `cargo fix --lib -p es` to apply 9 suggestions)
    Finished `release` profile [optimized] target(s) in 0.22s
     Running `target/release/examples/gen_sort_cli -n Exp4_Thr16_Mem2GB -i ./datasets/gensort_200GiB.data --run-gen-threads 16 --merge-threads 16 --run-size-mb 128.00 --merge-fanin 2048 --warmup-runs 1 --benchmark-runs 3 --cooldown-seconds 30 --dir logs/resource_bench_2025-12-26_02-02-31/Exp4_Thr16_Mem2GB_tmp --sketch-type reservoir-sampling`

=== BENCHMARK MODE ===
GenSort file: "./datasets/gensort_200GiB.data"
Total entries: 2147483648
Estimated data size: 204800.00 MB
Run generation threads: 16
Use OVC: true
Run size (MB): 128.00
Run generation memory (MB): 2048.0
Merge threads: 16
Merge fan-in: 2048
Merge memory (MB): 2048.0
Sketch type: reservoir-sampling
Sketch size: 200
Run indexing interval: 1000
Temporary directory: "logs/resource_bench_2025-12-26_02-02-31/Exp4_Thr16_Mem2GB_tmp"
Warmup runs: 1
Runs per configuration: 3
Cooldown between runs (s): 30
Verify output: false

Running benchmark for config: Exp4_Thr16_Mem2GB
Parameters: Run Gen Threads: 16, Use OVC: true, Run Size: 128.00 MB, Run Gen Memory: 2048.0 MB, Merge Threads: 16, Merge Fanin: 2048, Merge Memory: 2048.0 MB, Imbalance Factor: 1.0
================================================================================
  Performing 1 warmup run(s)...
    Warmup 1/1: Starting sort with 16 parallel scanners for run generation
Run gen thread 10 631838 ms, 51 runs generated
Run gen thread 15 632044 ms, 51 runs generated
Run gen thread 9 632115 ms, 51 runs generated
Run gen thread 13 632453 ms, 51 runs generated
Run gen thread 3 633133 ms, 51 runs generated
Run gen thread 11 633827 ms, 51 runs generated
Run gen thread 14 635146 ms, 51 runs generated
Run gen thread 7 635668 ms, 51 runs generated
Run gen thread 4 637507 ms, 51 runs generated
Run gen thread 8 643221 ms, 51 runs generated
Run gen thread 1 644927 ms, 51 runs generated
Run gen thread 5 647916 ms, 51 runs generated
Run gen thread 2 648860 ms, 51 runs generated
Run gen thread 12 649295 ms, 51 runs generated
Run gen thread 0 652060 ms, 51 runs generated
Run gen thread 6 652877 ms, 51 runs generated
Generated 816 runs in 652901 ms
Merging 816 runs using 16 threads
Merge phase took 576806 ms | Merged 2147483648 entries across 16 runs | Thread timing: min=426747 ms, max=576749 ms | Partition sizes: imbalance=1.30x
1229.71s
  Warmup complete.

  Run 1/3: Starting sort with 16 parallel scanners for run generation
Run gen thread 15 581985 ms, 51 runs generated
Run gen thread 10 595759 ms, 51 runs generated
Run gen thread 2 598608 ms, 51 runs generated
Run gen thread 9 601013 ms, 51 runs generated
Run gen thread 3 602177 ms, 51 runs generated
Run gen thread 11 603992 ms, 51 runs generated
Run gen thread 8 611003 ms, 51 runs generated
Run gen thread 0 611172 ms, 51 runs generated
Run gen thread 7 613386 ms, 51 runs generated
Run gen thread 1 613507 ms, 51 runs generated
Run gen thread 14 613694 ms, 51 runs generated
Run gen thread 13 614829 ms, 51 runs generated
Run gen thread 12 615392 ms, 51 runs generated
Run gen thread 6 615780 ms, 51 runs generated
Run gen thread 5 617126 ms, 51 runs generated
Run gen thread 4 617449 ms, 51 runs generated
Generated 816 runs in 617522 ms
Merging 816 runs using 16 threads
Merge phase took 590155 ms | Merged 2147483648 entries across 16 runs | Thread timing: min=330240 ms, max=590106 ms | Partition sizes: imbalance=1.54x
SortStats:
  Number of runs: 816
  (R) time: 617522 ms
  (R) breakdown: load=0 ms, sort=607929 ms, store=0 ms
  (R) I/O stats: I/O Stats: Read Ops: 3276800, Read Bytes: 214748364800, Write Ops: 3801088, Write Bytes: 249108103168
  (M) time: 590155 ms
  Read amplification:
    Run generation writes: 249108103168 bytes (232.00 GB)
    Merge phase reads: 250666352640 bytes (233.45 GB)
    Read amplification factor: 1.01x
    Excess reads: 0.6% (sparse indexing overhead)
  Thread timing:
    Min thread time: 330240 ms
    Max thread time: 590106 ms
    Avg thread time: 473392 ms
    Time imbalance factor (max/avg): 1.25x
    Thread times: [531896, 506327, 545072, 483212, 590106, 499425, 480019, 537327, 408783, 358832, 363550, 516435, 400001, 330240, 510049, 512999]

1207.68s

  Cooling down for 30s before next run...
  Run 2/3: Starting sort with 16 parallel scanners for run generation
Run gen thread 9 595992 ms, 51 runs generated
Run gen thread 1 597471 ms, 51 runs generated
Run gen thread 14 598632 ms, 51 runs generated
Run gen thread 8 600109 ms, 51 runs generated
Run gen thread 12 601017 ms, 51 runs generated
Run gen thread 7 601310 ms, 51 runs generated
Run gen thread 11 601476 ms, 51 runs generated
Run gen thread 15 606990 ms, 51 runs generated
Run gen thread 0 607024 ms, 51 runs generated
Run gen thread 2 608814 ms, 51 runs generated
Run gen thread 6 609888 ms, 51 runs generated
Run gen thread 13 611028 ms, 51 runs generated
Run gen thread 4 611617 ms, 51 runs generated
Run gen thread 3 611758 ms, 51 runs generated
Run gen thread 10 614232 ms, 51 runs generated
Run gen thread 5 615654 ms, 51 runs generated
Generated 816 runs in 615746 ms
Merging 816 runs using 16 threads
Merge phase took 564112 ms | Merged 2147483648 entries across 16 runs | Thread timing: min=317623 ms, max=564099 ms | Partition sizes: imbalance=1.37x
SortStats:
  Number of runs: 816
  (R) time: 615746 ms
  (R) breakdown: load=0 ms, sort=605813 ms, store=0 ms
  (R) I/O stats: I/O Stats: Read Ops: 3276800, Read Bytes: 214748364800, Write Ops: 3801088, Write Bytes: 249108103168
  (M) time: 564112 ms
  Read amplification:
    Run generation writes: 249108103168 bytes (232.00 GB)
    Merge phase reads: 250672054272 bytes (233.46 GB)
    Read amplification factor: 1.01x
    Excess reads: 0.6% (sparse indexing overhead)
  Thread timing:
    Min thread time: 317623 ms
    Max thread time: 564099 ms
    Avg thread time: 475772 ms
    Time imbalance factor (max/avg): 1.19x
    Thread times: [564099, 533607, 447671, 411458, 531039, 540907, 318890, 317623, 497635, 453554, 487857, 505917, 549998, 486987, 499154, 465961]

1179.86s

  Cooling down for 30s before next run...
  Run 3/3: Starting sort with 16 parallel scanners for run generation
Run gen thread 14 606988 ms, 51 runs generated
Run gen thread 9 608853 ms, 51 runs generated
Run gen thread 5 609853 ms, 51 runs generated
Run gen thread 8 610665 ms, 51 runs generated
Run gen thread 12 612476 ms, 51 runs generated
Run gen thread 10 614140 ms, 51 runs generated
Run gen thread 15 615211 ms, 51 runs generated
Run gen thread 4 616355 ms, 51 runs generated
Run gen thread 13 616486 ms, 51 runs generated
Run gen thread 0 618386 ms, 51 runs generated
Run gen thread 11 619537 ms, 51 runs generated
Run gen thread 7 620929 ms, 51 runs generated
Run gen thread 3 620974 ms, 51 runs generated
Run gen thread 2 623302 ms, 51 runs generated
Run gen thread 6 623986 ms, 51 runs generated
Run gen thread 1 627379 ms, 51 runs generated
Generated 816 runs in 627452 ms
Merging 816 runs using 16 threads
Merge phase took 582298 ms | Merged 2147483648 entries across 16 runs | Thread timing: min=282149 ms, max=582223 ms | Partition sizes: imbalance=1.54x
SortStats:
  Number of runs: 816
  (R) time: 627452 ms
  (R) breakdown: load=0 ms, sort=616595 ms, store=0 ms
  (R) I/O stats: I/O Stats: Read Ops: 3276800, Read Bytes: 214748364800, Write Ops: 3801088, Write Bytes: 249108103168
  (M) time: 582298 ms
  Read amplification:
    Run generation writes: 249108103168 bytes (232.00 GB)
    Merge phase reads: 250671923200 bytes (233.46 GB)
    Read amplification factor: 1.01x
    Excess reads: 0.6% (sparse indexing overhead)
  Thread timing:
    Min thread time: 282149 ms
    Max thread time: 582223 ms
    Avg thread time: 450872 ms
    Time imbalance factor (max/avg): 1.29x
    Thread times: [524545, 284565, 493801, 282149, 563032, 285298, 310854, 509616, 508945, 514176, 508071, 491757, 460949, 442438, 451528, 582223]

1209.75s


================================================================================================================================================================
Benchmark Results Summary
================================================================================================================================================================
Config               Run Size   RG Runs    Gen Thr    Merge Thr  Total (s)  RunGen (s)   Merge (s)  Entries      Throughput       Read MB    Write MB  
                     (MB)                                                                                        (M entries/s)                         
----------------------------------------------------------------------------------------------------------------------------------------------------------------
Exp4_Thr16_Mem2GB[1] 128.0      816        16         16         1207.68      617.52     590.15     2147483648   1.78             443854.1   475136.0  
Exp4_Thr16_Mem2GB[2] 128.0      816        16         16         1179.86      615.75     564.11     2147483648   1.82             443859.5   475136.0  
Exp4_Thr16_Mem2GB[3] 128.0      816        16         16         1209.75      627.45     582.30     2147483648   1.78             443859.4   475136.0  
Exp4_Thr16_Mem2GB[avg] 128.0      816        16         16         1199.10      620.24     578.85     2147483648   1.79             443857.6   475136.0  
================================================================================================================================================================

================================================================================================================================================================
Merge Operations Summary (showing last 1 of 1 merge passes)
================================================================================================================================================================
Config               M1PAvg     M1PMax     M1Imbal    M1Slow       M1Fast      
----------------------------------------------------------------------------------------------------------------------------------------------------------------
Exp4_Thr16_Mem2GB[1] 134217728  206813208  1.54       590.15       590.15      
Exp4_Thr16_Mem2GB[2] 134217728  183504891  1.37       564.11       564.11      
Exp4_Thr16_Mem2GB[3] 134217728  206729455  1.54       582.30       582.30      
----------------------------------------------------------------------------------------------------------------------------------------------------------------
Exp4_Thr16_Mem2GB[avg] 134217728  199015851  1.48       590.15       564.11      
================================================================================================================================================================

================================================================================================================================================================
Detailed I/O Statistics
================================================================================================================================================================
Config               RG Read MB   RG Write MB  M1Read MB    M1Write MB  
----------------------------------------------------------------------------------------------------------------------------------------------------------------
Exp4_Thr16_Mem2GB[1] 204800.0     237568.0     239054.1     237568.0    
Exp4_Thr16_Mem2GB[2] 204800.0     237568.0     239059.5     237568.0    
Exp4_Thr16_Mem2GB[3] 204800.0     237568.0     239059.4     237568.0    
----------------------------------------------------------------------------------------------------------------------------------------------------------------
Exp4_Thr16_Mem2GB[avg] 204800.0     237568.0     239057.6     237568.0    
================================================================================================================================================================

====================================================================================================
Run Generation Time Breakdown
====================================================================================================
Config               RG Total s   Load s       Sort s       Store s     
----------------------------------------------------------------------------------------------------
Exp4_Thr16_Mem2GB[1] 617.52       0            607.929      0           
Exp4_Thr16_Mem2GB[2] 615.75       0            605.813      0           
Exp4_Thr16_Mem2GB[3] 627.45       0            616.595      0           
----------------------------------------------------------------------------------------------------
Exp4_Thr16_Mem2GB[avg] 620.24       0.00         610.11       0.00        
====================================================================================================
