warning: unused imports: `SeedableRng` and `rngs::SmallRng`
 --> src/fastzipf.rs:2:12
  |
2 | use rand::{SeedableRng, rngs::SmallRng};
  |            ^^^^^^^^^^^  ^^^^^^^^^^^^^^
  |
  = note: `#[warn(unused_imports)]` (part of `#[warn(unused)]`) on by default

warning: unused import: `std::fmt`
 --> src/sketch/reservoir_sampler.rs:6:5
  |
6 | use std::fmt;
  |     ^^^^^^^^

warning: unused import: `crate::sketch::kll::KLL`
   --> src/sketch/reservoir_sampler.rs:190:9
    |
190 |     use crate::sketch::kll::KLL;
    |         ^^^^^^^^^^^^^^^^^^^^^^^

warning: unused import: `super::*`
   --> src/sketch/reservoir_sampler.rs:192:9
    |
192 |     use super::*;
    |         ^^^^^^^^

warning: unused import: `std::collections::HashMap`
   --> src/sketch/mod.rs:226:9
    |
226 |     use std::collections::HashMap;
    |         ^^^^^^^^^^^^^^^^^^^^^^^^^

warning: unused import: `super::kll::*`
   --> src/sketch/mod.rs:228:9
    |
228 |     use super::kll::*;
    |         ^^^^^^^^^^^^^

warning: unused import: `super::reservoir_sampler::*`
   --> src/sketch/mod.rs:229:9
    |
229 |     use super::reservoir_sampler::*;
    |         ^^^^^^^^^^^^^^^^^^^^^^^^^^^

warning: unused import: `super::*`
   --> src/sketch/mod.rs:230:9
    |
230 |     use super::*;
    |         ^^^^^^^^

warning: unused import: `Duration`
 --> src/sort/core/engine.rs:4:17
  |
4 | use std::time::{Duration, Instant, SystemTime, UNIX_EPOCH};
  |                 ^^^^^^^^

warning: function `compute_ovc_delta` is never used
    --> src/ovc/offset_value_coding.rs:1136:15
     |
1136 | pub(crate) fn compute_ovc_delta(prev_key: Option<&[u8]>, key: &[u8]) -> OVCU64 {
     |               ^^^^^^^^^^^^^^^^^
     |
     = note: `#[warn(dead_code)]` (part of `#[warn(unused)]`) on by default

warning: `es` (lib) generated 10 warnings (run `cargo fix --lib -p es` to apply 9 suggestions)
    Finished `release` profile [optimized] target(s) in 0.21s
     Running `target/release/examples/gen_sort_cli -n Exp5_Thr24_Imbalance3.0_Thr24_Mem2GB -i ./datasets/gensort_200GiB.data --run-gen-threads 24 --merge-threads 24 --run-size-mb 85.33 --merge-fanin 1365 --warmup-runs 1 --benchmark-runs 3 --cooldown-seconds 30 --dir logs/resource_bench_2025-12-26_02-02-31/Exp5_Thr24_Imbalance3.0_Thr24_Mem2GB_tmp --imbalance-factor 3.0`

=== BENCHMARK MODE ===
GenSort file: "./datasets/gensort_200GiB.data"
Total entries: 2147483648
Estimated data size: 204800.00 MB
Run generation threads: 24
Use OVC: true
Run size (MB): 85.33
Run generation memory (MB): 2047.9
Merge threads: 24
Merge fan-in: 1365
Merge memory (MB): 2047.5
Sketch type: kll
Sketch size: 200
Run indexing interval: 1000
Temporary directory: "logs/resource_bench_2025-12-26_02-02-31/Exp5_Thr24_Imbalance3.0_Thr24_Mem2GB_tmp"
Warmup runs: 1
Runs per configuration: 3
Cooldown between runs (s): 30
Verify output: false

Running benchmark for config: Exp5_Thr24_Imbalance3.0_Thr24_Mem2GB
Parameters: Run Gen Threads: 24, Use OVC: true, Run Size: 85.33 MB, Run Gen Memory: 2047.9 MB, Merge Threads: 24, Merge Fanin: 1365, Merge Memory: 2047.5 MB, Imbalance Factor: 3.0
================================================================================
  Performing 1 warmup run(s)...
    Warmup 1/1: Starting sort with 24 parallel scanners for run generation
Run gen thread 5 554579 ms, 51 runs generated
Run gen thread 18 555637 ms, 51 runs generated
Run gen thread 4 557320 ms, 51 runs generated
Run gen thread 15 558699 ms, 51 runs generated
Run gen thread 0 559225 ms, 51 runs generated
Run gen thread 14 559363 ms, 51 runs generated
Run gen thread 1 559550 ms, 51 runs generated
Run gen thread 19 560047 ms, 51 runs generated
Run gen thread 10 560246 ms, 51 runs generated
Run gen thread 12 561061 ms, 51 runs generated
Run gen thread 21 562574 ms, 51 runs generated
Run gen thread 2 564560 ms, 51 runs generated
Run gen thread 3 565207 ms, 51 runs generated
Run gen thread 17 566580 ms, 51 runs generated
Run gen thread 13 567390 ms, 51 runs generated
Run gen thread 8 571434 ms, 51 runs generated
Run gen thread 16 571650 ms, 51 runs generated
Run gen thread 20 572237 ms, 51 runs generated
Run gen thread 7 572572 ms, 51 runs generated
Run gen thread 9 572595 ms, 51 runs generated
Run gen thread 22 573003 ms, 51 runs generated
Run gen thread 6 573356 ms, 51 runs generated
Run gen thread 11 573585 ms, 51 runs generated
Run gen thread 23 574755 ms, 51 runs generated
Generated 1224 runs in 574785 ms
Merging 1224 runs using 24 threads
Merge phase took 675362 ms | Merged 2147483648 entries across 24 runs | Thread timing: min=426635 ms, max=675361 ms | Partition sizes: imbalance=2.92x
1250.15s
  Warmup complete.

  Run 1/3: Starting sort with 24 parallel scanners for run generation
Run gen thread 10 552176 ms, 51 runs generated
Run gen thread 21 552623 ms, 51 runs generated
Run gen thread 5 553413 ms, 51 runs generated
Run gen thread 18 553951 ms, 51 runs generated
Run gen thread 7 557795 ms, 51 runs generated
Run gen thread 11 561707 ms, 51 runs generated
Run gen thread 23 561818 ms, 51 runs generated
Run gen thread 19 562120 ms, 51 runs generated
Run gen thread 0 563876 ms, 51 runs generated
Run gen thread 6 565267 ms, 51 runs generated
Run gen thread 13 565340 ms, 51 runs generated
Run gen thread 16 566532 ms, 51 runs generated
Run gen thread 20 566554 ms, 51 runs generated
Run gen thread 2 566679 ms, 51 runs generated
Run gen thread 22 567124 ms, 51 runs generated
Run gen thread 8 567744 ms, 51 runs generated
Run gen thread 15 567889 ms, 51 runs generated
Run gen thread 4 568231 ms, 51 runs generated
Run gen thread 17 568234 ms, 51 runs generated
Run gen thread 3 568416 ms, 51 runs generated
Run gen thread 12 569073 ms, 51 runs generated
Run gen thread 9 569112 ms, 51 runs generated
Run gen thread 14 571363 ms, 51 runs generated
Run gen thread 1 574359 ms, 51 runs generated
Generated 1224 runs in 575290 ms
Merging 1224 runs using 24 threads
Merge phase took 682690 ms | Merged 2147483648 entries across 24 runs | Thread timing: min=380783 ms, max=682688 ms | Partition sizes: imbalance=2.99x
SortStats:
  Number of runs: 1224
  (R) time: 575290 ms
  (R) breakdown: load=0 ms, sort=564224 ms, store=0 ms
  (R) I/O stats: I/O Stats: Read Ops: 3276823, Read Bytes: 214749872128, Write Ops: 3801096, Write Bytes: 249108109312
  (M) time: 682690 ms
  Read amplification:
    Run generation writes: 249108109312 bytes (232.00 GB)
    Merge phase reads: 252680138752 bytes (235.33 GB)
    Read amplification factor: 1.01x
    Excess reads: 1.4% (sparse indexing overhead)
  Thread timing:
    Min thread time: 380783 ms
    Max thread time: 682688 ms
    Avg thread time: 464738 ms
    Time imbalance factor (max/avg): 1.47x
    Thread times: [682688, 457880, 454111, 447083, 473727, 464143, 475644, 412643, 469228, 459469, 424167, 483833, 380783, 481953, 462548, 471685, 434803, 453882, 468947, 469956, 466583, 445716, 447046, 465191]

1257.98s

  Cooling down for 30s before next run...
  Run 2/3: Starting sort with 24 parallel scanners for run generation
Run gen thread 14 548057 ms, 51 runs generated
Run gen thread 19 548228 ms, 51 runs generated
Run gen thread 13 551138 ms, 51 runs generated
Run gen thread 22 551855 ms, 51 runs generated
Run gen thread 0 553979 ms, 51 runs generated
Run gen thread 16 557223 ms, 51 runs generated
Run gen thread 20 557254 ms, 51 runs generated
Run gen thread 18 557730 ms, 51 runs generated
Run gen thread 6 557866 ms, 51 runs generated
Run gen thread 9 557939 ms, 51 runs generated
Run gen thread 2 559014 ms, 51 runs generated
Run gen thread 21 559418 ms, 51 runs generated
Run gen thread 4 559586 ms, 51 runs generated
Run gen thread 15 559717 ms, 51 runs generated
Run gen thread 8 560393 ms, 51 runs generated
Run gen thread 1 561920 ms, 51 runs generated
Run gen thread 7 561965 ms, 51 runs generated
Run gen thread 11 562073 ms, 51 runs generated
Run gen thread 23 564904 ms, 51 runs generated
Run gen thread 17 564975 ms, 51 runs generated
Run gen thread 12 565663 ms, 51 runs generated
Run gen thread 5 565703 ms, 51 runs generated
Run gen thread 3 565963 ms, 51 runs generated
Run gen thread 10 566434 ms, 51 runs generated
Generated 1224 runs in 566901 ms
Merging 1224 runs using 24 threads
Merge phase took 677118 ms | Merged 2147483648 entries across 24 runs | Thread timing: min=399348 ms, max=677116 ms | Partition sizes: imbalance=2.98x
SortStats:
  Number of runs: 1224
  (R) time: 566901 ms
  (R) breakdown: load=0 ms, sort=559124 ms, store=0 ms
  (R) I/O stats: I/O Stats: Read Ops: 3276823, Read Bytes: 214749872128, Write Ops: 3801096, Write Bytes: 249108109312
  (M) time: 677118 ms
  Read amplification:
    Run generation writes: 249108109312 bytes (232.00 GB)
    Merge phase reads: 252661919744 bytes (235.31 GB)
    Read amplification factor: 1.01x
    Excess reads: 1.4% (sparse indexing overhead)
  Thread timing:
    Min thread time: 399348 ms
    Max thread time: 677116 ms
    Avg thread time: 462954 ms
    Time imbalance factor (max/avg): 1.46x
    Thread times: [677116, 450173, 466238, 399348, 483378, 426142, 454267, 446297, 442657, 470652, 466468, 470759, 403044, 476078, 465804, 436414, 472986, 434216, 467428, 442708, 475159, 447166, 457315, 479086]

1244.02s

  Cooling down for 30s before next run...
  Run 3/3: Starting sort with 24 parallel scanners for run generation
Run gen thread 15 512280 ms, 51 runs generated
Run gen thread 23 512531 ms, 51 runs generated
Run gen thread 11 513941 ms, 51 runs generated
Run gen thread 14 516069 ms, 51 runs generated
Run gen thread 4 517006 ms, 51 runs generated
Run gen thread 19 517294 ms, 51 runs generated
Run gen thread 20 518198 ms, 51 runs generated
Run gen thread 10 519485 ms, 51 runs generated
Run gen thread 22 519570 ms, 51 runs generated
Run gen thread 1 520568 ms, 51 runs generated
Run gen thread 8 520860 ms, 51 runs generated
Run gen thread 21 521636 ms, 51 runs generated
Run gen thread 9 522313 ms, 51 runs generated
Run gen thread 16 522809 ms, 51 runs generated
Run gen thread 18 523161 ms, 51 runs generated
Run gen thread 3 523456 ms, 51 runs generated
Run gen thread 5 523549 ms, 51 runs generated
Run gen thread 17 525118 ms, 51 runs generated
Run gen thread 7 525158 ms, 51 runs generated
Run gen thread 12 526377 ms, 51 runs generated
Run gen thread 13 526817 ms, 51 runs generated
Run gen thread 6 527839 ms, 51 runs generated
Run gen thread 2 529108 ms, 51 runs generated
Run gen thread 0 530747 ms, 51 runs generated
Generated 1224 runs in 531315 ms
Merging 1224 runs using 24 threads
Merge phase took 667249 ms | Merged 2147483648 entries across 24 runs | Thread timing: min=401688 ms, max=667248 ms | Partition sizes: imbalance=2.93x
SortStats:
  Number of runs: 1224
  (R) time: 531315 ms
  (R) breakdown: load=0 ms, sort=521495 ms, store=0 ms
  (R) I/O stats: I/O Stats: Read Ops: 3276823, Read Bytes: 214749872128, Write Ops: 3801096, Write Bytes: 249108109312
  (M) time: 667249 ms
  Read amplification:
    Run generation writes: 249108109312 bytes (232.00 GB)
    Merge phase reads: 252660237312 bytes (235.31 GB)
    Read amplification factor: 1.01x
    Excess reads: 1.4% (sparse indexing overhead)
  Thread timing:
    Min thread time: 401688 ms
    Max thread time: 667248 ms
    Avg thread time: 457225 ms
    Time imbalance factor (max/avg): 1.46x
    Thread times: [667248, 446734, 472695, 401688, 475861, 429930, 437752, 437648, 462829, 445771, 459593, 442662, 448619, 476781, 410751, 459091, 449409, 468162, 408487, 470730, 449781, 429257, 452878, 469044]

1198.56s


================================================================================================================================================================
Benchmark Results Summary
================================================================================================================================================================
Config               Run Size   RG Runs    Gen Thr    Merge Thr  Total (s)  RunGen (s)   Merge (s)  Entries      Throughput       Read MB    Write MB  
                     (MB)                                                                                        (M entries/s)                         
----------------------------------------------------------------------------------------------------------------------------------------------------------------
Exp5_Thr24_Imbalance3.0_Thr24_Mem2GB[1] 85.3       1224       24         24         1257.98      575.29     682.69     2147483648   1.71             445776.0   475136.0  
Exp5_Thr24_Imbalance3.0_Thr24_Mem2GB[2] 85.3       1224       24         24         1244.02      566.90     677.12     2147483648   1.73             445758.6   475136.0  
Exp5_Thr24_Imbalance3.0_Thr24_Mem2GB[3] 85.3       1224       24         24         1198.56      531.32     667.25     2147483648   1.79             445757.0   475136.0  
Exp5_Thr24_Imbalance3.0_Thr24_Mem2GB[avg] 85.3       1224       24         24         1233.52      557.84     675.69     2147483648   1.74             445763.9   475136.0  
================================================================================================================================================================

================================================================================================================================================================
Merge Operations Summary (showing last 1 of 1 merge passes)
================================================================================================================================================================
Config               M1PAvg     M1PMax     M1Imbal    M1Slow       M1Fast      
----------------------------------------------------------------------------------------------------------------------------------------------------------------
Exp5_Thr24_Imbalance3.0_Thr24_Mem2GB[1] 89478485   267907843  2.99       682.69       682.69      
Exp5_Thr24_Imbalance3.0_Thr24_Mem2GB[2] 89478485   266683753  2.98       677.12       677.12      
Exp5_Thr24_Imbalance3.0_Thr24_Mem2GB[3] 89478485   261835840  2.93       667.25       667.25      
----------------------------------------------------------------------------------------------------------------------------------------------------------------
Exp5_Thr24_Imbalance3.0_Thr24_Mem2GB[avg] 89478485   265475812  2.97       682.69       667.25      
================================================================================================================================================================

================================================================================================================================================================
Detailed I/O Statistics
================================================================================================================================================================
Config               RG Read MB   RG Write MB  M1Read MB    M1Write MB  
----------------------------------------------------------------------------------------------------------------------------------------------------------------
Exp5_Thr24_Imbalance3.0_Thr24_Mem2GB[1] 204801.4     237568.0     240974.6     237568.0    
Exp5_Thr24_Imbalance3.0_Thr24_Mem2GB[2] 204801.4     237568.0     240957.2     237568.0    
Exp5_Thr24_Imbalance3.0_Thr24_Mem2GB[3] 204801.4     237568.0     240955.6     237568.0    
----------------------------------------------------------------------------------------------------------------------------------------------------------------
Exp5_Thr24_Imbalance3.0_Thr24_Mem2GB[avg] 204801.4     237568.0     240962.4     237568.0    
================================================================================================================================================================

====================================================================================================
Run Generation Time Breakdown
====================================================================================================
Config               RG Total s   Load s       Sort s       Store s     
----------------------------------------------------------------------------------------------------
Exp5_Thr24_Imbalance3.0_Thr24_Mem2GB[1] 575.29       0            564.224      0           
Exp5_Thr24_Imbalance3.0_Thr24_Mem2GB[2] 566.90       0            559.124      0           
Exp5_Thr24_Imbalance3.0_Thr24_Mem2GB[3] 531.32       0            521.495      0           
----------------------------------------------------------------------------------------------------
Exp5_Thr24_Imbalance3.0_Thr24_Mem2GB[avg] 557.84       0.00         548.28       0.00        
====================================================================================================
