warning: unused imports: `SeedableRng` and `rngs::SmallRng`
 --> src/fastzipf.rs:2:12
  |
2 | use rand::{SeedableRng, rngs::SmallRng};
  |            ^^^^^^^^^^^  ^^^^^^^^^^^^^^
  |
  = note: `#[warn(unused_imports)]` (part of `#[warn(unused)]`) on by default

warning: unused import: `std::fmt`
 --> src/sketch/reservoir_sampler.rs:6:5
  |
6 | use std::fmt;
  |     ^^^^^^^^

warning: unused import: `crate::sketch::kll::KLL`
   --> src/sketch/reservoir_sampler.rs:190:9
    |
190 |     use crate::sketch::kll::KLL;
    |         ^^^^^^^^^^^^^^^^^^^^^^^

warning: unused import: `super::*`
   --> src/sketch/reservoir_sampler.rs:192:9
    |
192 |     use super::*;
    |         ^^^^^^^^

warning: unused import: `std::collections::HashMap`
   --> src/sketch/mod.rs:226:9
    |
226 |     use std::collections::HashMap;
    |         ^^^^^^^^^^^^^^^^^^^^^^^^^

warning: unused import: `super::kll::*`
   --> src/sketch/mod.rs:228:9
    |
228 |     use super::kll::*;
    |         ^^^^^^^^^^^^^

warning: unused import: `super::reservoir_sampler::*`
   --> src/sketch/mod.rs:229:9
    |
229 |     use super::reservoir_sampler::*;
    |         ^^^^^^^^^^^^^^^^^^^^^^^^^^^

warning: unused import: `super::*`
   --> src/sketch/mod.rs:230:9
    |
230 |     use super::*;
    |         ^^^^^^^^

warning: unused import: `Duration`
 --> src/sort/core/engine.rs:4:17
  |
4 | use std::time::{Duration, Instant, SystemTime, UNIX_EPOCH};
  |                 ^^^^^^^^

warning: function `compute_ovc_delta` is never used
    --> src/ovc/offset_value_coding.rs:1136:15
     |
1136 | pub(crate) fn compute_ovc_delta(prev_key: Option<&[u8]>, key: &[u8]) -> OVCU64 {
     |               ^^^^^^^^^^^^^^^^^
     |
     = note: `#[warn(dead_code)]` (part of `#[warn(unused)]`) on by default

warning: `es` (lib) generated 10 warnings (run `cargo fix --lib -p es` to apply 9 suggestions)
    Finished `release` profile [optimized] target(s) in 0.24s
     Running `target/release/examples/gen_sort_cli -n Exp5_Thr4_Imbalance1.5_Thr4_Mem2GB -i ./datasets/gensort_200GiB.data --run-gen-threads 4 --merge-threads 4 --run-size-mb 512.00 --merge-fanin 8192 --warmup-runs 1 --benchmark-runs 3 --cooldown-seconds 30 --dir logs/resource_bench_2025-12-26_02-02-31/Exp5_Thr4_Imbalance1.5_Thr4_Mem2GB_tmp --imbalance-factor 1.5`

=== BENCHMARK MODE ===
GenSort file: "./datasets/gensort_200GiB.data"
Total entries: 2147483648
Estimated data size: 204800.00 MB
Run generation threads: 4
Use OVC: true
Run size (MB): 512.00
Run generation memory (MB): 2048.0
Merge threads: 4
Merge fan-in: 8192
Merge memory (MB): 2048.0
Sketch type: kll
Sketch size: 200
Run indexing interval: 1000
Temporary directory: "logs/resource_bench_2025-12-26_02-02-31/Exp5_Thr4_Imbalance1.5_Thr4_Mem2GB_tmp"
Warmup runs: 1
Runs per configuration: 3
Cooldown between runs (s): 30
Verify output: false

Running benchmark for config: Exp5_Thr4_Imbalance1.5_Thr4_Mem2GB
Parameters: Run Gen Threads: 4, Use OVC: true, Run Size: 512.00 MB, Run Gen Memory: 2048.0 MB, Merge Threads: 4, Merge Fanin: 8192, Merge Memory: 2048.0 MB, Imbalance Factor: 1.5
================================================================================
  Performing 1 warmup run(s)...
    Warmup 1/1: Starting sort with 4 parallel scanners for run generation
Run gen thread 3 1567329 ms, 51 runs generated
Run gen thread 2 1583091 ms, 51 runs generated
Run gen thread 1 1586084 ms, 51 runs generated
Run gen thread 0 1586594 ms, 51 runs generated
Generated 204 runs in 1586607 ms
Merging 204 runs using 4 threads
Merge phase took 1022199 ms | Merged 2147483648 entries across 4 runs | Thread timing: min=635069 ms, max=1022198 ms | Partition sizes: imbalance=1.52x
2608.81s
  Warmup complete.

  Run 1/3: Starting sort with 4 parallel scanners for run generation
Run gen thread 0 1819388 ms, 51 runs generated
Run gen thread 3 1821230 ms, 51 runs generated
Run gen thread 2 1838682 ms, 51 runs generated
Run gen thread 1 1864172 ms, 51 runs generated
Generated 204 runs in 1864470 ms
Merging 204 runs using 4 threads
Merge phase took 1155676 ms | Merged 2147483648 entries across 4 runs | Thread timing: min=762456 ms, max=1155673 ms | Partition sizes: imbalance=1.49x
SortStats:
  Number of runs: 204
  (R) time: 1864470 ms
  (R) breakdown: load=0 ms, sort=1835868 ms, store=0 ms
  (R) I/O stats: I/O Stats: Read Ops: 3276800, Read Bytes: 214748364800, Write Ops: 3801088, Write Bytes: 249108103168
  (M) time: 1155676 ms
  Read amplification:
    Run generation writes: 249108103168 bytes (232.00 GB)
    Merge phase reads: 249197494272 bytes (232.08 GB)
    Read amplification factor: 1.00x
    Excess reads: 0.0% (sparse indexing overhead)
  Thread timing:
    Min thread time: 762456 ms
    Max thread time: 1155673 ms
    Avg thread time: 870666 ms
    Time imbalance factor (max/avg): 1.33x
    Thread times: [1155673, 791465, 773068, 762456]

3020.15s

  Cooling down for 30s before next run...
  Run 2/3: Starting sort with 4 parallel scanners for run generation
Run gen thread 2 1387999 ms, 51 runs generated
Run gen thread 0 1401795 ms, 51 runs generated
Run gen thread 1 1406116 ms, 51 runs generated
Run gen thread 3 1435396 ms, 51 runs generated
Generated 204 runs in 1435508 ms
Merging 204 runs using 4 threads
Merge phase took 1005745 ms | Merged 2147483648 entries across 4 runs | Thread timing: min=625342 ms, max=1005744 ms | Partition sizes: imbalance=1.50x
SortStats:
  Number of runs: 204
  (R) time: 1435508 ms
  (R) breakdown: load=0 ms, sort=1407826 ms, store=0 ms
  (R) I/O stats: I/O Stats: Read Ops: 3276800, Read Bytes: 214748364800, Write Ops: 3801088, Write Bytes: 249108103168
  (M) time: 1005745 ms
  Read amplification:
    Run generation writes: 249108103168 bytes (232.00 GB)
    Merge phase reads: 249196445696 bytes (232.08 GB)
    Read amplification factor: 1.00x
    Excess reads: 0.0% (sparse indexing overhead)
  Thread timing:
    Min thread time: 625342 ms
    Max thread time: 1005744 ms
    Avg thread time: 733892 ms
    Time imbalance factor (max/avg): 1.37x
    Thread times: [1005744, 657225, 625342, 647255]

2441.25s

  Cooling down for 30s before next run...
  Run 3/3: Starting sort with 4 parallel scanners for run generation
Run gen thread 0 1279566 ms, 51 runs generated
Run gen thread 3 1286854 ms, 51 runs generated
Run gen thread 2 1288101 ms, 51 runs generated
Run gen thread 1 1290836 ms, 51 runs generated
Generated 204 runs in 1290849 ms
Merging 204 runs using 4 threads
Merge phase took 1001662 ms | Merged 2147483648 entries across 4 runs | Thread timing: min=647254 ms, max=1001661 ms | Partition sizes: imbalance=1.49x
SortStats:
  Number of runs: 204
  (R) time: 1290849 ms
  (R) breakdown: load=0 ms, sort=1286339 ms, store=0 ms
  (R) I/O stats: I/O Stats: Read Ops: 3276800, Read Bytes: 214748364800, Write Ops: 3801088, Write Bytes: 249108103168
  (M) time: 1001662 ms
  Read amplification:
    Run generation writes: 249108103168 bytes (232.00 GB)
    Merge phase reads: 249197035520 bytes (232.08 GB)
    Read amplification factor: 1.00x
    Excess reads: 0.0% (sparse indexing overhead)
  Thread timing:
    Min thread time: 647254 ms
    Max thread time: 1001661 ms
    Avg thread time: 739951 ms
    Time imbalance factor (max/avg): 1.35x
    Thread times: [1001661, 651000, 659890, 647254]

2292.51s


================================================================================================================================================================
Benchmark Results Summary
================================================================================================================================================================
Config               Run Size   RG Runs    Gen Thr    Merge Thr  Total (s)  RunGen (s)   Merge (s)  Entries      Throughput       Read MB    Write MB  
                     (MB)                                                                                        (M entries/s)                         
----------------------------------------------------------------------------------------------------------------------------------------------------------------
Exp5_Thr4_Imbalance1.5_Thr4_Mem2GB[1] 512.0      204        4          4          3020.15      1864.47    1155.68    2147483648   0.71             442453.2   475136.0  
Exp5_Thr4_Imbalance1.5_Thr4_Mem2GB[2] 512.0      204        4          4          2441.25      1435.51    1005.75    2147483648   0.88             442452.2   475136.0  
Exp5_Thr4_Imbalance1.5_Thr4_Mem2GB[3] 512.0      204        4          4          2292.51      1290.85    1001.66    2147483648   0.94             442452.8   475136.0  
Exp5_Thr4_Imbalance1.5_Thr4_Mem2GB[avg] 512.0      204        4          4          2584.64      1530.28    1054.36    2147483648   0.83             442452.8   475136.0  
================================================================================================================================================================

================================================================================================================================================================
Merge Operations Summary (showing last 1 of 1 merge passes)
================================================================================================================================================================
Config               M1PAvg     M1PMax     M1Imbal    M1Slow       M1Fast      
----------------------------------------------------------------------------------------------------------------------------------------------------------------
Exp5_Thr4_Imbalance1.5_Thr4_Mem2GB[1] 536870912  797654230  1.49       1155.68      1155.68     
Exp5_Thr4_Imbalance1.5_Thr4_Mem2GB[2] 536870912  804817288  1.50       1005.75      1005.75     
Exp5_Thr4_Imbalance1.5_Thr4_Mem2GB[3] 536870912  801853120  1.49       1001.66      1001.66     
----------------------------------------------------------------------------------------------------------------------------------------------------------------
Exp5_Thr4_Imbalance1.5_Thr4_Mem2GB[avg] 536870912  801441546  1.49       1155.68      1001.66     
================================================================================================================================================================

================================================================================================================================================================
Detailed I/O Statistics
================================================================================================================================================================
Config               RG Read MB   RG Write MB  M1Read MB    M1Write MB  
----------------------------------------------------------------------------------------------------------------------------------------------------------------
Exp5_Thr4_Imbalance1.5_Thr4_Mem2GB[1] 204800.0     237568.0     237653.2     237568.0    
Exp5_Thr4_Imbalance1.5_Thr4_Mem2GB[2] 204800.0     237568.0     237652.2     237568.0    
Exp5_Thr4_Imbalance1.5_Thr4_Mem2GB[3] 204800.0     237568.0     237652.8     237568.0    
----------------------------------------------------------------------------------------------------------------------------------------------------------------
Exp5_Thr4_Imbalance1.5_Thr4_Mem2GB[avg] 204800.0     237568.0     237652.8     237568.0    
================================================================================================================================================================

====================================================================================================
Run Generation Time Breakdown
====================================================================================================
Config               RG Total s   Load s       Sort s       Store s     
----------------------------------------------------------------------------------------------------
Exp5_Thr4_Imbalance1.5_Thr4_Mem2GB[1] 1864.47      0            1835.868     0           
Exp5_Thr4_Imbalance1.5_Thr4_Mem2GB[2] 1435.51      0            1407.826     0           
Exp5_Thr4_Imbalance1.5_Thr4_Mem2GB[3] 1290.85      0            1286.339     0           
----------------------------------------------------------------------------------------------------
Exp5_Thr4_Imbalance1.5_Thr4_Mem2GB[avg] 1530.28      0.00         1510.01      0.00        
====================================================================================================
