warning: unused imports: `SeedableRng` and `rngs::SmallRng`
 --> src/fastzipf.rs:2:12
  |
2 | use rand::{SeedableRng, rngs::SmallRng};
  |            ^^^^^^^^^^^  ^^^^^^^^^^^^^^
  |
  = note: `#[warn(unused_imports)]` (part of `#[warn(unused)]`) on by default

warning: unused import: `std::fmt`
 --> src/sketch/reservoir_sampler.rs:6:5
  |
6 | use std::fmt;
  |     ^^^^^^^^

warning: unused import: `crate::sketch::kll::KLL`
   --> src/sketch/reservoir_sampler.rs:190:9
    |
190 |     use crate::sketch::kll::KLL;
    |         ^^^^^^^^^^^^^^^^^^^^^^^

warning: unused import: `super::*`
   --> src/sketch/reservoir_sampler.rs:192:9
    |
192 |     use super::*;
    |         ^^^^^^^^

warning: unused import: `std::collections::HashMap`
   --> src/sketch/mod.rs:226:9
    |
226 |     use std::collections::HashMap;
    |         ^^^^^^^^^^^^^^^^^^^^^^^^^

warning: unused import: `super::kll::*`
   --> src/sketch/mod.rs:228:9
    |
228 |     use super::kll::*;
    |         ^^^^^^^^^^^^^

warning: unused import: `super::reservoir_sampler::*`
   --> src/sketch/mod.rs:229:9
    |
229 |     use super::reservoir_sampler::*;
    |         ^^^^^^^^^^^^^^^^^^^^^^^^^^^

warning: unused import: `super::*`
   --> src/sketch/mod.rs:230:9
    |
230 |     use super::*;
    |         ^^^^^^^^

warning: unused import: `Duration`
 --> src/sort/core/engine.rs:4:17
  |
4 | use std::time::{Duration, Instant, SystemTime, UNIX_EPOCH};
  |                 ^^^^^^^^

warning: function `compute_ovc_delta` is never used
    --> src/ovc/offset_value_coding.rs:1136:15
     |
1136 | pub(crate) fn compute_ovc_delta(prev_key: Option<&[u8]>, key: &[u8]) -> OVCU64 {
     |               ^^^^^^^^^^^^^^^^^
     |
     = note: `#[warn(dead_code)]` (part of `#[warn(unused)]`) on by default

warning: `es` (lib) generated 10 warnings (run `cargo fix --lib -p es` to apply 9 suggestions)
    Finished `release` profile [optimized] target(s) in 0.20s
     Running `target/release/examples/gen_sort_cli -n Exp5_Thr24_Imbalance4.0_Thr24_Mem2GB -i ./datasets/gensort_200GiB.data --run-gen-threads 24 --merge-threads 24 --run-size-mb 85.33 --merge-fanin 1365 --warmup-runs 1 --benchmark-runs 3 --cooldown-seconds 30 --dir logs/resource_bench_2025-12-26_02-02-31/Exp5_Thr24_Imbalance4.0_Thr24_Mem2GB_tmp --imbalance-factor 4.0`

=== BENCHMARK MODE ===
GenSort file: "./datasets/gensort_200GiB.data"
Total entries: 2147483648
Estimated data size: 204800.00 MB
Run generation threads: 24
Use OVC: true
Run size (MB): 85.33
Run generation memory (MB): 2047.9
Merge threads: 24
Merge fan-in: 1365
Merge memory (MB): 2047.5
Sketch type: kll
Sketch size: 200
Run indexing interval: 1000
Temporary directory: "logs/resource_bench_2025-12-26_02-02-31/Exp5_Thr24_Imbalance4.0_Thr24_Mem2GB_tmp"
Warmup runs: 1
Runs per configuration: 3
Cooldown between runs (s): 30
Verify output: false

Running benchmark for config: Exp5_Thr24_Imbalance4.0_Thr24_Mem2GB
Parameters: Run Gen Threads: 24, Use OVC: true, Run Size: 85.33 MB, Run Gen Memory: 2047.9 MB, Merge Threads: 24, Merge Fanin: 1365, Merge Memory: 2047.5 MB, Imbalance Factor: 4.0
================================================================================
  Performing 1 warmup run(s)...
    Warmup 1/1: Starting sort with 24 parallel scanners for run generation
Run gen thread 12 577018 ms, 51 runs generated
Run gen thread 1 587324 ms, 51 runs generated
Run gen thread 10 588020 ms, 51 runs generated
Run gen thread 11 591209 ms, 51 runs generated
Run gen thread 23 591310 ms, 51 runs generated
Run gen thread 18 591387 ms, 51 runs generated
Run gen thread 0 594958 ms, 51 runs generated
Run gen thread 5 595220 ms, 51 runs generated
Run gen thread 7 595440 ms, 51 runs generated
Run gen thread 8 596519 ms, 51 runs generated
Run gen thread 15 596852 ms, 51 runs generated
Run gen thread 13 599373 ms, 51 runs generated
Run gen thread 14 599827 ms, 51 runs generated
Run gen thread 16 602490 ms, 51 runs generated
Run gen thread 4 602621 ms, 51 runs generated
Run gen thread 20 605610 ms, 51 runs generated
Run gen thread 3 605864 ms, 51 runs generated
Run gen thread 21 606404 ms, 51 runs generated
Run gen thread 9 607415 ms, 51 runs generated
Run gen thread 17 607800 ms, 51 runs generated
Run gen thread 22 607922 ms, 51 runs generated
Run gen thread 19 607926 ms, 51 runs generated
Run gen thread 6 608583 ms, 51 runs generated
Run gen thread 2 608766 ms, 51 runs generated
Generated 1224 runs in 609279 ms
Merging 1224 runs using 24 threads
Merge phase took 761538 ms | Merged 2147483648 entries across 24 runs | Thread timing: min=390982 ms, max=761537 ms | Partition sizes: imbalance=4.07x
1370.82s
  Warmup complete.

  Run 1/3: Starting sort with 24 parallel scanners for run generation
Run gen thread 10 550890 ms, 51 runs generated
Run gen thread 23 554715 ms, 51 runs generated
Run gen thread 20 558697 ms, 51 runs generated
Run gen thread 5 560299 ms, 51 runs generated
Run gen thread 16 560453 ms, 51 runs generated
Run gen thread 18 560640 ms, 51 runs generated
Run gen thread 15 561204 ms, 51 runs generated
Run gen thread 19 561878 ms, 51 runs generated
Run gen thread 1 562311 ms, 51 runs generated
Run gen thread 14 562716 ms, 51 runs generated
Run gen thread 17 563366 ms, 51 runs generated
Run gen thread 4 564407 ms, 51 runs generated
Run gen thread 22 566998 ms, 51 runs generated
Run gen thread 0 569423 ms, 51 runs generated
Run gen thread 3 570278 ms, 51 runs generated
Run gen thread 9 570729 ms, 51 runs generated
Run gen thread 11 571495 ms, 51 runs generated
Run gen thread 12 571734 ms, 51 runs generated
Run gen thread 7 571976 ms, 51 runs generated
Run gen thread 2 573207 ms, 51 runs generated
Run gen thread 6 573986 ms, 51 runs generated
Run gen thread 8 575039 ms, 51 runs generated
Run gen thread 21 575579 ms, 51 runs generated
Run gen thread 13 577030 ms, 51 runs generated
Generated 1224 runs in 577555 ms
Merging 1224 runs using 24 threads
Merge phase took 764923 ms | Merged 2147483648 entries across 24 runs | Thread timing: min=390640 ms, max=764922 ms | Partition sizes: imbalance=3.92x
SortStats:
  Number of runs: 1224
  (R) time: 577555 ms
  (R) breakdown: load=0 ms, sort=566210 ms, store=0 ms
  (R) I/O stats: I/O Stats: Read Ops: 3276823, Read Bytes: 214749872128, Write Ops: 3801096, Write Bytes: 249108109312
  (M) time: 764923 ms
  Read amplification:
    Run generation writes: 249108109312 bytes (232.00 GB)
    Merge phase reads: 252643962880 bytes (235.29 GB)
    Read amplification factor: 1.01x
    Excess reads: 1.4% (sparse indexing overhead)
  Thread timing:
    Min thread time: 390640 ms
    Max thread time: 764922 ms
    Avg thread time: 452629 ms
    Time imbalance factor (max/avg): 1.69x
    Thread times: [764922, 467757, 432007, 445289, 448767, 434129, 412554, 445784, 436106, 449394, 433413, 442905, 451306, 431275, 461212, 422247, 416102, 450855, 445847, 433601, 451353, 430003, 465619, 390640]

1342.48s

  Cooling down for 30s before next run...
  Run 2/3: Starting sort with 24 parallel scanners for run generation
Run gen thread 4 562520 ms, 51 runs generated
Run gen thread 19 562830 ms, 51 runs generated
Run gen thread 5 563818 ms, 51 runs generated
Run gen thread 15 566246 ms, 51 runs generated
Run gen thread 23 575559 ms, 51 runs generated
Run gen thread 11 578996 ms, 51 runs generated
Run gen thread 8 580521 ms, 51 runs generated
Run gen thread 1 580746 ms, 51 runs generated
Run gen thread 21 581033 ms, 51 runs generated
Run gen thread 14 581789 ms, 51 runs generated
Run gen thread 17 581800 ms, 51 runs generated
Run gen thread 3 582124 ms, 51 runs generated
Run gen thread 6 582421 ms, 51 runs generated
Run gen thread 18 583366 ms, 51 runs generated
Run gen thread 22 583900 ms, 51 runs generated
Run gen thread 20 584228 ms, 51 runs generated
Run gen thread 10 584540 ms, 51 runs generated
Run gen thread 16 584547 ms, 51 runs generated
Run gen thread 7 584917 ms, 51 runs generated
Run gen thread 0 585630 ms, 51 runs generated
Run gen thread 9 585940 ms, 51 runs generated
Run gen thread 12 586545 ms, 51 runs generated
Run gen thread 13 586673 ms, 51 runs generated
Run gen thread 2 587394 ms, 51 runs generated
Generated 1224 runs in 587816 ms
Merging 1224 runs using 24 threads
Merge phase took 768725 ms | Merged 2147483648 entries across 24 runs | Thread timing: min=398472 ms, max=768723 ms | Partition sizes: imbalance=3.91x
SortStats:
  Number of runs: 1224
  (R) time: 587816 ms
  (R) breakdown: load=0 ms, sort=579920 ms, store=0 ms
  (R) I/O stats: I/O Stats: Read Ops: 3276823, Read Bytes: 214749872128, Write Ops: 3801096, Write Bytes: 249108109312
  (M) time: 768725 ms
  Read amplification:
    Run generation writes: 249108109312 bytes (232.00 GB)
    Merge phase reads: 252661133312 bytes (235.31 GB)
    Read amplification factor: 1.01x
    Excess reads: 1.4% (sparse indexing overhead)
  Thread timing:
    Min thread time: 398472 ms
    Max thread time: 768723 ms
    Avg thread time: 452052 ms
    Time imbalance factor (max/avg): 1.70x
    Thread times: [768723, 454891, 430325, 439028, 444056, 443541, 441135, 449961, 422416, 430533, 439421, 437240, 446115, 430079, 460305, 416207, 459110, 427196, 436392, 436284, 398472, 458039, 420738, 459050]

1356.54s

  Cooling down for 30s before next run...
  Run 3/3: Starting sort with 24 parallel scanners for run generation
Run gen thread 16 522340 ms, 51 runs generated
Run gen thread 17 527339 ms, 51 runs generated
Run gen thread 9 527447 ms, 51 runs generated
Run gen thread 4 527708 ms, 51 runs generated
Run gen thread 7 527828 ms, 51 runs generated
Run gen thread 15 536514 ms, 51 runs generated
Run gen thread 10 546994 ms, 51 runs generated
Run gen thread 2 547252 ms, 51 runs generated
Run gen thread 13 547885 ms, 51 runs generated
Run gen thread 23 547942 ms, 51 runs generated
Run gen thread 6 548137 ms, 51 runs generated
Run gen thread 18 550050 ms, 51 runs generated
Run gen thread 0 550219 ms, 51 runs generated
Run gen thread 8 551508 ms, 51 runs generated
Run gen thread 5 551577 ms, 51 runs generated
Run gen thread 21 552446 ms, 51 runs generated
Run gen thread 3 552572 ms, 51 runs generated
Run gen thread 19 553690 ms, 51 runs generated
Run gen thread 12 553934 ms, 51 runs generated
Run gen thread 1 554053 ms, 51 runs generated
Run gen thread 20 554507 ms, 51 runs generated
Run gen thread 14 555004 ms, 51 runs generated
Run gen thread 22 555077 ms, 51 runs generated
Run gen thread 11 558947 ms, 51 runs generated
Generated 1224 runs in 559136 ms
Merging 1224 runs using 24 threads
Merge phase took 769778 ms | Merged 2147483648 entries across 24 runs | Thread timing: min=394718 ms, max=769776 ms | Partition sizes: imbalance=4.12x
SortStats:
  Number of runs: 1224
  (R) time: 559136 ms
  (R) breakdown: load=0 ms, sort=545873 ms, store=0 ms
  (R) I/O stats: I/O Stats: Read Ops: 3276823, Read Bytes: 214749872128, Write Ops: 3801096, Write Bytes: 249108109312
  (M) time: 769778 ms
  Read amplification:
    Run generation writes: 249108109312 bytes (232.00 GB)
    Merge phase reads: 252666703872 bytes (235.31 GB)
    Read amplification factor: 1.01x
    Excess reads: 1.4% (sparse indexing overhead)
  Thread timing:
    Min thread time: 394718 ms
    Max thread time: 769776 ms
    Avg thread time: 443609 ms
    Time imbalance factor (max/avg): 1.74x
    Thread times: [769776, 423933, 437540, 394718, 450541, 441757, 427236, 424036, 441063, 407887, 433856, 444973, 424959, 421525, 446859, 420746, 436205, 435791, 438956, 412472, 439197, 441104, 431263, 400225]

1328.91s


================================================================================================================================================================
Benchmark Results Summary
================================================================================================================================================================
Config               Run Size   RG Runs    Gen Thr    Merge Thr  Total (s)  RunGen (s)   Merge (s)  Entries      Throughput       Read MB    Write MB  
                     (MB)                                                                                        (M entries/s)                         
----------------------------------------------------------------------------------------------------------------------------------------------------------------
Exp5_Thr24_Imbalance4.0_Thr24_Mem2GB[1] 85.3       1224       24         24         1342.48      577.55     764.92     2147483648   1.60             445741.5   475136.0  
Exp5_Thr24_Imbalance4.0_Thr24_Mem2GB[2] 85.3       1224       24         24         1356.54      587.82     768.73     2147483648   1.58             445757.9   475136.0  
Exp5_Thr24_Imbalance4.0_Thr24_Mem2GB[3] 85.3       1224       24         24         1328.91      559.14     769.78     2147483648   1.62             445763.2   475136.0  
Exp5_Thr24_Imbalance4.0_Thr24_Mem2GB[avg] 85.3       1224       24         24         1342.64      574.84     767.81     2147483648   1.60             445754.2   475136.0  
================================================================================================================================================================

================================================================================================================================================================
Merge Operations Summary (showing last 1 of 1 merge passes)
================================================================================================================================================================
Config               M1PAvg     M1PMax     M1Imbal    M1Slow       M1Fast      
----------------------------------------------------------------------------------------------------------------------------------------------------------------
Exp5_Thr24_Imbalance4.0_Thr24_Mem2GB[1] 89478485   350982584  3.92       764.92       764.92      
Exp5_Thr24_Imbalance4.0_Thr24_Mem2GB[2] 89478485   350158006  3.91       768.73       768.73      
Exp5_Thr24_Imbalance4.0_Thr24_Mem2GB[3] 89478485   368699669  4.12       769.78       769.78      
----------------------------------------------------------------------------------------------------------------------------------------------------------------
Exp5_Thr24_Imbalance4.0_Thr24_Mem2GB[avg] 89478485   356613419  3.99       769.78       764.92      
================================================================================================================================================================

================================================================================================================================================================
Detailed I/O Statistics
================================================================================================================================================================
Config               RG Read MB   RG Write MB  M1Read MB    M1Write MB  
----------------------------------------------------------------------------------------------------------------------------------------------------------------
Exp5_Thr24_Imbalance4.0_Thr24_Mem2GB[1] 204801.4     237568.0     240940.1     237568.0    
Exp5_Thr24_Imbalance4.0_Thr24_Mem2GB[2] 204801.4     237568.0     240956.4     237568.0    
Exp5_Thr24_Imbalance4.0_Thr24_Mem2GB[3] 204801.4     237568.0     240961.7     237568.0    
----------------------------------------------------------------------------------------------------------------------------------------------------------------
Exp5_Thr24_Imbalance4.0_Thr24_Mem2GB[avg] 204801.4     237568.0     240952.7     237568.0    
================================================================================================================================================================

====================================================================================================
Run Generation Time Breakdown
====================================================================================================
Config               RG Total s   Load s       Sort s       Store s     
----------------------------------------------------------------------------------------------------
Exp5_Thr24_Imbalance4.0_Thr24_Mem2GB[1] 577.55       0            566.21       0           
Exp5_Thr24_Imbalance4.0_Thr24_Mem2GB[2] 587.82       0            579.92       0           
Exp5_Thr24_Imbalance4.0_Thr24_Mem2GB[3] 559.14       0            545.873      0           
----------------------------------------------------------------------------------------------------
Exp5_Thr24_Imbalance4.0_Thr24_Mem2GB[avg] 574.84       0.00         564.00       0.00        
====================================================================================================
