warning: unused imports: `SeedableRng` and `rngs::SmallRng`
 --> src/fastzipf.rs:2:12
  |
2 | use rand::{SeedableRng, rngs::SmallRng};
  |            ^^^^^^^^^^^  ^^^^^^^^^^^^^^
  |
  = note: `#[warn(unused_imports)]` (part of `#[warn(unused)]`) on by default

warning: unused import: `std::fmt`
 --> src/sketch/reservoir_sampler.rs:6:5
  |
6 | use std::fmt;
  |     ^^^^^^^^

warning: unused import: `crate::sketch::kll::KLL`
   --> src/sketch/reservoir_sampler.rs:190:9
    |
190 |     use crate::sketch::kll::KLL;
    |         ^^^^^^^^^^^^^^^^^^^^^^^

warning: unused import: `super::*`
   --> src/sketch/reservoir_sampler.rs:192:9
    |
192 |     use super::*;
    |         ^^^^^^^^

warning: unused import: `std::collections::HashMap`
   --> src/sketch/mod.rs:226:9
    |
226 |     use std::collections::HashMap;
    |         ^^^^^^^^^^^^^^^^^^^^^^^^^

warning: unused import: `super::kll::*`
   --> src/sketch/mod.rs:228:9
    |
228 |     use super::kll::*;
    |         ^^^^^^^^^^^^^

warning: unused import: `super::reservoir_sampler::*`
   --> src/sketch/mod.rs:229:9
    |
229 |     use super::reservoir_sampler::*;
    |         ^^^^^^^^^^^^^^^^^^^^^^^^^^^

warning: unused import: `super::*`
   --> src/sketch/mod.rs:230:9
    |
230 |     use super::*;
    |         ^^^^^^^^

warning: unused import: `Duration`
 --> src/sort/core/engine.rs:4:17
  |
4 | use std::time::{Duration, Instant, SystemTime, UNIX_EPOCH};
  |                 ^^^^^^^^

warning: function `compute_ovc_delta` is never used
    --> src/ovc/offset_value_coding.rs:1136:15
     |
1136 | pub(crate) fn compute_ovc_delta(prev_key: Option<&[u8]>, key: &[u8]) -> OVCU64 {
     |               ^^^^^^^^^^^^^^^^^
     |
     = note: `#[warn(dead_code)]` (part of `#[warn(unused)]`) on by default

warning: `es` (lib) generated 10 warnings (run `cargo fix --lib -p es` to apply 9 suggestions)
    Finished `release` profile [optimized] target(s) in 0.28s
     Running `target/release/examples/gen_sort_cli -n Exp5_Thr4_Imbalance4.0_Thr4_Mem2GB -i ./datasets/gensort_200GiB.data --run-gen-threads 4 --merge-threads 4 --run-size-mb 512.00 --merge-fanin 8192 --warmup-runs 1 --benchmark-runs 3 --cooldown-seconds 30 --dir logs/resource_bench_2025-12-26_02-02-31/Exp5_Thr4_Imbalance4.0_Thr4_Mem2GB_tmp --imbalance-factor 4.0`

=== BENCHMARK MODE ===
GenSort file: "./datasets/gensort_200GiB.data"
Total entries: 2147483648
Estimated data size: 204800.00 MB
Run generation threads: 4
Use OVC: true
Run size (MB): 512.00
Run generation memory (MB): 2048.0
Merge threads: 4
Merge fan-in: 8192
Merge memory (MB): 2048.0
Sketch type: kll
Sketch size: 200
Run indexing interval: 1000
Temporary directory: "logs/resource_bench_2025-12-26_02-02-31/Exp5_Thr4_Imbalance4.0_Thr4_Mem2GB_tmp"
Warmup runs: 1
Runs per configuration: 3
Cooldown between runs (s): 30
Verify output: false

Running benchmark for config: Exp5_Thr4_Imbalance4.0_Thr4_Mem2GB
Parameters: Run Gen Threads: 4, Use OVC: true, Run Size: 512.00 MB, Run Gen Memory: 2048.0 MB, Merge Threads: 4, Merge Fanin: 8192, Merge Memory: 2048.0 MB, Imbalance Factor: 4.0
================================================================================
  Performing 1 warmup run(s)...
    Warmup 1/1: Starting sort with 4 parallel scanners for run generation
Run gen thread 3 1614312 ms, 51 runs generated
Run gen thread 1 1616262 ms, 51 runs generated
Run gen thread 0 1632248 ms, 51 runs generated
Run gen thread 2 1636811 ms, 51 runs generated
Generated 204 runs in 1636849 ms
Merging 204 runs using 4 threads
Merge phase took 2282935 ms | Merged 2147483648 entries across 4 runs | Thread timing: min=184 ms, max=2282934 ms | Partition sizes: imbalance=4.00x
3919.78s
  Warmup complete.

  Run 1/3: Starting sort with 4 parallel scanners for run generation
Run gen thread 1 1844953 ms, 51 runs generated
Run gen thread 2 1854423 ms, 51 runs generated
Run gen thread 0 1875577 ms, 51 runs generated
Run gen thread 3 1886199 ms, 51 runs generated
Generated 204 runs in 1886471 ms
Merging 204 runs using 4 threads
Merge phase took 2170389 ms | Merged 2147483648 entries across 4 runs | Thread timing: min=151 ms, max=2170389 ms | Partition sizes: imbalance=4.00x
SortStats:
  Number of runs: 204
  (R) time: 1886471 ms
  (R) breakdown: load=0 ms, sort=1865288 ms, store=0 ms
  (R) I/O stats: I/O Stats: Read Ops: 3276800, Read Bytes: 214748364800, Write Ops: 3801088, Write Bytes: 249108103168
  (M) time: 2170389 ms
  Read amplification:
    Run generation writes: 249108103168 bytes (232.00 GB)
    Merge phase reads: 249199067136 bytes (232.08 GB)
    Read amplification factor: 1.00x
    Excess reads: 0.0% (sparse indexing overhead)
  Thread timing:
    Min thread time: 151 ms
    Max thread time: 2170389 ms
    Avg thread time: 543060 ms
    Time imbalance factor (max/avg): 4.00x
    Thread times: [2170389, 151, 315, 1385]

4056.86s

  Cooling down for 30s before next run...
  Run 2/3: Starting sort with 4 parallel scanners for run generation
Run gen thread 3 1855354 ms, 51 runs generated
Run gen thread 2 1880861 ms, 51 runs generated
Run gen thread 0 1888823 ms, 51 runs generated
Run gen thread 1 1909130 ms, 51 runs generated
Generated 204 runs in 1909170 ms
Merging 204 runs using 4 threads
Merge phase took 2169884 ms | Merged 2147483648 entries across 4 runs | Thread timing: min=196 ms, max=2169883 ms | Partition sizes: imbalance=4.00x
SortStats:
  Number of runs: 204
  (R) time: 1909170 ms
  (R) breakdown: load=0 ms, sort=1883542 ms, store=0 ms
  (R) I/O stats: I/O Stats: Read Ops: 3276800, Read Bytes: 214748364800, Write Ops: 3801088, Write Bytes: 249108103168
  (M) time: 2169884 ms
  Read amplification:
    Run generation writes: 249108103168 bytes (232.00 GB)
    Merge phase reads: 249196118016 bytes (232.08 GB)
    Read amplification factor: 1.00x
    Excess reads: 0.0% (sparse indexing overhead)
  Thread timing:
    Min thread time: 196 ms
    Max thread time: 2169883 ms
    Avg thread time: 543051 ms
    Time imbalance factor (max/avg): 4.00x
    Thread times: [2169883, 196, 245, 1880]

4079.05s

  Cooling down for 30s before next run...
  Run 3/3: Starting sort with 4 parallel scanners for run generation
Run gen thread 2 1657565 ms, 51 runs generated
Run gen thread 3 1677788 ms, 51 runs generated
Run gen thread 0 1692745 ms, 51 runs generated
Run gen thread 1 1706302 ms, 51 runs generated
Generated 204 runs in 1706402 ms
Merging 204 runs using 4 threads
Merge phase took 2218173 ms | Merged 2147483648 entries across 4 runs | Thread timing: min=138 ms, max=2218172 ms | Partition sizes: imbalance=4.00x
SortStats:
  Number of runs: 204
  (R) time: 1706402 ms
  (R) breakdown: load=0 ms, sort=1683600 ms, store=0 ms
  (R) I/O stats: I/O Stats: Read Ops: 3276800, Read Bytes: 214748364800, Write Ops: 3801088, Write Bytes: 249108103168
  (M) time: 2218173 ms
  Read amplification:
    Run generation writes: 249108103168 bytes (232.00 GB)
    Merge phase reads: 249194938368 bytes (232.08 GB)
    Read amplification factor: 1.00x
    Excess reads: 0.0% (sparse indexing overhead)
  Thread timing:
    Min thread time: 138 ms
    Max thread time: 2218172 ms
    Avg thread time: 555635 ms
    Time imbalance factor (max/avg): 3.99x
    Thread times: [2218172, 138, 197, 4032]

3924.57s


================================================================================================================================================================
Benchmark Results Summary
================================================================================================================================================================
Config               Run Size   RG Runs    Gen Thr    Merge Thr  Total (s)  RunGen (s)   Merge (s)  Entries      Throughput       Read MB    Write MB  
                     (MB)                                                                                        (M entries/s)                         
----------------------------------------------------------------------------------------------------------------------------------------------------------------
Exp5_Thr4_Imbalance4.0_Thr4_Mem2GB[1] 512.0      204        4          4          4056.86      1886.47    2170.39    2147483648   0.53             442454.8   475136.0  
Exp5_Thr4_Imbalance4.0_Thr4_Mem2GB[2] 512.0      204        4          4          4079.05      1909.17    2169.88    2147483648   0.53             442451.9   475136.0  
Exp5_Thr4_Imbalance4.0_Thr4_Mem2GB[3] 512.0      204        4          4          3924.57      1706.40    2218.17    2147483648   0.55             442450.8   475136.0  
Exp5_Thr4_Imbalance4.0_Thr4_Mem2GB[avg] 512.0      204        4          4          4020.16      1834.01    2186.15    2147483648   0.53             442452.5   475136.0  
================================================================================================================================================================

================================================================================================================================================================
Merge Operations Summary (showing last 1 of 1 merge passes)
================================================================================================================================================================
Config               M1PAvg     M1PMax     M1Imbal    M1Slow       M1Fast      
----------------------------------------------------------------------------------------------------------------------------------------------------------------
Exp5_Thr4_Imbalance4.0_Thr4_Mem2GB[1] 536870912  2146756154 4.00       2170.39      2170.39     
Exp5_Thr4_Imbalance4.0_Thr4_Mem2GB[2] 536870912  2146503341 4.00       2169.88      2169.88     
Exp5_Thr4_Imbalance4.0_Thr4_Mem2GB[3] 536870912  2145063685 4.00       2218.17      2218.17     
----------------------------------------------------------------------------------------------------------------------------------------------------------------
Exp5_Thr4_Imbalance4.0_Thr4_Mem2GB[avg] 536870912  2146107726 4.00       2218.17      2169.88     
================================================================================================================================================================

================================================================================================================================================================
Detailed I/O Statistics
================================================================================================================================================================
Config               RG Read MB   RG Write MB  M1Read MB    M1Write MB  
----------------------------------------------------------------------------------------------------------------------------------------------------------------
Exp5_Thr4_Imbalance4.0_Thr4_Mem2GB[1] 204800.0     237568.0     237654.8     237568.0    
Exp5_Thr4_Imbalance4.0_Thr4_Mem2GB[2] 204800.0     237568.0     237651.9     237568.0    
Exp5_Thr4_Imbalance4.0_Thr4_Mem2GB[3] 204800.0     237568.0     237650.8     237568.0    
----------------------------------------------------------------------------------------------------------------------------------------------------------------
Exp5_Thr4_Imbalance4.0_Thr4_Mem2GB[avg] 204800.0     237568.0     237652.5     237568.0    
================================================================================================================================================================

====================================================================================================
Run Generation Time Breakdown
====================================================================================================
Config               RG Total s   Load s       Sort s       Store s     
----------------------------------------------------------------------------------------------------
Exp5_Thr4_Imbalance4.0_Thr4_Mem2GB[1] 1886.47      0            1865.288     0           
Exp5_Thr4_Imbalance4.0_Thr4_Mem2GB[2] 1909.17      0            1883.542     0           
Exp5_Thr4_Imbalance4.0_Thr4_Mem2GB[3] 1706.40      0            1683.6       0           
----------------------------------------------------------------------------------------------------
Exp5_Thr4_Imbalance4.0_Thr4_Mem2GB[avg] 1834.01      0.00         1810.81      0.00        
====================================================================================================
