warning: unused imports: `SeedableRng` and `rngs::SmallRng`
 --> src/fastzipf.rs:2:12
  |
2 | use rand::{SeedableRng, rngs::SmallRng};
  |            ^^^^^^^^^^^  ^^^^^^^^^^^^^^
  |
  = note: `#[warn(unused_imports)]` (part of `#[warn(unused)]`) on by default

warning: unused import: `std::fmt`
 --> src/sketch/reservoir_sampler.rs:6:5
  |
6 | use std::fmt;
  |     ^^^^^^^^

warning: unused import: `crate::sketch::kll::KLL`
   --> src/sketch/reservoir_sampler.rs:190:9
    |
190 |     use crate::sketch::kll::KLL;
    |         ^^^^^^^^^^^^^^^^^^^^^^^

warning: unused import: `super::*`
   --> src/sketch/reservoir_sampler.rs:192:9
    |
192 |     use super::*;
    |         ^^^^^^^^

warning: unused import: `std::collections::HashMap`
   --> src/sketch/mod.rs:226:9
    |
226 |     use std::collections::HashMap;
    |         ^^^^^^^^^^^^^^^^^^^^^^^^^

warning: unused import: `super::kll::*`
   --> src/sketch/mod.rs:228:9
    |
228 |     use super::kll::*;
    |         ^^^^^^^^^^^^^

warning: unused import: `super::reservoir_sampler::*`
   --> src/sketch/mod.rs:229:9
    |
229 |     use super::reservoir_sampler::*;
    |         ^^^^^^^^^^^^^^^^^^^^^^^^^^^

warning: unused import: `super::*`
   --> src/sketch/mod.rs:230:9
    |
230 |     use super::*;
    |         ^^^^^^^^

warning: unused import: `Duration`
 --> src/sort/core/engine.rs:4:17
  |
4 | use std::time::{Duration, Instant, SystemTime, UNIX_EPOCH};
  |                 ^^^^^^^^

warning: function `compute_ovc_delta` is never used
    --> src/ovc/offset_value_coding.rs:1136:15
     |
1136 | pub(crate) fn compute_ovc_delta(prev_key: Option<&[u8]>, key: &[u8]) -> OVCU64 {
     |               ^^^^^^^^^^^^^^^^^
     |
     = note: `#[warn(dead_code)]` (part of `#[warn(unused)]`) on by default

warning: `es` (lib) generated 10 warnings (run `cargo fix --lib -p es` to apply 9 suggestions)
    Finished `release` profile [optimized] target(s) in 0.22s
     Running `target/release/examples/gen_sort_cli -n Exp6_RunGen16_Merge32_Mem2GB -i ./datasets/gensort_200GiB.data --run-gen-threads 16 --merge-threads 32 --run-size-mb 128.00 --merge-fanin 1024 --warmup-runs 1 --benchmark-runs 3 --cooldown-seconds 30 --dir logs/resource_bench_2025-12-17_14-38-52/Exp6_RunGen16_Merge32_Mem2GB_tmp`

=== BENCHMARK MODE ===
GenSort file: "./datasets/gensort_200GiB.data"
Total entries: 2147483648
Estimated data size: 204800.00 MB
Run generation threads: 16
Use OVC: true
Run size (MB): 128.00
Run generation memory (MB): 2048.0
Merge threads: 32
Merge fan-in: 1024
Merge memory (MB): 2048.0
Sketch type: kll
Sketch size: 200
Run indexing interval: 1000
Temporary directory: "logs/resource_bench_2025-12-17_14-38-52/Exp6_RunGen16_Merge32_Mem2GB_tmp"
Warmup runs: 1
Runs per configuration: 3
Cooldown between runs (s): 30
Verify output: false

Running benchmark for config: Exp6_RunGen16_Merge32_Mem2GB
Parameters: Run Gen Threads: 16, Use OVC: true, Run Size: 128.00 MB, Run Gen Memory: 2048.0 MB, Merge Threads: 32, Merge Fanin: 1024, Merge Memory: 2048.0 MB, Imbalance Factor: 1.0
================================================================================
  Performing 1 warmup run(s)...
    Warmup 1/1: Starting sort with 16 parallel scanners for run generation
Run gen thread 5 748587 ms, 51 runs generated
Run gen thread 12 752829 ms, 51 runs generated
Run gen thread 11 759408 ms, 51 runs generated
Run gen thread 0 760088 ms, 51 runs generated
Run gen thread 1 767876 ms, 51 runs generated
Run gen thread 15 772667 ms, 51 runs generated
Run gen thread 9 773441 ms, 51 runs generated
Run gen thread 13 778298 ms, 51 runs generated
Run gen thread 7 779649 ms, 51 runs generated
Run gen thread 8 780686 ms, 51 runs generated
Run gen thread 4 782174 ms, 51 runs generated
Run gen thread 2 782308 ms, 51 runs generated
Run gen thread 14 787381 ms, 51 runs generated
Run gen thread 6 789563 ms, 51 runs generated
Run gen thread 10 790281 ms, 51 runs generated
Run gen thread 3 793341 ms, 51 runs generated
Generated 816 runs in 793645 ms
Merging 816 runs using 32 threads
Merge phase took 545086 ms | Merged 2147483648 entries across 32 runs | Thread timing: min=445046 ms, max=545085 ms | Partition sizes: imbalance=1.13x
1338.73s
  Warmup complete.

  Run 1/3: Starting sort with 16 parallel scanners for run generation
Run gen thread 1 743581 ms, 51 runs generated
Run gen thread 15 744235 ms, 51 runs generated
Run gen thread 2 757500 ms, 51 runs generated
Run gen thread 12 760862 ms, 51 runs generated
Run gen thread 6 761799 ms, 51 runs generated
Run gen thread 11 765671 ms, 51 runs generated
Run gen thread 5 769017 ms, 51 runs generated
Run gen thread 4 776590 ms, 51 runs generated
Run gen thread 0 777555 ms, 51 runs generated
Run gen thread 9 781096 ms, 51 runs generated
Run gen thread 14 781337 ms, 51 runs generated
Run gen thread 13 781397 ms, 51 runs generated
Run gen thread 7 782835 ms, 51 runs generated
Run gen thread 10 783586 ms, 51 runs generated
Run gen thread 3 784739 ms, 51 runs generated
Run gen thread 8 785596 ms, 51 runs generated
Generated 816 runs in 785754 ms
Merging 816 runs using 32 threads
Merge phase took 554156 ms | Merged 2147483648 entries across 32 runs | Thread timing: min=443127 ms, max=554154 ms | Partition sizes: imbalance=1.20x
SortStats:
  Number of runs: 816
  (R) time: 785754 ms
  (R) breakdown: load=0 ms, sort=771087 ms, store=0 ms
  (R) I/O stats: I/O Stats: Read Ops: 3276800, Read Bytes: 214748364800, Write Ops: 3801088, Write Bytes: 249108103168
  (M) time: 554156 ms
  Read amplification:
    Run generation writes: 249108103168 bytes (232.00 GB)
    Merge phase reads: 252274016256 bytes (234.95 GB)
    Read amplification factor: 1.01x
    Excess reads: 1.3% (sparse indexing overhead)
  Thread timing:
    Min thread time: 443127 ms
    Max thread time: 554154 ms
    Avg thread time: 522697 ms
    Time imbalance factor (max/avg): 1.06x
    Thread times: [520275, 529120, 535412, 531323, 500299, 554154, 532394, 507033, 545000, 475710, 544243, 531892, 546989, 522506, 524389, 511285, 543889, 474140, 530227, 538114, 533785, 491385, 523247, 541045, 504382, 541612, 443127, 540328, 527093, 527758, 520632, 533504]

1339.91s

  Cooling down for 30s before next run...
  Run 2/3: Starting sort with 16 parallel scanners for run generation
Run gen thread 7 770419 ms, 51 runs generated
Run gen thread 14 790410 ms, 51 runs generated
Run gen thread 12 793792 ms, 51 runs generated
Run gen thread 15 794102 ms, 51 runs generated
Run gen thread 10 794112 ms, 51 runs generated
Run gen thread 9 795930 ms, 51 runs generated
Run gen thread 4 799241 ms, 51 runs generated
Run gen thread 1 803438 ms, 51 runs generated
Run gen thread 3 805002 ms, 51 runs generated
Run gen thread 6 810763 ms, 51 runs generated
Run gen thread 8 812508 ms, 51 runs generated
Run gen thread 5 812648 ms, 51 runs generated
Run gen thread 13 812919 ms, 51 runs generated
Run gen thread 11 814535 ms, 51 runs generated
Run gen thread 0 815676 ms, 51 runs generated
Run gen thread 2 816471 ms, 51 runs generated
Generated 816 runs in 816863 ms
Merging 816 runs using 32 threads
Merge phase took 567488 ms | Merged 2147483648 entries across 32 runs | Thread timing: min=459852 ms, max=567486 ms | Partition sizes: imbalance=1.21x
SortStats:
  Number of runs: 816
  (R) time: 816863 ms
  (R) breakdown: load=0 ms, sort=802622 ms, store=0 ms
  (R) I/O stats: I/O Stats: Read Ops: 3276800, Read Bytes: 214748364800, Write Ops: 3801088, Write Bytes: 249108103168
  (M) time: 567488 ms
  Read amplification:
    Run generation writes: 249108103168 bytes (232.00 GB)
    Merge phase reads: 252276637696 bytes (234.95 GB)
    Read amplification factor: 1.01x
    Excess reads: 1.3% (sparse indexing overhead)
  Thread timing:
    Min thread time: 459852 ms
    Max thread time: 567486 ms
    Avg thread time: 532469 ms
    Time imbalance factor (max/avg): 1.07x
    Thread times: [546742, 531192, 534772, 554859, 535541, 535108, 540172, 522942, 566782, 477181, 564388, 502237, 565292, 557448, 468183, 553074, 554331, 552403, 518378, 461682, 567486, 553503, 459852, 528289, 551720, 535390, 525667, 528911, 518508, 555107, 557879, 513999]

1384.35s

  Cooling down for 30s before next run...
  Run 3/3: Starting sort with 16 parallel scanners for run generation
Run gen thread 3 725389 ms, 51 runs generated
Run gen thread 12 725446 ms, 51 runs generated
Run gen thread 9 731101 ms, 51 runs generated
Run gen thread 8 737241 ms, 51 runs generated
Run gen thread 11 739675 ms, 51 runs generated
Run gen thread 7 740017 ms, 51 runs generated
Run gen thread 5 742620 ms, 51 runs generated
Run gen thread 0 742672 ms, 51 runs generated
Run gen thread 13 744195 ms, 51 runs generated
Run gen thread 1 746027 ms, 51 runs generated
Run gen thread 15 746327 ms, 51 runs generated
Run gen thread 4 746695 ms, 51 runs generated
Run gen thread 10 749071 ms, 51 runs generated
Run gen thread 2 749132 ms, 51 runs generated
Run gen thread 6 750703 ms, 51 runs generated
Run gen thread 14 751525 ms, 51 runs generated
Generated 816 runs in 751536 ms
Merging 816 runs using 32 threads
Merge phase took 539761 ms | Merged 2147483648 entries across 32 runs | Thread timing: min=447160 ms, max=539759 ms | Partition sizes: imbalance=1.19x
SortStats:
  Number of runs: 816
  (R) time: 751536 ms
  (R) breakdown: load=0 ms, sort=741739 ms, store=0 ms
  (R) I/O stats: I/O Stats: Read Ops: 3276800, Read Bytes: 214748364800, Write Ops: 3801088, Write Bytes: 249108103168
  (M) time: 539761 ms
  Read amplification:
    Run generation writes: 249108103168 bytes (232.00 GB)
    Merge phase reads: 252291579904 bytes (234.96 GB)
    Read amplification factor: 1.01x
    Excess reads: 1.3% (sparse indexing overhead)
  Thread timing:
    Min thread time: 447160 ms
    Max thread time: 539759 ms
    Avg thread time: 507589 ms
    Time imbalance factor (max/avg): 1.06x
    Thread times: [539428, 524085, 477370, 527109, 510326, 514145, 494824, 528815, 533540, 532045, 460194, 529761, 523124, 501123, 522070, 503533, 539759, 455417, 502425, 516989, 533571, 477288, 493714, 508648, 518125, 508991, 511328, 504560, 447160, 532675, 502673, 468040]

1291.30s


================================================================================================================================================================
Benchmark Results Summary
================================================================================================================================================================
Config               Run Size   RG Runs    Gen Thr    Merge Thr  Total (s)  RunGen (s)   Merge (s)  Entries      Throughput       Read MB    Write MB  
                     (MB)                                                                                        (M entries/s)                         
----------------------------------------------------------------------------------------------------------------------------------------------------------------
Exp6_RunGen16_Merge32_Mem2GB[1] 128.0      816        16         32         1339.91      785.75     554.16     2147483648   1.60             445387.2   475136.0  
Exp6_RunGen16_Merge32_Mem2GB[2] 128.0      816        16         32         1384.35      816.86     567.49     2147483648   1.55             445389.8   475136.0  
Exp6_RunGen16_Merge32_Mem2GB[3] 128.0      816        16         32         1291.30      751.54     539.76     2147483648   1.66             445404.0   475136.0  
Exp6_RunGen16_Merge32_Mem2GB[avg] 128.0      816        16         32         1338.52      784.72     553.80     2147483648   1.60             445393.7   475136.0  
================================================================================================================================================================

================================================================================================================================================================
Merge Operations Summary (showing last 1 of 1 merge passes)
================================================================================================================================================================
Config               M1PAvg     M1PMax     M1Imbal    M1Slow       M1Fast      
----------------------------------------------------------------------------------------------------------------------------------------------------------------
Exp6_RunGen16_Merge32_Mem2GB[1] 67108864   80433279   1.20       554.16       554.16      
Exp6_RunGen16_Merge32_Mem2GB[2] 67108864   81491370   1.21       567.49       567.49      
Exp6_RunGen16_Merge32_Mem2GB[3] 67108864   79777570   1.19       539.76       539.76      
----------------------------------------------------------------------------------------------------------------------------------------------------------------
Exp6_RunGen16_Merge32_Mem2GB[avg] 67108864   80567406   1.20       567.49       539.76      
================================================================================================================================================================

================================================================================================================================================================
Detailed I/O Statistics
================================================================================================================================================================
Config               RG Read MB   RG Write MB  M1Read MB    M1Write MB  
----------------------------------------------------------------------------------------------------------------------------------------------------------------
Exp6_RunGen16_Merge32_Mem2GB[1] 204800.0     237568.0     240587.2     237568.0    
Exp6_RunGen16_Merge32_Mem2GB[2] 204800.0     237568.0     240589.8     237568.0    
Exp6_RunGen16_Merge32_Mem2GB[3] 204800.0     237568.0     240604.0     237568.0    
----------------------------------------------------------------------------------------------------------------------------------------------------------------
Exp6_RunGen16_Merge32_Mem2GB[avg] 204800.0     237568.0     240593.7     237568.0    
================================================================================================================================================================

====================================================================================================
Run Generation Time Breakdown
====================================================================================================
Config               RG Total s   Load s       Sort s       Store s     
----------------------------------------------------------------------------------------------------
Exp6_RunGen16_Merge32_Mem2GB[1] 785.75       0            771.087      0           
Exp6_RunGen16_Merge32_Mem2GB[2] 816.86       0            802.622      0           
Exp6_RunGen16_Merge32_Mem2GB[3] 751.54       0            741.739      0           
----------------------------------------------------------------------------------------------------
Exp6_RunGen16_Merge32_Mem2GB[avg] 784.72       0.00         771.82       0.00        
====================================================================================================
