warning: unused imports: `SeedableRng` and `rngs::SmallRng`
 --> src/fastzipf.rs:2:12
  |
2 | use rand::{SeedableRng, rngs::SmallRng};
  |            ^^^^^^^^^^^  ^^^^^^^^^^^^^^
  |
  = note: `#[warn(unused_imports)]` (part of `#[warn(unused)]`) on by default

warning: unused import: `std::fmt`
 --> src/sketch/reservoir_sampler.rs:6:5
  |
6 | use std::fmt;
  |     ^^^^^^^^

warning: unused import: `crate::sketch::kll::KLL`
   --> src/sketch/reservoir_sampler.rs:190:9
    |
190 |     use crate::sketch::kll::KLL;
    |         ^^^^^^^^^^^^^^^^^^^^^^^

warning: unused import: `super::*`
   --> src/sketch/reservoir_sampler.rs:192:9
    |
192 |     use super::*;
    |         ^^^^^^^^

warning: unused import: `std::collections::HashMap`
   --> src/sketch/mod.rs:226:9
    |
226 |     use std::collections::HashMap;
    |         ^^^^^^^^^^^^^^^^^^^^^^^^^

warning: unused import: `super::kll::*`
   --> src/sketch/mod.rs:228:9
    |
228 |     use super::kll::*;
    |         ^^^^^^^^^^^^^

warning: unused import: `super::reservoir_sampler::*`
   --> src/sketch/mod.rs:229:9
    |
229 |     use super::reservoir_sampler::*;
    |         ^^^^^^^^^^^^^^^^^^^^^^^^^^^

warning: unused import: `super::*`
   --> src/sketch/mod.rs:230:9
    |
230 |     use super::*;
    |         ^^^^^^^^

warning: unused import: `Duration`
 --> src/sort/core/engine.rs:4:17
  |
4 | use std::time::{Duration, Instant, SystemTime, UNIX_EPOCH};
  |                 ^^^^^^^^

warning: function `compute_ovc_delta` is never used
    --> src/ovc/offset_value_coding.rs:1136:15
     |
1136 | pub(crate) fn compute_ovc_delta(prev_key: Option<&[u8]>, key: &[u8]) -> OVCU64 {
     |               ^^^^^^^^^^^^^^^^^
     |
     = note: `#[warn(dead_code)]` (part of `#[warn(unused)]`) on by default

warning: `es` (lib) generated 10 warnings (run `cargo fix --lib -p es` to apply 9 suggestions)
    Finished `release` profile [optimized] target(s) in 0.20s
     Running `target/release/examples/gen_sort_cli -n Exp6_RunGen8_Merge44_Mem2GB -i ./datasets/gensort_200GiB.data --run-gen-threads 8 --merge-threads 44 --run-size-mb 256.00 --merge-fanin 744 --warmup-runs 1 --benchmark-runs 3 --cooldown-seconds 30 --dir logs/resource_bench_2025-12-17_14-38-52/Exp6_RunGen8_Merge44_Mem2GB_tmp`

=== BENCHMARK MODE ===
GenSort file: "./datasets/gensort_200GiB.data"
Total entries: 2147483648
Estimated data size: 204800.00 MB
Run generation threads: 8
Use OVC: true
Run size (MB): 256.00
Run generation memory (MB): 2048.0
Merge threads: 44
Merge fan-in: 744
Merge memory (MB): 2046.0
Sketch type: kll
Sketch size: 200
Run indexing interval: 1000
Temporary directory: "logs/resource_bench_2025-12-17_14-38-52/Exp6_RunGen8_Merge44_Mem2GB_tmp"
Warmup runs: 1
Runs per configuration: 3
Cooldown between runs (s): 30
Verify output: false

Running benchmark for config: Exp6_RunGen8_Merge44_Mem2GB
Parameters: Run Gen Threads: 8, Use OVC: true, Run Size: 256.00 MB, Run Gen Memory: 2048.0 MB, Merge Threads: 44, Merge Fanin: 744, Merge Memory: 2046.0 MB, Imbalance Factor: 1.0
================================================================================
  Performing 1 warmup run(s)...
    Warmup 1/1: Starting sort with 8 parallel scanners for run generation
Run gen thread 7 951535 ms, 51 runs generated
Run gen thread 5 972381 ms, 51 runs generated
Run gen thread 1 974934 ms, 51 runs generated
Run gen thread 6 975134 ms, 51 runs generated
Run gen thread 0 978979 ms, 51 runs generated
Run gen thread 2 979250 ms, 51 runs generated
Run gen thread 3 988028 ms, 51 runs generated
Run gen thread 4 998266 ms, 51 runs generated
Generated 408 runs in 998357 ms
Merging 408 runs using 44 threads
Merge phase took 558498 ms | Merged 2147483648 entries across 44 runs | Thread timing: min=404333 ms, max=558156 ms | Partition sizes: imbalance=1.23x
1556.86s
  Warmup complete.

  Run 1/3: Starting sort with 8 parallel scanners for run generation
Run gen thread 4 941071 ms, 51 runs generated
Run gen thread 1 948978 ms, 51 runs generated
Run gen thread 7 951960 ms, 51 runs generated
Run gen thread 6 952720 ms, 51 runs generated
Run gen thread 3 952823 ms, 51 runs generated
Run gen thread 2 956128 ms, 51 runs generated
Run gen thread 5 957118 ms, 51 runs generated
Run gen thread 0 975017 ms, 51 runs generated
Generated 408 runs in 975415 ms
Merging 408 runs using 44 threads
Merge phase took 541649 ms | Merged 2147483648 entries across 44 runs | Thread timing: min=393699 ms, max=541647 ms | Partition sizes: imbalance=1.26x
SortStats:
  Number of runs: 408
  (R) time: 975415 ms
  (R) breakdown: load=0 ms, sort=954476 ms, store=0 ms
  (R) I/O stats: I/O Stats: Read Ops: 3276800, Read Bytes: 214748364800, Write Ops: 3801088, Write Bytes: 249108103168
  (M) time: 541649 ms
  Read amplification:
    Run generation writes: 249108103168 bytes (232.00 GB)
    Merge phase reads: 251299495936 bytes (234.04 GB)
    Read amplification factor: 1.01x
    Excess reads: 0.9% (sparse indexing overhead)
  Thread timing:
    Min thread time: 393699 ms
    Max thread time: 541647 ms
    Avg thread time: 499408 ms
    Time imbalance factor (max/avg): 1.08x

1517.06s

  Cooling down for 30s before next run...
  Run 2/3: Starting sort with 8 parallel scanners for run generation
Run gen thread 2 888671 ms, 51 runs generated
Run gen thread 1 890320 ms, 51 runs generated
Run gen thread 4 892799 ms, 51 runs generated
Run gen thread 3 897801 ms, 51 runs generated
Run gen thread 7 900497 ms, 51 runs generated
Run gen thread 5 906681 ms, 51 runs generated
Run gen thread 0 909028 ms, 51 runs generated
Run gen thread 6 911977 ms, 51 runs generated
Generated 408 runs in 912055 ms
Merging 408 runs using 44 threads
Merge phase took 569460 ms | Merged 2147483648 entries across 44 runs | Thread timing: min=420119 ms, max=569458 ms | Partition sizes: imbalance=1.27x
SortStats:
  Number of runs: 408
  (R) time: 912055 ms
  (R) breakdown: load=0 ms, sort=899721 ms, store=0 ms
  (R) I/O stats: I/O Stats: Read Ops: 3276800, Read Bytes: 214748364800, Write Ops: 3801088, Write Bytes: 249108103168
  (M) time: 569460 ms
  Read amplification:
    Run generation writes: 249108103168 bytes (232.00 GB)
    Merge phase reads: 251305066496 bytes (234.05 GB)
    Read amplification factor: 1.01x
    Excess reads: 0.9% (sparse indexing overhead)
  Thread timing:
    Min thread time: 420119 ms
    Max thread time: 569458 ms
    Avg thread time: 523412 ms
    Time imbalance factor (max/avg): 1.09x

1481.51s

  Cooling down for 30s before next run...
  Run 3/3: Starting sort with 8 parallel scanners for run generation
Run gen thread 4 947833 ms, 51 runs generated
Run gen thread 7 954416 ms, 51 runs generated
Run gen thread 1 955149 ms, 51 runs generated
Run gen thread 0 981337 ms, 51 runs generated
Run gen thread 2 985290 ms, 51 runs generated
Run gen thread 5 993188 ms, 51 runs generated
Run gen thread 3 993399 ms, 51 runs generated
Run gen thread 6 995579 ms, 51 runs generated
Generated 408 runs in 995640 ms
Merging 408 runs using 44 threads
Merge phase took 862318 ms | Merged 2147483648 entries across 44 runs | Thread timing: min=591133 ms, max=862234 ms | Partition sizes: imbalance=1.23x
SortStats:
  Number of runs: 408
  (R) time: 995640 ms
  (R) breakdown: load=0 ms, sort=975773 ms, store=0 ms
  (R) I/O stats: I/O Stats: Read Ops: 3276800, Read Bytes: 214748364800, Write Ops: 3801088, Write Bytes: 249108103168
  (M) time: 862318 ms
  Read amplification:
    Run generation writes: 249108103168 bytes (232.00 GB)
    Merge phase reads: 251301330944 bytes (234.04 GB)
    Read amplification factor: 1.01x
    Excess reads: 0.9% (sparse indexing overhead)
  Thread timing:
    Min thread time: 591133 ms
    Max thread time: 862234 ms
    Avg thread time: 800248 ms
    Time imbalance factor (max/avg): 1.08x

1857.96s


================================================================================================================================================================
Benchmark Results Summary
================================================================================================================================================================
Config               Run Size   RG Runs    Gen Thr    Merge Thr  Total (s)  RunGen (s)   Merge (s)  Entries      Throughput       Read MB    Write MB  
                     (MB)                                                                                        (M entries/s)                         
----------------------------------------------------------------------------------------------------------------------------------------------------------------
Exp6_RunGen8_Merge44_Mem2GB[1] 256.0      408        8          44         1517.06      975.41     541.65     2147483648   1.42             444457.9   475136.0  
Exp6_RunGen8_Merge44_Mem2GB[2] 256.0      408        8          44         1481.51      912.05     569.46     2147483648   1.45             444463.2   475136.0  
Exp6_RunGen8_Merge44_Mem2GB[3] 256.0      408        8          44         1857.96      995.64     862.32     2147483648   1.16             444459.6   475136.0  
Exp6_RunGen8_Merge44_Mem2GB[avg] 256.0      408        8          44         1618.85      961.04     657.81     2147483648   1.33             444460.2   475136.0  
================================================================================================================================================================

================================================================================================================================================================
Merge Operations Summary (showing last 1 of 1 merge passes)
================================================================================================================================================================
Config               M1PAvg     M1PMax     M1Imbal    M1Slow       M1Fast      
----------------------------------------------------------------------------------------------------------------------------------------------------------------
Exp6_RunGen8_Merge44_Mem2GB[1] 48806446   61559162   1.26       541.65       541.65      
Exp6_RunGen8_Merge44_Mem2GB[2] 48806446   62150318   1.27       569.46       569.46      
Exp6_RunGen8_Merge44_Mem2GB[3] 48806446   60228509   1.23       862.32       862.32      
----------------------------------------------------------------------------------------------------------------------------------------------------------------
Exp6_RunGen8_Merge44_Mem2GB[avg] 48806446   61312663   1.26       862.32       541.65      
================================================================================================================================================================

================================================================================================================================================================
Detailed I/O Statistics
================================================================================================================================================================
Config               RG Read MB   RG Write MB  M1Read MB    M1Write MB  
----------------------------------------------------------------------------------------------------------------------------------------------------------------
Exp6_RunGen8_Merge44_Mem2GB[1] 204800.0     237568.0     239657.9     237568.0    
Exp6_RunGen8_Merge44_Mem2GB[2] 204800.0     237568.0     239663.2     237568.0    
Exp6_RunGen8_Merge44_Mem2GB[3] 204800.0     237568.0     239659.6     237568.0    
----------------------------------------------------------------------------------------------------------------------------------------------------------------
Exp6_RunGen8_Merge44_Mem2GB[avg] 204800.0     237568.0     239660.2     237568.0    
================================================================================================================================================================

====================================================================================================
Run Generation Time Breakdown
====================================================================================================
Config               RG Total s   Load s       Sort s       Store s     
----------------------------------------------------------------------------------------------------
Exp6_RunGen8_Merge44_Mem2GB[1] 975.41       0            954.476      0           
Exp6_RunGen8_Merge44_Mem2GB[2] 912.05       0            899.721      0           
Exp6_RunGen8_Merge44_Mem2GB[3] 995.64       0            975.773      0           
----------------------------------------------------------------------------------------------------
Exp6_RunGen8_Merge44_Mem2GB[avg] 961.04       0.00         943.32       0.00        
====================================================================================================
