warning: unused imports: `SeedableRng` and `rngs::SmallRng`
 --> src/fastzipf.rs:2:12
  |
2 | use rand::{SeedableRng, rngs::SmallRng};
  |            ^^^^^^^^^^^  ^^^^^^^^^^^^^^
  |
  = note: `#[warn(unused_imports)]` (part of `#[warn(unused)]`) on by default

warning: unused import: `std::fmt`
 --> src/sketch/reservoir_sampler.rs:6:5
  |
6 | use std::fmt;
  |     ^^^^^^^^

warning: unused import: `crate::sketch::kll::KLL`
   --> src/sketch/reservoir_sampler.rs:190:9
    |
190 |     use crate::sketch::kll::KLL;
    |         ^^^^^^^^^^^^^^^^^^^^^^^

warning: unused import: `super::*`
   --> src/sketch/reservoir_sampler.rs:192:9
    |
192 |     use super::*;
    |         ^^^^^^^^

warning: unused import: `std::collections::HashMap`
   --> src/sketch/mod.rs:226:9
    |
226 |     use std::collections::HashMap;
    |         ^^^^^^^^^^^^^^^^^^^^^^^^^

warning: unused import: `super::kll::*`
   --> src/sketch/mod.rs:228:9
    |
228 |     use super::kll::*;
    |         ^^^^^^^^^^^^^

warning: unused import: `super::reservoir_sampler::*`
   --> src/sketch/mod.rs:229:9
    |
229 |     use super::reservoir_sampler::*;
    |         ^^^^^^^^^^^^^^^^^^^^^^^^^^^

warning: unused import: `super::*`
   --> src/sketch/mod.rs:230:9
    |
230 |     use super::*;
    |         ^^^^^^^^

warning: unused import: `Duration`
 --> src/sort/core/engine.rs:4:17
  |
4 | use std::time::{Duration, Instant, SystemTime, UNIX_EPOCH};
  |                 ^^^^^^^^

warning: function `compute_ovc_delta` is never used
    --> src/ovc/offset_value_coding.rs:1136:15
     |
1136 | pub(crate) fn compute_ovc_delta(prev_key: Option<&[u8]>, key: &[u8]) -> OVCU64 {
     |               ^^^^^^^^^^^^^^^^^
     |
     = note: `#[warn(dead_code)]` (part of `#[warn(unused)]`) on by default

warning: `es` (lib) generated 10 warnings (run `cargo fix --lib -p es` to apply 9 suggestions)
    Finished `release` profile [optimized] target(s) in 0.22s
     Running `target/release/examples/gen_sort_cli -n Exp6_RunGen8_Merge4_Mem2GB -i ./datasets/gensort_200GiB.data --run-gen-threads 8 --merge-threads 4 --run-size-mb 256.00 --merge-fanin 8192 --warmup-runs 1 --benchmark-runs 3 --cooldown-seconds 30 --dir logs/resource_bench_2025-12-17_14-38-52/Exp6_RunGen8_Merge4_Mem2GB_tmp`

=== BENCHMARK MODE ===
GenSort file: "./datasets/gensort_200GiB.data"
Total entries: 2147483648
Estimated data size: 204800.00 MB
Run generation threads: 8
Use OVC: true
Run size (MB): 256.00
Run generation memory (MB): 2048.0
Merge threads: 4
Merge fan-in: 8192
Merge memory (MB): 2048.0
Sketch type: kll
Sketch size: 200
Run indexing interval: 1000
Temporary directory: "logs/resource_bench_2025-12-17_14-38-52/Exp6_RunGen8_Merge4_Mem2GB_tmp"
Warmup runs: 1
Runs per configuration: 3
Cooldown between runs (s): 30
Verify output: false

Running benchmark for config: Exp6_RunGen8_Merge4_Mem2GB
Parameters: Run Gen Threads: 8, Use OVC: true, Run Size: 256.00 MB, Run Gen Memory: 2048.0 MB, Merge Threads: 4, Merge Fanin: 8192, Merge Memory: 2048.0 MB, Imbalance Factor: 1.0
================================================================================
  Performing 1 warmup run(s)...
    Warmup 1/1: Starting sort with 8 parallel scanners for run generation
Run gen thread 0 1446819 ms, 51 runs generated
Run gen thread 1 1448344 ms, 51 runs generated
Run gen thread 2 1458367 ms, 51 runs generated
Run gen thread 3 1462787 ms, 51 runs generated
Run gen thread 7 1478301 ms, 51 runs generated
Run gen thread 6 1480298 ms, 51 runs generated
Run gen thread 5 1483766 ms, 51 runs generated
Run gen thread 4 1489375 ms, 51 runs generated
Generated 408 runs in 1489489 ms
Merging 408 runs using 4 threads
Merge phase took 919899 ms | Merged 2147483648 entries across 4 runs | Thread timing: min=889122 ms, max=919898 ms | Partition sizes: imbalance=1.03x
2409.39s
  Warmup complete.

  Run 1/3: Starting sort with 8 parallel scanners for run generation
Run gen thread 6 1084120 ms, 51 runs generated
Run gen thread 5 1094199 ms, 51 runs generated
Run gen thread 4 1096137 ms, 51 runs generated
Run gen thread 1 1106250 ms, 51 runs generated
Run gen thread 7 1107784 ms, 51 runs generated
Run gen thread 0 1114221 ms, 51 runs generated
Run gen thread 3 1129589 ms, 51 runs generated
Run gen thread 2 1134988 ms, 51 runs generated
Generated 408 runs in 1135216 ms
Merging 408 runs using 4 threads
Merge phase took 932128 ms | Merged 2147483648 entries across 4 runs | Thread timing: min=901329 ms, max=932127 ms | Partition sizes: imbalance=1.02x
SortStats:
  Number of runs: 408
  (R) time: 1135216 ms
  (R) breakdown: load=0 ms, sort=1108411 ms, store=0 ms
  (R) I/O stats: I/O Stats: Read Ops: 3276800, Read Bytes: 214748364800, Write Ops: 3801088, Write Bytes: 249108103168
  (M) time: 932128 ms
  Read amplification:
    Run generation writes: 249108103168 bytes (232.00 GB)
    Merge phase reads: 249285836800 bytes (232.17 GB)
    Read amplification factor: 1.00x
    Excess reads: 0.1% (sparse indexing overhead)
  Thread timing:
    Min thread time: 901329 ms
    Max thread time: 932127 ms
    Avg thread time: 915637 ms
    Time imbalance factor (max/avg): 1.02x
    Thread times: [922878, 901329, 932127, 906213]

2067.34s

  Cooling down for 30s before next run...
  Run 2/3: Starting sort with 8 parallel scanners for run generation
Run gen thread 0 1059834 ms, 51 runs generated
Run gen thread 7 1068369 ms, 51 runs generated
Run gen thread 5 1069408 ms, 51 runs generated
Run gen thread 6 1074731 ms, 51 runs generated
Run gen thread 3 1076407 ms, 51 runs generated
Run gen thread 4 1085557 ms, 51 runs generated
Run gen thread 2 1098433 ms, 51 runs generated
Run gen thread 1 1100510 ms, 51 runs generated
Generated 408 runs in 1100746 ms
Merging 408 runs using 4 threads
Merge phase took 900823 ms | Merged 2147483648 entries across 4 runs | Thread timing: min=889849 ms, max=900822 ms | Partition sizes: imbalance=1.01x
SortStats:
  Number of runs: 408
  (R) time: 1100746 ms
  (R) breakdown: load=0 ms, sort=1079156 ms, store=0 ms
  (R) I/O stats: I/O Stats: Read Ops: 3276800, Read Bytes: 214748364800, Write Ops: 3801088, Write Bytes: 249108103168
  (M) time: 900823 ms
  Read amplification:
    Run generation writes: 249108103168 bytes (232.00 GB)
    Merge phase reads: 249288589312 bytes (232.17 GB)
    Read amplification factor: 1.00x
    Excess reads: 0.1% (sparse indexing overhead)
  Thread timing:
    Min thread time: 889849 ms
    Max thread time: 900822 ms
    Avg thread time: 896458 ms
    Time imbalance factor (max/avg): 1.00x
    Thread times: [895414, 889849, 900822, 899745]

2001.57s

  Cooling down for 30s before next run...
  Run 3/3: Starting sort with 8 parallel scanners for run generation
Run gen thread 1 942953 ms, 51 runs generated
Run gen thread 5 943964 ms, 51 runs generated
Run gen thread 0 965065 ms, 51 runs generated
Run gen thread 3 965845 ms, 51 runs generated
Run gen thread 4 973902 ms, 51 runs generated
Run gen thread 6 975035 ms, 51 runs generated
Run gen thread 2 978858 ms, 51 runs generated
Run gen thread 7 988176 ms, 51 runs generated
Generated 408 runs in 988229 ms
Merging 408 runs using 4 threads
Merge phase took 896714 ms | Merged 2147483648 entries across 4 runs | Thread timing: min=885491 ms, max=896713 ms | Partition sizes: imbalance=1.02x
SortStats:
  Number of runs: 408
  (R) time: 988229 ms
  (R) breakdown: load=0 ms, sort=966724 ms, store=0 ms
  (R) I/O stats: I/O Stats: Read Ops: 3276800, Read Bytes: 214748364800, Write Ops: 3801088, Write Bytes: 249108103168
  (M) time: 896714 ms
  Read amplification:
    Run generation writes: 249108103168 bytes (232.00 GB)
    Merge phase reads: 249287409664 bytes (232.17 GB)
    Read amplification factor: 1.00x
    Excess reads: 0.1% (sparse indexing overhead)
  Thread timing:
    Min thread time: 885491 ms
    Max thread time: 896713 ms
    Avg thread time: 890134 ms
    Time imbalance factor (max/avg): 1.01x
    Thread times: [885491, 889595, 896713, 888736]

1884.94s


================================================================================================================================================================
Benchmark Results Summary
================================================================================================================================================================
Config               Run Size   RG Runs    Gen Thr    Merge Thr  Total (s)  RunGen (s)   Merge (s)  Entries      Throughput       Read MB    Write MB  
                     (MB)                                                                                        (M entries/s)                         
----------------------------------------------------------------------------------------------------------------------------------------------------------------
Exp6_RunGen8_Merge4_Mem2GB[1] 256.0      408        8          4          2067.34      1135.22    932.13     2147483648   1.04             442537.5   475136.0  
Exp6_RunGen8_Merge4_Mem2GB[2] 256.0      408        8          4          2001.57      1100.75    900.82     2147483648   1.07             442540.1   475136.0  
Exp6_RunGen8_Merge4_Mem2GB[3] 256.0      408        8          4          1884.94      988.23     896.71     2147483648   1.14             442539.0   475136.0  
Exp6_RunGen8_Merge4_Mem2GB[avg] 256.0      408        8          4          1984.62      1074.73    909.89     2147483648   1.08             442538.9   475136.0  
================================================================================================================================================================

================================================================================================================================================================
Merge Operations Summary (showing last 1 of 1 merge passes)
================================================================================================================================================================
Config               M1PAvg     M1PMax     M1Imbal    M1Slow       M1Fast      
----------------------------------------------------------------------------------------------------------------------------------------------------------------
Exp6_RunGen8_Merge4_Mem2GB[1] 536870912  546101754  1.02       932.13       932.13      
Exp6_RunGen8_Merge4_Mem2GB[2] 536870912  542977498  1.01       900.82       900.82      
Exp6_RunGen8_Merge4_Mem2GB[3] 536870912  546501039  1.02       896.71       896.71      
----------------------------------------------------------------------------------------------------------------------------------------------------------------
Exp6_RunGen8_Merge4_Mem2GB[avg] 536870912  545193430  1.02       932.13       896.71      
================================================================================================================================================================

================================================================================================================================================================
Detailed I/O Statistics
================================================================================================================================================================
Config               RG Read MB   RG Write MB  M1Read MB    M1Write MB  
----------------------------------------------------------------------------------------------------------------------------------------------------------------
Exp6_RunGen8_Merge4_Mem2GB[1] 204800.0     237568.0     237737.5     237568.0    
Exp6_RunGen8_Merge4_Mem2GB[2] 204800.0     237568.0     237740.1     237568.0    
Exp6_RunGen8_Merge4_Mem2GB[3] 204800.0     237568.0     237739.0     237568.0    
----------------------------------------------------------------------------------------------------------------------------------------------------------------
Exp6_RunGen8_Merge4_Mem2GB[avg] 204800.0     237568.0     237738.9     237568.0    
================================================================================================================================================================

====================================================================================================
Run Generation Time Breakdown
====================================================================================================
Config               RG Total s   Load s       Sort s       Store s     
----------------------------------------------------------------------------------------------------
Exp6_RunGen8_Merge4_Mem2GB[1] 1135.22      0            1108.411     0           
Exp6_RunGen8_Merge4_Mem2GB[2] 1100.75      0            1079.156     0           
Exp6_RunGen8_Merge4_Mem2GB[3] 988.23       0            966.724      0           
----------------------------------------------------------------------------------------------------
Exp6_RunGen8_Merge4_Mem2GB[avg] 1074.73      0.00         1051.43      0.00        
====================================================================================================
