warning: unused imports: `SeedableRng` and `rngs::SmallRng`
 --> src/fastzipf.rs:2:12
  |
2 | use rand::{SeedableRng, rngs::SmallRng};
  |            ^^^^^^^^^^^  ^^^^^^^^^^^^^^
  |
  = note: `#[warn(unused_imports)]` (part of `#[warn(unused)]`) on by default

warning: unused import: `std::fmt`
 --> src/sketch/reservoir_sampler.rs:6:5
  |
6 | use std::fmt;
  |     ^^^^^^^^

warning: unused import: `crate::sketch::kll::KLL`
   --> src/sketch/reservoir_sampler.rs:190:9
    |
190 |     use crate::sketch::kll::KLL;
    |         ^^^^^^^^^^^^^^^^^^^^^^^

warning: unused import: `super::*`
   --> src/sketch/reservoir_sampler.rs:192:9
    |
192 |     use super::*;
    |         ^^^^^^^^

warning: unused import: `std::collections::HashMap`
   --> src/sketch/mod.rs:226:9
    |
226 |     use std::collections::HashMap;
    |         ^^^^^^^^^^^^^^^^^^^^^^^^^

warning: unused import: `super::kll::*`
   --> src/sketch/mod.rs:228:9
    |
228 |     use super::kll::*;
    |         ^^^^^^^^^^^^^

warning: unused import: `super::reservoir_sampler::*`
   --> src/sketch/mod.rs:229:9
    |
229 |     use super::reservoir_sampler::*;
    |         ^^^^^^^^^^^^^^^^^^^^^^^^^^^

warning: unused import: `super::*`
   --> src/sketch/mod.rs:230:9
    |
230 |     use super::*;
    |         ^^^^^^^^

warning: unused import: `Duration`
 --> src/sort/core/engine.rs:4:17
  |
4 | use std::time::{Duration, Instant, SystemTime, UNIX_EPOCH};
  |                 ^^^^^^^^

warning: function `compute_ovc_delta` is never used
    --> src/ovc/offset_value_coding.rs:1136:15
     |
1136 | pub(crate) fn compute_ovc_delta(prev_key: Option<&[u8]>, key: &[u8]) -> OVCU64 {
     |               ^^^^^^^^^^^^^^^^^
     |
     = note: `#[warn(dead_code)]` (part of `#[warn(unused)]`) on by default

warning: `es` (lib) generated 10 warnings (run `cargo fix --lib -p es` to apply 9 suggestions)
    Finished `release` profile [optimized] target(s) in 0.20s
     Running `target/release/examples/gen_sort_cli -n Exp6_RunGen4_Merge40_Mem2GB -i ./datasets/gensort_200GiB.data --run-gen-threads 4 --merge-threads 40 --run-size-mb 512.00 --merge-fanin 819 --warmup-runs 1 --benchmark-runs 3 --cooldown-seconds 30 --dir logs/resource_bench_2025-12-17_14-38-52/Exp6_RunGen4_Merge40_Mem2GB_tmp`

=== BENCHMARK MODE ===
GenSort file: "./datasets/gensort_200GiB.data"
Total entries: 2147483648
Estimated data size: 204800.00 MB
Run generation threads: 4
Use OVC: true
Run size (MB): 512.00
Run generation memory (MB): 2048.0
Merge threads: 40
Merge fan-in: 819
Merge memory (MB): 2047.5
Sketch type: kll
Sketch size: 200
Run indexing interval: 1000
Temporary directory: "logs/resource_bench_2025-12-17_14-38-52/Exp6_RunGen4_Merge40_Mem2GB_tmp"
Warmup runs: 1
Runs per configuration: 3
Cooldown between runs (s): 30
Verify output: false

Running benchmark for config: Exp6_RunGen4_Merge40_Mem2GB
Parameters: Run Gen Threads: 4, Use OVC: true, Run Size: 512.00 MB, Run Gen Memory: 2048.0 MB, Merge Threads: 40, Merge Fanin: 819, Merge Memory: 2047.5 MB, Imbalance Factor: 1.0
================================================================================
  Performing 1 warmup run(s)...
    Warmup 1/1: Starting sort with 4 parallel scanners for run generation
Run gen thread 3 1841196 ms, 51 runs generated
Run gen thread 1 1844389 ms, 51 runs generated
Run gen thread 2 1883735 ms, 51 runs generated
Run gen thread 0 1886669 ms, 51 runs generated
Generated 204 runs in 1886697 ms
Merging 204 runs using 40 threads
Merge phase took 572600 ms | Merged 2147483648 entries across 40 runs | Thread timing: min=444957 ms, max=572595 ms | Partition sizes: imbalance=1.19x
2459.30s
  Warmup complete.

  Run 1/3: Starting sort with 4 parallel scanners for run generation
Run gen thread 1 2064954 ms, 51 runs generated
Run gen thread 3 2078476 ms, 51 runs generated
Run gen thread 0 2081389 ms, 51 runs generated
Run gen thread 2 2118275 ms, 51 runs generated
Generated 204 runs in 2118428 ms
Merging 204 runs using 40 threads
Merge phase took 680192 ms | Merged 2147483648 entries across 40 runs | Thread timing: min=445700 ms, max=680186 ms | Partition sizes: imbalance=1.29x
SortStats:
  Number of runs: 204
  (R) time: 2118428 ms
  (R) breakdown: load=0 ms, sort=2085773 ms, store=0 ms
  (R) I/O stats: I/O Stats: Read Ops: 3276800, Read Bytes: 214748364800, Write Ops: 3801088, Write Bytes: 249108103168
  (M) time: 680192 ms
  Read amplification:
    Run generation writes: 249108103168 bytes (232.00 GB)
    Merge phase reads: 250105626624 bytes (232.93 GB)
    Read amplification factor: 1.00x
    Excess reads: 0.4% (sparse indexing overhead)
  Thread timing:
    Min thread time: 445700 ms
    Max thread time: 680186 ms
    Avg thread time: 616884 ms
    Time imbalance factor (max/avg): 1.10x

2798.62s

  Cooling down for 30s before next run...
  Run 2/3: Starting sort with 4 parallel scanners for run generation
Run gen thread 0 2122798 ms, 51 runs generated
Run gen thread 1 2127347 ms, 51 runs generated
Run gen thread 2 2129888 ms, 51 runs generated
Run gen thread 3 2166967 ms, 51 runs generated
Generated 204 runs in 2167124 ms
Merging 204 runs using 40 threads
Merge phase took 656111 ms | Merged 2147483648 entries across 40 runs | Thread timing: min=509610 ms, max=656109 ms | Partition sizes: imbalance=1.31x
SortStats:
  Number of runs: 204
  (R) time: 2167124 ms
  (R) breakdown: load=0 ms, sort=2136750 ms, store=0 ms
  (R) I/O stats: I/O Stats: Read Ops: 3276800, Read Bytes: 214748364800, Write Ops: 3801088, Write Bytes: 249108103168
  (M) time: 656111 ms
  Read amplification:
    Run generation writes: 249108103168 bytes (232.00 GB)
    Merge phase reads: 250107920384 bytes (232.93 GB)
    Read amplification factor: 1.00x
    Excess reads: 0.4% (sparse indexing overhead)
  Thread timing:
    Min thread time: 509610 ms
    Max thread time: 656109 ms
    Avg thread time: 605410 ms
    Time imbalance factor (max/avg): 1.08x

2823.23s

  Cooling down for 30s before next run...
  Run 3/3: Starting sort with 4 parallel scanners for run generation
Run gen thread 1 1797782 ms, 51 runs generated
Run gen thread 2 1802534 ms, 51 runs generated
Run gen thread 3 1816195 ms, 51 runs generated
Run gen thread 0 1842366 ms, 51 runs generated
Generated 204 runs in 1842405 ms
Merging 204 runs using 40 threads
Merge phase took 560668 ms | Merged 2147483648 entries across 40 runs | Thread timing: min=434166 ms, max=560664 ms | Partition sizes: imbalance=1.20x
SortStats:
  Number of runs: 204
  (R) time: 1842405 ms
  (R) breakdown: load=0 ms, sort=1814719 ms, store=0 ms
  (R) I/O stats: I/O Stats: Read Ops: 3276800, Read Bytes: 214748364800, Write Ops: 3801088, Write Bytes: 249108103168
  (M) time: 560668 ms
  Read amplification:
    Run generation writes: 249108103168 bytes (232.00 GB)
    Merge phase reads: 250104119296 bytes (232.93 GB)
    Read amplification factor: 1.00x
    Excess reads: 0.4% (sparse indexing overhead)
  Thread timing:
    Min thread time: 434166 ms
    Max thread time: 560664 ms
    Avg thread time: 521046 ms
    Time imbalance factor (max/avg): 1.08x

2403.07s


================================================================================================================================================================
Benchmark Results Summary
================================================================================================================================================================
Config               Run Size   RG Runs    Gen Thr    Merge Thr  Total (s)  RunGen (s)   Merge (s)  Entries      Throughput       Read MB    Write MB  
                     (MB)                                                                                        (M entries/s)                         
----------------------------------------------------------------------------------------------------------------------------------------------------------------
Exp6_RunGen4_Merge40_Mem2GB[1] 512.0      204        4          40         2798.62      2118.43    680.19     2147483648   0.77             443319.3   475136.0  
Exp6_RunGen4_Merge40_Mem2GB[2] 512.0      204        4          40         2823.23      2167.12    656.11     2147483648   0.76             443321.5   475136.0  
Exp6_RunGen4_Merge40_Mem2GB[3] 512.0      204        4          40         2403.07      1842.40    560.67     2147483648   0.89             443317.9   475136.0  
Exp6_RunGen4_Merge40_Mem2GB[avg] 512.0      204        4          40         2674.98      2042.65    632.32     2147483648   0.80             443319.6   475136.0  
================================================================================================================================================================

================================================================================================================================================================
Merge Operations Summary (showing last 1 of 1 merge passes)
================================================================================================================================================================
Config               M1PAvg     M1PMax     M1Imbal    M1Slow       M1Fast      
----------------------------------------------------------------------------------------------------------------------------------------------------------------
Exp6_RunGen4_Merge40_Mem2GB[1] 53687091   69462201   1.29       680.19       680.19      
Exp6_RunGen4_Merge40_Mem2GB[2] 53687091   70304498   1.31       656.11       656.11      
Exp6_RunGen4_Merge40_Mem2GB[3] 53687091   64651667   1.20       560.67       560.67      
----------------------------------------------------------------------------------------------------------------------------------------------------------------
Exp6_RunGen4_Merge40_Mem2GB[avg] 53687091   68139455   1.27       680.19       560.67      
================================================================================================================================================================

================================================================================================================================================================
Detailed I/O Statistics
================================================================================================================================================================
Config               RG Read MB   RG Write MB  M1Read MB    M1Write MB  
----------------------------------------------------------------------------------------------------------------------------------------------------------------
Exp6_RunGen4_Merge40_Mem2GB[1] 204800.0     237568.0     238519.3     237568.0    
Exp6_RunGen4_Merge40_Mem2GB[2] 204800.0     237568.0     238521.5     237568.0    
Exp6_RunGen4_Merge40_Mem2GB[3] 204800.0     237568.0     238517.9     237568.0    
----------------------------------------------------------------------------------------------------------------------------------------------------------------
Exp6_RunGen4_Merge40_Mem2GB[avg] 204800.0     237568.0     238519.6     237568.0    
================================================================================================================================================================

====================================================================================================
Run Generation Time Breakdown
====================================================================================================
Config               RG Total s   Load s       Sort s       Store s     
----------------------------------------------------------------------------------------------------
Exp6_RunGen4_Merge40_Mem2GB[1] 2118.43      0            2085.773     0           
Exp6_RunGen4_Merge40_Mem2GB[2] 2167.12      0            2136.75      0           
Exp6_RunGen4_Merge40_Mem2GB[3] 1842.40      0            1814.719     0           
----------------------------------------------------------------------------------------------------
Exp6_RunGen4_Merge40_Mem2GB[avg] 2042.65      0.00         2012.41      0.00        
====================================================================================================
