warning: unused imports: `SeedableRng` and `rngs::SmallRng`
 --> src/fastzipf.rs:2:12
  |
2 | use rand::{SeedableRng, rngs::SmallRng};
  |            ^^^^^^^^^^^  ^^^^^^^^^^^^^^
  |
  = note: `#[warn(unused_imports)]` (part of `#[warn(unused)]`) on by default

warning: unused import: `std::fmt`
 --> src/sketch/reservoir_sampler.rs:6:5
  |
6 | use std::fmt;
  |     ^^^^^^^^

warning: unused import: `crate::sketch::kll::KLL`
   --> src/sketch/reservoir_sampler.rs:190:9
    |
190 |     use crate::sketch::kll::KLL;
    |         ^^^^^^^^^^^^^^^^^^^^^^^

warning: unused import: `super::*`
   --> src/sketch/reservoir_sampler.rs:192:9
    |
192 |     use super::*;
    |         ^^^^^^^^

warning: unused import: `std::collections::HashMap`
   --> src/sketch/mod.rs:226:9
    |
226 |     use std::collections::HashMap;
    |         ^^^^^^^^^^^^^^^^^^^^^^^^^

warning: unused import: `super::kll::*`
   --> src/sketch/mod.rs:228:9
    |
228 |     use super::kll::*;
    |         ^^^^^^^^^^^^^

warning: unused import: `super::reservoir_sampler::*`
   --> src/sketch/mod.rs:229:9
    |
229 |     use super::reservoir_sampler::*;
    |         ^^^^^^^^^^^^^^^^^^^^^^^^^^^

warning: unused import: `super::*`
   --> src/sketch/mod.rs:230:9
    |
230 |     use super::*;
    |         ^^^^^^^^

warning: unused import: `Duration`
 --> src/sort/core/engine.rs:4:17
  |
4 | use std::time::{Duration, Instant, SystemTime, UNIX_EPOCH};
  |                 ^^^^^^^^

warning: function `compute_ovc_delta` is never used
    --> src/ovc/offset_value_coding.rs:1136:15
     |
1136 | pub(crate) fn compute_ovc_delta(prev_key: Option<&[u8]>, key: &[u8]) -> OVCU64 {
     |               ^^^^^^^^^^^^^^^^^
     |
     = note: `#[warn(dead_code)]` (part of `#[warn(unused)]`) on by default

warning: `es` (lib) generated 10 warnings (run `cargo fix --lib -p es` to apply 9 suggestions)
    Finished `release` profile [optimized] target(s) in 0.20s
     Running `target/release/examples/gen_sort_cli -n Exp6_RunGen4_Merge16_Mem2GB -i ./datasets/gensort_200GiB.data --run-gen-threads 4 --merge-threads 16 --run-size-mb 512.00 --merge-fanin 2048 --warmup-runs 1 --benchmark-runs 3 --cooldown-seconds 30 --dir logs/resource_bench_2025-12-17_14-38-52/Exp6_RunGen4_Merge16_Mem2GB_tmp`

=== BENCHMARK MODE ===
GenSort file: "./datasets/gensort_200GiB.data"
Total entries: 2147483648
Estimated data size: 204800.00 MB
Run generation threads: 4
Use OVC: true
Run size (MB): 512.00
Run generation memory (MB): 2048.0
Merge threads: 16
Merge fan-in: 2048
Merge memory (MB): 2048.0
Sketch type: kll
Sketch size: 200
Run indexing interval: 1000
Temporary directory: "logs/resource_bench_2025-12-17_14-38-52/Exp6_RunGen4_Merge16_Mem2GB_tmp"
Warmup runs: 1
Runs per configuration: 3
Cooldown between runs (s): 30
Verify output: false

Running benchmark for config: Exp6_RunGen4_Merge16_Mem2GB
Parameters: Run Gen Threads: 4, Use OVC: true, Run Size: 512.00 MB, Run Gen Memory: 2048.0 MB, Merge Threads: 16, Merge Fanin: 2048, Merge Memory: 2048.0 MB, Imbalance Factor: 1.0
================================================================================
  Performing 1 warmup run(s)...
    Warmup 1/1: Starting sort with 4 parallel scanners for run generation
Run gen thread 0 1893438 ms, 51 runs generated
Run gen thread 1 1901045 ms, 51 runs generated
Run gen thread 2 1916271 ms, 51 runs generated
Run gen thread 3 1950627 ms, 51 runs generated
Generated 204 runs in 1950716 ms
Merging 204 runs using 16 threads
Merge phase took 637844 ms | Merged 2147483648 entries across 16 runs | Thread timing: min=562440 ms, max=637842 ms | Partition sizes: imbalance=1.10x
2588.56s
  Warmup complete.

  Run 1/3: Starting sort with 4 parallel scanners for run generation
Run gen thread 0 1901064 ms, 51 runs generated
Run gen thread 1 1904672 ms, 51 runs generated
Run gen thread 3 1916032 ms, 51 runs generated
Run gen thread 2 1938563 ms, 51 runs generated
Generated 204 runs in 1938702 ms
Merging 204 runs using 16 threads
Merge phase took 653834 ms | Merged 2147483648 entries across 16 runs | Thread timing: min=595131 ms, max=653830 ms | Partition sizes: imbalance=1.15x
SortStats:
  Number of runs: 204
  (R) time: 1938702 ms
  (R) breakdown: load=0 ms, sort=1915082 ms, store=0 ms
  (R) I/O stats: I/O Stats: Read Ops: 3276800, Read Bytes: 214748364800, Write Ops: 3801088, Write Bytes: 249108103168
  (M) time: 653834 ms
  Read amplification:
    Run generation writes: 249108103168 bytes (232.00 GB)
    Merge phase reads: 249499353088 bytes (232.36 GB)
    Read amplification factor: 1.00x
    Excess reads: 0.2% (sparse indexing overhead)
  Thread timing:
    Min thread time: 595131 ms
    Max thread time: 653830 ms
    Avg thread time: 625791 ms
    Time imbalance factor (max/avg): 1.04x
    Thread times: [635560, 641349, 637491, 628111, 621986, 595131, 653830, 603611, 638014, 621790, 620404, 624855, 626738, 628550, 636573, 598658]

2592.54s

  Cooling down for 30s before next run...
  Run 2/3: Starting sort with 4 parallel scanners for run generation
Run gen thread 2 1680549 ms, 51 runs generated
Run gen thread 1 1701190 ms, 51 runs generated
Run gen thread 3 1703221 ms, 51 runs generated
Run gen thread 0 1735040 ms, 51 runs generated
Generated 204 runs in 1735091 ms
Merging 204 runs using 16 threads
Merge phase took 572897 ms | Merged 2147483648 entries across 16 runs | Thread timing: min=466477 ms, max=572896 ms | Partition sizes: imbalance=1.13x
SortStats:
  Number of runs: 204
  (R) time: 1735091 ms
  (R) breakdown: load=0 ms, sort=1705000 ms, store=0 ms
  (R) I/O stats: I/O Stats: Read Ops: 3276800, Read Bytes: 214748364800, Write Ops: 3801088, Write Bytes: 249108103168
  (M) time: 572897 ms
  Read amplification:
    Run generation writes: 249108103168 bytes (232.00 GB)
    Merge phase reads: 249499484160 bytes (232.36 GB)
    Read amplification factor: 1.00x
    Excess reads: 0.2% (sparse indexing overhead)
  Thread timing:
    Min thread time: 466477 ms
    Max thread time: 572896 ms
    Avg thread time: 535805 ms
    Time imbalance factor (max/avg): 1.07x
    Thread times: [563379, 504587, 557809, 530840, 564896, 503882, 566290, 503523, 553524, 549883, 553416, 507697, 572896, 466477, 561437, 512342]

2307.99s

  Cooling down for 30s before next run...
  Run 3/3: Starting sort with 4 parallel scanners for run generation
Run gen thread 0 1332777 ms, 51 runs generated
Run gen thread 2 1339960 ms, 51 runs generated
Run gen thread 3 1341335 ms, 51 runs generated
Run gen thread 1 1359504 ms, 51 runs generated
Generated 204 runs in 1359705 ms
Merging 204 runs using 16 threads
Merge phase took 578320 ms | Merged 2147483648 entries across 16 runs | Thread timing: min=499188 ms, max=578319 ms | Partition sizes: imbalance=1.11x
SortStats:
  Number of runs: 204
  (R) time: 1359705 ms
  (R) breakdown: load=0 ms, sort=1343394 ms, store=0 ms
  (R) I/O stats: I/O Stats: Read Ops: 3276800, Read Bytes: 214748364800, Write Ops: 3801088, Write Bytes: 249108103168
  (M) time: 578320 ms
  Read amplification:
    Run generation writes: 249108103168 bytes (232.00 GB)
    Merge phase reads: 249496076288 bytes (232.36 GB)
    Read amplification factor: 1.00x
    Excess reads: 0.2% (sparse indexing overhead)
  Thread timing:
    Min thread time: 499188 ms
    Max thread time: 578319 ms
    Avg thread time: 552474 ms
    Time imbalance factor (max/avg): 1.05x
    Thread times: [571603, 545656, 573238, 572293, 524560, 555055, 528913, 566153, 571302, 499188, 578319, 532213, 570005, 542908, 555650, 552520]

1938.03s


================================================================================================================================================================
Benchmark Results Summary
================================================================================================================================================================
Config               Run Size   RG Runs    Gen Thr    Merge Thr  Total (s)  RunGen (s)   Merge (s)  Entries      Throughput       Read MB    Write MB  
                     (MB)                                                                                        (M entries/s)                         
----------------------------------------------------------------------------------------------------------------------------------------------------------------
Exp6_RunGen4_Merge16_Mem2GB[1] 512.0      204        4          16         2592.54      1938.70    653.83     2147483648   0.83             442741.1   475136.0  
Exp6_RunGen4_Merge16_Mem2GB[2] 512.0      204        4          16         2307.99      1735.09    572.90     2147483648   0.93             442741.2   475136.0  
Exp6_RunGen4_Merge16_Mem2GB[3] 512.0      204        4          16         1938.03      1359.70    578.32     2147483648   1.11             442738.0   475136.0  
Exp6_RunGen4_Merge16_Mem2GB[avg] 512.0      204        4          16         2279.52      1677.83    601.68     2147483648   0.94             442740.1   475136.0  
================================================================================================================================================================

================================================================================================================================================================
Merge Operations Summary (showing last 1 of 1 merge passes)
================================================================================================================================================================
Config               M1PAvg     M1PMax     M1Imbal    M1Slow       M1Fast      
----------------------------------------------------------------------------------------------------------------------------------------------------------------
Exp6_RunGen4_Merge16_Mem2GB[1] 134217728  154678815  1.15       653.83       653.83      
Exp6_RunGen4_Merge16_Mem2GB[2] 134217728  152101878  1.13       572.90       572.90      
Exp6_RunGen4_Merge16_Mem2GB[3] 134217728  148561973  1.11       578.32       578.32      
----------------------------------------------------------------------------------------------------------------------------------------------------------------
Exp6_RunGen4_Merge16_Mem2GB[avg] 134217728  151780888  1.13       653.83       572.90      
================================================================================================================================================================

================================================================================================================================================================
Detailed I/O Statistics
================================================================================================================================================================
Config               RG Read MB   RG Write MB  M1Read MB    M1Write MB  
----------------------------------------------------------------------------------------------------------------------------------------------------------------
Exp6_RunGen4_Merge16_Mem2GB[1] 204800.0     237568.0     237941.1     237568.0    
Exp6_RunGen4_Merge16_Mem2GB[2] 204800.0     237568.0     237941.2     237568.0    
Exp6_RunGen4_Merge16_Mem2GB[3] 204800.0     237568.0     237938.0     237568.0    
----------------------------------------------------------------------------------------------------------------------------------------------------------------
Exp6_RunGen4_Merge16_Mem2GB[avg] 204800.0     237568.0     237940.1     237568.0    
================================================================================================================================================================

====================================================================================================
Run Generation Time Breakdown
====================================================================================================
Config               RG Total s   Load s       Sort s       Store s     
----------------------------------------------------------------------------------------------------
Exp6_RunGen4_Merge16_Mem2GB[1] 1938.70      0            1915.082     0           
Exp6_RunGen4_Merge16_Mem2GB[2] 1735.09      0            1705         0           
Exp6_RunGen4_Merge16_Mem2GB[3] 1359.70      0            1343.394     0           
----------------------------------------------------------------------------------------------------
Exp6_RunGen4_Merge16_Mem2GB[avg] 1677.83      0.00         1654.49      0.00        
====================================================================================================
