warning: unused imports: `SeedableRng` and `rngs::SmallRng`
 --> src/fastzipf.rs:2:12
  |
2 | use rand::{SeedableRng, rngs::SmallRng};
  |            ^^^^^^^^^^^  ^^^^^^^^^^^^^^
  |
  = note: `#[warn(unused_imports)]` (part of `#[warn(unused)]`) on by default

warning: unused import: `std::fmt`
 --> src/sketch/reservoir_sampler.rs:6:5
  |
6 | use std::fmt;
  |     ^^^^^^^^

warning: unused import: `crate::sketch::kll::KLL`
   --> src/sketch/reservoir_sampler.rs:190:9
    |
190 |     use crate::sketch::kll::KLL;
    |         ^^^^^^^^^^^^^^^^^^^^^^^

warning: unused import: `super::*`
   --> src/sketch/reservoir_sampler.rs:192:9
    |
192 |     use super::*;
    |         ^^^^^^^^

warning: unused import: `std::collections::HashMap`
   --> src/sketch/mod.rs:226:9
    |
226 |     use std::collections::HashMap;
    |         ^^^^^^^^^^^^^^^^^^^^^^^^^

warning: unused import: `super::kll::*`
   --> src/sketch/mod.rs:228:9
    |
228 |     use super::kll::*;
    |         ^^^^^^^^^^^^^

warning: unused import: `super::reservoir_sampler::*`
   --> src/sketch/mod.rs:229:9
    |
229 |     use super::reservoir_sampler::*;
    |         ^^^^^^^^^^^^^^^^^^^^^^^^^^^

warning: unused import: `super::*`
   --> src/sketch/mod.rs:230:9
    |
230 |     use super::*;
    |         ^^^^^^^^

warning: unused import: `Duration`
 --> src/sort/core/engine.rs:4:17
  |
4 | use std::time::{Duration, Instant, SystemTime, UNIX_EPOCH};
  |                 ^^^^^^^^

warning: function `compute_ovc_delta` is never used
    --> src/ovc/offset_value_coding.rs:1136:15
     |
1136 | pub(crate) fn compute_ovc_delta(prev_key: Option<&[u8]>, key: &[u8]) -> OVCU64 {
     |               ^^^^^^^^^^^^^^^^^
     |
     = note: `#[warn(dead_code)]` (part of `#[warn(unused)]`) on by default

warning: `es` (lib) generated 10 warnings (run `cargo fix --lib -p es` to apply 9 suggestions)
    Finished `release` profile [optimized] target(s) in 0.23s
     Running `target/release/examples/gen_sort_cli -n Exp6_RunGen4_Merge32_Mem2GB -i ./datasets/gensort_200GiB.data --run-gen-threads 4 --merge-threads 32 --run-size-mb 512.00 --merge-fanin 1024 --warmup-runs 1 --benchmark-runs 3 --cooldown-seconds 30 --dir logs/resource_bench_2025-12-17_14-38-52/Exp6_RunGen4_Merge32_Mem2GB_tmp`

=== BENCHMARK MODE ===
GenSort file: "./datasets/gensort_200GiB.data"
Total entries: 2147483648
Estimated data size: 204800.00 MB
Run generation threads: 4
Use OVC: true
Run size (MB): 512.00
Run generation memory (MB): 2048.0
Merge threads: 32
Merge fan-in: 1024
Merge memory (MB): 2048.0
Sketch type: kll
Sketch size: 200
Run indexing interval: 1000
Temporary directory: "logs/resource_bench_2025-12-17_14-38-52/Exp6_RunGen4_Merge32_Mem2GB_tmp"
Warmup runs: 1
Runs per configuration: 3
Cooldown between runs (s): 30
Verify output: false

Running benchmark for config: Exp6_RunGen4_Merge32_Mem2GB
Parameters: Run Gen Threads: 4, Use OVC: true, Run Size: 512.00 MB, Run Gen Memory: 2048.0 MB, Merge Threads: 32, Merge Fanin: 1024, Merge Memory: 2048.0 MB, Imbalance Factor: 1.0
================================================================================
  Performing 1 warmup run(s)...
    Warmup 1/1: Starting sort with 4 parallel scanners for run generation
Run gen thread 3 1943695 ms, 51 runs generated
Run gen thread 2 1954720 ms, 51 runs generated
Run gen thread 1 1975284 ms, 51 runs generated
Run gen thread 0 1996605 ms, 51 runs generated
Generated 204 runs in 1996659 ms
Merging 204 runs using 32 threads
Merge phase took 611027 ms | Merged 2147483648 entries across 32 runs | Thread timing: min=487007 ms, max=611023 ms | Partition sizes: imbalance=1.21x
2607.69s
  Warmup complete.

  Run 1/3: Starting sort with 4 parallel scanners for run generation
Run gen thread 3 1652194 ms, 51 runs generated
Run gen thread 0 1695154 ms, 51 runs generated
Run gen thread 1 1700693 ms, 51 runs generated
Run gen thread 2 1726420 ms, 51 runs generated
Generated 204 runs in 1726944 ms
Merging 204 runs using 32 threads
Merge phase took 613665 ms | Merged 2147483648 entries across 32 runs | Thread timing: min=411223 ms, max=613660 ms | Partition sizes: imbalance=1.28x
SortStats:
  Number of runs: 204
  (R) time: 1726944 ms
  (R) breakdown: load=0 ms, sort=1693615 ms, store=0 ms
  (R) I/O stats: I/O Stats: Read Ops: 3276800, Read Bytes: 214748364800, Write Ops: 3801088, Write Bytes: 249108103168
  (M) time: 613665 ms
  Read amplification:
    Run generation writes: 249108103168 bytes (232.00 GB)
    Merge phase reads: 249903316992 bytes (232.74 GB)
    Read amplification factor: 1.00x
    Excess reads: 0.3% (sparse indexing overhead)
  Thread timing:
    Min thread time: 411223 ms
    Max thread time: 613660 ms
    Avg thread time: 561158 ms
    Time imbalance factor (max/avg): 1.09x
    Thread times: [560021, 612387, 573628, 522788, 582908, 503509, 598007, 587443, 572845, 591413, 484557, 601132, 596423, 556554, 567667, 477922, 613660, 531424, 585548, 567006, 583766, 578095, 530364, 599528, 484898, 586178, 602024, 502333, 600814, 603712, 411223, 587266]

2340.61s

  Cooling down for 30s before next run...
  Run 2/3: Starting sort with 4 parallel scanners for run generation
Run gen thread 0 2051157 ms, 51 runs generated
Run gen thread 3 2057892 ms, 51 runs generated
Run gen thread 1 2085778 ms, 51 runs generated
Run gen thread 2 2098402 ms, 51 runs generated
Generated 204 runs in 2098565 ms
Merging 204 runs using 32 threads
Merge phase took 598621 ms | Merged 2147483648 entries across 32 runs | Thread timing: min=448531 ms, max=598619 ms | Partition sizes: imbalance=1.21x
SortStats:
  Number of runs: 204
  (R) time: 2098565 ms
  (R) breakdown: load=0 ms, sort=2073307 ms, store=0 ms
  (R) I/O stats: I/O Stats: Read Ops: 3276800, Read Bytes: 214748364800, Write Ops: 3801088, Write Bytes: 249108103168
  (M) time: 598621 ms
  Read amplification:
    Run generation writes: 249108103168 bytes (232.00 GB)
    Merge phase reads: 249903251456 bytes (232.74 GB)
    Read amplification factor: 1.00x
    Excess reads: 0.3% (sparse indexing overhead)
  Thread timing:
    Min thread time: 448531 ms
    Max thread time: 598619 ms
    Avg thread time: 557894 ms
    Time imbalance factor (max/avg): 1.07x
    Thread times: [540093, 575579, 579354, 576147, 580596, 559943, 494668, 580787, 594292, 529650, 573389, 546738, 593538, 505376, 595821, 519328, 576794, 568529, 512653, 594698, 543193, 525148, 545876, 576839, 567687, 598619, 448531, 582143, 577847, 537693, 590175, 560895]

2697.19s

  Cooling down for 30s before next run...
  Run 3/3: Starting sort with 4 parallel scanners for run generation
Run gen thread 3 2008732 ms, 51 runs generated
Run gen thread 2 2026199 ms, 51 runs generated
Run gen thread 0 2030581 ms, 51 runs generated
Run gen thread 1 2055155 ms, 51 runs generated
Generated 204 runs in 2055240 ms
Merging 204 runs using 32 threads
Merge phase took 659934 ms | Merged 2147483648 entries across 32 runs | Thread timing: min=498853 ms, max=659932 ms | Partition sizes: imbalance=1.31x
SortStats:
  Number of runs: 204
  (R) time: 2055240 ms
  (R) breakdown: load=0 ms, sort=2030166 ms, store=0 ms
  (R) I/O stats: I/O Stats: Read Ops: 3276800, Read Bytes: 214748364800, Write Ops: 3801088, Write Bytes: 249108103168
  (M) time: 659934 ms
  Read amplification:
    Run generation writes: 249108103168 bytes (232.00 GB)
    Merge phase reads: 249898008576 bytes (232.74 GB)
    Read amplification factor: 1.00x
    Excess reads: 0.3% (sparse indexing overhead)
  Thread timing:
    Min thread time: 498853 ms
    Max thread time: 659932 ms
    Avg thread time: 605035 ms
    Time imbalance factor (max/avg): 1.09x
    Thread times: [624657, 594902, 593711, 580253, 654249, 595996, 606766, 574105, 638984, 532748, 631017, 614322, 612052, 646391, 539043, 611326, 641052, 583033, 638598, 588704, 627121, 605864, 603095, 612267, 498853, 613754, 659932, 565595, 592289, 609215, 633943, 637295]

2715.17s


================================================================================================================================================================
Benchmark Results Summary
================================================================================================================================================================
Config               Run Size   RG Runs    Gen Thr    Merge Thr  Total (s)  RunGen (s)   Merge (s)  Entries      Throughput       Read MB    Write MB  
                     (MB)                                                                                        (M entries/s)                         
----------------------------------------------------------------------------------------------------------------------------------------------------------------
Exp6_RunGen4_Merge32_Mem2GB[1] 512.0      204        4          32         2340.61      1726.94    613.66     2147483648   0.92             443126.4   475136.0  
Exp6_RunGen4_Merge32_Mem2GB[2] 512.0      204        4          32         2697.19      2098.57    598.62     2147483648   0.80             443126.3   475136.0  
Exp6_RunGen4_Merge32_Mem2GB[3] 512.0      204        4          32         2715.17      2055.24    659.93     2147483648   0.79             443121.3   475136.0  
Exp6_RunGen4_Merge32_Mem2GB[avg] 512.0      204        4          32         2584.32      1960.25    624.07     2147483648   0.83             443124.7   475136.0  
================================================================================================================================================================

================================================================================================================================================================
Merge Operations Summary (showing last 1 of 1 merge passes)
================================================================================================================================================================
Config               M1PAvg     M1PMax     M1Imbal    M1Slow       M1Fast      
----------------------------------------------------------------------------------------------------------------------------------------------------------------
Exp6_RunGen4_Merge32_Mem2GB[1] 67108864   86009926   1.28       613.66       613.66      
Exp6_RunGen4_Merge32_Mem2GB[2] 67108864   81413580   1.21       598.62       598.62      
Exp6_RunGen4_Merge32_Mem2GB[3] 67108864   87768630   1.31       659.93       659.93      
----------------------------------------------------------------------------------------------------------------------------------------------------------------
Exp6_RunGen4_Merge32_Mem2GB[avg] 67108864   85064045   1.27       659.93       598.62      
================================================================================================================================================================

================================================================================================================================================================
Detailed I/O Statistics
================================================================================================================================================================
Config               RG Read MB   RG Write MB  M1Read MB    M1Write MB  
----------------------------------------------------------------------------------------------------------------------------------------------------------------
Exp6_RunGen4_Merge32_Mem2GB[1] 204800.0     237568.0     238326.4     237568.0    
Exp6_RunGen4_Merge32_Mem2GB[2] 204800.0     237568.0     238326.3     237568.0    
Exp6_RunGen4_Merge32_Mem2GB[3] 204800.0     237568.0     238321.3     237568.0    
----------------------------------------------------------------------------------------------------------------------------------------------------------------
Exp6_RunGen4_Merge32_Mem2GB[avg] 204800.0     237568.0     238324.7     237568.0    
================================================================================================================================================================

====================================================================================================
Run Generation Time Breakdown
====================================================================================================
Config               RG Total s   Load s       Sort s       Store s     
----------------------------------------------------------------------------------------------------
Exp6_RunGen4_Merge32_Mem2GB[1] 1726.94      0            1693.615     0           
Exp6_RunGen4_Merge32_Mem2GB[2] 2098.57      0            2073.307     0           
Exp6_RunGen4_Merge32_Mem2GB[3] 2055.24      0            2030.166     0           
----------------------------------------------------------------------------------------------------
Exp6_RunGen4_Merge32_Mem2GB[avg] 1960.25      0.00         1932.36      0.00        
====================================================================================================
