warning: unused imports: `SeedableRng` and `rngs::SmallRng`
 --> src/fastzipf.rs:2:12
  |
2 | use rand::{SeedableRng, rngs::SmallRng};
  |            ^^^^^^^^^^^  ^^^^^^^^^^^^^^
  |
  = note: `#[warn(unused_imports)]` (part of `#[warn(unused)]`) on by default

warning: unused import: `std::fmt`
 --> src/sketch/reservoir_sampler.rs:6:5
  |
6 | use std::fmt;
  |     ^^^^^^^^

warning: unused import: `crate::sketch::kll::KLL`
   --> src/sketch/reservoir_sampler.rs:190:9
    |
190 |     use crate::sketch::kll::KLL;
    |         ^^^^^^^^^^^^^^^^^^^^^^^

warning: unused import: `super::*`
   --> src/sketch/reservoir_sampler.rs:192:9
    |
192 |     use super::*;
    |         ^^^^^^^^

warning: unused import: `std::collections::HashMap`
   --> src/sketch/mod.rs:226:9
    |
226 |     use std::collections::HashMap;
    |         ^^^^^^^^^^^^^^^^^^^^^^^^^

warning: unused import: `super::kll::*`
   --> src/sketch/mod.rs:228:9
    |
228 |     use super::kll::*;
    |         ^^^^^^^^^^^^^

warning: unused import: `super::reservoir_sampler::*`
   --> src/sketch/mod.rs:229:9
    |
229 |     use super::reservoir_sampler::*;
    |         ^^^^^^^^^^^^^^^^^^^^^^^^^^^

warning: unused import: `super::*`
   --> src/sketch/mod.rs:230:9
    |
230 |     use super::*;
    |         ^^^^^^^^

warning: unused import: `Duration`
 --> src/sort/core/engine.rs:4:17
  |
4 | use std::time::{Duration, Instant, SystemTime, UNIX_EPOCH};
  |                 ^^^^^^^^

warning: function `compute_ovc_delta` is never used
    --> src/ovc/offset_value_coding.rs:1136:15
     |
1136 | pub(crate) fn compute_ovc_delta(prev_key: Option<&[u8]>, key: &[u8]) -> OVCU64 {
     |               ^^^^^^^^^^^^^^^^^
     |
     = note: `#[warn(dead_code)]` (part of `#[warn(unused)]`) on by default

warning: `es` (lib) generated 10 warnings (run `cargo fix --lib -p es` to apply 9 suggestions)
    Finished `release` profile [optimized] target(s) in 0.20s
     Running `target/release/examples/gen_sort_cli -n Exp6_RunGen32_Merge8_Mem2GB -i ./datasets/gensort_200GiB.data --run-gen-threads 32 --merge-threads 8 --run-size-mb 64.00 --merge-fanin 4096 --warmup-runs 1 --benchmark-runs 3 --cooldown-seconds 30 --dir logs/resource_bench_2025-12-17_14-38-52/Exp6_RunGen32_Merge8_Mem2GB_tmp`

=== BENCHMARK MODE ===
GenSort file: "./datasets/gensort_200GiB.data"
Total entries: 2147483648
Estimated data size: 204800.00 MB
Run generation threads: 32
Use OVC: true
Run size (MB): 64.00
Run generation memory (MB): 2048.0
Merge threads: 8
Merge fan-in: 4096
Merge memory (MB): 2048.0
Sketch type: kll
Sketch size: 200
Run indexing interval: 1000
Temporary directory: "logs/resource_bench_2025-12-17_14-38-52/Exp6_RunGen32_Merge8_Mem2GB_tmp"
Warmup runs: 1
Runs per configuration: 3
Cooldown between runs (s): 30
Verify output: false

Running benchmark for config: Exp6_RunGen32_Merge8_Mem2GB
Parameters: Run Gen Threads: 32, Use OVC: true, Run Size: 64.00 MB, Run Gen Memory: 2048.0 MB, Merge Threads: 8, Merge Fanin: 4096, Merge Memory: 2048.0 MB, Imbalance Factor: 1.0
================================================================================
  Performing 1 warmup run(s)...
    Warmup 1/1: Starting sort with 32 parallel scanners for run generation
Run gen thread 5 520229 ms, 51 runs generated
Run gen thread 0 523461 ms, 51 runs generated
Run gen thread 13 523622 ms, 51 runs generated
Run gen thread 9 523873 ms, 51 runs generated
Run gen thread 29 523920 ms, 51 runs generated
Run gen thread 30 525223 ms, 51 runs generated
Run gen thread 23 525591 ms, 51 runs generated
Run gen thread 11 528052 ms, 51 runs generated
Run gen thread 7 529585 ms, 51 runs generated
Run gen thread 25 530534 ms, 51 runs generated
Run gen thread 28 530781 ms, 51 runs generated
Run gen thread 1 531051 ms, 51 runs generated
Run gen thread 14 531374 ms, 51 runs generated
Run gen thread 17 531621 ms, 51 runs generated
Run gen thread 12 531652 ms, 51 runs generated
Run gen thread 10 531707 ms, 51 runs generated
Run gen thread 8 532105 ms, 51 runs generated
Run gen thread 4 532705 ms, 51 runs generated
Run gen thread 22 532962 ms, 51 runs generated
Run gen thread 6 533202 ms, 51 runs generated
Run gen thread 16 534665 ms, 51 runs generated
Run gen thread 27 537448 ms, 51 runs generated
Run gen thread 26 539503 ms, 51 runs generated
Run gen thread 20 540362 ms, 51 runs generated
Run gen thread 24 541347 ms, 51 runs generated
Run gen thread 31 541605 ms, 51 runs generated
Run gen thread 19 542723 ms, 51 runs generated
Run gen thread 21 543146 ms, 51 runs generated
Run gen thread 18 543527 ms, 51 runs generated
Run gen thread 15 543923 ms, 51 runs generated
Run gen thread 2 544577 ms, 51 runs generated
Run gen thread 3 545426 ms, 51 runs generated
Generated 1632 runs in 546054 ms
Merging 1632 runs using 8 threads
Merge phase took 693156 ms | Merged 2147483648 entries across 8 runs | Thread timing: min=639311 ms, max=693155 ms | Partition sizes: imbalance=1.04x
1239.21s
  Warmup complete.

  Run 1/3: Starting sort with 32 parallel scanners for run generation
Run gen thread 19 643578 ms, 51 runs generated
Run gen thread 28 653226 ms, 51 runs generated
Run gen thread 26 653562 ms, 51 runs generated
Run gen thread 24 653936 ms, 51 runs generated
Run gen thread 17 654128 ms, 51 runs generated
Run gen thread 7 654626 ms, 51 runs generated
Run gen thread 23 654798 ms, 51 runs generated
Run gen thread 15 654927 ms, 51 runs generated
Run gen thread 6 654980 ms, 51 runs generated
Run gen thread 31 655463 ms, 51 runs generated
Run gen thread 10 656239 ms, 51 runs generated
Run gen thread 12 657079 ms, 51 runs generated
Run gen thread 30 657127 ms, 51 runs generated
Run gen thread 25 657132 ms, 51 runs generated
Run gen thread 0 657404 ms, 51 runs generated
Run gen thread 18 657482 ms, 51 runs generated
Run gen thread 5 657498 ms, 51 runs generated
Run gen thread 21 657817 ms, 51 runs generated
Run gen thread 8 658534 ms, 51 runs generated
Run gen thread 29 658790 ms, 51 runs generated
Run gen thread 2 659018 ms, 51 runs generated
Run gen thread 20 660089 ms, 51 runs generated
Run gen thread 11 660886 ms, 51 runs generated
Run gen thread 1 661692 ms, 51 runs generated
Run gen thread 27 661807 ms, 51 runs generated
Run gen thread 16 661876 ms, 51 runs generated
Run gen thread 9 662809 ms, 51 runs generated
Run gen thread 4 662885 ms, 51 runs generated
Run gen thread 3 662914 ms, 51 runs generated
Run gen thread 14 663124 ms, 51 runs generated
Run gen thread 22 663325 ms, 51 runs generated
Run gen thread 13 664474 ms, 51 runs generated
Generated 1632 runs in 664707 ms
Merging 1632 runs using 8 threads
Merge phase took 704691 ms | Merged 2147483648 entries across 8 runs | Thread timing: min=677725 ms, max=704690 ms | Partition sizes: imbalance=1.01x
SortStats:
  Number of runs: 1632
  (R) time: 664707 ms
  (R) breakdown: load=0 ms, sort=657913 ms, store=0 ms
  (R) I/O stats: I/O Stats: Read Ops: 3276800, Read Bytes: 214748364800, Write Ops: 3801088, Write Bytes: 249108103168
  (M) time: 704691 ms
  Read amplification:
    Run generation writes: 249108103168 bytes (232.00 GB)
    Merge phase reads: 250623361024 bytes (233.41 GB)
    Read amplification factor: 1.01x
    Excess reads: 0.6% (sparse indexing overhead)
  Thread timing:
    Min thread time: 677725 ms
    Max thread time: 704690 ms
    Avg thread time: 691275 ms
    Time imbalance factor (max/avg): 1.02x
    Thread times: [688780, 704690, 696417, 691168, 688618, 692031, 690769, 677725]

1369.40s

  Cooling down for 30s before next run...
  Run 2/3: Starting sort with 32 parallel scanners for run generation
Run gen thread 29 570117 ms, 51 runs generated
Run gen thread 14 570152 ms, 51 runs generated
Run gen thread 10 573396 ms, 51 runs generated
Run gen thread 12 574366 ms, 51 runs generated
Run gen thread 24 574669 ms, 51 runs generated
Run gen thread 25 575469 ms, 51 runs generated
Run gen thread 31 575492 ms, 51 runs generated
Run gen thread 7 576645 ms, 51 runs generated
Run gen thread 21 579353 ms, 51 runs generated
Run gen thread 22 580992 ms, 51 runs generated
Run gen thread 9 581089 ms, 51 runs generated
Run gen thread 30 584299 ms, 51 runs generated
Run gen thread 16 585701 ms, 51 runs generated
Run gen thread 23 586271 ms, 51 runs generated
Run gen thread 15 587040 ms, 51 runs generated
Run gen thread 0 587245 ms, 51 runs generated
Run gen thread 3 587713 ms, 51 runs generated
Run gen thread 26 587925 ms, 51 runs generated
Run gen thread 11 588228 ms, 51 runs generated
Run gen thread 19 588459 ms, 51 runs generated
Run gen thread 6 588651 ms, 51 runs generated
Run gen thread 28 588693 ms, 51 runs generated
Run gen thread 27 588741 ms, 51 runs generated
Run gen thread 13 588961 ms, 51 runs generated
Run gen thread 4 588992 ms, 51 runs generated
Run gen thread 17 589475 ms, 51 runs generated
Run gen thread 8 589483 ms, 51 runs generated
Run gen thread 18 590205 ms, 51 runs generated
Run gen thread 20 590509 ms, 51 runs generated
Run gen thread 1 590881 ms, 51 runs generated
Run gen thread 5 591152 ms, 51 runs generated
Run gen thread 2 594123 ms, 51 runs generated
Generated 1632 runs in 594858 ms
Merging 1632 runs using 8 threads
Merge phase took 698933 ms | Merged 2147483648 entries across 8 runs | Thread timing: min=670480 ms, max=698932 ms | Partition sizes: imbalance=1.04x
SortStats:
  Number of runs: 1632
  (R) time: 594858 ms
  (R) breakdown: load=0 ms, sort=584202 ms, store=0 ms
  (R) I/O stats: I/O Stats: Read Ops: 3276800, Read Bytes: 214748364800, Write Ops: 3801088, Write Bytes: 249108103168
  (M) time: 698933 ms
  Read amplification:
    Run generation writes: 249108103168 bytes (232.00 GB)
    Merge phase reads: 250628276224 bytes (233.42 GB)
    Read amplification factor: 1.01x
    Excess reads: 0.6% (sparse indexing overhead)
  Thread timing:
    Min thread time: 670480 ms
    Max thread time: 698932 ms
    Avg thread time: 682882 ms
    Time imbalance factor (max/avg): 1.02x
    Thread times: [698932, 674119, 673824, 678242, 692956, 682804, 691703, 670480]

1293.79s

  Cooling down for 30s before next run...
  Run 3/3: Starting sort with 32 parallel scanners for run generation
Run gen thread 14 540296 ms, 51 runs generated
Run gen thread 23 542143 ms, 51 runs generated
Run gen thread 16 544868 ms, 51 runs generated
Run gen thread 27 546195 ms, 51 runs generated
Run gen thread 17 546934 ms, 51 runs generated
Run gen thread 13 549328 ms, 51 runs generated
Run gen thread 20 549890 ms, 51 runs generated
Run gen thread 5 550097 ms, 51 runs generated
Run gen thread 29 550887 ms, 51 runs generated
Run gen thread 21 552560 ms, 51 runs generated
Run gen thread 31 555100 ms, 51 runs generated
Run gen thread 10 557133 ms, 51 runs generated
Run gen thread 22 558185 ms, 51 runs generated
Run gen thread 2 558695 ms, 51 runs generated
Run gen thread 9 558794 ms, 51 runs generated
Run gen thread 24 558908 ms, 51 runs generated
Run gen thread 0 558973 ms, 51 runs generated
Run gen thread 26 559773 ms, 51 runs generated
Run gen thread 25 559861 ms, 51 runs generated
Run gen thread 30 560096 ms, 51 runs generated
Run gen thread 4 560705 ms, 51 runs generated
Run gen thread 15 561766 ms, 51 runs generated
Run gen thread 1 562246 ms, 51 runs generated
Run gen thread 7 562277 ms, 51 runs generated
Run gen thread 19 562382 ms, 51 runs generated
Run gen thread 11 562622 ms, 51 runs generated
Run gen thread 28 563321 ms, 51 runs generated
Run gen thread 12 563567 ms, 51 runs generated
Run gen thread 3 564041 ms, 51 runs generated
Run gen thread 6 565137 ms, 51 runs generated
Run gen thread 18 565194 ms, 51 runs generated
Run gen thread 8 565209 ms, 51 runs generated
Generated 1632 runs in 565476 ms
Merging 1632 runs using 8 threads
Merge phase took 694428 ms | Merged 2147483648 entries across 8 runs | Thread timing: min=639945 ms, max=694427 ms | Partition sizes: imbalance=1.05x
SortStats:
  Number of runs: 1632
  (R) time: 565476 ms
  (R) breakdown: load=0 ms, sort=556786 ms, store=0 ms
  (R) I/O stats: I/O Stats: Read Ops: 3276800, Read Bytes: 214748364800, Write Ops: 3801088, Write Bytes: 249108103168
  (M) time: 694428 ms
  Read amplification:
    Run generation writes: 249108103168 bytes (232.00 GB)
    Merge phase reads: 250620084224 bytes (233.41 GB)
    Read amplification factor: 1.01x
    Excess reads: 0.6% (sparse indexing overhead)
  Thread timing:
    Min thread time: 639945 ms
    Max thread time: 694427 ms
    Avg thread time: 670346 ms
    Time imbalance factor (max/avg): 1.04x
    Thread times: [639945, 694427, 661798, 666697, 688394, 692716, 664163, 654630]

1259.90s


================================================================================================================================================================
Benchmark Results Summary
================================================================================================================================================================
Config               Run Size   RG Runs    Gen Thr    Merge Thr  Total (s)  RunGen (s)   Merge (s)  Entries      Throughput       Read MB    Write MB  
                     (MB)                                                                                        (M entries/s)                         
----------------------------------------------------------------------------------------------------------------------------------------------------------------
Exp6_RunGen32_Merge8_Mem2GB[1] 64.0       1632       32         8          1369.40      664.71     704.69     2147483648   1.57             443813.1   475136.0  
Exp6_RunGen32_Merge8_Mem2GB[2] 64.0       1632       32         8          1293.79      594.86     698.93     2147483648   1.66             443817.8   475136.0  
Exp6_RunGen32_Merge8_Mem2GB[3] 64.0       1632       32         8          1259.90      565.48     694.43     2147483648   1.70             443809.9   475136.0  
Exp6_RunGen32_Merge8_Mem2GB[avg] 64.0       1632       32         8          1307.70      608.35     699.35     2147483648   1.64             443813.6   475136.0  
================================================================================================================================================================

================================================================================================================================================================
Merge Operations Summary (showing last 1 of 1 merge passes)
================================================================================================================================================================
Config               M1PAvg     M1PMax     M1Imbal    M1Slow       M1Fast      
----------------------------------------------------------------------------------------------------------------------------------------------------------------
Exp6_RunGen32_Merge8_Mem2GB[1] 268435456  270730040  1.01       704.69       704.69      
Exp6_RunGen32_Merge8_Mem2GB[2] 268435456  279294664  1.04       698.93       698.93      
Exp6_RunGen32_Merge8_Mem2GB[3] 268435456  281785770  1.05       694.43       694.43      
----------------------------------------------------------------------------------------------------------------------------------------------------------------
Exp6_RunGen32_Merge8_Mem2GB[avg] 268435456  277270158  1.03       704.69       694.43      
================================================================================================================================================================

================================================================================================================================================================
Detailed I/O Statistics
================================================================================================================================================================
Config               RG Read MB   RG Write MB  M1Read MB    M1Write MB  
----------------------------------------------------------------------------------------------------------------------------------------------------------------
Exp6_RunGen32_Merge8_Mem2GB[1] 204800.0     237568.0     239013.1     237568.0    
Exp6_RunGen32_Merge8_Mem2GB[2] 204800.0     237568.0     239017.8     237568.0    
Exp6_RunGen32_Merge8_Mem2GB[3] 204800.0     237568.0     239009.9     237568.0    
----------------------------------------------------------------------------------------------------------------------------------------------------------------
Exp6_RunGen32_Merge8_Mem2GB[avg] 204800.0     237568.0     239013.6     237568.0    
================================================================================================================================================================

====================================================================================================
Run Generation Time Breakdown
====================================================================================================
Config               RG Total s   Load s       Sort s       Store s     
----------------------------------------------------------------------------------------------------
Exp6_RunGen32_Merge8_Mem2GB[1] 664.71       0            657.913      0           
Exp6_RunGen32_Merge8_Mem2GB[2] 594.86       0            584.202      0           
Exp6_RunGen32_Merge8_Mem2GB[3] 565.48       0            556.786      0           
----------------------------------------------------------------------------------------------------
Exp6_RunGen32_Merge8_Mem2GB[avg] 608.35       0.00         599.63       0.00        
====================================================================================================
