warning: unused imports: `SeedableRng` and `rngs::SmallRng`
 --> src/fastzipf.rs:2:12
  |
2 | use rand::{SeedableRng, rngs::SmallRng};
  |            ^^^^^^^^^^^  ^^^^^^^^^^^^^^
  |
  = note: `#[warn(unused_imports)]` (part of `#[warn(unused)]`) on by default

warning: unused import: `std::fmt`
 --> src/sketch/reservoir_sampler.rs:6:5
  |
6 | use std::fmt;
  |     ^^^^^^^^

warning: unused import: `crate::sketch::kll::KLL`
   --> src/sketch/reservoir_sampler.rs:190:9
    |
190 |     use crate::sketch::kll::KLL;
    |         ^^^^^^^^^^^^^^^^^^^^^^^

warning: unused import: `super::*`
   --> src/sketch/reservoir_sampler.rs:192:9
    |
192 |     use super::*;
    |         ^^^^^^^^

warning: unused import: `std::collections::HashMap`
   --> src/sketch/mod.rs:226:9
    |
226 |     use std::collections::HashMap;
    |         ^^^^^^^^^^^^^^^^^^^^^^^^^

warning: unused import: `super::kll::*`
   --> src/sketch/mod.rs:228:9
    |
228 |     use super::kll::*;
    |         ^^^^^^^^^^^^^

warning: unused import: `super::reservoir_sampler::*`
   --> src/sketch/mod.rs:229:9
    |
229 |     use super::reservoir_sampler::*;
    |         ^^^^^^^^^^^^^^^^^^^^^^^^^^^

warning: unused import: `super::*`
   --> src/sketch/mod.rs:230:9
    |
230 |     use super::*;
    |         ^^^^^^^^

warning: unused import: `Duration`
 --> src/sort/core/engine.rs:4:17
  |
4 | use std::time::{Duration, Instant, SystemTime, UNIX_EPOCH};
  |                 ^^^^^^^^

warning: function `compute_ovc_delta` is never used
    --> src/ovc/offset_value_coding.rs:1136:15
     |
1136 | pub(crate) fn compute_ovc_delta(prev_key: Option<&[u8]>, key: &[u8]) -> OVCU64 {
     |               ^^^^^^^^^^^^^^^^^
     |
     = note: `#[warn(dead_code)]` (part of `#[warn(unused)]`) on by default

warning: `es` (lib) generated 10 warnings (run `cargo fix --lib -p es` to apply 9 suggestions)
    Finished `release` profile [optimized] target(s) in 0.22s
     Running `target/release/examples/gen_sort_cli -n Exp6_RunGen16_Merge40_Mem2GB -i ./datasets/gensort_200GiB.data --run-gen-threads 16 --merge-threads 40 --run-size-mb 128.00 --merge-fanin 819 --warmup-runs 1 --benchmark-runs 3 --cooldown-seconds 30 --dir logs/resource_bench_2025-12-17_14-38-52/Exp6_RunGen16_Merge40_Mem2GB_tmp`

=== BENCHMARK MODE ===
GenSort file: "./datasets/gensort_200GiB.data"
Total entries: 2147483648
Estimated data size: 204800.00 MB
Run generation threads: 16
Use OVC: true
Run size (MB): 128.00
Run generation memory (MB): 2048.0
Merge threads: 40
Merge fan-in: 819
Merge memory (MB): 2047.5
Sketch type: kll
Sketch size: 200
Run indexing interval: 1000
Temporary directory: "logs/resource_bench_2025-12-17_14-38-52/Exp6_RunGen16_Merge40_Mem2GB_tmp"
Warmup runs: 1
Runs per configuration: 3
Cooldown between runs (s): 30
Verify output: false

Running benchmark for config: Exp6_RunGen16_Merge40_Mem2GB
Parameters: Run Gen Threads: 16, Use OVC: true, Run Size: 128.00 MB, Run Gen Memory: 2048.0 MB, Merge Threads: 40, Merge Fanin: 819, Merge Memory: 2047.5 MB, Imbalance Factor: 1.0
================================================================================
  Performing 1 warmup run(s)...
    Warmup 1/1: Starting sort with 16 parallel scanners for run generation
Run gen thread 13 724824 ms, 51 runs generated
Run gen thread 3 725654 ms, 51 runs generated
Run gen thread 7 729861 ms, 51 runs generated
Run gen thread 5 736641 ms, 51 runs generated
Run gen thread 2 737212 ms, 51 runs generated
Run gen thread 8 737442 ms, 51 runs generated
Run gen thread 11 738149 ms, 51 runs generated
Run gen thread 4 741580 ms, 51 runs generated
Run gen thread 9 744007 ms, 51 runs generated
Run gen thread 0 744176 ms, 51 runs generated
Run gen thread 6 744478 ms, 51 runs generated
Run gen thread 10 745110 ms, 51 runs generated
Run gen thread 12 748250 ms, 51 runs generated
Run gen thread 15 748874 ms, 51 runs generated
Run gen thread 14 748911 ms, 51 runs generated
Run gen thread 1 751522 ms, 51 runs generated
Generated 816 runs in 751712 ms
Merging 816 runs using 40 threads
Merge phase took 538907 ms | Merged 2147483648 entries across 40 runs | Thread timing: min=437955 ms, max=538896 ms | Partition sizes: imbalance=1.21x
1290.62s
  Warmup complete.

  Run 1/3: Starting sort with 16 parallel scanners for run generation
Run gen thread 3 718913 ms, 51 runs generated
Run gen thread 9 722641 ms, 51 runs generated
Run gen thread 7 728334 ms, 51 runs generated
Run gen thread 15 741999 ms, 51 runs generated
Run gen thread 8 750059 ms, 51 runs generated
Run gen thread 14 750284 ms, 51 runs generated
Run gen thread 10 750446 ms, 51 runs generated
Run gen thread 13 751852 ms, 51 runs generated
Run gen thread 12 752714 ms, 51 runs generated
Run gen thread 4 760290 ms, 51 runs generated
Run gen thread 1 762987 ms, 51 runs generated
Run gen thread 11 763455 ms, 51 runs generated
Run gen thread 6 763917 ms, 51 runs generated
Run gen thread 2 764219 ms, 51 runs generated
Run gen thread 5 764498 ms, 51 runs generated
Run gen thread 0 764551 ms, 51 runs generated
Generated 816 runs in 765216 ms
Merging 816 runs using 40 threads
Merge phase took 569110 ms | Merged 2147483648 entries across 40 runs | Thread timing: min=449088 ms, max=569107 ms | Partition sizes: imbalance=1.23x
SortStats:
  Number of runs: 816
  (R) time: 765216 ms
  (R) breakdown: load=0 ms, sort=750697 ms, store=0 ms
  (R) I/O stats: I/O Stats: Read Ops: 3276800, Read Bytes: 214748364800, Write Ops: 3801088, Write Bytes: 249108103168
  (M) time: 569110 ms
  Read amplification:
    Run generation writes: 249108103168 bytes (232.00 GB)
    Merge phase reads: 253084565504 bytes (235.70 GB)
    Read amplification factor: 1.02x
    Excess reads: 1.6% (sparse indexing overhead)
  Thread timing:
    Min thread time: 449088 ms
    Max thread time: 569107 ms
    Avg thread time: 524762 ms
    Time imbalance factor (max/avg): 1.08x

1334.33s

  Cooling down for 30s before next run...
  Run 2/3: Starting sort with 16 parallel scanners for run generation
Run gen thread 12 729856 ms, 51 runs generated
Run gen thread 5 735485 ms, 51 runs generated
Run gen thread 6 737449 ms, 51 runs generated
Run gen thread 15 739954 ms, 51 runs generated
Run gen thread 11 743817 ms, 51 runs generated
Run gen thread 3 749803 ms, 51 runs generated
Run gen thread 10 750319 ms, 51 runs generated
Run gen thread 0 751942 ms, 51 runs generated
Run gen thread 14 752909 ms, 51 runs generated
Run gen thread 8 753921 ms, 51 runs generated
Run gen thread 7 754496 ms, 51 runs generated
Run gen thread 1 756915 ms, 51 runs generated
Run gen thread 13 757030 ms, 51 runs generated
Run gen thread 4 758150 ms, 51 runs generated
Run gen thread 2 758225 ms, 51 runs generated
Run gen thread 9 759021 ms, 51 runs generated
Generated 816 runs in 759301 ms
Merging 816 runs using 40 threads
Merge phase took 557713 ms | Merged 2147483648 entries across 40 runs | Thread timing: min=417414 ms, max=557711 ms | Partition sizes: imbalance=1.20x
SortStats:
  Number of runs: 816
  (R) time: 759301 ms
  (R) breakdown: load=0 ms, sort=749330 ms, store=0 ms
  (R) I/O stats: I/O Stats: Read Ops: 3276800, Read Bytes: 214748364800, Write Ops: 3801088, Write Bytes: 249108103168
  (M) time: 557713 ms
  Read amplification:
    Run generation writes: 249108103168 bytes (232.00 GB)
    Merge phase reads: 253100294144 bytes (235.72 GB)
    Read amplification factor: 1.02x
    Excess reads: 1.6% (sparse indexing overhead)
  Thread timing:
    Min thread time: 417414 ms
    Max thread time: 557711 ms
    Avg thread time: 519943 ms
    Time imbalance factor (max/avg): 1.07x

1317.01s

  Cooling down for 30s before next run...
  Run 3/3: Starting sort with 16 parallel scanners for run generation
Run gen thread 7 695936 ms, 51 runs generated
Run gen thread 6 711144 ms, 51 runs generated
Run gen thread 5 711502 ms, 51 runs generated
Run gen thread 2 714374 ms, 51 runs generated
Run gen thread 14 718346 ms, 51 runs generated
Run gen thread 9 722201 ms, 51 runs generated
Run gen thread 10 722967 ms, 51 runs generated
Run gen thread 8 723743 ms, 51 runs generated
Run gen thread 0 725251 ms, 51 runs generated
Run gen thread 11 725420 ms, 51 runs generated
Run gen thread 15 726174 ms, 51 runs generated
Run gen thread 13 727352 ms, 51 runs generated
Run gen thread 1 727425 ms, 51 runs generated
Run gen thread 4 729823 ms, 51 runs generated
Run gen thread 3 730821 ms, 51 runs generated
Run gen thread 12 732090 ms, 51 runs generated
Generated 816 runs in 732206 ms
Merging 816 runs using 40 threads
Merge phase took 534529 ms | Merged 2147483648 entries across 40 runs | Thread timing: min=433938 ms, max=534527 ms | Partition sizes: imbalance=1.18x
SortStats:
  Number of runs: 816
  (R) time: 732206 ms
  (R) breakdown: load=0 ms, sort=721535 ms, store=0 ms
  (R) I/O stats: I/O Stats: Read Ops: 3276800, Read Bytes: 214748364800, Write Ops: 3801088, Write Bytes: 249108103168
  (M) time: 534529 ms
  Read amplification:
    Run generation writes: 249108103168 bytes (232.00 GB)
    Merge phase reads: 253110779904 bytes (235.73 GB)
    Read amplification factor: 1.02x
    Excess reads: 1.6% (sparse indexing overhead)
  Thread timing:
    Min thread time: 433938 ms
    Max thread time: 534527 ms
    Avg thread time: 501163 ms
    Time imbalance factor (max/avg): 1.07x

1266.74s


================================================================================================================================================================
Benchmark Results Summary
================================================================================================================================================================
Config               Run Size   RG Runs    Gen Thr    Merge Thr  Total (s)  RunGen (s)   Merge (s)  Entries      Throughput       Read MB    Write MB  
                     (MB)                                                                                        (M entries/s)                         
----------------------------------------------------------------------------------------------------------------------------------------------------------------
Exp6_RunGen16_Merge40_Mem2GB[1] 128.0      816        16         40         1334.33      765.22     569.11     2147483648   1.61             446160.2   475136.0  
Exp6_RunGen16_Merge40_Mem2GB[2] 128.0      816        16         40         1317.01      759.30     557.71     2147483648   1.63             446175.2   475136.0  
Exp6_RunGen16_Merge40_Mem2GB[3] 128.0      816        16         40         1266.74      732.21     534.53     2147483648   1.70             446185.2   475136.0  
Exp6_RunGen16_Merge40_Mem2GB[avg] 128.0      816        16         40         1306.03      752.24     553.78     2147483648   1.64             446173.6   475136.0  
================================================================================================================================================================

================================================================================================================================================================
Merge Operations Summary (showing last 1 of 1 merge passes)
================================================================================================================================================================
Config               M1PAvg     M1PMax     M1Imbal    M1Slow       M1Fast      
----------------------------------------------------------------------------------------------------------------------------------------------------------------
Exp6_RunGen16_Merge40_Mem2GB[1] 53687091   65959027   1.23       569.11       569.11      
Exp6_RunGen16_Merge40_Mem2GB[2] 53687091   64297986   1.20       557.71       557.71      
Exp6_RunGen16_Merge40_Mem2GB[3] 53687091   63413319   1.18       534.53       534.53      
----------------------------------------------------------------------------------------------------------------------------------------------------------------
Exp6_RunGen16_Merge40_Mem2GB[avg] 53687091   64556777   1.20       569.11       534.53      
================================================================================================================================================================

================================================================================================================================================================
Detailed I/O Statistics
================================================================================================================================================================
Config               RG Read MB   RG Write MB  M1Read MB    M1Write MB  
----------------------------------------------------------------------------------------------------------------------------------------------------------------
Exp6_RunGen16_Merge40_Mem2GB[1] 204800.0     237568.0     241360.2     237568.0    
Exp6_RunGen16_Merge40_Mem2GB[2] 204800.0     237568.0     241375.2     237568.0    
Exp6_RunGen16_Merge40_Mem2GB[3] 204800.0     237568.0     241385.2     237568.0    
----------------------------------------------------------------------------------------------------------------------------------------------------------------
Exp6_RunGen16_Merge40_Mem2GB[avg] 204800.0     237568.0     241373.6     237568.0    
================================================================================================================================================================

====================================================================================================
Run Generation Time Breakdown
====================================================================================================
Config               RG Total s   Load s       Sort s       Store s     
----------------------------------------------------------------------------------------------------
Exp6_RunGen16_Merge40_Mem2GB[1] 765.22       0            750.697      0           
Exp6_RunGen16_Merge40_Mem2GB[2] 759.30       0            749.33       0           
Exp6_RunGen16_Merge40_Mem2GB[3] 732.21       0            721.535      0           
----------------------------------------------------------------------------------------------------
Exp6_RunGen16_Merge40_Mem2GB[avg] 752.24       0.00         740.52       0.00        
====================================================================================================
