warning: unused imports: `SeedableRng` and `rngs::SmallRng`
 --> src/fastzipf.rs:2:12
  |
2 | use rand::{SeedableRng, rngs::SmallRng};
  |            ^^^^^^^^^^^  ^^^^^^^^^^^^^^
  |
  = note: `#[warn(unused_imports)]` (part of `#[warn(unused)]`) on by default

warning: unused import: `std::fmt`
 --> src/sketch/reservoir_sampler.rs:6:5
  |
6 | use std::fmt;
  |     ^^^^^^^^

warning: unused import: `crate::sketch::kll::KLL`
   --> src/sketch/reservoir_sampler.rs:190:9
    |
190 |     use crate::sketch::kll::KLL;
    |         ^^^^^^^^^^^^^^^^^^^^^^^

warning: unused import: `super::*`
   --> src/sketch/reservoir_sampler.rs:192:9
    |
192 |     use super::*;
    |         ^^^^^^^^

warning: unused import: `std::collections::HashMap`
   --> src/sketch/mod.rs:226:9
    |
226 |     use std::collections::HashMap;
    |         ^^^^^^^^^^^^^^^^^^^^^^^^^

warning: unused import: `super::kll::*`
   --> src/sketch/mod.rs:228:9
    |
228 |     use super::kll::*;
    |         ^^^^^^^^^^^^^

warning: unused import: `super::reservoir_sampler::*`
   --> src/sketch/mod.rs:229:9
    |
229 |     use super::reservoir_sampler::*;
    |         ^^^^^^^^^^^^^^^^^^^^^^^^^^^

warning: unused import: `super::*`
   --> src/sketch/mod.rs:230:9
    |
230 |     use super::*;
    |         ^^^^^^^^

warning: unused import: `Duration`
 --> src/sort/core/engine.rs:4:17
  |
4 | use std::time::{Duration, Instant, SystemTime, UNIX_EPOCH};
  |                 ^^^^^^^^

warning: function `compute_ovc_delta` is never used
    --> src/ovc/offset_value_coding.rs:1136:15
     |
1136 | pub(crate) fn compute_ovc_delta(prev_key: Option<&[u8]>, key: &[u8]) -> OVCU64 {
     |               ^^^^^^^^^^^^^^^^^
     |
     = note: `#[warn(dead_code)]` (part of `#[warn(unused)]`) on by default

warning: `es` (lib) generated 10 warnings (run `cargo fix --lib -p es` to apply 9 suggestions)
    Finished `release` profile [optimized] target(s) in 0.20s
     Running `target/release/examples/gen_sort_cli -n Exp6_RunGen8_Merge40_Mem2GB -i ./datasets/gensort_200GiB.data --run-gen-threads 8 --merge-threads 40 --run-size-mb 256.00 --merge-fanin 819 --warmup-runs 1 --benchmark-runs 3 --cooldown-seconds 30 --dir logs/resource_bench_2025-12-17_14-38-52/Exp6_RunGen8_Merge40_Mem2GB_tmp`

=== BENCHMARK MODE ===
GenSort file: "./datasets/gensort_200GiB.data"
Total entries: 2147483648
Estimated data size: 204800.00 MB
Run generation threads: 8
Use OVC: true
Run size (MB): 256.00
Run generation memory (MB): 2048.0
Merge threads: 40
Merge fan-in: 819
Merge memory (MB): 2047.5
Sketch type: kll
Sketch size: 200
Run indexing interval: 1000
Temporary directory: "logs/resource_bench_2025-12-17_14-38-52/Exp6_RunGen8_Merge40_Mem2GB_tmp"
Warmup runs: 1
Runs per configuration: 3
Cooldown between runs (s): 30
Verify output: false

Running benchmark for config: Exp6_RunGen8_Merge40_Mem2GB
Parameters: Run Gen Threads: 8, Use OVC: true, Run Size: 256.00 MB, Run Gen Memory: 2048.0 MB, Merge Threads: 40, Merge Fanin: 819, Merge Memory: 2047.5 MB, Imbalance Factor: 1.0
================================================================================
  Performing 1 warmup run(s)...
    Warmup 1/1: Starting sort with 8 parallel scanners for run generation
Run gen thread 6 1020036 ms, 51 runs generated
Run gen thread 5 1022981 ms, 51 runs generated
Run gen thread 4 1029470 ms, 51 runs generated
Run gen thread 0 1029934 ms, 51 runs generated
Run gen thread 1 1030364 ms, 51 runs generated
Run gen thread 3 1035712 ms, 51 runs generated
Run gen thread 2 1037130 ms, 51 runs generated
Run gen thread 7 1051132 ms, 51 runs generated
Generated 408 runs in 1051228 ms
Merging 408 runs using 40 threads
Merge phase took 569841 ms | Merged 2147483648 entries across 40 runs | Thread timing: min=448733 ms, max=569832 ms | Partition sizes: imbalance=1.26x
1621.07s
  Warmup complete.

  Run 1/3: Starting sort with 8 parallel scanners for run generation
Run gen thread 5 981684 ms, 51 runs generated
Run gen thread 2 986578 ms, 51 runs generated
Run gen thread 4 987272 ms, 51 runs generated
Run gen thread 6 995791 ms, 51 runs generated
Run gen thread 7 996587 ms, 51 runs generated
Run gen thread 1 999729 ms, 51 runs generated
Run gen thread 3 1003451 ms, 51 runs generated
Run gen thread 0 1012204 ms, 51 runs generated
Generated 408 runs in 1012389 ms
Merging 408 runs using 40 threads
Merge phase took 587626 ms | Merged 2147483648 entries across 40 runs | Thread timing: min=442450 ms, max=587624 ms | Partition sizes: imbalance=1.25x
SortStats:
  Number of runs: 408
  (R) time: 1012389 ms
  (R) breakdown: load=0 ms, sort=995412 ms, store=0 ms
  (R) I/O stats: I/O Stats: Read Ops: 3276800, Read Bytes: 214748364800, Write Ops: 3801088, Write Bytes: 249108103168
  (M) time: 587626 ms
  Read amplification:
    Run generation writes: 249108103168 bytes (232.00 GB)
    Merge phase reads: 251098300416 bytes (233.85 GB)
    Read amplification factor: 1.01x
    Excess reads: 0.8% (sparse indexing overhead)
  Thread timing:
    Min thread time: 442450 ms
    Max thread time: 587624 ms
    Avg thread time: 534765 ms
    Time imbalance factor (max/avg): 1.10x

1600.01s

  Cooling down for 30s before next run...
  Run 2/3: Starting sort with 8 parallel scanners for run generation
Run gen thread 7 928678 ms, 51 runs generated
Run gen thread 5 938126 ms, 51 runs generated
Run gen thread 4 938183 ms, 51 runs generated
Run gen thread 0 949302 ms, 51 runs generated
Run gen thread 3 950535 ms, 51 runs generated
Run gen thread 2 951721 ms, 51 runs generated
Run gen thread 6 953124 ms, 51 runs generated
Run gen thread 1 962106 ms, 51 runs generated
Generated 408 runs in 962226 ms
Merging 408 runs using 40 threads
Merge phase took 578370 ms | Merged 2147483648 entries across 40 runs | Thread timing: min=466716 ms, max=578302 ms | Partition sizes: imbalance=1.22x
SortStats:
  Number of runs: 408
  (R) time: 962226 ms
  (R) breakdown: load=0 ms, sort=946471 ms, store=0 ms
  (R) I/O stats: I/O Stats: Read Ops: 3276800, Read Bytes: 214748364800, Write Ops: 3801088, Write Bytes: 249108103168
  (M) time: 578370 ms
  Read amplification:
    Run generation writes: 249108103168 bytes (232.00 GB)
    Merge phase reads: 251100069888 bytes (233.86 GB)
    Read amplification factor: 1.01x
    Excess reads: 0.8% (sparse indexing overhead)
  Thread timing:
    Min thread time: 466716 ms
    Max thread time: 578302 ms
    Avg thread time: 538849 ms
    Time imbalance factor (max/avg): 1.07x

1540.60s

  Cooling down for 30s before next run...
  Run 3/3: Starting sort with 8 parallel scanners for run generation
Run gen thread 6 1007560 ms, 51 runs generated
Run gen thread 4 1008797 ms, 51 runs generated
Run gen thread 3 1009447 ms, 51 runs generated
Run gen thread 7 1019643 ms, 51 runs generated
Run gen thread 5 1021839 ms, 51 runs generated
Run gen thread 0 1022233 ms, 51 runs generated
Run gen thread 1 1029351 ms, 51 runs generated
Run gen thread 2 1029622 ms, 51 runs generated
Generated 408 runs in 1029773 ms
Merging 408 runs using 40 threads
Merge phase took 562916 ms | Merged 2147483648 entries across 40 runs | Thread timing: min=412559 ms, max=562862 ms | Partition sizes: imbalance=1.29x
SortStats:
  Number of runs: 408
  (R) time: 1029773 ms
  (R) breakdown: load=0 ms, sort=1018561 ms, store=0 ms
  (R) I/O stats: I/O Stats: Read Ops: 3276800, Read Bytes: 214748364800, Write Ops: 3801088, Write Bytes: 249108103168
  (M) time: 562916 ms
  Read amplification:
    Run generation writes: 249108103168 bytes (232.00 GB)
    Merge phase reads: 251095810048 bytes (233.85 GB)
    Read amplification factor: 1.01x
    Excess reads: 0.8% (sparse indexing overhead)
  Thread timing:
    Min thread time: 412559 ms
    Max thread time: 562862 ms
    Avg thread time: 519562 ms
    Time imbalance factor (max/avg): 1.08x

1592.69s


================================================================================================================================================================
Benchmark Results Summary
================================================================================================================================================================
Config               Run Size   RG Runs    Gen Thr    Merge Thr  Total (s)  RunGen (s)   Merge (s)  Entries      Throughput       Read MB    Write MB  
                     (MB)                                                                                        (M entries/s)                         
----------------------------------------------------------------------------------------------------------------------------------------------------------------
Exp6_RunGen8_Merge40_Mem2GB[1] 256.0      408        8          40         1600.01      1012.39    587.63     2147483648   1.34             444266.0   475136.0  
Exp6_RunGen8_Merge40_Mem2GB[2] 256.0      408        8          40         1540.60      962.23     578.37     2147483648   1.39             444267.7   475136.0  
Exp6_RunGen8_Merge40_Mem2GB[3] 256.0      408        8          40         1592.69      1029.77    562.92     2147483648   1.35             444263.6   475136.0  
Exp6_RunGen8_Merge40_Mem2GB[avg] 256.0      408        8          40         1577.77      1001.46    576.30     2147483648   1.36             444265.8   475136.0  
================================================================================================================================================================

================================================================================================================================================================
Merge Operations Summary (showing last 1 of 1 merge passes)
================================================================================================================================================================
Config               M1PAvg     M1PMax     M1Imbal    M1Slow       M1Fast      
----------------------------------------------------------------------------------------------------------------------------------------------------------------
Exp6_RunGen8_Merge40_Mem2GB[1] 53687091   67000611   1.25       587.63       587.63      
Exp6_RunGen8_Merge40_Mem2GB[2] 53687091   65304150   1.22       578.37       578.37      
Exp6_RunGen8_Merge40_Mem2GB[3] 53687091   69140979   1.29       562.92       562.92      
----------------------------------------------------------------------------------------------------------------------------------------------------------------
Exp6_RunGen8_Merge40_Mem2GB[avg] 53687091   67148580   1.25       587.63       562.92      
================================================================================================================================================================

================================================================================================================================================================
Detailed I/O Statistics
================================================================================================================================================================
Config               RG Read MB   RG Write MB  M1Read MB    M1Write MB  
----------------------------------------------------------------------------------------------------------------------------------------------------------------
Exp6_RunGen8_Merge40_Mem2GB[1] 204800.0     237568.0     239466.0     237568.0    
Exp6_RunGen8_Merge40_Mem2GB[2] 204800.0     237568.0     239467.7     237568.0    
Exp6_RunGen8_Merge40_Mem2GB[3] 204800.0     237568.0     239463.6     237568.0    
----------------------------------------------------------------------------------------------------------------------------------------------------------------
Exp6_RunGen8_Merge40_Mem2GB[avg] 204800.0     237568.0     239465.8     237568.0    
================================================================================================================================================================

====================================================================================================
Run Generation Time Breakdown
====================================================================================================
Config               RG Total s   Load s       Sort s       Store s     
----------------------------------------------------------------------------------------------------
Exp6_RunGen8_Merge40_Mem2GB[1] 1012.39      0            995.412      0           
Exp6_RunGen8_Merge40_Mem2GB[2] 962.23       0            946.471      0           
Exp6_RunGen8_Merge40_Mem2GB[3] 1029.77      0            1018.561     0           
----------------------------------------------------------------------------------------------------
Exp6_RunGen8_Merge40_Mem2GB[avg] 1001.46      0.00         986.81       0.00        
====================================================================================================
